ERROR - 2025-01-22 04:44:47 --> mysqli_sql_exception: Duplicate entry 'U4' for key 'PRIMARY' in C:\xampp\htdocs\tawannarkobav2\system\Database\MySQLi\Connection.php:308
Stack trace:
#0 C:\xampp\htdocs\tawannarkobav2\system\Database\MySQLi\Connection.php(308): mysqli->query('INSERT INTO `un...', 0)
#1 C:\xampp\htdocs\tawannarkobav2\system\Database\BaseConnection.php(722): CodeIgniter\Database\MySQLi\Connection->execute('INSERT INTO `un...')
#2 C:\xampp\htdocs\tawannarkobav2\system\Database\BaseConnection.php(636): CodeIgniter\Database\BaseConnection->simpleQuery('INSERT INTO `un...')
#3 C:\xampp\htdocs\tawannarkobav2\system\Database\BaseBuilder.php(2325): CodeIgniter\Database\BaseConnection->query('INSERT INTO `un...', Array, false)
#4 C:\xampp\htdocs\tawannarkobav2\system\Model.php(383): CodeIgniter\Database\BaseBuilder->insert()
#5 C:\xampp\htdocs\tawannarkobav2\system\BaseModel.php(840): CodeIgniter\Model->doInsert(Array)
#6 C:\xampp\htdocs\tawannarkobav2\system\Model.php(791): CodeIgniter\BaseModel->insert(Array, true)
#7 C:\xampp\htdocs\tawannarkobav2\app\Controllers\Ungkapkasus.php(74): CodeIgniter\Model->insert(Array)
#8 C:\xampp\htdocs\tawannarkobav2\system\CodeIgniter.php(933): App\Controllers\Ungkapkasus->simpan()
#9 C:\xampp\htdocs\tawannarkobav2\system\CodeIgniter.php(509): CodeIgniter\CodeIgniter->runController(Object(App\Controllers\Ungkapkasus))
#10 C:\xampp\htdocs\tawannarkobav2\system\CodeIgniter.php(355): CodeIgniter\CodeIgniter->handleRequest(NULL, Object(Config\Cache), false)
#11 C:\xampp\htdocs\tawannarkobav2\system\Boot.php(312): CodeIgniter\CodeIgniter->run()
#12 C:\xampp\htdocs\tawannarkobav2\system\Boot.php(67): CodeIgniter\Boot::runCodeIgniter(Object(CodeIgniter\CodeIgniter))
#13 C:\xampp\htdocs\tawannarkobav2\index.php(58): CodeIgniter\Boot::bootWeb(Object(Config\Paths))
#14 {main}
CRITICAL - 2025-01-22 04:44:47 --> CodeIgniter\Database\Exceptions\DatabaseException: Duplicate entry 'U4' for key 'PRIMARY'
[Method: POST, Route: ungkapkasus/simpan]
in SYSTEMPATH\Database\BaseConnection.php on line 676.
 1 SYSTEMPATH\Database\BaseBuilder.php(2325): CodeIgniter\Database\BaseConnection->query('INSERT INTO `ungkap_kasus` (`id_kasus`, `Nama`, `JK`, `Umur`, `golonganumur`, `Pekerjaan`, `BB`, `JmlBB`, `Satuan`, `MO`, `Tahun`, `id_kelurahan`, `Jam`, `TKP`) VALUES (:id_kasus:, :Nama:, :JK:, :Umur:, :golonganumur:, :Pekerjaan:, :BB:, :JmlBB:, :Satuan:, :MO:, :Tahun:, :id_kelurahan:, :Jam:, :TKP:)', [...], false)
 2 SYSTEMPATH\Model.php(383): CodeIgniter\Database\BaseBuilder->insert()
 3 SYSTEMPATH\BaseModel.php(840): CodeIgniter\Model->doInsert([...])
 4 SYSTEMPATH\Model.php(791): CodeIgniter\BaseModel->insert([...], true)
 5 APPPATH\Controllers\Ungkapkasus.php(74): CodeIgniter\Model->insert([...])
 6 SYSTEMPATH\CodeIgniter.php(933): App\Controllers\Ungkapkasus->simpan()
 7 SYSTEMPATH\CodeIgniter.php(509): CodeIgniter\CodeIgniter->runController(Object(App\Controllers\Ungkapkasus))
 8 SYSTEMPATH\CodeIgniter.php(355): CodeIgniter\CodeIgniter->handleRequest(null, Object(Config\Cache), false)
 9 SYSTEMPATH\Boot.php(312): CodeIgniter\CodeIgniter->run()
10 SYSTEMPATH\Boot.php(67): CodeIgniter\Boot::runCodeIgniter(Object(CodeIgniter\CodeIgniter))
11 FCPATH\index.php(58): CodeIgniter\Boot::bootWeb(Object(Config\Paths))
CRITICAL - 2025-01-22 04:44:47 --> [Caused by] CodeIgniter\Database\Exceptions\DatabaseException: Duplicate entry 'U4' for key 'PRIMARY'
in SYSTEMPATH\Database\MySQLi\Connection.php on line 313.
 1 SYSTEMPATH\Database\BaseConnection.php(722): CodeIgniter\Database\MySQLi\Connection->execute('INSERT INTO `ungkap_kasus` (`id_kasus`, `Nama`, `JK`, `Umur`, `golonganumur`, `Pekerjaan`, `BB`, `JmlBB`, `Satuan`, `MO`, `Tahun`, `id_kelurahan`, `Jam`, `TKP`) VALUES (\'U4\', \'percobaan\', \'Laki-laki\', \'20\', \'Dewasa\', \'Mahasiswa\', \'Ga\', \'12\', \'Gram\', \'Pola penyamaran pelaku dalam menyembunyikan barang bukti.\', \'2023\', \'kl93\', \'09:00\', \'Sebelah Pasar\')')
 2 SYSTEMPATH\Database\BaseConnection.php(636): CodeIgniter\Database\BaseConnection->simpleQuery('INSERT INTO `ungkap_kasus` (`id_kasus`, `Nama`, `JK`, `Umur`, `golonganumur`, `Pekerjaan`, `BB`, `JmlBB`, `Satuan`, `MO`, `Tahun`, `id_kelurahan`, `Jam`, `TKP`) VALUES (\'U4\', \'percobaan\', \'Laki-laki\', \'20\', \'Dewasa\', \'Mahasiswa\', \'Ga\', \'12\', \'Gram\', \'Pola penyamaran pelaku dalam menyembunyikan barang bukti.\', \'2023\', \'kl93\', \'09:00\', \'Sebelah Pasar\')')
 3 SYSTEMPATH\Database\BaseBuilder.php(2325): CodeIgniter\Database\BaseConnection->query('INSERT INTO `ungkap_kasus` (`id_kasus`, `Nama`, `JK`, `Umur`, `golonganumur`, `Pekerjaan`, `BB`, `JmlBB`, `Satuan`, `MO`, `Tahun`, `id_kelurahan`, `Jam`, `TKP`) VALUES (:id_kasus:, :Nama:, :JK:, :Umur:, :golonganumur:, :Pekerjaan:, :BB:, :JmlBB:, :Satuan:, :MO:, :Tahun:, :id_kelurahan:, :Jam:, :TKP:)', [...], false)
 4 SYSTEMPATH\Model.php(383): CodeIgniter\Database\BaseBuilder->insert()
 5 SYSTEMPATH\BaseModel.php(840): CodeIgniter\Model->doInsert([...])
 6 SYSTEMPATH\Model.php(791): CodeIgniter\BaseModel->insert([...], true)
 7 APPPATH\Controllers\Ungkapkasus.php(74): CodeIgniter\Model->insert([...])
 8 SYSTEMPATH\CodeIgniter.php(933): App\Controllers\Ungkapkasus->simpan()
 9 SYSTEMPATH\CodeIgniter.php(509): CodeIgniter\CodeIgniter->runController(Object(App\Controllers\Ungkapkasus))
10 SYSTEMPATH\CodeIgniter.php(355): CodeIgniter\CodeIgniter->handleRequest(null, Object(Config\Cache), false)
11 SYSTEMPATH\Boot.php(312): CodeIgniter\CodeIgniter->run()
12 SYSTEMPATH\Boot.php(67): CodeIgniter\Boot::runCodeIgniter(Object(CodeIgniter\CodeIgniter))
13 FCPATH\index.php(58): CodeIgniter\Boot::bootWeb(Object(Config\Paths))
CRITICAL - 2025-01-22 04:44:47 --> [Caused by] mysqli_sql_exception: Duplicate entry 'U4' for key 'PRIMARY'
in SYSTEMPATH\Database\MySQLi\Connection.php on line 308.
 1 SYSTEMPATH\Database\MySQLi\Connection.php(308): mysqli->query('INSERT INTO `ungkap_kasus` (`id_kasus`, `Nama`, `JK`, `Umur`, `golonganumur`, `Pekerjaan`, `BB`, `JmlBB`, `Satuan`, `MO`, `Tahun`, `id_kelurahan`, `Jam`, `TKP`) VALUES (\'U4\', \'percobaan\', \'Laki-laki\', \'20\', \'Dewasa\', \'Mahasiswa\', \'Ga\', \'12\', \'Gram\', \'Pola penyamaran pelaku dalam menyembunyikan barang bukti.\', \'2023\', \'kl93\', \'09:00\', \'Sebelah Pasar\')', 0)
 2 SYSTEMPATH\Database\BaseConnection.php(722): CodeIgniter\Database\MySQLi\Connection->execute('INSERT INTO `ungkap_kasus` (`id_kasus`, `Nama`, `JK`, `Umur`, `golonganumur`, `Pekerjaan`, `BB`, `JmlBB`, `Satuan`, `MO`, `Tahun`, `id_kelurahan`, `Jam`, `TKP`) VALUES (\'U4\', \'percobaan\', \'Laki-laki\', \'20\', \'Dewasa\', \'Mahasiswa\', \'Ga\', \'12\', \'Gram\', \'Pola penyamaran pelaku dalam menyembunyikan barang bukti.\', \'2023\', \'kl93\', \'09:00\', \'Sebelah Pasar\')')
 3 SYSTEMPATH\Database\BaseConnection.php(636): CodeIgniter\Database\BaseConnection->simpleQuery('INSERT INTO `ungkap_kasus` (`id_kasus`, `Nama`, `JK`, `Umur`, `golonganumur`, `Pekerjaan`, `BB`, `JmlBB`, `Satuan`, `MO`, `Tahun`, `id_kelurahan`, `Jam`, `TKP`) VALUES (\'U4\', \'percobaan\', \'Laki-laki\', \'20\', \'Dewasa\', \'Mahasiswa\', \'Ga\', \'12\', \'Gram\', \'Pola penyamaran pelaku dalam menyembunyikan barang bukti.\', \'2023\', \'kl93\', \'09:00\', \'Sebelah Pasar\')')
 4 SYSTEMPATH\Database\BaseBuilder.php(2325): CodeIgniter\Database\BaseConnection->query('INSERT INTO `ungkap_kasus` (`id_kasus`, `Nama`, `JK`, `Umur`, `golonganumur`, `Pekerjaan`, `BB`, `JmlBB`, `Satuan`, `MO`, `Tahun`, `id_kelurahan`, `Jam`, `TKP`) VALUES (:id_kasus:, :Nama:, :JK:, :Umur:, :golonganumur:, :Pekerjaan:, :BB:, :JmlBB:, :Satuan:, :MO:, :Tahun:, :id_kelurahan:, :Jam:, :TKP:)', [...], false)
 5 SYSTEMPATH\Model.php(383): CodeIgniter\Database\BaseBuilder->insert()
 6 SYSTEMPATH\BaseModel.php(840): CodeIgniter\Model->doInsert([...])
 7 SYSTEMPATH\Model.php(791): CodeIgniter\BaseModel->insert([...], true)
 8 APPPATH\Controllers\Ungkapkasus.php(74): CodeIgniter\Model->insert([...])
 9 SYSTEMPATH\CodeIgniter.php(933): App\Controllers\Ungkapkasus->simpan()
10 SYSTEMPATH\CodeIgniter.php(509): CodeIgniter\CodeIgniter->runController(Object(App\Controllers\Ungkapkasus))
11 SYSTEMPATH\CodeIgniter.php(355): CodeIgniter\CodeIgniter->handleRequest(null, Object(Config\Cache), false)
12 SYSTEMPATH\Boot.php(312): CodeIgniter\CodeIgniter->run()
13 SYSTEMPATH\Boot.php(67): CodeIgniter\Boot::runCodeIgniter(Object(CodeIgniter\CodeIgniter))
14 FCPATH\index.php(58): CodeIgniter\Boot::bootWeb(Object(Config\Paths))
