CRITICAL - 2024-12-09 01:44:22 --> CodeIgniter\View\Exceptions\ViewException: Invalid file: "penggiat/index.php"
[Method: GET, Route: penggiat]
in SYSTEMPATH\Exceptions\FrameworkException.php on line 41.
 1 SYSTEMPATH\View\View.php(222): CodeIgniter\Exceptions\FrameworkException::forInvalidFile('penggiat/index.php')
 2 SYSTEMPATH\Common.php(1171): CodeIgniter\View\View->render('penggiat/index', [], true)
 3 APPPATH\Controllers\Penggiat.php(20): view('penggiat/index', [...])
 4 SYSTEMPATH\CodeIgniter.php(933): App\Controllers\Penggiat->index()
 5 SYSTEMPATH\CodeIgniter.php(509): CodeIgniter\CodeIgniter->runController(Object(App\Controllers\Penggiat))
 6 SYSTEMPATH\CodeIgniter.php(355): CodeIgniter\CodeIgniter->handleRequest(null, Object(Config\Cache), false)
 7 SYSTEMPATH\Boot.php(312): CodeIgniter\CodeIgniter->run()
 8 SYSTEMPATH\Boot.php(67): CodeIgniter\Boot::runCodeIgniter(Object(CodeIgniter\CodeIgniter))
 9 FCPATH\index.php(56): CodeIgniter\Boot::bootWeb(Object(Config\Paths))
CRITICAL - 2024-12-09 01:58:55 --> CodeIgniter\View\Exceptions\ViewException: Invalid file: "penggiat/index.php"
[Method: GET, Route: penggiat]
in SYSTEMPATH\Exceptions\FrameworkException.php on line 41.
 1 SYSTEMPATH\View\View.php(222): CodeIgniter\Exceptions\FrameworkException::forInvalidFile('penggiat/index.php')
 2 SYSTEMPATH\Common.php(1171): CodeIgniter\View\View->render('penggiat/index', [], true)
 3 APPPATH\Controllers\Penggiat.php(20): view('penggiat/index', [...])
 4 SYSTEMPATH\CodeIgniter.php(933): App\Controllers\Penggiat->index()
 5 SYSTEMPATH\CodeIgniter.php(509): CodeIgniter\CodeIgniter->runController(Object(App\Controllers\Penggiat))
 6 SYSTEMPATH\CodeIgniter.php(355): CodeIgniter\CodeIgniter->handleRequest(null, Object(Config\Cache), false)
 7 SYSTEMPATH\Boot.php(312): CodeIgniter\CodeIgniter->run()
 8 SYSTEMPATH\Boot.php(67): CodeIgniter\Boot::runCodeIgniter(Object(CodeIgniter\CodeIgniter))
 9 FCPATH\index.php(56): CodeIgniter\Boot::bootWeb(Object(Config\Paths))
CRITICAL - 2024-12-09 01:59:47 --> CodeIgniter\View\Exceptions\ViewException: Invalid file: "penggiat.php"
[Method: GET, Route: penggiat]
in SYSTEMPATH\Exceptions\FrameworkException.php on line 41.
 1 SYSTEMPATH\View\View.php(222): CodeIgniter\Exceptions\FrameworkException::forInvalidFile('penggiat.php')
 2 SYSTEMPATH\Common.php(1171): CodeIgniter\View\View->render('penggiat', [], true)
 3 APPPATH\Controllers\Penggiat.php(20): view('penggiat', [...])
 4 SYSTEMPATH\CodeIgniter.php(933): App\Controllers\Penggiat->index()
 5 SYSTEMPATH\CodeIgniter.php(509): CodeIgniter\CodeIgniter->runController(Object(App\Controllers\Penggiat))
 6 SYSTEMPATH\CodeIgniter.php(355): CodeIgniter\CodeIgniter->handleRequest(null, Object(Config\Cache), false)
 7 SYSTEMPATH\Boot.php(312): CodeIgniter\CodeIgniter->run()
 8 SYSTEMPATH\Boot.php(67): CodeIgniter\Boot::runCodeIgniter(Object(CodeIgniter\CodeIgniter))
 9 FCPATH\index.php(56): CodeIgniter\Boot::bootWeb(Object(Config\Paths))
CRITICAL - 2024-12-09 01:59:48 --> CodeIgniter\View\Exceptions\ViewException: Invalid file: "penggiat.php"
[Method: GET, Route: penggiat]
in SYSTEMPATH\Exceptions\FrameworkException.php on line 41.
 1 SYSTEMPATH\View\View.php(222): CodeIgniter\Exceptions\FrameworkException::forInvalidFile('penggiat.php')
 2 SYSTEMPATH\Common.php(1171): CodeIgniter\View\View->render('penggiat', [], true)
 3 APPPATH\Controllers\Penggiat.php(20): view('penggiat', [...])
 4 SYSTEMPATH\CodeIgniter.php(933): App\Controllers\Penggiat->index()
 5 SYSTEMPATH\CodeIgniter.php(509): CodeIgniter\CodeIgniter->runController(Object(App\Controllers\Penggiat))
 6 SYSTEMPATH\CodeIgniter.php(355): CodeIgniter\CodeIgniter->handleRequest(null, Object(Config\Cache), false)
 7 SYSTEMPATH\Boot.php(312): CodeIgniter\CodeIgniter->run()
 8 SYSTEMPATH\Boot.php(67): CodeIgniter\Boot::runCodeIgniter(Object(CodeIgniter\CodeIgniter))
 9 FCPATH\index.php(56): CodeIgniter\Boot::bootWeb(Object(Config\Paths))
CRITICAL - 2024-12-09 02:00:55 --> CodeIgniter\View\Exceptions\ViewException: Invalid file: "penggiat.php"
[Method: GET, Route: penggiat]
in SYSTEMPATH\Exceptions\FrameworkException.php on line 41.
 1 SYSTEMPATH\View\View.php(222): CodeIgniter\Exceptions\FrameworkException::forInvalidFile('penggiat.php')
 2 SYSTEMPATH\Common.php(1171): CodeIgniter\View\View->render('penggiat', [], true)
 3 APPPATH\Controllers\Penggiat.php(20): view('penggiat', [...])
 4 SYSTEMPATH\CodeIgniter.php(933): App\Controllers\Penggiat->index()
 5 SYSTEMPATH\CodeIgniter.php(509): CodeIgniter\CodeIgniter->runController(Object(App\Controllers\Penggiat))
 6 SYSTEMPATH\CodeIgniter.php(355): CodeIgniter\CodeIgniter->handleRequest(null, Object(Config\Cache), false)
 7 SYSTEMPATH\Boot.php(312): CodeIgniter\CodeIgniter->run()
 8 SYSTEMPATH\Boot.php(67): CodeIgniter\Boot::runCodeIgniter(Object(CodeIgniter\CodeIgniter))
 9 FCPATH\index.php(56): CodeIgniter\Boot::bootWeb(Object(Config\Paths))
CRITICAL - 2024-12-09 02:00:56 --> CodeIgniter\View\Exceptions\ViewException: Invalid file: "penggiat.php"
[Method: GET, Route: penggiat]
in SYSTEMPATH\Exceptions\FrameworkException.php on line 41.
 1 SYSTEMPATH\View\View.php(222): CodeIgniter\Exceptions\FrameworkException::forInvalidFile('penggiat.php')
 2 SYSTEMPATH\Common.php(1171): CodeIgniter\View\View->render('penggiat', [], true)
 3 APPPATH\Controllers\Penggiat.php(20): view('penggiat', [...])
 4 SYSTEMPATH\CodeIgniter.php(933): App\Controllers\Penggiat->index()
 5 SYSTEMPATH\CodeIgniter.php(509): CodeIgniter\CodeIgniter->runController(Object(App\Controllers\Penggiat))
 6 SYSTEMPATH\CodeIgniter.php(355): CodeIgniter\CodeIgniter->handleRequest(null, Object(Config\Cache), false)
 7 SYSTEMPATH\Boot.php(312): CodeIgniter\CodeIgniter->run()
 8 SYSTEMPATH\Boot.php(67): CodeIgniter\Boot::runCodeIgniter(Object(CodeIgniter\CodeIgniter))
 9 FCPATH\index.php(56): CodeIgniter\Boot::bootWeb(Object(Config\Paths))
CRITICAL - 2024-12-09 02:00:57 --> CodeIgniter\View\Exceptions\ViewException: Invalid file: "penggiat.php"
[Method: GET, Route: penggiat]
in SYSTEMPATH\Exceptions\FrameworkException.php on line 41.
 1 SYSTEMPATH\View\View.php(222): CodeIgniter\Exceptions\FrameworkException::forInvalidFile('penggiat.php')
 2 SYSTEMPATH\Common.php(1171): CodeIgniter\View\View->render('penggiat', [], true)
 3 APPPATH\Controllers\Penggiat.php(20): view('penggiat', [...])
 4 SYSTEMPATH\CodeIgniter.php(933): App\Controllers\Penggiat->index()
 5 SYSTEMPATH\CodeIgniter.php(509): CodeIgniter\CodeIgniter->runController(Object(App\Controllers\Penggiat))
 6 SYSTEMPATH\CodeIgniter.php(355): CodeIgniter\CodeIgniter->handleRequest(null, Object(Config\Cache), false)
 7 SYSTEMPATH\Boot.php(312): CodeIgniter\CodeIgniter->run()
 8 SYSTEMPATH\Boot.php(67): CodeIgniter\Boot::runCodeIgniter(Object(CodeIgniter\CodeIgniter))
 9 FCPATH\index.php(56): CodeIgniter\Boot::bootWeb(Object(Config\Paths))
CRITICAL - 2024-12-09 02:00:57 --> CodeIgniter\View\Exceptions\ViewException: Invalid file: "penggiat.php"
[Method: GET, Route: penggiat]
in SYSTEMPATH\Exceptions\FrameworkException.php on line 41.
 1 SYSTEMPATH\View\View.php(222): CodeIgniter\Exceptions\FrameworkException::forInvalidFile('penggiat.php')
 2 SYSTEMPATH\Common.php(1171): CodeIgniter\View\View->render('penggiat', [], true)
 3 APPPATH\Controllers\Penggiat.php(20): view('penggiat', [...])
 4 SYSTEMPATH\CodeIgniter.php(933): App\Controllers\Penggiat->index()
 5 SYSTEMPATH\CodeIgniter.php(509): CodeIgniter\CodeIgniter->runController(Object(App\Controllers\Penggiat))
 6 SYSTEMPATH\CodeIgniter.php(355): CodeIgniter\CodeIgniter->handleRequest(null, Object(Config\Cache), false)
 7 SYSTEMPATH\Boot.php(312): CodeIgniter\CodeIgniter->run()
 8 SYSTEMPATH\Boot.php(67): CodeIgniter\Boot::runCodeIgniter(Object(CodeIgniter\CodeIgniter))
 9 FCPATH\index.php(56): CodeIgniter\Boot::bootWeb(Object(Config\Paths))
CRITICAL - 2024-12-09 02:00:58 --> CodeIgniter\View\Exceptions\ViewException: Invalid file: "penggiat.php"
[Method: GET, Route: penggiat]
in SYSTEMPATH\Exceptions\FrameworkException.php on line 41.
 1 SYSTEMPATH\View\View.php(222): CodeIgniter\Exceptions\FrameworkException::forInvalidFile('penggiat.php')
 2 SYSTEMPATH\Common.php(1171): CodeIgniter\View\View->render('penggiat', [], true)
 3 APPPATH\Controllers\Penggiat.php(20): view('penggiat', [...])
 4 SYSTEMPATH\CodeIgniter.php(933): App\Controllers\Penggiat->index()
 5 SYSTEMPATH\CodeIgniter.php(509): CodeIgniter\CodeIgniter->runController(Object(App\Controllers\Penggiat))
 6 SYSTEMPATH\CodeIgniter.php(355): CodeIgniter\CodeIgniter->handleRequest(null, Object(Config\Cache), false)
 7 SYSTEMPATH\Boot.php(312): CodeIgniter\CodeIgniter->run()
 8 SYSTEMPATH\Boot.php(67): CodeIgniter\Boot::runCodeIgniter(Object(CodeIgniter\CodeIgniter))
 9 FCPATH\index.php(56): CodeIgniter\Boot::bootWeb(Object(Config\Paths))
CRITICAL - 2024-12-09 02:00:59 --> CodeIgniter\View\Exceptions\ViewException: Invalid file: "penggiat.php"
[Method: GET, Route: penggiat]
in SYSTEMPATH\Exceptions\FrameworkException.php on line 41.
 1 SYSTEMPATH\View\View.php(222): CodeIgniter\Exceptions\FrameworkException::forInvalidFile('penggiat.php')
 2 SYSTEMPATH\Common.php(1171): CodeIgniter\View\View->render('penggiat', [], true)
 3 APPPATH\Controllers\Penggiat.php(20): view('penggiat', [...])
 4 SYSTEMPATH\CodeIgniter.php(933): App\Controllers\Penggiat->index()
 5 SYSTEMPATH\CodeIgniter.php(509): CodeIgniter\CodeIgniter->runController(Object(App\Controllers\Penggiat))
 6 SYSTEMPATH\CodeIgniter.php(355): CodeIgniter\CodeIgniter->handleRequest(null, Object(Config\Cache), false)
 7 SYSTEMPATH\Boot.php(312): CodeIgniter\CodeIgniter->run()
 8 SYSTEMPATH\Boot.php(67): CodeIgniter\Boot::runCodeIgniter(Object(CodeIgniter\CodeIgniter))
 9 FCPATH\index.php(56): CodeIgniter\Boot::bootWeb(Object(Config\Paths))
CRITICAL - 2024-12-09 02:46:57 --> CodeIgniter\View\Exceptions\ViewException: Invalid file: "penggiat.php"
[Method: GET, Route: penggiat]
in SYSTEMPATH\Exceptions\FrameworkException.php on line 41.
 1 SYSTEMPATH\View\View.php(222): CodeIgniter\Exceptions\FrameworkException::forInvalidFile('penggiat.php')
 2 SYSTEMPATH\Common.php(1171): CodeIgniter\View\View->render('penggiat', [], true)
 3 APPPATH\Controllers\Penggiat.php(20): view('penggiat', [...])
 4 SYSTEMPATH\CodeIgniter.php(933): App\Controllers\Penggiat->index()
 5 SYSTEMPATH\CodeIgniter.php(509): CodeIgniter\CodeIgniter->runController(Object(App\Controllers\Penggiat))
 6 SYSTEMPATH\CodeIgniter.php(355): CodeIgniter\CodeIgniter->handleRequest(null, Object(Config\Cache), false)
 7 SYSTEMPATH\Boot.php(312): CodeIgniter\CodeIgniter->run()
 8 SYSTEMPATH\Boot.php(67): CodeIgniter\Boot::runCodeIgniter(Object(CodeIgniter\CodeIgniter))
 9 FCPATH\index.php(56): CodeIgniter\Boot::bootWeb(Object(Config\Paths))
CRITICAL - 2024-12-09 02:51:40 --> CodeIgniter\View\Exceptions\ViewException: Invalid file: "penggiat.php"
[Method: GET, Route: penggiat]
in SYSTEMPATH\Exceptions\FrameworkException.php on line 41.
 1 SYSTEMPATH\View\View.php(222): CodeIgniter\Exceptions\FrameworkException::forInvalidFile('penggiat.php')
 2 SYSTEMPATH\Common.php(1171): CodeIgniter\View\View->render('penggiat', [], true)
 3 APPPATH\Controllers\Penggiat.php(20): view('penggiat', [...])
 4 SYSTEMPATH\CodeIgniter.php(933): App\Controllers\Penggiat->index()
 5 SYSTEMPATH\CodeIgniter.php(509): CodeIgniter\CodeIgniter->runController(Object(App\Controllers\Penggiat))
 6 SYSTEMPATH\CodeIgniter.php(355): CodeIgniter\CodeIgniter->handleRequest(null, Object(Config\Cache), false)
 7 SYSTEMPATH\Boot.php(312): CodeIgniter\CodeIgniter->run()
 8 SYSTEMPATH\Boot.php(67): CodeIgniter\Boot::runCodeIgniter(Object(CodeIgniter\CodeIgniter))
 9 FCPATH\index.php(56): CodeIgniter\Boot::bootWeb(Object(Config\Paths))
CRITICAL - 2024-12-09 02:51:41 --> CodeIgniter\View\Exceptions\ViewException: Invalid file: "penggiat.php"
[Method: GET, Route: penggiat]
in SYSTEMPATH\Exceptions\FrameworkException.php on line 41.
 1 SYSTEMPATH\View\View.php(222): CodeIgniter\Exceptions\FrameworkException::forInvalidFile('penggiat.php')
 2 SYSTEMPATH\Common.php(1171): CodeIgniter\View\View->render('penggiat', [], true)
 3 APPPATH\Controllers\Penggiat.php(20): view('penggiat', [...])
 4 SYSTEMPATH\CodeIgniter.php(933): App\Controllers\Penggiat->index()
 5 SYSTEMPATH\CodeIgniter.php(509): CodeIgniter\CodeIgniter->runController(Object(App\Controllers\Penggiat))
 6 SYSTEMPATH\CodeIgniter.php(355): CodeIgniter\CodeIgniter->handleRequest(null, Object(Config\Cache), false)
 7 SYSTEMPATH\Boot.php(312): CodeIgniter\CodeIgniter->run()
 8 SYSTEMPATH\Boot.php(67): CodeIgniter\Boot::runCodeIgniter(Object(CodeIgniter\CodeIgniter))
 9 FCPATH\index.php(56): CodeIgniter\Boot::bootWeb(Object(Config\Paths))
CRITICAL - 2024-12-09 02:51:41 --> CodeIgniter\View\Exceptions\ViewException: Invalid file: "penggiat.php"
[Method: GET, Route: penggiat]
in SYSTEMPATH\Exceptions\FrameworkException.php on line 41.
 1 SYSTEMPATH\View\View.php(222): CodeIgniter\Exceptions\FrameworkException::forInvalidFile('penggiat.php')
 2 SYSTEMPATH\Common.php(1171): CodeIgniter\View\View->render('penggiat', [], true)
 3 APPPATH\Controllers\Penggiat.php(20): view('penggiat', [...])
 4 SYSTEMPATH\CodeIgniter.php(933): App\Controllers\Penggiat->index()
 5 SYSTEMPATH\CodeIgniter.php(509): CodeIgniter\CodeIgniter->runController(Object(App\Controllers\Penggiat))
 6 SYSTEMPATH\CodeIgniter.php(355): CodeIgniter\CodeIgniter->handleRequest(null, Object(Config\Cache), false)
 7 SYSTEMPATH\Boot.php(312): CodeIgniter\CodeIgniter->run()
 8 SYSTEMPATH\Boot.php(67): CodeIgniter\Boot::runCodeIgniter(Object(CodeIgniter\CodeIgniter))
 9 FCPATH\index.php(56): CodeIgniter\Boot::bootWeb(Object(Config\Paths))
CRITICAL - 2024-12-09 02:51:42 --> CodeIgniter\View\Exceptions\ViewException: Invalid file: "penggiat.php"
[Method: GET, Route: penggiat]
in SYSTEMPATH\Exceptions\FrameworkException.php on line 41.
 1 SYSTEMPATH\View\View.php(222): CodeIgniter\Exceptions\FrameworkException::forInvalidFile('penggiat.php')
 2 SYSTEMPATH\Common.php(1171): CodeIgniter\View\View->render('penggiat', [], true)
 3 APPPATH\Controllers\Penggiat.php(20): view('penggiat', [...])
 4 SYSTEMPATH\CodeIgniter.php(933): App\Controllers\Penggiat->index()
 5 SYSTEMPATH\CodeIgniter.php(509): CodeIgniter\CodeIgniter->runController(Object(App\Controllers\Penggiat))
 6 SYSTEMPATH\CodeIgniter.php(355): CodeIgniter\CodeIgniter->handleRequest(null, Object(Config\Cache), false)
 7 SYSTEMPATH\Boot.php(312): CodeIgniter\CodeIgniter->run()
 8 SYSTEMPATH\Boot.php(67): CodeIgniter\Boot::runCodeIgniter(Object(CodeIgniter\CodeIgniter))
 9 FCPATH\index.php(56): CodeIgniter\Boot::bootWeb(Object(Config\Paths))
CRITICAL - 2024-12-09 02:53:55 --> CodeIgniter\View\Exceptions\ViewException: Invalid file: "penggiat.php"
[Method: GET, Route: penggiat]
in SYSTEMPATH\Exceptions\FrameworkException.php on line 41.
 1 SYSTEMPATH\View\View.php(222): CodeIgniter\Exceptions\FrameworkException::forInvalidFile('penggiat.php')
 2 SYSTEMPATH\Common.php(1171): CodeIgniter\View\View->render('penggiat', [], true)
 3 APPPATH\Controllers\Penggiat.php(20): view('penggiat', [...])
 4 SYSTEMPATH\CodeIgniter.php(933): App\Controllers\Penggiat->index()
 5 SYSTEMPATH\CodeIgniter.php(509): CodeIgniter\CodeIgniter->runController(Object(App\Controllers\Penggiat))
 6 SYSTEMPATH\CodeIgniter.php(355): CodeIgniter\CodeIgniter->handleRequest(null, Object(Config\Cache), false)
 7 SYSTEMPATH\Boot.php(312): CodeIgniter\CodeIgniter->run()
 8 SYSTEMPATH\Boot.php(67): CodeIgniter\Boot::runCodeIgniter(Object(CodeIgniter\CodeIgniter))
 9 FCPATH\index.php(56): CodeIgniter\Boot::bootWeb(Object(Config\Paths))
CRITICAL - 2024-12-09 02:53:55 --> CodeIgniter\View\Exceptions\ViewException: Invalid file: "penggiat.php"
[Method: GET, Route: penggiat]
in SYSTEMPATH\Exceptions\FrameworkException.php on line 41.
 1 SYSTEMPATH\View\View.php(222): CodeIgniter\Exceptions\FrameworkException::forInvalidFile('penggiat.php')
 2 SYSTEMPATH\Common.php(1171): CodeIgniter\View\View->render('penggiat', [], true)
 3 APPPATH\Controllers\Penggiat.php(20): view('penggiat', [...])
 4 SYSTEMPATH\CodeIgniter.php(933): App\Controllers\Penggiat->index()
 5 SYSTEMPATH\CodeIgniter.php(509): CodeIgniter\CodeIgniter->runController(Object(App\Controllers\Penggiat))
 6 SYSTEMPATH\CodeIgniter.php(355): CodeIgniter\CodeIgniter->handleRequest(null, Object(Config\Cache), false)
 7 SYSTEMPATH\Boot.php(312): CodeIgniter\CodeIgniter->run()
 8 SYSTEMPATH\Boot.php(67): CodeIgniter\Boot::runCodeIgniter(Object(CodeIgniter\CodeIgniter))
 9 FCPATH\index.php(56): CodeIgniter\Boot::bootWeb(Object(Config\Paths))
CRITICAL - 2024-12-09 02:56:46 --> CodeIgniter\View\Exceptions\ViewException: Invalid file: "penggiat.php"
[Method: GET, Route: penggiat]
in SYSTEMPATH\Exceptions\FrameworkException.php on line 41.
 1 SYSTEMPATH\View\View.php(222): CodeIgniter\Exceptions\FrameworkException::forInvalidFile('penggiat.php')
 2 SYSTEMPATH\Common.php(1171): CodeIgniter\View\View->render('penggiat', [], true)
 3 APPPATH\Controllers\Penggiat.php(20): view('penggiat', [...])
 4 SYSTEMPATH\CodeIgniter.php(933): App\Controllers\Penggiat->index()
 5 SYSTEMPATH\CodeIgniter.php(509): CodeIgniter\CodeIgniter->runController(Object(App\Controllers\Penggiat))
 6 SYSTEMPATH\CodeIgniter.php(355): CodeIgniter\CodeIgniter->handleRequest(null, Object(Config\Cache), false)
 7 SYSTEMPATH\Boot.php(312): CodeIgniter\CodeIgniter->run()
 8 SYSTEMPATH\Boot.php(67): CodeIgniter\Boot::runCodeIgniter(Object(CodeIgniter\CodeIgniter))
 9 FCPATH\index.php(56): CodeIgniter\Boot::bootWeb(Object(Config\Paths))
CRITICAL - 2024-12-09 02:56:47 --> CodeIgniter\View\Exceptions\ViewException: Invalid file: "penggiat.php"
[Method: GET, Route: penggiat]
in SYSTEMPATH\Exceptions\FrameworkException.php on line 41.
 1 SYSTEMPATH\View\View.php(222): CodeIgniter\Exceptions\FrameworkException::forInvalidFile('penggiat.php')
 2 SYSTEMPATH\Common.php(1171): CodeIgniter\View\View->render('penggiat', [], true)
 3 APPPATH\Controllers\Penggiat.php(20): view('penggiat', [...])
 4 SYSTEMPATH\CodeIgniter.php(933): App\Controllers\Penggiat->index()
 5 SYSTEMPATH\CodeIgniter.php(509): CodeIgniter\CodeIgniter->runController(Object(App\Controllers\Penggiat))
 6 SYSTEMPATH\CodeIgniter.php(355): CodeIgniter\CodeIgniter->handleRequest(null, Object(Config\Cache), false)
 7 SYSTEMPATH\Boot.php(312): CodeIgniter\CodeIgniter->run()
 8 SYSTEMPATH\Boot.php(67): CodeIgniter\Boot::runCodeIgniter(Object(CodeIgniter\CodeIgniter))
 9 FCPATH\index.php(56): CodeIgniter\Boot::bootWeb(Object(Config\Paths))
CRITICAL - 2024-12-09 02:56:47 --> CodeIgniter\View\Exceptions\ViewException: Invalid file: "penggiat.php"
[Method: GET, Route: penggiat]
in SYSTEMPATH\Exceptions\FrameworkException.php on line 41.
 1 SYSTEMPATH\View\View.php(222): CodeIgniter\Exceptions\FrameworkException::forInvalidFile('penggiat.php')
 2 SYSTEMPATH\Common.php(1171): CodeIgniter\View\View->render('penggiat', [], true)
 3 APPPATH\Controllers\Penggiat.php(20): view('penggiat', [...])
 4 SYSTEMPATH\CodeIgniter.php(933): App\Controllers\Penggiat->index()
 5 SYSTEMPATH\CodeIgniter.php(509): CodeIgniter\CodeIgniter->runController(Object(App\Controllers\Penggiat))
 6 SYSTEMPATH\CodeIgniter.php(355): CodeIgniter\CodeIgniter->handleRequest(null, Object(Config\Cache), false)
 7 SYSTEMPATH\Boot.php(312): CodeIgniter\CodeIgniter->run()
 8 SYSTEMPATH\Boot.php(67): CodeIgniter\Boot::runCodeIgniter(Object(CodeIgniter\CodeIgniter))
 9 FCPATH\index.php(56): CodeIgniter\Boot::bootWeb(Object(Config\Paths))
CRITICAL - 2024-12-09 02:56:48 --> CodeIgniter\View\Exceptions\ViewException: Invalid file: "penggiat.php"
[Method: GET, Route: penggiat]
in SYSTEMPATH\Exceptions\FrameworkException.php on line 41.
 1 SYSTEMPATH\View\View.php(222): CodeIgniter\Exceptions\FrameworkException::forInvalidFile('penggiat.php')
 2 SYSTEMPATH\Common.php(1171): CodeIgniter\View\View->render('penggiat', [], true)
 3 APPPATH\Controllers\Penggiat.php(20): view('penggiat', [...])
 4 SYSTEMPATH\CodeIgniter.php(933): App\Controllers\Penggiat->index()
 5 SYSTEMPATH\CodeIgniter.php(509): CodeIgniter\CodeIgniter->runController(Object(App\Controllers\Penggiat))
 6 SYSTEMPATH\CodeIgniter.php(355): CodeIgniter\CodeIgniter->handleRequest(null, Object(Config\Cache), false)
 7 SYSTEMPATH\Boot.php(312): CodeIgniter\CodeIgniter->run()
 8 SYSTEMPATH\Boot.php(67): CodeIgniter\Boot::runCodeIgniter(Object(CodeIgniter\CodeIgniter))
 9 FCPATH\index.php(56): CodeIgniter\Boot::bootWeb(Object(Config\Paths))
CRITICAL - 2024-12-09 02:56:48 --> CodeIgniter\View\Exceptions\ViewException: Invalid file: "penggiat.php"
[Method: GET, Route: penggiat]
in SYSTEMPATH\Exceptions\FrameworkException.php on line 41.
 1 SYSTEMPATH\View\View.php(222): CodeIgniter\Exceptions\FrameworkException::forInvalidFile('penggiat.php')
 2 SYSTEMPATH\Common.php(1171): CodeIgniter\View\View->render('penggiat', [], true)
 3 APPPATH\Controllers\Penggiat.php(20): view('penggiat', [...])
 4 SYSTEMPATH\CodeIgniter.php(933): App\Controllers\Penggiat->index()
 5 SYSTEMPATH\CodeIgniter.php(509): CodeIgniter\CodeIgniter->runController(Object(App\Controllers\Penggiat))
 6 SYSTEMPATH\CodeIgniter.php(355): CodeIgniter\CodeIgniter->handleRequest(null, Object(Config\Cache), false)
 7 SYSTEMPATH\Boot.php(312): CodeIgniter\CodeIgniter->run()
 8 SYSTEMPATH\Boot.php(67): CodeIgniter\Boot::runCodeIgniter(Object(CodeIgniter\CodeIgniter))
 9 FCPATH\index.php(56): CodeIgniter\Boot::bootWeb(Object(Config\Paths))
CRITICAL - 2024-12-09 02:56:48 --> CodeIgniter\View\Exceptions\ViewException: Invalid file: "penggiat.php"
[Method: GET, Route: penggiat]
in SYSTEMPATH\Exceptions\FrameworkException.php on line 41.
 1 SYSTEMPATH\View\View.php(222): CodeIgniter\Exceptions\FrameworkException::forInvalidFile('penggiat.php')
 2 SYSTEMPATH\Common.php(1171): CodeIgniter\View\View->render('penggiat', [], true)
 3 APPPATH\Controllers\Penggiat.php(20): view('penggiat', [...])
 4 SYSTEMPATH\CodeIgniter.php(933): App\Controllers\Penggiat->index()
 5 SYSTEMPATH\CodeIgniter.php(509): CodeIgniter\CodeIgniter->runController(Object(App\Controllers\Penggiat))
 6 SYSTEMPATH\CodeIgniter.php(355): CodeIgniter\CodeIgniter->handleRequest(null, Object(Config\Cache), false)
 7 SYSTEMPATH\Boot.php(312): CodeIgniter\CodeIgniter->run()
 8 SYSTEMPATH\Boot.php(67): CodeIgniter\Boot::runCodeIgniter(Object(CodeIgniter\CodeIgniter))
 9 FCPATH\index.php(56): CodeIgniter\Boot::bootWeb(Object(Config\Paths))
CRITICAL - 2024-12-09 02:56:48 --> CodeIgniter\View\Exceptions\ViewException: Invalid file: "penggiat.php"
[Method: GET, Route: penggiat]
in SYSTEMPATH\Exceptions\FrameworkException.php on line 41.
 1 SYSTEMPATH\View\View.php(222): CodeIgniter\Exceptions\FrameworkException::forInvalidFile('penggiat.php')
 2 SYSTEMPATH\Common.php(1171): CodeIgniter\View\View->render('penggiat', [], true)
 3 APPPATH\Controllers\Penggiat.php(20): view('penggiat', [...])
 4 SYSTEMPATH\CodeIgniter.php(933): App\Controllers\Penggiat->index()
 5 SYSTEMPATH\CodeIgniter.php(509): CodeIgniter\CodeIgniter->runController(Object(App\Controllers\Penggiat))
 6 SYSTEMPATH\CodeIgniter.php(355): CodeIgniter\CodeIgniter->handleRequest(null, Object(Config\Cache), false)
 7 SYSTEMPATH\Boot.php(312): CodeIgniter\CodeIgniter->run()
 8 SYSTEMPATH\Boot.php(67): CodeIgniter\Boot::runCodeIgniter(Object(CodeIgniter\CodeIgniter))
 9 FCPATH\index.php(56): CodeIgniter\Boot::bootWeb(Object(Config\Paths))
CRITICAL - 2024-12-09 02:56:48 --> CodeIgniter\View\Exceptions\ViewException: Invalid file: "penggiat.php"
[Method: GET, Route: penggiat]
in SYSTEMPATH\Exceptions\FrameworkException.php on line 41.
 1 SYSTEMPATH\View\View.php(222): CodeIgniter\Exceptions\FrameworkException::forInvalidFile('penggiat.php')
 2 SYSTEMPATH\Common.php(1171): CodeIgniter\View\View->render('penggiat', [], true)
 3 APPPATH\Controllers\Penggiat.php(20): view('penggiat', [...])
 4 SYSTEMPATH\CodeIgniter.php(933): App\Controllers\Penggiat->index()
 5 SYSTEMPATH\CodeIgniter.php(509): CodeIgniter\CodeIgniter->runController(Object(App\Controllers\Penggiat))
 6 SYSTEMPATH\CodeIgniter.php(355): CodeIgniter\CodeIgniter->handleRequest(null, Object(Config\Cache), false)
 7 SYSTEMPATH\Boot.php(312): CodeIgniter\CodeIgniter->run()
 8 SYSTEMPATH\Boot.php(67): CodeIgniter\Boot::runCodeIgniter(Object(CodeIgniter\CodeIgniter))
 9 FCPATH\index.php(56): CodeIgniter\Boot::bootWeb(Object(Config\Paths))
CRITICAL - 2024-12-09 02:56:48 --> CodeIgniter\View\Exceptions\ViewException: Invalid file: "penggiat.php"
[Method: GET, Route: penggiat]
in SYSTEMPATH\Exceptions\FrameworkException.php on line 41.
 1 SYSTEMPATH\View\View.php(222): CodeIgniter\Exceptions\FrameworkException::forInvalidFile('penggiat.php')
 2 SYSTEMPATH\Common.php(1171): CodeIgniter\View\View->render('penggiat', [], true)
 3 APPPATH\Controllers\Penggiat.php(20): view('penggiat', [...])
 4 SYSTEMPATH\CodeIgniter.php(933): App\Controllers\Penggiat->index()
 5 SYSTEMPATH\CodeIgniter.php(509): CodeIgniter\CodeIgniter->runController(Object(App\Controllers\Penggiat))
 6 SYSTEMPATH\CodeIgniter.php(355): CodeIgniter\CodeIgniter->handleRequest(null, Object(Config\Cache), false)
 7 SYSTEMPATH\Boot.php(312): CodeIgniter\CodeIgniter->run()
 8 SYSTEMPATH\Boot.php(67): CodeIgniter\Boot::runCodeIgniter(Object(CodeIgniter\CodeIgniter))
 9 FCPATH\index.php(56): CodeIgniter\Boot::bootWeb(Object(Config\Paths))
CRITICAL - 2024-12-09 02:56:49 --> CodeIgniter\View\Exceptions\ViewException: Invalid file: "penggiat.php"
[Method: GET, Route: penggiat]
in SYSTEMPATH\Exceptions\FrameworkException.php on line 41.
 1 SYSTEMPATH\View\View.php(222): CodeIgniter\Exceptions\FrameworkException::forInvalidFile('penggiat.php')
 2 SYSTEMPATH\Common.php(1171): CodeIgniter\View\View->render('penggiat', [], true)
 3 APPPATH\Controllers\Penggiat.php(20): view('penggiat', [...])
 4 SYSTEMPATH\CodeIgniter.php(933): App\Controllers\Penggiat->index()
 5 SYSTEMPATH\CodeIgniter.php(509): CodeIgniter\CodeIgniter->runController(Object(App\Controllers\Penggiat))
 6 SYSTEMPATH\CodeIgniter.php(355): CodeIgniter\CodeIgniter->handleRequest(null, Object(Config\Cache), false)
 7 SYSTEMPATH\Boot.php(312): CodeIgniter\CodeIgniter->run()
 8 SYSTEMPATH\Boot.php(67): CodeIgniter\Boot::runCodeIgniter(Object(CodeIgniter\CodeIgniter))
 9 FCPATH\index.php(56): CodeIgniter\Boot::bootWeb(Object(Config\Paths))
CRITICAL - 2024-12-09 02:56:49 --> CodeIgniter\View\Exceptions\ViewException: Invalid file: "penggiat.php"
[Method: GET, Route: penggiat]
in SYSTEMPATH\Exceptions\FrameworkException.php on line 41.
 1 SYSTEMPATH\View\View.php(222): CodeIgniter\Exceptions\FrameworkException::forInvalidFile('penggiat.php')
 2 SYSTEMPATH\Common.php(1171): CodeIgniter\View\View->render('penggiat', [], true)
 3 APPPATH\Controllers\Penggiat.php(20): view('penggiat', [...])
 4 SYSTEMPATH\CodeIgniter.php(933): App\Controllers\Penggiat->index()
 5 SYSTEMPATH\CodeIgniter.php(509): CodeIgniter\CodeIgniter->runController(Object(App\Controllers\Penggiat))
 6 SYSTEMPATH\CodeIgniter.php(355): CodeIgniter\CodeIgniter->handleRequest(null, Object(Config\Cache), false)
 7 SYSTEMPATH\Boot.php(312): CodeIgniter\CodeIgniter->run()
 8 SYSTEMPATH\Boot.php(67): CodeIgniter\Boot::runCodeIgniter(Object(CodeIgniter\CodeIgniter))
 9 FCPATH\index.php(56): CodeIgniter\Boot::bootWeb(Object(Config\Paths))
CRITICAL - 2024-12-09 02:56:49 --> CodeIgniter\View\Exceptions\ViewException: Invalid file: "penggiat.php"
[Method: GET, Route: penggiat]
in SYSTEMPATH\Exceptions\FrameworkException.php on line 41.
 1 SYSTEMPATH\View\View.php(222): CodeIgniter\Exceptions\FrameworkException::forInvalidFile('penggiat.php')
 2 SYSTEMPATH\Common.php(1171): CodeIgniter\View\View->render('penggiat', [], true)
 3 APPPATH\Controllers\Penggiat.php(20): view('penggiat', [...])
 4 SYSTEMPATH\CodeIgniter.php(933): App\Controllers\Penggiat->index()
 5 SYSTEMPATH\CodeIgniter.php(509): CodeIgniter\CodeIgniter->runController(Object(App\Controllers\Penggiat))
 6 SYSTEMPATH\CodeIgniter.php(355): CodeIgniter\CodeIgniter->handleRequest(null, Object(Config\Cache), false)
 7 SYSTEMPATH\Boot.php(312): CodeIgniter\CodeIgniter->run()
 8 SYSTEMPATH\Boot.php(67): CodeIgniter\Boot::runCodeIgniter(Object(CodeIgniter\CodeIgniter))
 9 FCPATH\index.php(56): CodeIgniter\Boot::bootWeb(Object(Config\Paths))
CRITICAL - 2024-12-09 07:35:43 --> CodeIgniter\HTTP\Exceptions\BadRequestException: The URI you submitted has disallowed characters: "penggiat;"
[Method: GET, Route: penggiat;]
in SYSTEMPATH\Router\Router.php on line 736.
 1 SYSTEMPATH\Router\Router.php(203): CodeIgniter\Router\Router->checkDisallowedChars('penggiat;')
 2 SYSTEMPATH\CodeIgniter.php(834): CodeIgniter\Router\Router->handle('penggiat;')
 3 SYSTEMPATH\CodeIgniter.php(457): CodeIgniter\CodeIgniter->tryToRouteIt(Object(CodeIgniter\Router\RouteCollection))
 4 SYSTEMPATH\CodeIgniter.php(355): CodeIgniter\CodeIgniter->handleRequest(null, Object(Config\Cache), false)
 5 SYSTEMPATH\Boot.php(312): CodeIgniter\CodeIgniter->run()
 6 SYSTEMPATH\Boot.php(67): CodeIgniter\Boot::runCodeIgniter(Object(CodeIgniter\CodeIgniter))
 7 FCPATH\index.php(56): CodeIgniter\Boot::bootWeb(Object(Config\Paths))
CRITICAL - 2024-12-09 08:15:31 --> ErrorException: Undefined variable $kelurahan
[Method: GET, Route: penggiat/tambah]
in APPPATH\Views\penggiat\tambah.php on line 66.
 1 APPPATH\Views\penggiat\tambah.php(66): CodeIgniter\Debug\Exceptions->errorHandler(2, 'Undefined variable $kelurahan', 'C:\\xampp\\htdocs\\tawannarkobav2\\app\\Views\\penggiat\\tambah.php', 66)
 2 SYSTEMPATH\View\View.php(234): include('C:\\xampp\\htdocs\\tawannarkobav2\\app\\Views\\penggiat\\tambah.php')
 3 SYSTEMPATH\View\View.php(237): CodeIgniter\View\View->CodeIgniter\View\{closure}()
 4 SYSTEMPATH\Common.php(1171): CodeIgniter\View\View->render('penggiat/tambah', [], true)
 5 APPPATH\Controllers\Penggiat.php(33): view('penggiat/tambah', [...])
 6 SYSTEMPATH\CodeIgniter.php(933): App\Controllers\Penggiat->tambah()
 7 SYSTEMPATH\CodeIgniter.php(509): CodeIgniter\CodeIgniter->runController(Object(App\Controllers\Penggiat))
 8 SYSTEMPATH\CodeIgniter.php(355): CodeIgniter\CodeIgniter->handleRequest(null, Object(Config\Cache), false)
 9 SYSTEMPATH\Boot.php(312): CodeIgniter\CodeIgniter->run()
10 SYSTEMPATH\Boot.php(67): CodeIgniter\Boot::runCodeIgniter(Object(CodeIgniter\CodeIgniter))
11 FCPATH\index.php(56): CodeIgniter\Boot::bootWeb(Object(Config\Paths))
ERROR - 2024-12-09 08:22:27 --> mysqli_sql_exception: Table 'aoc.clientrehabilitasi' doesn't exist in C:\xampp\htdocs\tawannarkobav2\system\Database\MySQLi\Connection.php:308
Stack trace:
#0 C:\xampp\htdocs\tawannarkobav2\system\Database\MySQLi\Connection.php(308): mysqli->query('SELECT *\nFROM `...', 0)
#1 C:\xampp\htdocs\tawannarkobav2\system\Database\BaseConnection.php(722): CodeIgniter\Database\MySQLi\Connection->execute('SELECT *\nFROM `...')
#2 C:\xampp\htdocs\tawannarkobav2\system\Database\BaseConnection.php(636): CodeIgniter\Database\BaseConnection->simpleQuery('SELECT *\nFROM `...')
#3 C:\xampp\htdocs\tawannarkobav2\system\Database\BaseBuilder.php(1629): CodeIgniter\Database\BaseConnection->query('SELECT *\nFROM `...', Array, false)
#4 C:\xampp\htdocs\tawannarkobav2\system\Model.php(275): CodeIgniter\Database\BaseBuilder->get()
#5 C:\xampp\htdocs\tawannarkobav2\system\BaseModel.php(676): CodeIgniter\Model->doFindAll(0, 0)
#6 C:\xampp\htdocs\tawannarkobav2\app\Controllers\ClientRehabilitasi.php(19): CodeIgniter\BaseModel->findAll()
#7 C:\xampp\htdocs\tawannarkobav2\app\Controllers\ClientRehabilitasi.php(11): App\Controllers\ClientRehabilitasi->tampil()
#8 C:\xampp\htdocs\tawannarkobav2\system\CodeIgniter.php(933): App\Controllers\ClientRehabilitasi->index()
#9 C:\xampp\htdocs\tawannarkobav2\system\CodeIgniter.php(509): CodeIgniter\CodeIgniter->runController(Object(App\Controllers\ClientRehabilitasi))
#10 C:\xampp\htdocs\tawannarkobav2\system\CodeIgniter.php(355): CodeIgniter\CodeIgniter->handleRequest(NULL, Object(Config\Cache), false)
#11 C:\xampp\htdocs\tawannarkobav2\system\Boot.php(312): CodeIgniter\CodeIgniter->run()
#12 C:\xampp\htdocs\tawannarkobav2\system\Boot.php(67): CodeIgniter\Boot::runCodeIgniter(Object(CodeIgniter\CodeIgniter))
#13 C:\xampp\htdocs\tawannarkobav2\index.php(56): CodeIgniter\Boot::bootWeb(Object(Config\Paths))
#14 {main}
CRITICAL - 2024-12-09 08:22:27 --> CodeIgniter\Database\Exceptions\DatabaseException: Table 'aoc.clientrehabilitasi' doesn't exist
[Method: GET, Route: clientrehabilitasi]
in SYSTEMPATH\Database\BaseConnection.php on line 676.
 1 SYSTEMPATH\Database\BaseBuilder.php(1629): CodeIgniter\Database\BaseConnection->query('SELECT *
FROM `clientrehabilitasi`', [], false)
 2 SYSTEMPATH\Model.php(275): CodeIgniter\Database\BaseBuilder->get()
 3 SYSTEMPATH\BaseModel.php(676): CodeIgniter\Model->doFindAll(0, 0)
 4 APPPATH\Controllers\ClientRehabilitasi.php(19): CodeIgniter\BaseModel->findAll()
 5 APPPATH\Controllers\ClientRehabilitasi.php(11): App\Controllers\ClientRehabilitasi->tampil()
 6 SYSTEMPATH\CodeIgniter.php(933): App\Controllers\ClientRehabilitasi->index()
 7 SYSTEMPATH\CodeIgniter.php(509): CodeIgniter\CodeIgniter->runController(Object(App\Controllers\ClientRehabilitasi))
 8 SYSTEMPATH\CodeIgniter.php(355): CodeIgniter\CodeIgniter->handleRequest(null, Object(Config\Cache), false)
 9 SYSTEMPATH\Boot.php(312): CodeIgniter\CodeIgniter->run()
10 SYSTEMPATH\Boot.php(67): CodeIgniter\Boot::runCodeIgniter(Object(CodeIgniter\CodeIgniter))
11 FCPATH\index.php(56): CodeIgniter\Boot::bootWeb(Object(Config\Paths))
CRITICAL - 2024-12-09 08:22:27 --> [Caused by] CodeIgniter\Database\Exceptions\DatabaseException: Table 'aoc.clientrehabilitasi' doesn't exist
in SYSTEMPATH\Database\MySQLi\Connection.php on line 313.
 1 SYSTEMPATH\Database\BaseConnection.php(722): CodeIgniter\Database\MySQLi\Connection->execute('SELECT *
FROM `clientrehabilitasi`')
 2 SYSTEMPATH\Database\BaseConnection.php(636): CodeIgniter\Database\BaseConnection->simpleQuery('SELECT *
FROM `clientrehabilitasi`')
 3 SYSTEMPATH\Database\BaseBuilder.php(1629): CodeIgniter\Database\BaseConnection->query('SELECT *
FROM `clientrehabilitasi`', [], false)
 4 SYSTEMPATH\Model.php(275): CodeIgniter\Database\BaseBuilder->get()
 5 SYSTEMPATH\BaseModel.php(676): CodeIgniter\Model->doFindAll(0, 0)
 6 APPPATH\Controllers\ClientRehabilitasi.php(19): CodeIgniter\BaseModel->findAll()
 7 APPPATH\Controllers\ClientRehabilitasi.php(11): App\Controllers\ClientRehabilitasi->tampil()
 8 SYSTEMPATH\CodeIgniter.php(933): App\Controllers\ClientRehabilitasi->index()
 9 SYSTEMPATH\CodeIgniter.php(509): CodeIgniter\CodeIgniter->runController(Object(App\Controllers\ClientRehabilitasi))
10 SYSTEMPATH\CodeIgniter.php(355): CodeIgniter\CodeIgniter->handleRequest(null, Object(Config\Cache), false)
11 SYSTEMPATH\Boot.php(312): CodeIgniter\CodeIgniter->run()
12 SYSTEMPATH\Boot.php(67): CodeIgniter\Boot::runCodeIgniter(Object(CodeIgniter\CodeIgniter))
13 FCPATH\index.php(56): CodeIgniter\Boot::bootWeb(Object(Config\Paths))
CRITICAL - 2024-12-09 08:22:27 --> [Caused by] mysqli_sql_exception: Table 'aoc.clientrehabilitasi' doesn't exist
in SYSTEMPATH\Database\MySQLi\Connection.php on line 308.
 1 SYSTEMPATH\Database\MySQLi\Connection.php(308): mysqli->query('SELECT *
FROM `clientrehabilitasi`', 0)
 2 SYSTEMPATH\Database\BaseConnection.php(722): CodeIgniter\Database\MySQLi\Connection->execute('SELECT *
FROM `clientrehabilitasi`')
 3 SYSTEMPATH\Database\BaseConnection.php(636): CodeIgniter\Database\BaseConnection->simpleQuery('SELECT *
FROM `clientrehabilitasi`')
 4 SYSTEMPATH\Database\BaseBuilder.php(1629): CodeIgniter\Database\BaseConnection->query('SELECT *
FROM `clientrehabilitasi`', [], false)
 5 SYSTEMPATH\Model.php(275): CodeIgniter\Database\BaseBuilder->get()
 6 SYSTEMPATH\BaseModel.php(676): CodeIgniter\Model->doFindAll(0, 0)
 7 APPPATH\Controllers\ClientRehabilitasi.php(19): CodeIgniter\BaseModel->findAll()
 8 APPPATH\Controllers\ClientRehabilitasi.php(11): App\Controllers\ClientRehabilitasi->tampil()
 9 SYSTEMPATH\CodeIgniter.php(933): App\Controllers\ClientRehabilitasi->index()
10 SYSTEMPATH\CodeIgniter.php(509): CodeIgniter\CodeIgniter->runController(Object(App\Controllers\ClientRehabilitasi))
11 SYSTEMPATH\CodeIgniter.php(355): CodeIgniter\CodeIgniter->handleRequest(null, Object(Config\Cache), false)
12 SYSTEMPATH\Boot.php(312): CodeIgniter\CodeIgniter->run()
13 SYSTEMPATH\Boot.php(67): CodeIgniter\Boot::runCodeIgniter(Object(CodeIgniter\CodeIgniter))
14 FCPATH\index.php(56): CodeIgniter\Boot::bootWeb(Object(Config\Paths))
ERROR - 2024-12-09 08:29:15 --> mysqli_sql_exception: You have an error in your SQL syntax; check the manual that corresponds to your MariaDB server version for the right syntax to use near '`Umur`, `Pekerjaan`, `Tahun`, `Id` `Kel`, `Kel`, `Kec`, `NoHp`, `Is` `Active`...' at line 1 in C:\xampp\htdocs\tawannarkobav2\system\Database\MySQLi\Connection.php:308
Stack trace:
#0 C:\xampp\htdocs\tawannarkobav2\system\Database\MySQLi\Connection.php(308): mysqli->query('INSERT INTO `ag...', 0)
#1 C:\xampp\htdocs\tawannarkobav2\system\Database\BaseConnection.php(722): CodeIgniter\Database\MySQLi\Connection->execute('INSERT INTO `ag...')
#2 C:\xampp\htdocs\tawannarkobav2\system\Database\BaseConnection.php(636): CodeIgniter\Database\BaseConnection->simpleQuery('INSERT INTO `ag...')
#3 C:\xampp\htdocs\tawannarkobav2\system\Database\BaseBuilder.php(2325): CodeIgniter\Database\BaseConnection->query('INSERT INTO `ag...', Array, false)
#4 C:\xampp\htdocs\tawannarkobav2\system\Model.php(383): CodeIgniter\Database\BaseBuilder->insert()
#5 C:\xampp\htdocs\tawannarkobav2\system\BaseModel.php(840): CodeIgniter\Model->doInsert(Array)
#6 C:\xampp\htdocs\tawannarkobav2\system\Model.php(791): CodeIgniter\BaseModel->insert(Array, true)
#7 C:\xampp\htdocs\tawannarkobav2\app\Controllers\AgenPemulihan.php(54): CodeIgniter\Model->insert(Array)
#8 C:\xampp\htdocs\tawannarkobav2\system\CodeIgniter.php(933): App\Controllers\AgenPemulihan->simpan()
#9 C:\xampp\htdocs\tawannarkobav2\system\CodeIgniter.php(509): CodeIgniter\CodeIgniter->runController(Object(App\Controllers\AgenPemulihan))
#10 C:\xampp\htdocs\tawannarkobav2\system\CodeIgniter.php(355): CodeIgniter\CodeIgniter->handleRequest(NULL, Object(Config\Cache), false)
#11 C:\xampp\htdocs\tawannarkobav2\system\Boot.php(312): CodeIgniter\CodeIgniter->run()
#12 C:\xampp\htdocs\tawannarkobav2\system\Boot.php(67): CodeIgniter\Boot::runCodeIgniter(Object(CodeIgniter\CodeIgniter))
#13 C:\xampp\htdocs\tawannarkobav2\index.php(56): CodeIgniter\Boot::bootWeb(Object(Config\Paths))
#14 {main}
CRITICAL - 2024-12-09 08:29:15 --> CodeIgniter\Database\Exceptions\DatabaseException: You have an error in your SQL syntax; check the manual that corresponds to your MariaDB server version for the right syntax to use near '`Umur`, `Pekerjaan`, `Tahun`, `Id` `Kel`, `Kel`, `Kec`, `NoHp`, `Is` `Active`...' at line 1
[Method: POST, Route: simpanagenpemulihan]
in SYSTEMPATH\Database\BaseConnection.php on line 676.
 1 SYSTEMPATH\Database\BaseBuilder.php(2325): CodeIgniter\Database\BaseConnection->query('INSERT INTO `agenpemulihan` (`Nama`, `JK`, `Umur`, `Golongan` `Umur`, `Pekerjaan`, `Tahun`, `Id` `Kel`, `Kel`, `Kec`, `NoHp`, `Is` `Active`) VALUES (:Nama:, :JK:, :Umur:, :Golongan Umur:, :Pekerjaan:, :Tahun:, :Id Kel:, :Kel:, :Kec:, :NoHp:, :Is Active:)', [...], false)
 2 SYSTEMPATH\Model.php(383): CodeIgniter\Database\BaseBuilder->insert()
 3 SYSTEMPATH\BaseModel.php(840): CodeIgniter\Model->doInsert([...])
 4 SYSTEMPATH\Model.php(791): CodeIgniter\BaseModel->insert([...], true)
 5 APPPATH\Controllers\AgenPemulihan.php(54): CodeIgniter\Model->insert([...])
 6 SYSTEMPATH\CodeIgniter.php(933): App\Controllers\AgenPemulihan->simpan()
 7 SYSTEMPATH\CodeIgniter.php(509): CodeIgniter\CodeIgniter->runController(Object(App\Controllers\AgenPemulihan))
 8 SYSTEMPATH\CodeIgniter.php(355): CodeIgniter\CodeIgniter->handleRequest(null, Object(Config\Cache), false)
 9 SYSTEMPATH\Boot.php(312): CodeIgniter\CodeIgniter->run()
10 SYSTEMPATH\Boot.php(67): CodeIgniter\Boot::runCodeIgniter(Object(CodeIgniter\CodeIgniter))
11 FCPATH\index.php(56): CodeIgniter\Boot::bootWeb(Object(Config\Paths))
CRITICAL - 2024-12-09 08:29:15 --> [Caused by] CodeIgniter\Database\Exceptions\DatabaseException: You have an error in your SQL syntax; check the manual that corresponds to your MariaDB server version for the right syntax to use near '`Umur`, `Pekerjaan`, `Tahun`, `Id` `Kel`, `Kel`, `Kec`, `NoHp`, `Is` `Active`...' at line 1
in SYSTEMPATH\Database\MySQLi\Connection.php on line 313.
 1 SYSTEMPATH\Database\BaseConnection.php(722): CodeIgniter\Database\MySQLi\Connection->execute('INSERT INTO `agenpemulihan` (`Nama`, `JK`, `Umur`, `Golongan` `Umur`, `Pekerjaan`, `Tahun`, `Id` `Kel`, `Kel`, `Kec`, `NoHp`, `Is` `Active`) VALUES (\'dafhdj\', \'Laki-laki\', \'34\', \'dewasa\', \'buruh\', \'2023\', \'ndashd63u777\', \'Gentasari\', \'Kroya\', \'76275325347218\', \'Aktif\')')
 2 SYSTEMPATH\Database\BaseConnection.php(636): CodeIgniter\Database\BaseConnection->simpleQuery('INSERT INTO `agenpemulihan` (`Nama`, `JK`, `Umur`, `Golongan` `Umur`, `Pekerjaan`, `Tahun`, `Id` `Kel`, `Kel`, `Kec`, `NoHp`, `Is` `Active`) VALUES (\'dafhdj\', \'Laki-laki\', \'34\', \'dewasa\', \'buruh\', \'2023\', \'ndashd63u777\', \'Gentasari\', \'Kroya\', \'76275325347218\', \'Aktif\')')
 3 SYSTEMPATH\Database\BaseBuilder.php(2325): CodeIgniter\Database\BaseConnection->query('INSERT INTO `agenpemulihan` (`Nama`, `JK`, `Umur`, `Golongan` `Umur`, `Pekerjaan`, `Tahun`, `Id` `Kel`, `Kel`, `Kec`, `NoHp`, `Is` `Active`) VALUES (:Nama:, :JK:, :Umur:, :Golongan Umur:, :Pekerjaan:, :Tahun:, :Id Kel:, :Kel:, :Kec:, :NoHp:, :Is Active:)', [...], false)
 4 SYSTEMPATH\Model.php(383): CodeIgniter\Database\BaseBuilder->insert()
 5 SYSTEMPATH\BaseModel.php(840): CodeIgniter\Model->doInsert([...])
 6 SYSTEMPATH\Model.php(791): CodeIgniter\BaseModel->insert([...], true)
 7 APPPATH\Controllers\AgenPemulihan.php(54): CodeIgniter\Model->insert([...])
 8 SYSTEMPATH\CodeIgniter.php(933): App\Controllers\AgenPemulihan->simpan()
 9 SYSTEMPATH\CodeIgniter.php(509): CodeIgniter\CodeIgniter->runController(Object(App\Controllers\AgenPemulihan))
10 SYSTEMPATH\CodeIgniter.php(355): CodeIgniter\CodeIgniter->handleRequest(null, Object(Config\Cache), false)
11 SYSTEMPATH\Boot.php(312): CodeIgniter\CodeIgniter->run()
12 SYSTEMPATH\Boot.php(67): CodeIgniter\Boot::runCodeIgniter(Object(CodeIgniter\CodeIgniter))
13 FCPATH\index.php(56): CodeIgniter\Boot::bootWeb(Object(Config\Paths))
CRITICAL - 2024-12-09 08:29:15 --> [Caused by] mysqli_sql_exception: You have an error in your SQL syntax; check the manual that corresponds to your MariaDB server version for the right syntax to use near '`Umur`, `Pekerjaan`, `Tahun`, `Id` `Kel`, `Kel`, `Kec`, `NoHp`, `Is` `Active`...' at line 1
in SYSTEMPATH\Database\MySQLi\Connection.php on line 308.
 1 SYSTEMPATH\Database\MySQLi\Connection.php(308): mysqli->query('INSERT INTO `agenpemulihan` (`Nama`, `JK`, `Umur`, `Golongan` `Umur`, `Pekerjaan`, `Tahun`, `Id` `Kel`, `Kel`, `Kec`, `NoHp`, `Is` `Active`) VALUES (\'dafhdj\', \'Laki-laki\', \'34\', \'dewasa\', \'buruh\', \'2023\', \'ndashd63u777\', \'Gentasari\', \'Kroya\', \'76275325347218\', \'Aktif\')', 0)
 2 SYSTEMPATH\Database\BaseConnection.php(722): CodeIgniter\Database\MySQLi\Connection->execute('INSERT INTO `agenpemulihan` (`Nama`, `JK`, `Umur`, `Golongan` `Umur`, `Pekerjaan`, `Tahun`, `Id` `Kel`, `Kel`, `Kec`, `NoHp`, `Is` `Active`) VALUES (\'dafhdj\', \'Laki-laki\', \'34\', \'dewasa\', \'buruh\', \'2023\', \'ndashd63u777\', \'Gentasari\', \'Kroya\', \'76275325347218\', \'Aktif\')')
 3 SYSTEMPATH\Database\BaseConnection.php(636): CodeIgniter\Database\BaseConnection->simpleQuery('INSERT INTO `agenpemulihan` (`Nama`, `JK`, `Umur`, `Golongan` `Umur`, `Pekerjaan`, `Tahun`, `Id` `Kel`, `Kel`, `Kec`, `NoHp`, `Is` `Active`) VALUES (\'dafhdj\', \'Laki-laki\', \'34\', \'dewasa\', \'buruh\', \'2023\', \'ndashd63u777\', \'Gentasari\', \'Kroya\', \'76275325347218\', \'Aktif\')')
 4 SYSTEMPATH\Database\BaseBuilder.php(2325): CodeIgniter\Database\BaseConnection->query('INSERT INTO `agenpemulihan` (`Nama`, `JK`, `Umur`, `Golongan` `Umur`, `Pekerjaan`, `Tahun`, `Id` `Kel`, `Kel`, `Kec`, `NoHp`, `Is` `Active`) VALUES (:Nama:, :JK:, :Umur:, :Golongan Umur:, :Pekerjaan:, :Tahun:, :Id Kel:, :Kel:, :Kec:, :NoHp:, :Is Active:)', [...], false)
 5 SYSTEMPATH\Model.php(383): CodeIgniter\Database\BaseBuilder->insert()
 6 SYSTEMPATH\BaseModel.php(840): CodeIgniter\Model->doInsert([...])
 7 SYSTEMPATH\Model.php(791): CodeIgniter\BaseModel->insert([...], true)
 8 APPPATH\Controllers\AgenPemulihan.php(54): CodeIgniter\Model->insert([...])
 9 SYSTEMPATH\CodeIgniter.php(933): App\Controllers\AgenPemulihan->simpan()
10 SYSTEMPATH\CodeIgniter.php(509): CodeIgniter\CodeIgniter->runController(Object(App\Controllers\AgenPemulihan))
11 SYSTEMPATH\CodeIgniter.php(355): CodeIgniter\CodeIgniter->handleRequest(null, Object(Config\Cache), false)
12 SYSTEMPATH\Boot.php(312): CodeIgniter\CodeIgniter->run()
13 SYSTEMPATH\Boot.php(67): CodeIgniter\Boot::runCodeIgniter(Object(CodeIgniter\CodeIgniter))
14 FCPATH\index.php(56): CodeIgniter\Boot::bootWeb(Object(Config\Paths))
CRITICAL - 2024-12-09 08:45:45 --> ErrorException: Attempt to read property "IdAgen" on array
[Method: GET, Route: agenpemulihan]
in APPPATH\Views\agenpemulihan\tampil.php on line 47.
 1 APPPATH\Views\agenpemulihan\tampil.php(47): CodeIgniter\Debug\Exceptions->errorHandler(2, 'Attempt to read property "IdAgen" on array', 'C:\\xampp\\htdocs\\tawannarkobav2\\app\\Views\\agenpemulihan\\tampil.php', 47)
 2 SYSTEMPATH\View\View.php(234): include('C:\\xampp\\htdocs\\tawannarkobav2\\app\\Views\\agenpemulihan\\tampil.php')
 3 SYSTEMPATH\View\View.php(237): CodeIgniter\View\View->CodeIgniter\View\{closure}()
 4 SYSTEMPATH\Common.php(1171): CodeIgniter\View\View->render('agenpemulihan/tampil', [], true)
 5 APPPATH\Controllers\AgenPemulihan.php(25): view('agenpemulihan/tampil', [...])
 6 APPPATH\Controllers\AgenPemulihan.php(11): App\Controllers\AgenPemulihan->tampil()
 7 SYSTEMPATH\CodeIgniter.php(933): App\Controllers\AgenPemulihan->index()
 8 SYSTEMPATH\CodeIgniter.php(509): CodeIgniter\CodeIgniter->runController(Object(App\Controllers\AgenPemulihan))
 9 SYSTEMPATH\CodeIgniter.php(355): CodeIgniter\CodeIgniter->handleRequest(null, Object(Config\Cache), false)
10 SYSTEMPATH\Boot.php(312): CodeIgniter\CodeIgniter->run()
11 SYSTEMPATH\Boot.php(67): CodeIgniter\Boot::runCodeIgniter(Object(CodeIgniter\CodeIgniter))
12 FCPATH\index.php(56): CodeIgniter\Boot::bootWeb(Object(Config\Paths))
CRITICAL - 2024-12-09 08:46:49 --> ErrorException: Attempt to read property "IdAgen" on array
[Method: GET, Route: agenpemulihan]
in APPPATH\Views\agenpemulihan\tampil.php on line 47.
 1 APPPATH\Views\agenpemulihan\tampil.php(47): CodeIgniter\Debug\Exceptions->errorHandler(2, 'Attempt to read property "IdAgen" on array', 'C:\\xampp\\htdocs\\tawannarkobav2\\app\\Views\\agenpemulihan\\tampil.php', 47)
 2 SYSTEMPATH\View\View.php(234): include('C:\\xampp\\htdocs\\tawannarkobav2\\app\\Views\\agenpemulihan\\tampil.php')
 3 SYSTEMPATH\View\View.php(237): CodeIgniter\View\View->CodeIgniter\View\{closure}()
 4 SYSTEMPATH\Common.php(1171): CodeIgniter\View\View->render('agenpemulihan/tampil', [], true)
 5 APPPATH\Controllers\AgenPemulihan.php(25): view('agenpemulihan/tampil', [...])
 6 APPPATH\Controllers\AgenPemulihan.php(11): App\Controllers\AgenPemulihan->tampil()
 7 SYSTEMPATH\CodeIgniter.php(933): App\Controllers\AgenPemulihan->index()
 8 SYSTEMPATH\CodeIgniter.php(509): CodeIgniter\CodeIgniter->runController(Object(App\Controllers\AgenPemulihan))
 9 SYSTEMPATH\CodeIgniter.php(355): CodeIgniter\CodeIgniter->handleRequest(null, Object(Config\Cache), false)
10 SYSTEMPATH\Boot.php(312): CodeIgniter\CodeIgniter->run()
11 SYSTEMPATH\Boot.php(67): CodeIgniter\Boot::runCodeIgniter(Object(CodeIgniter\CodeIgniter))
12 FCPATH\index.php(56): CodeIgniter\Boot::bootWeb(Object(Config\Paths))
CRITICAL - 2024-12-09 08:46:50 --> ErrorException: Attempt to read property "IdAgen" on array
[Method: GET, Route: agenpemulihan]
in APPPATH\Views\agenpemulihan\tampil.php on line 47.
 1 APPPATH\Views\agenpemulihan\tampil.php(47): CodeIgniter\Debug\Exceptions->errorHandler(2, 'Attempt to read property "IdAgen" on array', 'C:\\xampp\\htdocs\\tawannarkobav2\\app\\Views\\agenpemulihan\\tampil.php', 47)
 2 SYSTEMPATH\View\View.php(234): include('C:\\xampp\\htdocs\\tawannarkobav2\\app\\Views\\agenpemulihan\\tampil.php')
 3 SYSTEMPATH\View\View.php(237): CodeIgniter\View\View->CodeIgniter\View\{closure}()
 4 SYSTEMPATH\Common.php(1171): CodeIgniter\View\View->render('agenpemulihan/tampil', [], true)
 5 APPPATH\Controllers\AgenPemulihan.php(25): view('agenpemulihan/tampil', [...])
 6 APPPATH\Controllers\AgenPemulihan.php(11): App\Controllers\AgenPemulihan->tampil()
 7 SYSTEMPATH\CodeIgniter.php(933): App\Controllers\AgenPemulihan->index()
 8 SYSTEMPATH\CodeIgniter.php(509): CodeIgniter\CodeIgniter->runController(Object(App\Controllers\AgenPemulihan))
 9 SYSTEMPATH\CodeIgniter.php(355): CodeIgniter\CodeIgniter->handleRequest(null, Object(Config\Cache), false)
10 SYSTEMPATH\Boot.php(312): CodeIgniter\CodeIgniter->run()
11 SYSTEMPATH\Boot.php(67): CodeIgniter\Boot::runCodeIgniter(Object(CodeIgniter\CodeIgniter))
12 FCPATH\index.php(56): CodeIgniter\Boot::bootWeb(Object(Config\Paths))
CRITICAL - 2024-12-09 08:48:07 --> ErrorException: Attempt to read property "IdAgen" on array
[Method: GET, Route: agenpemulihan]
in APPPATH\Views\agenpemulihan\tampil.php on line 47.
 1 APPPATH\Views\agenpemulihan\tampil.php(47): CodeIgniter\Debug\Exceptions->errorHandler(2, 'Attempt to read property "IdAgen" on array', 'C:\\xampp\\htdocs\\tawannarkobav2\\app\\Views\\agenpemulihan\\tampil.php', 47)
 2 SYSTEMPATH\View\View.php(234): include('C:\\xampp\\htdocs\\tawannarkobav2\\app\\Views\\agenpemulihan\\tampil.php')
 3 SYSTEMPATH\View\View.php(237): CodeIgniter\View\View->CodeIgniter\View\{closure}()
 4 SYSTEMPATH\Common.php(1171): CodeIgniter\View\View->render('agenpemulihan/tampil', [], true)
 5 APPPATH\Controllers\AgenPemulihan.php(25): view('agenpemulihan/tampil', [...])
 6 APPPATH\Controllers\AgenPemulihan.php(11): App\Controllers\AgenPemulihan->tampil()
 7 SYSTEMPATH\CodeIgniter.php(933): App\Controllers\AgenPemulihan->index()
 8 SYSTEMPATH\CodeIgniter.php(509): CodeIgniter\CodeIgniter->runController(Object(App\Controllers\AgenPemulihan))
 9 SYSTEMPATH\CodeIgniter.php(355): CodeIgniter\CodeIgniter->handleRequest(null, Object(Config\Cache), false)
10 SYSTEMPATH\Boot.php(312): CodeIgniter\CodeIgniter->run()
11 SYSTEMPATH\Boot.php(67): CodeIgniter\Boot::runCodeIgniter(Object(CodeIgniter\CodeIgniter))
12 FCPATH\index.php(56): CodeIgniter\Boot::bootWeb(Object(Config\Paths))
CRITICAL - 2024-12-09 08:50:42 --> ErrorException: Attempt to read property "IdAgen" on array
[Method: GET, Route: agenpemulihan]
in APPPATH\Views\agenpemulihan\tampil.php on line 47.
 1 APPPATH\Views\agenpemulihan\tampil.php(47): CodeIgniter\Debug\Exceptions->errorHandler(2, 'Attempt to read property "IdAgen" on array', 'C:\\xampp\\htdocs\\tawannarkobav2\\app\\Views\\agenpemulihan\\tampil.php', 47)
 2 SYSTEMPATH\View\View.php(234): include('C:\\xampp\\htdocs\\tawannarkobav2\\app\\Views\\agenpemulihan\\tampil.php')
 3 SYSTEMPATH\View\View.php(237): CodeIgniter\View\View->CodeIgniter\View\{closure}()
 4 SYSTEMPATH\Common.php(1171): CodeIgniter\View\View->render('agenpemulihan/tampil', [], true)
 5 APPPATH\Controllers\AgenPemulihan.php(25): view('agenpemulihan/tampil', [...])
 6 APPPATH\Controllers\AgenPemulihan.php(11): App\Controllers\AgenPemulihan->tampil()
 7 SYSTEMPATH\CodeIgniter.php(933): App\Controllers\AgenPemulihan->index()
 8 SYSTEMPATH\CodeIgniter.php(509): CodeIgniter\CodeIgniter->runController(Object(App\Controllers\AgenPemulihan))
 9 SYSTEMPATH\CodeIgniter.php(355): CodeIgniter\CodeIgniter->handleRequest(null, Object(Config\Cache), false)
10 SYSTEMPATH\Boot.php(312): CodeIgniter\CodeIgniter->run()
11 SYSTEMPATH\Boot.php(67): CodeIgniter\Boot::runCodeIgniter(Object(CodeIgniter\CodeIgniter))
12 FCPATH\index.php(56): CodeIgniter\Boot::bootWeb(Object(Config\Paths))
CRITICAL - 2024-12-09 08:50:44 --> ErrorException: Attempt to read property "IdAgen" on array
[Method: GET, Route: agenpemulihan]
in APPPATH\Views\agenpemulihan\tampil.php on line 47.
 1 APPPATH\Views\agenpemulihan\tampil.php(47): CodeIgniter\Debug\Exceptions->errorHandler(2, 'Attempt to read property "IdAgen" on array', 'C:\\xampp\\htdocs\\tawannarkobav2\\app\\Views\\agenpemulihan\\tampil.php', 47)
 2 SYSTEMPATH\View\View.php(234): include('C:\\xampp\\htdocs\\tawannarkobav2\\app\\Views\\agenpemulihan\\tampil.php')
 3 SYSTEMPATH\View\View.php(237): CodeIgniter\View\View->CodeIgniter\View\{closure}()
 4 SYSTEMPATH\Common.php(1171): CodeIgniter\View\View->render('agenpemulihan/tampil', [], true)
 5 APPPATH\Controllers\AgenPemulihan.php(25): view('agenpemulihan/tampil', [...])
 6 APPPATH\Controllers\AgenPemulihan.php(11): App\Controllers\AgenPemulihan->tampil()
 7 SYSTEMPATH\CodeIgniter.php(933): App\Controllers\AgenPemulihan->index()
 8 SYSTEMPATH\CodeIgniter.php(509): CodeIgniter\CodeIgniter->runController(Object(App\Controllers\AgenPemulihan))
 9 SYSTEMPATH\CodeIgniter.php(355): CodeIgniter\CodeIgniter->handleRequest(null, Object(Config\Cache), false)
10 SYSTEMPATH\Boot.php(312): CodeIgniter\CodeIgniter->run()
11 SYSTEMPATH\Boot.php(67): CodeIgniter\Boot::runCodeIgniter(Object(CodeIgniter\CodeIgniter))
12 FCPATH\index.php(56): CodeIgniter\Boot::bootWeb(Object(Config\Paths))
CRITICAL - 2024-12-09 08:58:32 --> ErrorException: Attempt to read property "IdAgen" on array
[Method: GET, Route: agenpemulihan]
in APPPATH\Views\agenpemulihan\tampil.php on line 47.
 1 APPPATH\Views\agenpemulihan\tampil.php(47): CodeIgniter\Debug\Exceptions->errorHandler(2, 'Attempt to read property "IdAgen" on array', 'C:\\xampp\\htdocs\\tawannarkobav2\\app\\Views\\agenpemulihan\\tampil.php', 47)
 2 SYSTEMPATH\View\View.php(234): include('C:\\xampp\\htdocs\\tawannarkobav2\\app\\Views\\agenpemulihan\\tampil.php')
 3 SYSTEMPATH\View\View.php(237): CodeIgniter\View\View->CodeIgniter\View\{closure}()
 4 SYSTEMPATH\Common.php(1171): CodeIgniter\View\View->render('agenpemulihan/tampil', [], true)
 5 APPPATH\Controllers\AgenPemulihan.php(25): view('agenpemulihan/tampil', [...])
 6 APPPATH\Controllers\AgenPemulihan.php(11): App\Controllers\AgenPemulihan->tampil()
 7 SYSTEMPATH\CodeIgniter.php(933): App\Controllers\AgenPemulihan->index()
 8 SYSTEMPATH\CodeIgniter.php(509): CodeIgniter\CodeIgniter->runController(Object(App\Controllers\AgenPemulihan))
 9 SYSTEMPATH\CodeIgniter.php(355): CodeIgniter\CodeIgniter->handleRequest(null, Object(Config\Cache), false)
10 SYSTEMPATH\Boot.php(312): CodeIgniter\CodeIgniter->run()
11 SYSTEMPATH\Boot.php(67): CodeIgniter\Boot::runCodeIgniter(Object(CodeIgniter\CodeIgniter))
12 FCPATH\index.php(56): CodeIgniter\Boot::bootWeb(Object(Config\Paths))
CRITICAL - 2024-12-09 12:17:56 --> ErrorException: Attempt to read property "id_kabupaten" on array
[Method: GET, Route: dashboard]
in APPPATH\Views\dashboard.php on line 13.
 1 APPPATH\Views\dashboard.php(13): CodeIgniter\Debug\Exceptions->errorHandler(2, 'Attempt to read property "id_kabupaten" on array', 'C:\\xampp\\htdocs\\tawannarkobav2\\app\\Views\\dashboard.php', 13)
 2 SYSTEMPATH\View\View.php(234): include('C:\\xampp\\htdocs\\tawannarkobav2\\app\\Views\\dashboard.php')
 3 SYSTEMPATH\View\View.php(237): CodeIgniter\View\View->CodeIgniter\View\{closure}()
 4 SYSTEMPATH\Common.php(1171): CodeIgniter\View\View->render('dashboard', [], true)
 5 APPPATH\Controllers\Dashboard.php(25): view('dashboard', [...])
 6 SYSTEMPATH\CodeIgniter.php(933): App\Controllers\Dashboard->index()
 7 SYSTEMPATH\CodeIgniter.php(509): CodeIgniter\CodeIgniter->runController(Object(App\Controllers\Dashboard))
 8 SYSTEMPATH\CodeIgniter.php(355): CodeIgniter\CodeIgniter->handleRequest(null, Object(Config\Cache), false)
 9 SYSTEMPATH\Boot.php(312): CodeIgniter\CodeIgniter->run()
10 SYSTEMPATH\Boot.php(67): CodeIgniter\Boot::runCodeIgniter(Object(CodeIgniter\CodeIgniter))
11 FCPATH\index.php(56): CodeIgniter\Boot::bootWeb(Object(Config\Paths))
CRITICAL - 2024-12-09 12:20:09 --> ErrorException: Attempt to read property "id_kabupaten" on array
[Method: GET, Route: dashboard]
in APPPATH\Views\dashboard.php on line 13.
 1 APPPATH\Views\dashboard.php(13): CodeIgniter\Debug\Exceptions->errorHandler(2, 'Attempt to read property "id_kabupaten" on array', 'C:\\xampp\\htdocs\\tawannarkobav2\\app\\Views\\dashboard.php', 13)
 2 SYSTEMPATH\View\View.php(234): include('C:\\xampp\\htdocs\\tawannarkobav2\\app\\Views\\dashboard.php')
 3 SYSTEMPATH\View\View.php(237): CodeIgniter\View\View->CodeIgniter\View\{closure}()
 4 SYSTEMPATH\Common.php(1171): CodeIgniter\View\View->render('dashboard', [], true)
 5 APPPATH\Controllers\Dashboard.php(25): view('dashboard', [...])
 6 SYSTEMPATH\CodeIgniter.php(933): App\Controllers\Dashboard->index()
 7 SYSTEMPATH\CodeIgniter.php(509): CodeIgniter\CodeIgniter->runController(Object(App\Controllers\Dashboard))
 8 SYSTEMPATH\CodeIgniter.php(355): CodeIgniter\CodeIgniter->handleRequest(null, Object(Config\Cache), false)
 9 SYSTEMPATH\Boot.php(312): CodeIgniter\CodeIgniter->run()
10 SYSTEMPATH\Boot.php(67): CodeIgniter\Boot::runCodeIgniter(Object(CodeIgniter\CodeIgniter))
11 FCPATH\index.php(56): CodeIgniter\Boot::bootWeb(Object(Config\Paths))
CRITICAL - 2024-12-09 12:27:10 --> ErrorException: Attempt to read property "kode_kabupaten" on array
[Method: GET, Route: dashboard]
in APPPATH\Views\dashboard.php on line 13.
 1 APPPATH\Views\dashboard.php(13): CodeIgniter\Debug\Exceptions->errorHandler(2, 'Attempt to read property "kode_kabupaten" on array', 'C:\\xampp\\htdocs\\tawannarkobav2\\app\\Views\\dashboard.php', 13)
 2 SYSTEMPATH\View\View.php(234): include('C:\\xampp\\htdocs\\tawannarkobav2\\app\\Views\\dashboard.php')
 3 SYSTEMPATH\View\View.php(237): CodeIgniter\View\View->CodeIgniter\View\{closure}()
 4 SYSTEMPATH\Common.php(1171): CodeIgniter\View\View->render('dashboard', [], true)
 5 APPPATH\Controllers\Dashboard.php(25): view('dashboard', [...])
 6 SYSTEMPATH\CodeIgniter.php(933): App\Controllers\Dashboard->index()
 7 SYSTEMPATH\CodeIgniter.php(509): CodeIgniter\CodeIgniter->runController(Object(App\Controllers\Dashboard))
 8 SYSTEMPATH\CodeIgniter.php(355): CodeIgniter\CodeIgniter->handleRequest(null, Object(Config\Cache), false)
 9 SYSTEMPATH\Boot.php(312): CodeIgniter\CodeIgniter->run()
10 SYSTEMPATH\Boot.php(67): CodeIgniter\Boot::runCodeIgniter(Object(CodeIgniter\CodeIgniter))
11 FCPATH\index.php(56): CodeIgniter\Boot::bootWeb(Object(Config\Paths))
CRITICAL - 2024-12-09 12:27:15 --> ErrorException: Attempt to read property "kode_kabupaten" on array
[Method: GET, Route: dashboard]
in APPPATH\Views\dashboard.php on line 13.
 1 APPPATH\Views\dashboard.php(13): CodeIgniter\Debug\Exceptions->errorHandler(2, 'Attempt to read property "kode_kabupaten" on array', 'C:\\xampp\\htdocs\\tawannarkobav2\\app\\Views\\dashboard.php', 13)
 2 SYSTEMPATH\View\View.php(234): include('C:\\xampp\\htdocs\\tawannarkobav2\\app\\Views\\dashboard.php')
 3 SYSTEMPATH\View\View.php(237): CodeIgniter\View\View->CodeIgniter\View\{closure}()
 4 SYSTEMPATH\Common.php(1171): CodeIgniter\View\View->render('dashboard', [], true)
 5 APPPATH\Controllers\Dashboard.php(25): view('dashboard', [...])
 6 SYSTEMPATH\CodeIgniter.php(933): App\Controllers\Dashboard->index()
 7 SYSTEMPATH\CodeIgniter.php(509): CodeIgniter\CodeIgniter->runController(Object(App\Controllers\Dashboard))
 8 SYSTEMPATH\CodeIgniter.php(355): CodeIgniter\CodeIgniter->handleRequest(null, Object(Config\Cache), false)
 9 SYSTEMPATH\Boot.php(312): CodeIgniter\CodeIgniter->run()
10 SYSTEMPATH\Boot.php(67): CodeIgniter\Boot::runCodeIgniter(Object(CodeIgniter\CodeIgniter))
11 FCPATH\index.php(56): CodeIgniter\Boot::bootWeb(Object(Config\Paths))
CRITICAL - 2024-12-09 12:34:18 --> ErrorException: Attempt to read property "id_kabupaten" on array
[Method: GET, Route: dashboard]
in APPPATH\Views\dashboard.php on line 13.
 1 APPPATH\Views\dashboard.php(13): CodeIgniter\Debug\Exceptions->errorHandler(2, 'Attempt to read property "id_kabupaten" on array', 'C:\\xampp\\htdocs\\tawannarkobav2\\app\\Views\\dashboard.php', 13)
 2 SYSTEMPATH\View\View.php(234): include('C:\\xampp\\htdocs\\tawannarkobav2\\app\\Views\\dashboard.php')
 3 SYSTEMPATH\View\View.php(237): CodeIgniter\View\View->CodeIgniter\View\{closure}()
 4 SYSTEMPATH\Common.php(1171): CodeIgniter\View\View->render('dashboard', [], true)
 5 APPPATH\Controllers\Dashboard.php(25): view('dashboard', [...])
 6 SYSTEMPATH\CodeIgniter.php(933): App\Controllers\Dashboard->index()
 7 SYSTEMPATH\CodeIgniter.php(509): CodeIgniter\CodeIgniter->runController(Object(App\Controllers\Dashboard))
 8 SYSTEMPATH\CodeIgniter.php(355): CodeIgniter\CodeIgniter->handleRequest(null, Object(Config\Cache), false)
 9 SYSTEMPATH\Boot.php(312): CodeIgniter\CodeIgniter->run()
10 SYSTEMPATH\Boot.php(67): CodeIgniter\Boot::runCodeIgniter(Object(CodeIgniter\CodeIgniter))
11 FCPATH\index.php(56): CodeIgniter\Boot::bootWeb(Object(Config\Paths))
CRITICAL - 2024-12-09 12:37:38 --> ErrorException: Attempt to read property "id_kabupaten" on array
[Method: GET, Route: dashboard]
in APPPATH\Views\dashboard.php on line 13.
 1 APPPATH\Views\dashboard.php(13): CodeIgniter\Debug\Exceptions->errorHandler(2, 'Attempt to read property "id_kabupaten" on array', 'C:\\xampp\\htdocs\\tawannarkobav2\\app\\Views\\dashboard.php', 13)
 2 SYSTEMPATH\View\View.php(234): include('C:\\xampp\\htdocs\\tawannarkobav2\\app\\Views\\dashboard.php')
 3 SYSTEMPATH\View\View.php(237): CodeIgniter\View\View->CodeIgniter\View\{closure}()
 4 SYSTEMPATH\Common.php(1171): CodeIgniter\View\View->render('dashboard', [], true)
 5 APPPATH\Controllers\Dashboard.php(25): view('dashboard', [...])
 6 SYSTEMPATH\CodeIgniter.php(933): App\Controllers\Dashboard->index()
 7 SYSTEMPATH\CodeIgniter.php(509): CodeIgniter\CodeIgniter->runController(Object(App\Controllers\Dashboard))
 8 SYSTEMPATH\CodeIgniter.php(355): CodeIgniter\CodeIgniter->handleRequest(null, Object(Config\Cache), false)
 9 SYSTEMPATH\Boot.php(312): CodeIgniter\CodeIgniter->run()
10 SYSTEMPATH\Boot.php(67): CodeIgniter\Boot::runCodeIgniter(Object(CodeIgniter\CodeIgniter))
11 FCPATH\index.php(56): CodeIgniter\Boot::bootWeb(Object(Config\Paths))
CRITICAL - 2024-12-09 12:46:44 --> ErrorException: Attempt to read property "id_kabupaten" on array
[Method: GET, Route: dashboard]
in APPPATH\Views\dashboard.php on line 13.
 1 APPPATH\Views\dashboard.php(13): CodeIgniter\Debug\Exceptions->errorHandler(2, 'Attempt to read property "id_kabupaten" on array', 'C:\\xampp\\htdocs\\tawannarkobav2\\app\\Views\\dashboard.php', 13)
 2 SYSTEMPATH\View\View.php(234): include('C:\\xampp\\htdocs\\tawannarkobav2\\app\\Views\\dashboard.php')
 3 SYSTEMPATH\View\View.php(237): CodeIgniter\View\View->CodeIgniter\View\{closure}()
 4 SYSTEMPATH\Common.php(1171): CodeIgniter\View\View->render('dashboard', [], true)
 5 APPPATH\Controllers\Dashboard.php(25): view('dashboard', [...])
 6 SYSTEMPATH\CodeIgniter.php(933): App\Controllers\Dashboard->index()
 7 SYSTEMPATH\CodeIgniter.php(509): CodeIgniter\CodeIgniter->runController(Object(App\Controllers\Dashboard))
 8 SYSTEMPATH\CodeIgniter.php(355): CodeIgniter\CodeIgniter->handleRequest(null, Object(Config\Cache), false)
 9 SYSTEMPATH\Boot.php(312): CodeIgniter\CodeIgniter->run()
10 SYSTEMPATH\Boot.php(67): CodeIgniter\Boot::runCodeIgniter(Object(CodeIgniter\CodeIgniter))
11 FCPATH\index.php(56): CodeIgniter\Boot::bootWeb(Object(Config\Paths))
