CRITICAL - 2025-07-16 06:05:40 --> ErrorException: Undefined variable $geojson
[Method: GET, Route: /]
in APPPATH\Views\peta\publik.php on line 331.
 1 APPPATH\Views\peta\publik.php(331): CodeIgniter\Debug\Exceptions->errorHandler(2, 'Undefined variable $geojson', 'C:\\xampp\\htdocs\\tawannarkobav2\\app\\Views\\peta\\publik.php', 331)
 2 SYSTEMPATH\View\View.php(234): include('C:\\xampp\\htdocs\\tawannarkobav2\\app\\Views\\peta\\publik.php')
 3 SYSTEMPATH\View\View.php(237): CodeIgniter\View\View->CodeIgniter\View\{closure}()
 4 SYSTEMPATH\Common.php(1171): CodeIgniter\View\View->render('peta/publik', [], true)
 5 APPPATH\Controllers\PetaController.php(51): view('peta/publik', [...])
 6 SYSTEMPATH\CodeIgniter.php(933): App\Controllers\PetaController->publik()
 7 SYSTEMPATH\CodeIgniter.php(509): CodeIgniter\CodeIgniter->runController(Object(App\Controllers\PetaController))
 8 SYSTEMPATH\CodeIgniter.php(355): CodeIgniter\CodeIgniter->handleRequest(null, Object(Config\Cache), false)
 9 SYSTEMPATH\Boot.php(312): CodeIgniter\CodeIgniter->run()
10 SYSTEMPATH\Boot.php(67): CodeIgniter\Boot::runCodeIgniter(Object(CodeIgniter\CodeIgniter))
11 FCPATH\index.php(58): CodeIgniter\Boot::bootWeb(Object(Config\Paths))
CRITICAL - 2025-07-16 06:05:40 --> ErrorException: Undefined variable $geojson
[Method: GET, Route: /]
in APPPATH\Views\peta\publik.php on line 331.
 1 APPPATH\Views\peta\publik.php(331): CodeIgniter\Debug\Exceptions->errorHandler(2, 'Undefined variable $geojson', 'C:\\xampp\\htdocs\\tawannarkobav2\\app\\Views\\peta\\publik.php', 331)
 2 SYSTEMPATH\View\View.php(234): include('C:\\xampp\\htdocs\\tawannarkobav2\\app\\Views\\peta\\publik.php')
 3 SYSTEMPATH\View\View.php(237): CodeIgniter\View\View->CodeIgniter\View\{closure}()
 4 SYSTEMPATH\Common.php(1171): CodeIgniter\View\View->render('peta/publik', [], true)
 5 APPPATH\Controllers\PetaController.php(51): view('peta/publik', [...])
 6 SYSTEMPATH\CodeIgniter.php(933): App\Controllers\PetaController->publik()
 7 SYSTEMPATH\CodeIgniter.php(509): CodeIgniter\CodeIgniter->runController(Object(App\Controllers\PetaController))
 8 SYSTEMPATH\CodeIgniter.php(355): CodeIgniter\CodeIgniter->handleRequest(null, Object(Config\Cache), false)
 9 SYSTEMPATH\Boot.php(312): CodeIgniter\CodeIgniter->run()
10 SYSTEMPATH\Boot.php(67): CodeIgniter\Boot::runCodeIgniter(Object(CodeIgniter\CodeIgniter))
11 FCPATH\index.php(58): CodeIgniter\Boot::bootWeb(Object(Config\Paths))
CRITICAL - 2025-07-16 06:08:12 --> ErrorException: Undefined variable $geojson
[Method: GET, Route: /]
in APPPATH\Views\peta\publik.php on line 331.
 1 APPPATH\Views\peta\publik.php(331): CodeIgniter\Debug\Exceptions->errorHandler(2, 'Undefined variable $geojson', 'C:\\xampp\\htdocs\\tawannarkobav2\\app\\Views\\peta\\publik.php', 331)
 2 SYSTEMPATH\View\View.php(234): include('C:\\xampp\\htdocs\\tawannarkobav2\\app\\Views\\peta\\publik.php')
 3 SYSTEMPATH\View\View.php(237): CodeIgniter\View\View->CodeIgniter\View\{closure}()
 4 SYSTEMPATH\Common.php(1171): CodeIgniter\View\View->render('peta/publik', [], true)
 5 APPPATH\Controllers\PetaController.php(51): view('peta/publik', [...])
 6 SYSTEMPATH\CodeIgniter.php(933): App\Controllers\PetaController->publik()
 7 SYSTEMPATH\CodeIgniter.php(509): CodeIgniter\CodeIgniter->runController(Object(App\Controllers\PetaController))
 8 SYSTEMPATH\CodeIgniter.php(355): CodeIgniter\CodeIgniter->handleRequest(null, Object(Config\Cache), false)
 9 SYSTEMPATH\Boot.php(312): CodeIgniter\CodeIgniter->run()
10 SYSTEMPATH\Boot.php(67): CodeIgniter\Boot::runCodeIgniter(Object(CodeIgniter\CodeIgniter))
11 FCPATH\index.php(58): CodeIgniter\Boot::bootWeb(Object(Config\Paths))
CRITICAL - 2025-07-16 06:08:27 --> ErrorException: Undefined variable $geojson
[Method: GET, Route: /]
in APPPATH\Views\peta\publik.php on line 331.
 1 APPPATH\Views\peta\publik.php(331): CodeIgniter\Debug\Exceptions->errorHandler(2, 'Undefined variable $geojson', 'C:\\xampp\\htdocs\\tawannarkobav2\\app\\Views\\peta\\publik.php', 331)
 2 SYSTEMPATH\View\View.php(234): include('C:\\xampp\\htdocs\\tawannarkobav2\\app\\Views\\peta\\publik.php')
 3 SYSTEMPATH\View\View.php(237): CodeIgniter\View\View->CodeIgniter\View\{closure}()
 4 SYSTEMPATH\Common.php(1171): CodeIgniter\View\View->render('peta/publik', [], true)
 5 APPPATH\Controllers\PetaController.php(51): view('peta/publik', [...])
 6 SYSTEMPATH\CodeIgniter.php(933): App\Controllers\PetaController->publik()
 7 SYSTEMPATH\CodeIgniter.php(509): CodeIgniter\CodeIgniter->runController(Object(App\Controllers\PetaController))
 8 SYSTEMPATH\CodeIgniter.php(355): CodeIgniter\CodeIgniter->handleRequest(null, Object(Config\Cache), false)
 9 SYSTEMPATH\Boot.php(312): CodeIgniter\CodeIgniter->run()
10 SYSTEMPATH\Boot.php(67): CodeIgniter\Boot::runCodeIgniter(Object(CodeIgniter\CodeIgniter))
11 FCPATH\index.php(58): CodeIgniter\Boot::bootWeb(Object(Config\Paths))
CRITICAL - 2025-07-16 06:09:48 --> ErrorException: Undefined variable $geojson
[Method: GET, Route: /]
in APPPATH\Views\peta\publik.php on line 331.
 1 APPPATH\Views\peta\publik.php(331): CodeIgniter\Debug\Exceptions->errorHandler(2, 'Undefined variable $geojson', 'C:\\xampp\\htdocs\\tawannarkobav2\\app\\Views\\peta\\publik.php', 331)
 2 SYSTEMPATH\View\View.php(234): include('C:\\xampp\\htdocs\\tawannarkobav2\\app\\Views\\peta\\publik.php')
 3 SYSTEMPATH\View\View.php(237): CodeIgniter\View\View->CodeIgniter\View\{closure}()
 4 SYSTEMPATH\Common.php(1171): CodeIgniter\View\View->render('peta/publik', [], true)
 5 APPPATH\Controllers\PetaController.php(51): view('peta/publik', [...])
 6 SYSTEMPATH\CodeIgniter.php(933): App\Controllers\PetaController->publik()
 7 SYSTEMPATH\CodeIgniter.php(509): CodeIgniter\CodeIgniter->runController(Object(App\Controllers\PetaController))
 8 SYSTEMPATH\CodeIgniter.php(355): CodeIgniter\CodeIgniter->handleRequest(null, Object(Config\Cache), false)
 9 SYSTEMPATH\Boot.php(312): CodeIgniter\CodeIgniter->run()
10 SYSTEMPATH\Boot.php(67): CodeIgniter\Boot::runCodeIgniter(Object(CodeIgniter\CodeIgniter))
11 FCPATH\index.php(58): CodeIgniter\Boot::bootWeb(Object(Config\Paths))
CRITICAL - 2025-07-16 06:09:49 --> ErrorException: Undefined variable $geojson
[Method: GET, Route: /]
in APPPATH\Views\peta\publik.php on line 331.
 1 APPPATH\Views\peta\publik.php(331): CodeIgniter\Debug\Exceptions->errorHandler(2, 'Undefined variable $geojson', 'C:\\xampp\\htdocs\\tawannarkobav2\\app\\Views\\peta\\publik.php', 331)
 2 SYSTEMPATH\View\View.php(234): include('C:\\xampp\\htdocs\\tawannarkobav2\\app\\Views\\peta\\publik.php')
 3 SYSTEMPATH\View\View.php(237): CodeIgniter\View\View->CodeIgniter\View\{closure}()
 4 SYSTEMPATH\Common.php(1171): CodeIgniter\View\View->render('peta/publik', [], true)
 5 APPPATH\Controllers\PetaController.php(51): view('peta/publik', [...])
 6 SYSTEMPATH\CodeIgniter.php(933): App\Controllers\PetaController->publik()
 7 SYSTEMPATH\CodeIgniter.php(509): CodeIgniter\CodeIgniter->runController(Object(App\Controllers\PetaController))
 8 SYSTEMPATH\CodeIgniter.php(355): CodeIgniter\CodeIgniter->handleRequest(null, Object(Config\Cache), false)
 9 SYSTEMPATH\Boot.php(312): CodeIgniter\CodeIgniter->run()
10 SYSTEMPATH\Boot.php(67): CodeIgniter\Boot::runCodeIgniter(Object(CodeIgniter\CodeIgniter))
11 FCPATH\index.php(58): CodeIgniter\Boot::bootWeb(Object(Config\Paths))
CRITICAL - 2025-07-16 06:09:50 --> ErrorException: Undefined variable $geojson
[Method: GET, Route: /]
in APPPATH\Views\peta\publik.php on line 331.
 1 APPPATH\Views\peta\publik.php(331): CodeIgniter\Debug\Exceptions->errorHandler(2, 'Undefined variable $geojson', 'C:\\xampp\\htdocs\\tawannarkobav2\\app\\Views\\peta\\publik.php', 331)
 2 SYSTEMPATH\View\View.php(234): include('C:\\xampp\\htdocs\\tawannarkobav2\\app\\Views\\peta\\publik.php')
 3 SYSTEMPATH\View\View.php(237): CodeIgniter\View\View->CodeIgniter\View\{closure}()
 4 SYSTEMPATH\Common.php(1171): CodeIgniter\View\View->render('peta/publik', [], true)
 5 APPPATH\Controllers\PetaController.php(51): view('peta/publik', [...])
 6 SYSTEMPATH\CodeIgniter.php(933): App\Controllers\PetaController->publik()
 7 SYSTEMPATH\CodeIgniter.php(509): CodeIgniter\CodeIgniter->runController(Object(App\Controllers\PetaController))
 8 SYSTEMPATH\CodeIgniter.php(355): CodeIgniter\CodeIgniter->handleRequest(null, Object(Config\Cache), false)
 9 SYSTEMPATH\Boot.php(312): CodeIgniter\CodeIgniter->run()
10 SYSTEMPATH\Boot.php(67): CodeIgniter\Boot::runCodeIgniter(Object(CodeIgniter\CodeIgniter))
11 FCPATH\index.php(58): CodeIgniter\Boot::bootWeb(Object(Config\Paths))
CRITICAL - 2025-07-16 06:09:51 --> ErrorException: Undefined variable $geojson
[Method: GET, Route: /]
in APPPATH\Views\peta\publik.php on line 331.
 1 APPPATH\Views\peta\publik.php(331): CodeIgniter\Debug\Exceptions->errorHandler(2, 'Undefined variable $geojson', 'C:\\xampp\\htdocs\\tawannarkobav2\\app\\Views\\peta\\publik.php', 331)
 2 SYSTEMPATH\View\View.php(234): include('C:\\xampp\\htdocs\\tawannarkobav2\\app\\Views\\peta\\publik.php')
 3 SYSTEMPATH\View\View.php(237): CodeIgniter\View\View->CodeIgniter\View\{closure}()
 4 SYSTEMPATH\Common.php(1171): CodeIgniter\View\View->render('peta/publik', [], true)
 5 APPPATH\Controllers\PetaController.php(51): view('peta/publik', [...])
 6 SYSTEMPATH\CodeIgniter.php(933): App\Controllers\PetaController->publik()
 7 SYSTEMPATH\CodeIgniter.php(509): CodeIgniter\CodeIgniter->runController(Object(App\Controllers\PetaController))
 8 SYSTEMPATH\CodeIgniter.php(355): CodeIgniter\CodeIgniter->handleRequest(null, Object(Config\Cache), false)
 9 SYSTEMPATH\Boot.php(312): CodeIgniter\CodeIgniter->run()
10 SYSTEMPATH\Boot.php(67): CodeIgniter\Boot::runCodeIgniter(Object(CodeIgniter\CodeIgniter))
11 FCPATH\index.php(58): CodeIgniter\Boot::bootWeb(Object(Config\Paths))
CRITICAL - 2025-07-16 06:09:52 --> ErrorException: Undefined variable $geojson
[Method: GET, Route: /]
in APPPATH\Views\peta\publik.php on line 331.
 1 APPPATH\Views\peta\publik.php(331): CodeIgniter\Debug\Exceptions->errorHandler(2, 'Undefined variable $geojson', 'C:\\xampp\\htdocs\\tawannarkobav2\\app\\Views\\peta\\publik.php', 331)
 2 SYSTEMPATH\View\View.php(234): include('C:\\xampp\\htdocs\\tawannarkobav2\\app\\Views\\peta\\publik.php')
 3 SYSTEMPATH\View\View.php(237): CodeIgniter\View\View->CodeIgniter\View\{closure}()
 4 SYSTEMPATH\Common.php(1171): CodeIgniter\View\View->render('peta/publik', [], true)
 5 APPPATH\Controllers\PetaController.php(51): view('peta/publik', [...])
 6 SYSTEMPATH\CodeIgniter.php(933): App\Controllers\PetaController->publik()
 7 SYSTEMPATH\CodeIgniter.php(509): CodeIgniter\CodeIgniter->runController(Object(App\Controllers\PetaController))
 8 SYSTEMPATH\CodeIgniter.php(355): CodeIgniter\CodeIgniter->handleRequest(null, Object(Config\Cache), false)
 9 SYSTEMPATH\Boot.php(312): CodeIgniter\CodeIgniter->run()
10 SYSTEMPATH\Boot.php(67): CodeIgniter\Boot::runCodeIgniter(Object(CodeIgniter\CodeIgniter))
11 FCPATH\index.php(58): CodeIgniter\Boot::bootWeb(Object(Config\Paths))
CRITICAL - 2025-07-16 06:12:28 --> ErrorException: Undefined variable $geojson
[Method: GET, Route: /]
in APPPATH\Views\peta\publik.php on line 331.
 1 APPPATH\Views\peta\publik.php(331): CodeIgniter\Debug\Exceptions->errorHandler(2, 'Undefined variable $geojson', 'C:\\xampp\\htdocs\\tawannarkobav2\\app\\Views\\peta\\publik.php', 331)
 2 SYSTEMPATH\View\View.php(234): include('C:\\xampp\\htdocs\\tawannarkobav2\\app\\Views\\peta\\publik.php')
 3 SYSTEMPATH\View\View.php(237): CodeIgniter\View\View->CodeIgniter\View\{closure}()
 4 SYSTEMPATH\Common.php(1171): CodeIgniter\View\View->render('peta/publik', [], true)
 5 APPPATH\Controllers\PetaController.php(51): view('peta/publik', [...])
 6 SYSTEMPATH\CodeIgniter.php(933): App\Controllers\PetaController->publik()
 7 SYSTEMPATH\CodeIgniter.php(509): CodeIgniter\CodeIgniter->runController(Object(App\Controllers\PetaController))
 8 SYSTEMPATH\CodeIgniter.php(355): CodeIgniter\CodeIgniter->handleRequest(null, Object(Config\Cache), false)
 9 SYSTEMPATH\Boot.php(312): CodeIgniter\CodeIgniter->run()
10 SYSTEMPATH\Boot.php(67): CodeIgniter\Boot::runCodeIgniter(Object(CodeIgniter\CodeIgniter))
11 FCPATH\index.php(58): CodeIgniter\Boot::bootWeb(Object(Config\Paths))
CRITICAL - 2025-07-16 06:12:32 --> ErrorException: Undefined variable $geojson
[Method: GET, Route: /]
in APPPATH\Views\peta\publik.php on line 331.
 1 APPPATH\Views\peta\publik.php(331): CodeIgniter\Debug\Exceptions->errorHandler(2, 'Undefined variable $geojson', 'C:\\xampp\\htdocs\\tawannarkobav2\\app\\Views\\peta\\publik.php', 331)
 2 SYSTEMPATH\View\View.php(234): include('C:\\xampp\\htdocs\\tawannarkobav2\\app\\Views\\peta\\publik.php')
 3 SYSTEMPATH\View\View.php(237): CodeIgniter\View\View->CodeIgniter\View\{closure}()
 4 SYSTEMPATH\Common.php(1171): CodeIgniter\View\View->render('peta/publik', [], true)
 5 APPPATH\Controllers\PetaController.php(51): view('peta/publik', [...])
 6 SYSTEMPATH\CodeIgniter.php(933): App\Controllers\PetaController->publik()
 7 SYSTEMPATH\CodeIgniter.php(509): CodeIgniter\CodeIgniter->runController(Object(App\Controllers\PetaController))
 8 SYSTEMPATH\CodeIgniter.php(355): CodeIgniter\CodeIgniter->handleRequest(null, Object(Config\Cache), false)
 9 SYSTEMPATH\Boot.php(312): CodeIgniter\CodeIgniter->run()
10 SYSTEMPATH\Boot.php(67): CodeIgniter\Boot::runCodeIgniter(Object(CodeIgniter\CodeIgniter))
11 FCPATH\index.php(58): CodeIgniter\Boot::bootWeb(Object(Config\Paths))
CRITICAL - 2025-07-16 06:13:01 --> ErrorException: Undefined variable $geojson
[Method: GET, Route: /]
in APPPATH\Views\peta\publik.php on line 331.
 1 APPPATH\Views\peta\publik.php(331): CodeIgniter\Debug\Exceptions->errorHandler(2, 'Undefined variable $geojson', 'C:\\xampp\\htdocs\\tawannarkobav2\\app\\Views\\peta\\publik.php', 331)
 2 SYSTEMPATH\View\View.php(234): include('C:\\xampp\\htdocs\\tawannarkobav2\\app\\Views\\peta\\publik.php')
 3 SYSTEMPATH\View\View.php(237): CodeIgniter\View\View->CodeIgniter\View\{closure}()
 4 SYSTEMPATH\Common.php(1171): CodeIgniter\View\View->render('peta/publik', [], true)
 5 APPPATH\Controllers\PetaController.php(51): view('peta/publik', [...])
 6 SYSTEMPATH\CodeIgniter.php(933): App\Controllers\PetaController->publik()
 7 SYSTEMPATH\CodeIgniter.php(509): CodeIgniter\CodeIgniter->runController(Object(App\Controllers\PetaController))
 8 SYSTEMPATH\CodeIgniter.php(355): CodeIgniter\CodeIgniter->handleRequest(null, Object(Config\Cache), false)
 9 SYSTEMPATH\Boot.php(312): CodeIgniter\CodeIgniter->run()
10 SYSTEMPATH\Boot.php(67): CodeIgniter\Boot::runCodeIgniter(Object(CodeIgniter\CodeIgniter))
11 FCPATH\index.php(58): CodeIgniter\Boot::bootWeb(Object(Config\Paths))
CRITICAL - 2025-07-16 06:13:04 --> ErrorException: Undefined variable $geojson
[Method: GET, Route: /]
in APPPATH\Views\peta\publik.php on line 331.
 1 APPPATH\Views\peta\publik.php(331): CodeIgniter\Debug\Exceptions->errorHandler(2, 'Undefined variable $geojson', 'C:\\xampp\\htdocs\\tawannarkobav2\\app\\Views\\peta\\publik.php', 331)
 2 SYSTEMPATH\View\View.php(234): include('C:\\xampp\\htdocs\\tawannarkobav2\\app\\Views\\peta\\publik.php')
 3 SYSTEMPATH\View\View.php(237): CodeIgniter\View\View->CodeIgniter\View\{closure}()
 4 SYSTEMPATH\Common.php(1171): CodeIgniter\View\View->render('peta/publik', [], true)
 5 APPPATH\Controllers\PetaController.php(51): view('peta/publik', [...])
 6 SYSTEMPATH\CodeIgniter.php(933): App\Controllers\PetaController->publik()
 7 SYSTEMPATH\CodeIgniter.php(509): CodeIgniter\CodeIgniter->runController(Object(App\Controllers\PetaController))
 8 SYSTEMPATH\CodeIgniter.php(355): CodeIgniter\CodeIgniter->handleRequest(null, Object(Config\Cache), false)
 9 SYSTEMPATH\Boot.php(312): CodeIgniter\CodeIgniter->run()
10 SYSTEMPATH\Boot.php(67): CodeIgniter\Boot::runCodeIgniter(Object(CodeIgniter\CodeIgniter))
11 FCPATH\index.php(58): CodeIgniter\Boot::bootWeb(Object(Config\Paths))
CRITICAL - 2025-07-16 06:17:13 --> ErrorException: Undefined variable $geojson
[Method: GET, Route: /]
in APPPATH\Views\peta\publik.php on line 331.
 1 APPPATH\Views\peta\publik.php(331): CodeIgniter\Debug\Exceptions->errorHandler(2, 'Undefined variable $geojson', 'C:\\xampp\\htdocs\\tawannarkobav2\\app\\Views\\peta\\publik.php', 331)
 2 SYSTEMPATH\View\View.php(234): include('C:\\xampp\\htdocs\\tawannarkobav2\\app\\Views\\peta\\publik.php')
 3 SYSTEMPATH\View\View.php(237): CodeIgniter\View\View->CodeIgniter\View\{closure}()
 4 SYSTEMPATH\Common.php(1171): CodeIgniter\View\View->render('peta/publik', [], true)
 5 APPPATH\Controllers\PetaController.php(38): view('peta/publik', [...])
 6 SYSTEMPATH\CodeIgniter.php(933): App\Controllers\PetaController->publik()
 7 SYSTEMPATH\CodeIgniter.php(509): CodeIgniter\CodeIgniter->runController(Object(App\Controllers\PetaController))
 8 SYSTEMPATH\CodeIgniter.php(355): CodeIgniter\CodeIgniter->handleRequest(null, Object(Config\Cache), false)
 9 SYSTEMPATH\Boot.php(312): CodeIgniter\CodeIgniter->run()
10 SYSTEMPATH\Boot.php(67): CodeIgniter\Boot::runCodeIgniter(Object(CodeIgniter\CodeIgniter))
11 FCPATH\index.php(58): CodeIgniter\Boot::bootWeb(Object(Config\Paths))
CRITICAL - 2025-07-16 06:17:15 --> ErrorException: Undefined variable $geojson
[Method: GET, Route: /]
in APPPATH\Views\peta\publik.php on line 331.
 1 APPPATH\Views\peta\publik.php(331): CodeIgniter\Debug\Exceptions->errorHandler(2, 'Undefined variable $geojson', 'C:\\xampp\\htdocs\\tawannarkobav2\\app\\Views\\peta\\publik.php', 331)
 2 SYSTEMPATH\View\View.php(234): include('C:\\xampp\\htdocs\\tawannarkobav2\\app\\Views\\peta\\publik.php')
 3 SYSTEMPATH\View\View.php(237): CodeIgniter\View\View->CodeIgniter\View\{closure}()
 4 SYSTEMPATH\Common.php(1171): CodeIgniter\View\View->render('peta/publik', [], true)
 5 APPPATH\Controllers\PetaController.php(38): view('peta/publik', [...])
 6 SYSTEMPATH\CodeIgniter.php(933): App\Controllers\PetaController->publik()
 7 SYSTEMPATH\CodeIgniter.php(509): CodeIgniter\CodeIgniter->runController(Object(App\Controllers\PetaController))
 8 SYSTEMPATH\CodeIgniter.php(355): CodeIgniter\CodeIgniter->handleRequest(null, Object(Config\Cache), false)
 9 SYSTEMPATH\Boot.php(312): CodeIgniter\CodeIgniter->run()
10 SYSTEMPATH\Boot.php(67): CodeIgniter\Boot::runCodeIgniter(Object(CodeIgniter\CodeIgniter))
11 FCPATH\index.php(58): CodeIgniter\Boot::bootWeb(Object(Config\Paths))
CRITICAL - 2025-07-16 07:47:50 --> ErrorException: Trait "App\Controllers\CodeIgniter\Database\BaseBuilder" not found
[Method: GET, Route: /]
in APPPATH\Controllers\PetaController.php on line 9.
 1 [internal function]: CodeIgniter\Debug\Exceptions->shutdownHandler()
