CRITICAL - 2024-12-04 13:10:20 --> ErrorException: Attempt to read property "No" on array
[Method: GET, Route: ungkapkasus]
in APPPATH\Views\ungkapkasus\tampil.php on line 43.
 1 APPPATH\Views\ungkapkasus\tampil.php(43): CodeIgniter\Debug\Exceptions->errorHandler(2, 'Attempt to read property "No" on array', 'C:\\xampp\\htdocs\\tawannarkobav2\\app\\Views\\ungkapkasus\\tampil.php', 43)
 2 SYSTEMPATH\View\View.php(234): include('C:\\xampp\\htdocs\\tawannarkobav2\\app\\Views\\ungkapkasus\\tampil.php')
 3 SYSTEMPATH\View\View.php(237): CodeIgniter\View\View->CodeIgniter\View\{closure}()
 4 SYSTEMPATH\Common.php(1171): CodeIgniter\View\View->render('ungkapkasus/tampil', [], true)
 5 APPPATH\Controllers\Ungkapkasus.php(26): view('ungkapkasus/tampil', [...])
 6 SYSTEMPATH\CodeIgniter.php(933): App\Controllers\Ungkapkasus->tampil()
 7 SYSTEMPATH\CodeIgniter.php(509): CodeIgniter\CodeIgniter->runController(Object(App\Controllers\Ungkapkasus))
 8 SYSTEMPATH\CodeIgniter.php(355): CodeIgniter\CodeIgniter->handleRequest(null, Object(Config\Cache), false)
 9 SYSTEMPATH\Boot.php(312): CodeIgniter\CodeIgniter->run()
10 SYSTEMPATH\Boot.php(67): CodeIgniter\Boot::runCodeIgniter(Object(CodeIgniter\CodeIgniter))
11 FCPATH\index.php(56): CodeIgniter\Boot::bootWeb(Object(Config\Paths))
CRITICAL - 2024-12-04 13:11:28 --> ErrorException: Attempt to read property "IdKasus" on array
[Method: GET, Route: ungkapkasus]
in APPPATH\Views\ungkapkasus\tampil.php on line 44.
 1 APPPATH\Views\ungkapkasus\tampil.php(44): CodeIgniter\Debug\Exceptions->errorHandler(2, 'Attempt to read property "IdKasus" on array', 'C:\\xampp\\htdocs\\tawannarkobav2\\app\\Views\\ungkapkasus\\tampil.php', 44)
 2 SYSTEMPATH\View\View.php(234): include('C:\\xampp\\htdocs\\tawannarkobav2\\app\\Views\\ungkapkasus\\tampil.php')
 3 SYSTEMPATH\View\View.php(237): CodeIgniter\View\View->CodeIgniter\View\{closure}()
 4 SYSTEMPATH\Common.php(1171): CodeIgniter\View\View->render('ungkapkasus/tampil', [], true)
 5 APPPATH\Controllers\Ungkapkasus.php(26): view('ungkapkasus/tampil', [...])
 6 SYSTEMPATH\CodeIgniter.php(933): App\Controllers\Ungkapkasus->tampil()
 7 SYSTEMPATH\CodeIgniter.php(509): CodeIgniter\CodeIgniter->runController(Object(App\Controllers\Ungkapkasus))
 8 SYSTEMPATH\CodeIgniter.php(355): CodeIgniter\CodeIgniter->handleRequest(null, Object(Config\Cache), false)
 9 SYSTEMPATH\Boot.php(312): CodeIgniter\CodeIgniter->run()
10 SYSTEMPATH\Boot.php(67): CodeIgniter\Boot::runCodeIgniter(Object(CodeIgniter\CodeIgniter))
11 FCPATH\index.php(56): CodeIgniter\Boot::bootWeb(Object(Config\Paths))
CRITICAL - 2024-12-04 13:11:29 --> ErrorException: Attempt to read property "IdKasus" on array
[Method: GET, Route: ungkapkasus]
in APPPATH\Views\ungkapkasus\tampil.php on line 44.
 1 APPPATH\Views\ungkapkasus\tampil.php(44): CodeIgniter\Debug\Exceptions->errorHandler(2, 'Attempt to read property "IdKasus" on array', 'C:\\xampp\\htdocs\\tawannarkobav2\\app\\Views\\ungkapkasus\\tampil.php', 44)
 2 SYSTEMPATH\View\View.php(234): include('C:\\xampp\\htdocs\\tawannarkobav2\\app\\Views\\ungkapkasus\\tampil.php')
 3 SYSTEMPATH\View\View.php(237): CodeIgniter\View\View->CodeIgniter\View\{closure}()
 4 SYSTEMPATH\Common.php(1171): CodeIgniter\View\View->render('ungkapkasus/tampil', [], true)
 5 APPPATH\Controllers\Ungkapkasus.php(26): view('ungkapkasus/tampil', [...])
 6 SYSTEMPATH\CodeIgniter.php(933): App\Controllers\Ungkapkasus->tampil()
 7 SYSTEMPATH\CodeIgniter.php(509): CodeIgniter\CodeIgniter->runController(Object(App\Controllers\Ungkapkasus))
 8 SYSTEMPATH\CodeIgniter.php(355): CodeIgniter\CodeIgniter->handleRequest(null, Object(Config\Cache), false)
 9 SYSTEMPATH\Boot.php(312): CodeIgniter\CodeIgniter->run()
10 SYSTEMPATH\Boot.php(67): CodeIgniter\Boot::runCodeIgniter(Object(CodeIgniter\CodeIgniter))
11 FCPATH\index.php(56): CodeIgniter\Boot::bootWeb(Object(Config\Paths))
CRITICAL - 2024-12-04 13:11:30 --> ErrorException: Attempt to read property "IdKasus" on array
[Method: GET, Route: ungkapkasus]
in APPPATH\Views\ungkapkasus\tampil.php on line 44.
 1 APPPATH\Views\ungkapkasus\tampil.php(44): CodeIgniter\Debug\Exceptions->errorHandler(2, 'Attempt to read property "IdKasus" on array', 'C:\\xampp\\htdocs\\tawannarkobav2\\app\\Views\\ungkapkasus\\tampil.php', 44)
 2 SYSTEMPATH\View\View.php(234): include('C:\\xampp\\htdocs\\tawannarkobav2\\app\\Views\\ungkapkasus\\tampil.php')
 3 SYSTEMPATH\View\View.php(237): CodeIgniter\View\View->CodeIgniter\View\{closure}()
 4 SYSTEMPATH\Common.php(1171): CodeIgniter\View\View->render('ungkapkasus/tampil', [], true)
 5 APPPATH\Controllers\Ungkapkasus.php(26): view('ungkapkasus/tampil', [...])
 6 SYSTEMPATH\CodeIgniter.php(933): App\Controllers\Ungkapkasus->tampil()
 7 SYSTEMPATH\CodeIgniter.php(509): CodeIgniter\CodeIgniter->runController(Object(App\Controllers\Ungkapkasus))
 8 SYSTEMPATH\CodeIgniter.php(355): CodeIgniter\CodeIgniter->handleRequest(null, Object(Config\Cache), false)
 9 SYSTEMPATH\Boot.php(312): CodeIgniter\CodeIgniter->run()
10 SYSTEMPATH\Boot.php(67): CodeIgniter\Boot::runCodeIgniter(Object(CodeIgniter\CodeIgniter))
11 FCPATH\index.php(56): CodeIgniter\Boot::bootWeb(Object(Config\Paths))
CRITICAL - 2024-12-04 13:11:30 --> ErrorException: Attempt to read property "IdKasus" on array
[Method: GET, Route: ungkapkasus]
in APPPATH\Views\ungkapkasus\tampil.php on line 44.
 1 APPPATH\Views\ungkapkasus\tampil.php(44): CodeIgniter\Debug\Exceptions->errorHandler(2, 'Attempt to read property "IdKasus" on array', 'C:\\xampp\\htdocs\\tawannarkobav2\\app\\Views\\ungkapkasus\\tampil.php', 44)
 2 SYSTEMPATH\View\View.php(234): include('C:\\xampp\\htdocs\\tawannarkobav2\\app\\Views\\ungkapkasus\\tampil.php')
 3 SYSTEMPATH\View\View.php(237): CodeIgniter\View\View->CodeIgniter\View\{closure}()
 4 SYSTEMPATH\Common.php(1171): CodeIgniter\View\View->render('ungkapkasus/tampil', [], true)
 5 APPPATH\Controllers\Ungkapkasus.php(26): view('ungkapkasus/tampil', [...])
 6 SYSTEMPATH\CodeIgniter.php(933): App\Controllers\Ungkapkasus->tampil()
 7 SYSTEMPATH\CodeIgniter.php(509): CodeIgniter\CodeIgniter->runController(Object(App\Controllers\Ungkapkasus))
 8 SYSTEMPATH\CodeIgniter.php(355): CodeIgniter\CodeIgniter->handleRequest(null, Object(Config\Cache), false)
 9 SYSTEMPATH\Boot.php(312): CodeIgniter\CodeIgniter->run()
10 SYSTEMPATH\Boot.php(67): CodeIgniter\Boot::runCodeIgniter(Object(CodeIgniter\CodeIgniter))
11 FCPATH\index.php(56): CodeIgniter\Boot::bootWeb(Object(Config\Paths))
CRITICAL - 2024-12-04 13:11:30 --> ErrorException: Attempt to read property "IdKasus" on array
[Method: GET, Route: ungkapkasus]
in APPPATH\Views\ungkapkasus\tampil.php on line 44.
 1 APPPATH\Views\ungkapkasus\tampil.php(44): CodeIgniter\Debug\Exceptions->errorHandler(2, 'Attempt to read property "IdKasus" on array', 'C:\\xampp\\htdocs\\tawannarkobav2\\app\\Views\\ungkapkasus\\tampil.php', 44)
 2 SYSTEMPATH\View\View.php(234): include('C:\\xampp\\htdocs\\tawannarkobav2\\app\\Views\\ungkapkasus\\tampil.php')
 3 SYSTEMPATH\View\View.php(237): CodeIgniter\View\View->CodeIgniter\View\{closure}()
 4 SYSTEMPATH\Common.php(1171): CodeIgniter\View\View->render('ungkapkasus/tampil', [], true)
 5 APPPATH\Controllers\Ungkapkasus.php(26): view('ungkapkasus/tampil', [...])
 6 SYSTEMPATH\CodeIgniter.php(933): App\Controllers\Ungkapkasus->tampil()
 7 SYSTEMPATH\CodeIgniter.php(509): CodeIgniter\CodeIgniter->runController(Object(App\Controllers\Ungkapkasus))
 8 SYSTEMPATH\CodeIgniter.php(355): CodeIgniter\CodeIgniter->handleRequest(null, Object(Config\Cache), false)
 9 SYSTEMPATH\Boot.php(312): CodeIgniter\CodeIgniter->run()
10 SYSTEMPATH\Boot.php(67): CodeIgniter\Boot::runCodeIgniter(Object(CodeIgniter\CodeIgniter))
11 FCPATH\index.php(56): CodeIgniter\Boot::bootWeb(Object(Config\Paths))
CRITICAL - 2024-12-04 13:11:32 --> ErrorException: Attempt to read property "IdKasus" on array
[Method: GET, Route: ungkapkasus]
in APPPATH\Views\ungkapkasus\tampil.php on line 44.
 1 APPPATH\Views\ungkapkasus\tampil.php(44): CodeIgniter\Debug\Exceptions->errorHandler(2, 'Attempt to read property "IdKasus" on array', 'C:\\xampp\\htdocs\\tawannarkobav2\\app\\Views\\ungkapkasus\\tampil.php', 44)
 2 SYSTEMPATH\View\View.php(234): include('C:\\xampp\\htdocs\\tawannarkobav2\\app\\Views\\ungkapkasus\\tampil.php')
 3 SYSTEMPATH\View\View.php(237): CodeIgniter\View\View->CodeIgniter\View\{closure}()
 4 SYSTEMPATH\Common.php(1171): CodeIgniter\View\View->render('ungkapkasus/tampil', [], true)
 5 APPPATH\Controllers\Ungkapkasus.php(26): view('ungkapkasus/tampil', [...])
 6 SYSTEMPATH\CodeIgniter.php(933): App\Controllers\Ungkapkasus->tampil()
 7 SYSTEMPATH\CodeIgniter.php(509): CodeIgniter\CodeIgniter->runController(Object(App\Controllers\Ungkapkasus))
 8 SYSTEMPATH\CodeIgniter.php(355): CodeIgniter\CodeIgniter->handleRequest(null, Object(Config\Cache), false)
 9 SYSTEMPATH\Boot.php(312): CodeIgniter\CodeIgniter->run()
10 SYSTEMPATH\Boot.php(67): CodeIgniter\Boot::runCodeIgniter(Object(CodeIgniter\CodeIgniter))
11 FCPATH\index.php(56): CodeIgniter\Boot::bootWeb(Object(Config\Paths))
CRITICAL - 2024-12-04 13:11:33 --> ErrorException: Attempt to read property "IdKasus" on array
[Method: GET, Route: ungkapkasus]
in APPPATH\Views\ungkapkasus\tampil.php on line 44.
 1 APPPATH\Views\ungkapkasus\tampil.php(44): CodeIgniter\Debug\Exceptions->errorHandler(2, 'Attempt to read property "IdKasus" on array', 'C:\\xampp\\htdocs\\tawannarkobav2\\app\\Views\\ungkapkasus\\tampil.php', 44)
 2 SYSTEMPATH\View\View.php(234): include('C:\\xampp\\htdocs\\tawannarkobav2\\app\\Views\\ungkapkasus\\tampil.php')
 3 SYSTEMPATH\View\View.php(237): CodeIgniter\View\View->CodeIgniter\View\{closure}()
 4 SYSTEMPATH\Common.php(1171): CodeIgniter\View\View->render('ungkapkasus/tampil', [], true)
 5 APPPATH\Controllers\Ungkapkasus.php(26): view('ungkapkasus/tampil', [...])
 6 SYSTEMPATH\CodeIgniter.php(933): App\Controllers\Ungkapkasus->tampil()
 7 SYSTEMPATH\CodeIgniter.php(509): CodeIgniter\CodeIgniter->runController(Object(App\Controllers\Ungkapkasus))
 8 SYSTEMPATH\CodeIgniter.php(355): CodeIgniter\CodeIgniter->handleRequest(null, Object(Config\Cache), false)
 9 SYSTEMPATH\Boot.php(312): CodeIgniter\CodeIgniter->run()
10 SYSTEMPATH\Boot.php(67): CodeIgniter\Boot::runCodeIgniter(Object(CodeIgniter\CodeIgniter))
11 FCPATH\index.php(56): CodeIgniter\Boot::bootWeb(Object(Config\Paths))
CRITICAL - 2024-12-04 13:12:18 --> ErrorException: Attempt to read property "IdKasus" on array
[Method: GET, Route: ungkapkasus]
in APPPATH\Views\ungkapkasus\tampil.php on line 44.
 1 APPPATH\Views\ungkapkasus\tampil.php(44): CodeIgniter\Debug\Exceptions->errorHandler(2, 'Attempt to read property "IdKasus" on array', 'C:\\xampp\\htdocs\\tawannarkobav2\\app\\Views\\ungkapkasus\\tampil.php', 44)
 2 SYSTEMPATH\View\View.php(234): include('C:\\xampp\\htdocs\\tawannarkobav2\\app\\Views\\ungkapkasus\\tampil.php')
 3 SYSTEMPATH\View\View.php(237): CodeIgniter\View\View->CodeIgniter\View\{closure}()
 4 SYSTEMPATH\Common.php(1171): CodeIgniter\View\View->render('ungkapkasus/tampil', [], true)
 5 APPPATH\Controllers\Ungkapkasus.php(26): view('ungkapkasus/tampil', [...])
 6 SYSTEMPATH\CodeIgniter.php(933): App\Controllers\Ungkapkasus->tampil()
 7 SYSTEMPATH\CodeIgniter.php(509): CodeIgniter\CodeIgniter->runController(Object(App\Controllers\Ungkapkasus))
 8 SYSTEMPATH\CodeIgniter.php(355): CodeIgniter\CodeIgniter->handleRequest(null, Object(Config\Cache), false)
 9 SYSTEMPATH\Boot.php(312): CodeIgniter\CodeIgniter->run()
10 SYSTEMPATH\Boot.php(67): CodeIgniter\Boot::runCodeIgniter(Object(CodeIgniter\CodeIgniter))
11 FCPATH\index.php(56): CodeIgniter\Boot::bootWeb(Object(Config\Paths))
CRITICAL - 2024-12-04 13:12:19 --> ErrorException: Attempt to read property "IdKasus" on array
[Method: GET, Route: ungkapkasus]
in APPPATH\Views\ungkapkasus\tampil.php on line 44.
 1 APPPATH\Views\ungkapkasus\tampil.php(44): CodeIgniter\Debug\Exceptions->errorHandler(2, 'Attempt to read property "IdKasus" on array', 'C:\\xampp\\htdocs\\tawannarkobav2\\app\\Views\\ungkapkasus\\tampil.php', 44)
 2 SYSTEMPATH\View\View.php(234): include('C:\\xampp\\htdocs\\tawannarkobav2\\app\\Views\\ungkapkasus\\tampil.php')
 3 SYSTEMPATH\View\View.php(237): CodeIgniter\View\View->CodeIgniter\View\{closure}()
 4 SYSTEMPATH\Common.php(1171): CodeIgniter\View\View->render('ungkapkasus/tampil', [], true)
 5 APPPATH\Controllers\Ungkapkasus.php(26): view('ungkapkasus/tampil', [...])
 6 SYSTEMPATH\CodeIgniter.php(933): App\Controllers\Ungkapkasus->tampil()
 7 SYSTEMPATH\CodeIgniter.php(509): CodeIgniter\CodeIgniter->runController(Object(App\Controllers\Ungkapkasus))
 8 SYSTEMPATH\CodeIgniter.php(355): CodeIgniter\CodeIgniter->handleRequest(null, Object(Config\Cache), false)
 9 SYSTEMPATH\Boot.php(312): CodeIgniter\CodeIgniter->run()
10 SYSTEMPATH\Boot.php(67): CodeIgniter\Boot::runCodeIgniter(Object(CodeIgniter\CodeIgniter))
11 FCPATH\index.php(56): CodeIgniter\Boot::bootWeb(Object(Config\Paths))
CRITICAL - 2024-12-04 13:12:20 --> ErrorException: Attempt to read property "IdKasus" on array
[Method: GET, Route: ungkapkasus]
in APPPATH\Views\ungkapkasus\tampil.php on line 44.
 1 APPPATH\Views\ungkapkasus\tampil.php(44): CodeIgniter\Debug\Exceptions->errorHandler(2, 'Attempt to read property "IdKasus" on array', 'C:\\xampp\\htdocs\\tawannarkobav2\\app\\Views\\ungkapkasus\\tampil.php', 44)
 2 SYSTEMPATH\View\View.php(234): include('C:\\xampp\\htdocs\\tawannarkobav2\\app\\Views\\ungkapkasus\\tampil.php')
 3 SYSTEMPATH\View\View.php(237): CodeIgniter\View\View->CodeIgniter\View\{closure}()
 4 SYSTEMPATH\Common.php(1171): CodeIgniter\View\View->render('ungkapkasus/tampil', [], true)
 5 APPPATH\Controllers\Ungkapkasus.php(26): view('ungkapkasus/tampil', [...])
 6 SYSTEMPATH\CodeIgniter.php(933): App\Controllers\Ungkapkasus->tampil()
 7 SYSTEMPATH\CodeIgniter.php(509): CodeIgniter\CodeIgniter->runController(Object(App\Controllers\Ungkapkasus))
 8 SYSTEMPATH\CodeIgniter.php(355): CodeIgniter\CodeIgniter->handleRequest(null, Object(Config\Cache), false)
 9 SYSTEMPATH\Boot.php(312): CodeIgniter\CodeIgniter->run()
10 SYSTEMPATH\Boot.php(67): CodeIgniter\Boot::runCodeIgniter(Object(CodeIgniter\CodeIgniter))
11 FCPATH\index.php(56): CodeIgniter\Boot::bootWeb(Object(Config\Paths))
CRITICAL - 2024-12-04 13:12:20 --> ErrorException: Attempt to read property "IdKasus" on array
[Method: GET, Route: ungkapkasus]
in APPPATH\Views\ungkapkasus\tampil.php on line 44.
 1 APPPATH\Views\ungkapkasus\tampil.php(44): CodeIgniter\Debug\Exceptions->errorHandler(2, 'Attempt to read property "IdKasus" on array', 'C:\\xampp\\htdocs\\tawannarkobav2\\app\\Views\\ungkapkasus\\tampil.php', 44)
 2 SYSTEMPATH\View\View.php(234): include('C:\\xampp\\htdocs\\tawannarkobav2\\app\\Views\\ungkapkasus\\tampil.php')
 3 SYSTEMPATH\View\View.php(237): CodeIgniter\View\View->CodeIgniter\View\{closure}()
 4 SYSTEMPATH\Common.php(1171): CodeIgniter\View\View->render('ungkapkasus/tampil', [], true)
 5 APPPATH\Controllers\Ungkapkasus.php(26): view('ungkapkasus/tampil', [...])
 6 SYSTEMPATH\CodeIgniter.php(933): App\Controllers\Ungkapkasus->tampil()
 7 SYSTEMPATH\CodeIgniter.php(509): CodeIgniter\CodeIgniter->runController(Object(App\Controllers\Ungkapkasus))
 8 SYSTEMPATH\CodeIgniter.php(355): CodeIgniter\CodeIgniter->handleRequest(null, Object(Config\Cache), false)
 9 SYSTEMPATH\Boot.php(312): CodeIgniter\CodeIgniter->run()
10 SYSTEMPATH\Boot.php(67): CodeIgniter\Boot::runCodeIgniter(Object(CodeIgniter\CodeIgniter))
11 FCPATH\index.php(56): CodeIgniter\Boot::bootWeb(Object(Config\Paths))
CRITICAL - 2024-12-04 13:12:21 --> ErrorException: Attempt to read property "IdKasus" on array
[Method: GET, Route: ungkapkasus]
in APPPATH\Views\ungkapkasus\tampil.php on line 44.
 1 APPPATH\Views\ungkapkasus\tampil.php(44): CodeIgniter\Debug\Exceptions->errorHandler(2, 'Attempt to read property "IdKasus" on array', 'C:\\xampp\\htdocs\\tawannarkobav2\\app\\Views\\ungkapkasus\\tampil.php', 44)
 2 SYSTEMPATH\View\View.php(234): include('C:\\xampp\\htdocs\\tawannarkobav2\\app\\Views\\ungkapkasus\\tampil.php')
 3 SYSTEMPATH\View\View.php(237): CodeIgniter\View\View->CodeIgniter\View\{closure}()
 4 SYSTEMPATH\Common.php(1171): CodeIgniter\View\View->render('ungkapkasus/tampil', [], true)
 5 APPPATH\Controllers\Ungkapkasus.php(26): view('ungkapkasus/tampil', [...])
 6 SYSTEMPATH\CodeIgniter.php(933): App\Controllers\Ungkapkasus->tampil()
 7 SYSTEMPATH\CodeIgniter.php(509): CodeIgniter\CodeIgniter->runController(Object(App\Controllers\Ungkapkasus))
 8 SYSTEMPATH\CodeIgniter.php(355): CodeIgniter\CodeIgniter->handleRequest(null, Object(Config\Cache), false)
 9 SYSTEMPATH\Boot.php(312): CodeIgniter\CodeIgniter->run()
10 SYSTEMPATH\Boot.php(67): CodeIgniter\Boot::runCodeIgniter(Object(CodeIgniter\CodeIgniter))
11 FCPATH\index.php(56): CodeIgniter\Boot::bootWeb(Object(Config\Paths))
CRITICAL - 2024-12-04 13:12:23 --> ErrorException: Attempt to read property "IdKasus" on array
[Method: GET, Route: ungkapkasus]
in APPPATH\Views\ungkapkasus\tampil.php on line 44.
 1 APPPATH\Views\ungkapkasus\tampil.php(44): CodeIgniter\Debug\Exceptions->errorHandler(2, 'Attempt to read property "IdKasus" on array', 'C:\\xampp\\htdocs\\tawannarkobav2\\app\\Views\\ungkapkasus\\tampil.php', 44)
 2 SYSTEMPATH\View\View.php(234): include('C:\\xampp\\htdocs\\tawannarkobav2\\app\\Views\\ungkapkasus\\tampil.php')
 3 SYSTEMPATH\View\View.php(237): CodeIgniter\View\View->CodeIgniter\View\{closure}()
 4 SYSTEMPATH\Common.php(1171): CodeIgniter\View\View->render('ungkapkasus/tampil', [], true)
 5 APPPATH\Controllers\Ungkapkasus.php(26): view('ungkapkasus/tampil', [...])
 6 SYSTEMPATH\CodeIgniter.php(933): App\Controllers\Ungkapkasus->tampil()
 7 SYSTEMPATH\CodeIgniter.php(509): CodeIgniter\CodeIgniter->runController(Object(App\Controllers\Ungkapkasus))
 8 SYSTEMPATH\CodeIgniter.php(355): CodeIgniter\CodeIgniter->handleRequest(null, Object(Config\Cache), false)
 9 SYSTEMPATH\Boot.php(312): CodeIgniter\CodeIgniter->run()
10 SYSTEMPATH\Boot.php(67): CodeIgniter\Boot::runCodeIgniter(Object(CodeIgniter\CodeIgniter))
11 FCPATH\index.php(56): CodeIgniter\Boot::bootWeb(Object(Config\Paths))
CRITICAL - 2024-12-04 13:12:23 --> ErrorException: Attempt to read property "IdKasus" on array
[Method: GET, Route: ungkapkasus]
in APPPATH\Views\ungkapkasus\tampil.php on line 44.
 1 APPPATH\Views\ungkapkasus\tampil.php(44): CodeIgniter\Debug\Exceptions->errorHandler(2, 'Attempt to read property "IdKasus" on array', 'C:\\xampp\\htdocs\\tawannarkobav2\\app\\Views\\ungkapkasus\\tampil.php', 44)
 2 SYSTEMPATH\View\View.php(234): include('C:\\xampp\\htdocs\\tawannarkobav2\\app\\Views\\ungkapkasus\\tampil.php')
 3 SYSTEMPATH\View\View.php(237): CodeIgniter\View\View->CodeIgniter\View\{closure}()
 4 SYSTEMPATH\Common.php(1171): CodeIgniter\View\View->render('ungkapkasus/tampil', [], true)
 5 APPPATH\Controllers\Ungkapkasus.php(26): view('ungkapkasus/tampil', [...])
 6 SYSTEMPATH\CodeIgniter.php(933): App\Controllers\Ungkapkasus->tampil()
 7 SYSTEMPATH\CodeIgniter.php(509): CodeIgniter\CodeIgniter->runController(Object(App\Controllers\Ungkapkasus))
 8 SYSTEMPATH\CodeIgniter.php(355): CodeIgniter\CodeIgniter->handleRequest(null, Object(Config\Cache), false)
 9 SYSTEMPATH\Boot.php(312): CodeIgniter\CodeIgniter->run()
10 SYSTEMPATH\Boot.php(67): CodeIgniter\Boot::runCodeIgniter(Object(CodeIgniter\CodeIgniter))
11 FCPATH\index.php(56): CodeIgniter\Boot::bootWeb(Object(Config\Paths))
CRITICAL - 2024-12-04 13:12:23 --> ErrorException: Attempt to read property "IdKasus" on array
[Method: GET, Route: ungkapkasus]
in APPPATH\Views\ungkapkasus\tampil.php on line 44.
 1 APPPATH\Views\ungkapkasus\tampil.php(44): CodeIgniter\Debug\Exceptions->errorHandler(2, 'Attempt to read property "IdKasus" on array', 'C:\\xampp\\htdocs\\tawannarkobav2\\app\\Views\\ungkapkasus\\tampil.php', 44)
 2 SYSTEMPATH\View\View.php(234): include('C:\\xampp\\htdocs\\tawannarkobav2\\app\\Views\\ungkapkasus\\tampil.php')
 3 SYSTEMPATH\View\View.php(237): CodeIgniter\View\View->CodeIgniter\View\{closure}()
 4 SYSTEMPATH\Common.php(1171): CodeIgniter\View\View->render('ungkapkasus/tampil', [], true)
 5 APPPATH\Controllers\Ungkapkasus.php(26): view('ungkapkasus/tampil', [...])
 6 SYSTEMPATH\CodeIgniter.php(933): App\Controllers\Ungkapkasus->tampil()
 7 SYSTEMPATH\CodeIgniter.php(509): CodeIgniter\CodeIgniter->runController(Object(App\Controllers\Ungkapkasus))
 8 SYSTEMPATH\CodeIgniter.php(355): CodeIgniter\CodeIgniter->handleRequest(null, Object(Config\Cache), false)
 9 SYSTEMPATH\Boot.php(312): CodeIgniter\CodeIgniter->run()
10 SYSTEMPATH\Boot.php(67): CodeIgniter\Boot::runCodeIgniter(Object(CodeIgniter\CodeIgniter))
11 FCPATH\index.php(56): CodeIgniter\Boot::bootWeb(Object(Config\Paths))
CRITICAL - 2024-12-04 13:13:30 --> ErrorException: Attempt to read property "Id_Kasus" on array
[Method: GET, Route: ungkapkasus]
in APPPATH\Views\ungkapkasus\tampil.php on line 44.
 1 APPPATH\Views\ungkapkasus\tampil.php(44): CodeIgniter\Debug\Exceptions->errorHandler(2, 'Attempt to read property "Id_Kasus" on array', 'C:\\xampp\\htdocs\\tawannarkobav2\\app\\Views\\ungkapkasus\\tampil.php', 44)
 2 SYSTEMPATH\View\View.php(234): include('C:\\xampp\\htdocs\\tawannarkobav2\\app\\Views\\ungkapkasus\\tampil.php')
 3 SYSTEMPATH\View\View.php(237): CodeIgniter\View\View->CodeIgniter\View\{closure}()
 4 SYSTEMPATH\Common.php(1171): CodeIgniter\View\View->render('ungkapkasus/tampil', [], true)
 5 APPPATH\Controllers\Ungkapkasus.php(26): view('ungkapkasus/tampil', [...])
 6 SYSTEMPATH\CodeIgniter.php(933): App\Controllers\Ungkapkasus->tampil()
 7 SYSTEMPATH\CodeIgniter.php(509): CodeIgniter\CodeIgniter->runController(Object(App\Controllers\Ungkapkasus))
 8 SYSTEMPATH\CodeIgniter.php(355): CodeIgniter\CodeIgniter->handleRequest(null, Object(Config\Cache), false)
 9 SYSTEMPATH\Boot.php(312): CodeIgniter\CodeIgniter->run()
10 SYSTEMPATH\Boot.php(67): CodeIgniter\Boot::runCodeIgniter(Object(CodeIgniter\CodeIgniter))
11 FCPATH\index.php(56): CodeIgniter\Boot::bootWeb(Object(Config\Paths))
CRITICAL - 2024-12-04 13:13:31 --> ErrorException: Attempt to read property "Id_Kasus" on array
[Method: GET, Route: ungkapkasus]
in APPPATH\Views\ungkapkasus\tampil.php on line 44.
 1 APPPATH\Views\ungkapkasus\tampil.php(44): CodeIgniter\Debug\Exceptions->errorHandler(2, 'Attempt to read property "Id_Kasus" on array', 'C:\\xampp\\htdocs\\tawannarkobav2\\app\\Views\\ungkapkasus\\tampil.php', 44)
 2 SYSTEMPATH\View\View.php(234): include('C:\\xampp\\htdocs\\tawannarkobav2\\app\\Views\\ungkapkasus\\tampil.php')
 3 SYSTEMPATH\View\View.php(237): CodeIgniter\View\View->CodeIgniter\View\{closure}()
 4 SYSTEMPATH\Common.php(1171): CodeIgniter\View\View->render('ungkapkasus/tampil', [], true)
 5 APPPATH\Controllers\Ungkapkasus.php(26): view('ungkapkasus/tampil', [...])
 6 SYSTEMPATH\CodeIgniter.php(933): App\Controllers\Ungkapkasus->tampil()
 7 SYSTEMPATH\CodeIgniter.php(509): CodeIgniter\CodeIgniter->runController(Object(App\Controllers\Ungkapkasus))
 8 SYSTEMPATH\CodeIgniter.php(355): CodeIgniter\CodeIgniter->handleRequest(null, Object(Config\Cache), false)
 9 SYSTEMPATH\Boot.php(312): CodeIgniter\CodeIgniter->run()
10 SYSTEMPATH\Boot.php(67): CodeIgniter\Boot::runCodeIgniter(Object(CodeIgniter\CodeIgniter))
11 FCPATH\index.php(56): CodeIgniter\Boot::bootWeb(Object(Config\Paths))
CRITICAL - 2024-12-04 13:14:06 --> ErrorException: Attempt to read property "Idkasus" on array
[Method: GET, Route: ungkapkasus]
in APPPATH\Views\ungkapkasus\tampil.php on line 44.
 1 APPPATH\Views\ungkapkasus\tampil.php(44): CodeIgniter\Debug\Exceptions->errorHandler(2, 'Attempt to read property "Idkasus" on array', 'C:\\xampp\\htdocs\\tawannarkobav2\\app\\Views\\ungkapkasus\\tampil.php', 44)
 2 SYSTEMPATH\View\View.php(234): include('C:\\xampp\\htdocs\\tawannarkobav2\\app\\Views\\ungkapkasus\\tampil.php')
 3 SYSTEMPATH\View\View.php(237): CodeIgniter\View\View->CodeIgniter\View\{closure}()
 4 SYSTEMPATH\Common.php(1171): CodeIgniter\View\View->render('ungkapkasus/tampil', [], true)
 5 APPPATH\Controllers\Ungkapkasus.php(26): view('ungkapkasus/tampil', [...])
 6 SYSTEMPATH\CodeIgniter.php(933): App\Controllers\Ungkapkasus->tampil()
 7 SYSTEMPATH\CodeIgniter.php(509): CodeIgniter\CodeIgniter->runController(Object(App\Controllers\Ungkapkasus))
 8 SYSTEMPATH\CodeIgniter.php(355): CodeIgniter\CodeIgniter->handleRequest(null, Object(Config\Cache), false)
 9 SYSTEMPATH\Boot.php(312): CodeIgniter\CodeIgniter->run()
10 SYSTEMPATH\Boot.php(67): CodeIgniter\Boot::runCodeIgniter(Object(CodeIgniter\CodeIgniter))
11 FCPATH\index.php(56): CodeIgniter\Boot::bootWeb(Object(Config\Paths))
CRITICAL - 2024-12-04 13:18:35 --> ErrorException: Undefined array key "Idkasus"
[Method: GET, Route: ungkapkasus]
in APPPATH\Views\ungkapkasus\tampil.php on line 43.
 1 APPPATH\Views\ungkapkasus\tampil.php(43): CodeIgniter\Debug\Exceptions->errorHandler(2, 'Undefined array key "Idkasus"', 'C:\\xampp\\htdocs\\tawannarkobav2\\app\\Views\\ungkapkasus\\tampil.php', 43)
 2 SYSTEMPATH\View\View.php(234): include('C:\\xampp\\htdocs\\tawannarkobav2\\app\\Views\\ungkapkasus\\tampil.php')
 3 SYSTEMPATH\View\View.php(237): CodeIgniter\View\View->CodeIgniter\View\{closure}()
 4 SYSTEMPATH\Common.php(1171): CodeIgniter\View\View->render('ungkapkasus/tampil', [], true)
 5 APPPATH\Controllers\Ungkapkasus.php(26): view('ungkapkasus/tampil', [...])
 6 SYSTEMPATH\CodeIgniter.php(933): App\Controllers\Ungkapkasus->tampil()
 7 SYSTEMPATH\CodeIgniter.php(509): CodeIgniter\CodeIgniter->runController(Object(App\Controllers\Ungkapkasus))
 8 SYSTEMPATH\CodeIgniter.php(355): CodeIgniter\CodeIgniter->handleRequest(null, Object(Config\Cache), false)
 9 SYSTEMPATH\Boot.php(312): CodeIgniter\CodeIgniter->run()
10 SYSTEMPATH\Boot.php(67): CodeIgniter\Boot::runCodeIgniter(Object(CodeIgniter\CodeIgniter))
11 FCPATH\index.php(56): CodeIgniter\Boot::bootWeb(Object(Config\Paths))
CRITICAL - 2024-12-04 13:18:36 --> ErrorException: Undefined array key "Idkasus"
[Method: GET, Route: ungkapkasus]
in APPPATH\Views\ungkapkasus\tampil.php on line 43.
 1 APPPATH\Views\ungkapkasus\tampil.php(43): CodeIgniter\Debug\Exceptions->errorHandler(2, 'Undefined array key "Idkasus"', 'C:\\xampp\\htdocs\\tawannarkobav2\\app\\Views\\ungkapkasus\\tampil.php', 43)
 2 SYSTEMPATH\View\View.php(234): include('C:\\xampp\\htdocs\\tawannarkobav2\\app\\Views\\ungkapkasus\\tampil.php')
 3 SYSTEMPATH\View\View.php(237): CodeIgniter\View\View->CodeIgniter\View\{closure}()
 4 SYSTEMPATH\Common.php(1171): CodeIgniter\View\View->render('ungkapkasus/tampil', [], true)
 5 APPPATH\Controllers\Ungkapkasus.php(26): view('ungkapkasus/tampil', [...])
 6 SYSTEMPATH\CodeIgniter.php(933): App\Controllers\Ungkapkasus->tampil()
 7 SYSTEMPATH\CodeIgniter.php(509): CodeIgniter\CodeIgniter->runController(Object(App\Controllers\Ungkapkasus))
 8 SYSTEMPATH\CodeIgniter.php(355): CodeIgniter\CodeIgniter->handleRequest(null, Object(Config\Cache), false)
 9 SYSTEMPATH\Boot.php(312): CodeIgniter\CodeIgniter->run()
10 SYSTEMPATH\Boot.php(67): CodeIgniter\Boot::runCodeIgniter(Object(CodeIgniter\CodeIgniter))
11 FCPATH\index.php(56): CodeIgniter\Boot::bootWeb(Object(Config\Paths))
CRITICAL - 2024-12-04 13:18:37 --> ErrorException: Undefined array key "Idkasus"
[Method: GET, Route: ungkapkasus]
in APPPATH\Views\ungkapkasus\tampil.php on line 43.
 1 APPPATH\Views\ungkapkasus\tampil.php(43): CodeIgniter\Debug\Exceptions->errorHandler(2, 'Undefined array key "Idkasus"', 'C:\\xampp\\htdocs\\tawannarkobav2\\app\\Views\\ungkapkasus\\tampil.php', 43)
 2 SYSTEMPATH\View\View.php(234): include('C:\\xampp\\htdocs\\tawannarkobav2\\app\\Views\\ungkapkasus\\tampil.php')
 3 SYSTEMPATH\View\View.php(237): CodeIgniter\View\View->CodeIgniter\View\{closure}()
 4 SYSTEMPATH\Common.php(1171): CodeIgniter\View\View->render('ungkapkasus/tampil', [], true)
 5 APPPATH\Controllers\Ungkapkasus.php(26): view('ungkapkasus/tampil', [...])
 6 SYSTEMPATH\CodeIgniter.php(933): App\Controllers\Ungkapkasus->tampil()
 7 SYSTEMPATH\CodeIgniter.php(509): CodeIgniter\CodeIgniter->runController(Object(App\Controllers\Ungkapkasus))
 8 SYSTEMPATH\CodeIgniter.php(355): CodeIgniter\CodeIgniter->handleRequest(null, Object(Config\Cache), false)
 9 SYSTEMPATH\Boot.php(312): CodeIgniter\CodeIgniter->run()
10 SYSTEMPATH\Boot.php(67): CodeIgniter\Boot::runCodeIgniter(Object(CodeIgniter\CodeIgniter))
11 FCPATH\index.php(56): CodeIgniter\Boot::bootWeb(Object(Config\Paths))
CRITICAL - 2024-12-04 13:18:38 --> ErrorException: Undefined array key "Idkasus"
[Method: GET, Route: ungkapkasus]
in APPPATH\Views\ungkapkasus\tampil.php on line 43.
 1 APPPATH\Views\ungkapkasus\tampil.php(43): CodeIgniter\Debug\Exceptions->errorHandler(2, 'Undefined array key "Idkasus"', 'C:\\xampp\\htdocs\\tawannarkobav2\\app\\Views\\ungkapkasus\\tampil.php', 43)
 2 SYSTEMPATH\View\View.php(234): include('C:\\xampp\\htdocs\\tawannarkobav2\\app\\Views\\ungkapkasus\\tampil.php')
 3 SYSTEMPATH\View\View.php(237): CodeIgniter\View\View->CodeIgniter\View\{closure}()
 4 SYSTEMPATH\Common.php(1171): CodeIgniter\View\View->render('ungkapkasus/tampil', [], true)
 5 APPPATH\Controllers\Ungkapkasus.php(26): view('ungkapkasus/tampil', [...])
 6 SYSTEMPATH\CodeIgniter.php(933): App\Controllers\Ungkapkasus->tampil()
 7 SYSTEMPATH\CodeIgniter.php(509): CodeIgniter\CodeIgniter->runController(Object(App\Controllers\Ungkapkasus))
 8 SYSTEMPATH\CodeIgniter.php(355): CodeIgniter\CodeIgniter->handleRequest(null, Object(Config\Cache), false)
 9 SYSTEMPATH\Boot.php(312): CodeIgniter\CodeIgniter->run()
10 SYSTEMPATH\Boot.php(67): CodeIgniter\Boot::runCodeIgniter(Object(CodeIgniter\CodeIgniter))
11 FCPATH\index.php(56): CodeIgniter\Boot::bootWeb(Object(Config\Paths))
CRITICAL - 2024-12-04 13:18:38 --> ErrorException: Undefined array key "Idkasus"
[Method: GET, Route: ungkapkasus]
in APPPATH\Views\ungkapkasus\tampil.php on line 43.
 1 APPPATH\Views\ungkapkasus\tampil.php(43): CodeIgniter\Debug\Exceptions->errorHandler(2, 'Undefined array key "Idkasus"', 'C:\\xampp\\htdocs\\tawannarkobav2\\app\\Views\\ungkapkasus\\tampil.php', 43)
 2 SYSTEMPATH\View\View.php(234): include('C:\\xampp\\htdocs\\tawannarkobav2\\app\\Views\\ungkapkasus\\tampil.php')
 3 SYSTEMPATH\View\View.php(237): CodeIgniter\View\View->CodeIgniter\View\{closure}()
 4 SYSTEMPATH\Common.php(1171): CodeIgniter\View\View->render('ungkapkasus/tampil', [], true)
 5 APPPATH\Controllers\Ungkapkasus.php(26): view('ungkapkasus/tampil', [...])
 6 SYSTEMPATH\CodeIgniter.php(933): App\Controllers\Ungkapkasus->tampil()
 7 SYSTEMPATH\CodeIgniter.php(509): CodeIgniter\CodeIgniter->runController(Object(App\Controllers\Ungkapkasus))
 8 SYSTEMPATH\CodeIgniter.php(355): CodeIgniter\CodeIgniter->handleRequest(null, Object(Config\Cache), false)
 9 SYSTEMPATH\Boot.php(312): CodeIgniter\CodeIgniter->run()
10 SYSTEMPATH\Boot.php(67): CodeIgniter\Boot::runCodeIgniter(Object(CodeIgniter\CodeIgniter))
11 FCPATH\index.php(56): CodeIgniter\Boot::bootWeb(Object(Config\Paths))
CRITICAL - 2024-12-04 13:18:38 --> ErrorException: Undefined array key "Idkasus"
[Method: GET, Route: ungkapkasus]
in APPPATH\Views\ungkapkasus\tampil.php on line 43.
 1 APPPATH\Views\ungkapkasus\tampil.php(43): CodeIgniter\Debug\Exceptions->errorHandler(2, 'Undefined array key "Idkasus"', 'C:\\xampp\\htdocs\\tawannarkobav2\\app\\Views\\ungkapkasus\\tampil.php', 43)
 2 SYSTEMPATH\View\View.php(234): include('C:\\xampp\\htdocs\\tawannarkobav2\\app\\Views\\ungkapkasus\\tampil.php')
 3 SYSTEMPATH\View\View.php(237): CodeIgniter\View\View->CodeIgniter\View\{closure}()
 4 SYSTEMPATH\Common.php(1171): CodeIgniter\View\View->render('ungkapkasus/tampil', [], true)
 5 APPPATH\Controllers\Ungkapkasus.php(26): view('ungkapkasus/tampil', [...])
 6 SYSTEMPATH\CodeIgniter.php(933): App\Controllers\Ungkapkasus->tampil()
 7 SYSTEMPATH\CodeIgniter.php(509): CodeIgniter\CodeIgniter->runController(Object(App\Controllers\Ungkapkasus))
 8 SYSTEMPATH\CodeIgniter.php(355): CodeIgniter\CodeIgniter->handleRequest(null, Object(Config\Cache), false)
 9 SYSTEMPATH\Boot.php(312): CodeIgniter\CodeIgniter->run()
10 SYSTEMPATH\Boot.php(67): CodeIgniter\Boot::runCodeIgniter(Object(CodeIgniter\CodeIgniter))
11 FCPATH\index.php(56): CodeIgniter\Boot::bootWeb(Object(Config\Paths))
CRITICAL - 2024-12-04 13:18:38 --> ErrorException: Undefined array key "Idkasus"
[Method: GET, Route: ungkapkasus]
in APPPATH\Views\ungkapkasus\tampil.php on line 43.
 1 APPPATH\Views\ungkapkasus\tampil.php(43): CodeIgniter\Debug\Exceptions->errorHandler(2, 'Undefined array key "Idkasus"', 'C:\\xampp\\htdocs\\tawannarkobav2\\app\\Views\\ungkapkasus\\tampil.php', 43)
 2 SYSTEMPATH\View\View.php(234): include('C:\\xampp\\htdocs\\tawannarkobav2\\app\\Views\\ungkapkasus\\tampil.php')
 3 SYSTEMPATH\View\View.php(237): CodeIgniter\View\View->CodeIgniter\View\{closure}()
 4 SYSTEMPATH\Common.php(1171): CodeIgniter\View\View->render('ungkapkasus/tampil', [], true)
 5 APPPATH\Controllers\Ungkapkasus.php(26): view('ungkapkasus/tampil', [...])
 6 SYSTEMPATH\CodeIgniter.php(933): App\Controllers\Ungkapkasus->tampil()
 7 SYSTEMPATH\CodeIgniter.php(509): CodeIgniter\CodeIgniter->runController(Object(App\Controllers\Ungkapkasus))
 8 SYSTEMPATH\CodeIgniter.php(355): CodeIgniter\CodeIgniter->handleRequest(null, Object(Config\Cache), false)
 9 SYSTEMPATH\Boot.php(312): CodeIgniter\CodeIgniter->run()
10 SYSTEMPATH\Boot.php(67): CodeIgniter\Boot::runCodeIgniter(Object(CodeIgniter\CodeIgniter))
11 FCPATH\index.php(56): CodeIgniter\Boot::bootWeb(Object(Config\Paths))
CRITICAL - 2024-12-04 13:18:38 --> ErrorException: Undefined array key "Idkasus"
[Method: GET, Route: ungkapkasus]
in APPPATH\Views\ungkapkasus\tampil.php on line 43.
 1 APPPATH\Views\ungkapkasus\tampil.php(43): CodeIgniter\Debug\Exceptions->errorHandler(2, 'Undefined array key "Idkasus"', 'C:\\xampp\\htdocs\\tawannarkobav2\\app\\Views\\ungkapkasus\\tampil.php', 43)
 2 SYSTEMPATH\View\View.php(234): include('C:\\xampp\\htdocs\\tawannarkobav2\\app\\Views\\ungkapkasus\\tampil.php')
 3 SYSTEMPATH\View\View.php(237): CodeIgniter\View\View->CodeIgniter\View\{closure}()
 4 SYSTEMPATH\Common.php(1171): CodeIgniter\View\View->render('ungkapkasus/tampil', [], true)
 5 APPPATH\Controllers\Ungkapkasus.php(26): view('ungkapkasus/tampil', [...])
 6 SYSTEMPATH\CodeIgniter.php(933): App\Controllers\Ungkapkasus->tampil()
 7 SYSTEMPATH\CodeIgniter.php(509): CodeIgniter\CodeIgniter->runController(Object(App\Controllers\Ungkapkasus))
 8 SYSTEMPATH\CodeIgniter.php(355): CodeIgniter\CodeIgniter->handleRequest(null, Object(Config\Cache), false)
 9 SYSTEMPATH\Boot.php(312): CodeIgniter\CodeIgniter->run()
10 SYSTEMPATH\Boot.php(67): CodeIgniter\Boot::runCodeIgniter(Object(CodeIgniter\CodeIgniter))
11 FCPATH\index.php(56): CodeIgniter\Boot::bootWeb(Object(Config\Paths))
CRITICAL - 2024-12-04 13:18:39 --> ErrorException: Undefined array key "Idkasus"
[Method: GET, Route: ungkapkasus]
in APPPATH\Views\ungkapkasus\tampil.php on line 43.
 1 APPPATH\Views\ungkapkasus\tampil.php(43): CodeIgniter\Debug\Exceptions->errorHandler(2, 'Undefined array key "Idkasus"', 'C:\\xampp\\htdocs\\tawannarkobav2\\app\\Views\\ungkapkasus\\tampil.php', 43)
 2 SYSTEMPATH\View\View.php(234): include('C:\\xampp\\htdocs\\tawannarkobav2\\app\\Views\\ungkapkasus\\tampil.php')
 3 SYSTEMPATH\View\View.php(237): CodeIgniter\View\View->CodeIgniter\View\{closure}()
 4 SYSTEMPATH\Common.php(1171): CodeIgniter\View\View->render('ungkapkasus/tampil', [], true)
 5 APPPATH\Controllers\Ungkapkasus.php(26): view('ungkapkasus/tampil', [...])
 6 SYSTEMPATH\CodeIgniter.php(933): App\Controllers\Ungkapkasus->tampil()
 7 SYSTEMPATH\CodeIgniter.php(509): CodeIgniter\CodeIgniter->runController(Object(App\Controllers\Ungkapkasus))
 8 SYSTEMPATH\CodeIgniter.php(355): CodeIgniter\CodeIgniter->handleRequest(null, Object(Config\Cache), false)
 9 SYSTEMPATH\Boot.php(312): CodeIgniter\CodeIgniter->run()
10 SYSTEMPATH\Boot.php(67): CodeIgniter\Boot::runCodeIgniter(Object(CodeIgniter\CodeIgniter))
11 FCPATH\index.php(56): CodeIgniter\Boot::bootWeb(Object(Config\Paths))
CRITICAL - 2024-12-04 13:18:39 --> ErrorException: Undefined array key "Idkasus"
[Method: GET, Route: ungkapkasus]
in APPPATH\Views\ungkapkasus\tampil.php on line 43.
 1 APPPATH\Views\ungkapkasus\tampil.php(43): CodeIgniter\Debug\Exceptions->errorHandler(2, 'Undefined array key "Idkasus"', 'C:\\xampp\\htdocs\\tawannarkobav2\\app\\Views\\ungkapkasus\\tampil.php', 43)
 2 SYSTEMPATH\View\View.php(234): include('C:\\xampp\\htdocs\\tawannarkobav2\\app\\Views\\ungkapkasus\\tampil.php')
 3 SYSTEMPATH\View\View.php(237): CodeIgniter\View\View->CodeIgniter\View\{closure}()
 4 SYSTEMPATH\Common.php(1171): CodeIgniter\View\View->render('ungkapkasus/tampil', [], true)
 5 APPPATH\Controllers\Ungkapkasus.php(26): view('ungkapkasus/tampil', [...])
 6 SYSTEMPATH\CodeIgniter.php(933): App\Controllers\Ungkapkasus->tampil()
 7 SYSTEMPATH\CodeIgniter.php(509): CodeIgniter\CodeIgniter->runController(Object(App\Controllers\Ungkapkasus))
 8 SYSTEMPATH\CodeIgniter.php(355): CodeIgniter\CodeIgniter->handleRequest(null, Object(Config\Cache), false)
 9 SYSTEMPATH\Boot.php(312): CodeIgniter\CodeIgniter->run()
10 SYSTEMPATH\Boot.php(67): CodeIgniter\Boot::runCodeIgniter(Object(CodeIgniter\CodeIgniter))
11 FCPATH\index.php(56): CodeIgniter\Boot::bootWeb(Object(Config\Paths))
CRITICAL - 2024-12-04 13:18:39 --> ErrorException: Undefined array key "Idkasus"
[Method: GET, Route: ungkapkasus]
in APPPATH\Views\ungkapkasus\tampil.php on line 43.
 1 APPPATH\Views\ungkapkasus\tampil.php(43): CodeIgniter\Debug\Exceptions->errorHandler(2, 'Undefined array key "Idkasus"', 'C:\\xampp\\htdocs\\tawannarkobav2\\app\\Views\\ungkapkasus\\tampil.php', 43)
 2 SYSTEMPATH\View\View.php(234): include('C:\\xampp\\htdocs\\tawannarkobav2\\app\\Views\\ungkapkasus\\tampil.php')
 3 SYSTEMPATH\View\View.php(237): CodeIgniter\View\View->CodeIgniter\View\{closure}()
 4 SYSTEMPATH\Common.php(1171): CodeIgniter\View\View->render('ungkapkasus/tampil', [], true)
 5 APPPATH\Controllers\Ungkapkasus.php(26): view('ungkapkasus/tampil', [...])
 6 SYSTEMPATH\CodeIgniter.php(933): App\Controllers\Ungkapkasus->tampil()
 7 SYSTEMPATH\CodeIgniter.php(509): CodeIgniter\CodeIgniter->runController(Object(App\Controllers\Ungkapkasus))
 8 SYSTEMPATH\CodeIgniter.php(355): CodeIgniter\CodeIgniter->handleRequest(null, Object(Config\Cache), false)
 9 SYSTEMPATH\Boot.php(312): CodeIgniter\CodeIgniter->run()
10 SYSTEMPATH\Boot.php(67): CodeIgniter\Boot::runCodeIgniter(Object(CodeIgniter\CodeIgniter))
11 FCPATH\index.php(56): CodeIgniter\Boot::bootWeb(Object(Config\Paths))
CRITICAL - 2024-12-04 13:18:39 --> ErrorException: Undefined array key "Idkasus"
[Method: GET, Route: ungkapkasus]
in APPPATH\Views\ungkapkasus\tampil.php on line 43.
 1 APPPATH\Views\ungkapkasus\tampil.php(43): CodeIgniter\Debug\Exceptions->errorHandler(2, 'Undefined array key "Idkasus"', 'C:\\xampp\\htdocs\\tawannarkobav2\\app\\Views\\ungkapkasus\\tampil.php', 43)
 2 SYSTEMPATH\View\View.php(234): include('C:\\xampp\\htdocs\\tawannarkobav2\\app\\Views\\ungkapkasus\\tampil.php')
 3 SYSTEMPATH\View\View.php(237): CodeIgniter\View\View->CodeIgniter\View\{closure}()
 4 SYSTEMPATH\Common.php(1171): CodeIgniter\View\View->render('ungkapkasus/tampil', [], true)
 5 APPPATH\Controllers\Ungkapkasus.php(26): view('ungkapkasus/tampil', [...])
 6 SYSTEMPATH\CodeIgniter.php(933): App\Controllers\Ungkapkasus->tampil()
 7 SYSTEMPATH\CodeIgniter.php(509): CodeIgniter\CodeIgniter->runController(Object(App\Controllers\Ungkapkasus))
 8 SYSTEMPATH\CodeIgniter.php(355): CodeIgniter\CodeIgniter->handleRequest(null, Object(Config\Cache), false)
 9 SYSTEMPATH\Boot.php(312): CodeIgniter\CodeIgniter->run()
10 SYSTEMPATH\Boot.php(67): CodeIgniter\Boot::runCodeIgniter(Object(CodeIgniter\CodeIgniter))
11 FCPATH\index.php(56): CodeIgniter\Boot::bootWeb(Object(Config\Paths))
CRITICAL - 2024-12-04 13:18:39 --> ErrorException: Undefined array key "Idkasus"
[Method: GET, Route: ungkapkasus]
in APPPATH\Views\ungkapkasus\tampil.php on line 43.
 1 APPPATH\Views\ungkapkasus\tampil.php(43): CodeIgniter\Debug\Exceptions->errorHandler(2, 'Undefined array key "Idkasus"', 'C:\\xampp\\htdocs\\tawannarkobav2\\app\\Views\\ungkapkasus\\tampil.php', 43)
 2 SYSTEMPATH\View\View.php(234): include('C:\\xampp\\htdocs\\tawannarkobav2\\app\\Views\\ungkapkasus\\tampil.php')
 3 SYSTEMPATH\View\View.php(237): CodeIgniter\View\View->CodeIgniter\View\{closure}()
 4 SYSTEMPATH\Common.php(1171): CodeIgniter\View\View->render('ungkapkasus/tampil', [], true)
 5 APPPATH\Controllers\Ungkapkasus.php(26): view('ungkapkasus/tampil', [...])
 6 SYSTEMPATH\CodeIgniter.php(933): App\Controllers\Ungkapkasus->tampil()
 7 SYSTEMPATH\CodeIgniter.php(509): CodeIgniter\CodeIgniter->runController(Object(App\Controllers\Ungkapkasus))
 8 SYSTEMPATH\CodeIgniter.php(355): CodeIgniter\CodeIgniter->handleRequest(null, Object(Config\Cache), false)
 9 SYSTEMPATH\Boot.php(312): CodeIgniter\CodeIgniter->run()
10 SYSTEMPATH\Boot.php(67): CodeIgniter\Boot::runCodeIgniter(Object(CodeIgniter\CodeIgniter))
11 FCPATH\index.php(56): CodeIgniter\Boot::bootWeb(Object(Config\Paths))
CRITICAL - 2024-12-04 13:18:40 --> ErrorException: Undefined array key "Idkasus"
[Method: GET, Route: ungkapkasus]
in APPPATH\Views\ungkapkasus\tampil.php on line 43.
 1 APPPATH\Views\ungkapkasus\tampil.php(43): CodeIgniter\Debug\Exceptions->errorHandler(2, 'Undefined array key "Idkasus"', 'C:\\xampp\\htdocs\\tawannarkobav2\\app\\Views\\ungkapkasus\\tampil.php', 43)
 2 SYSTEMPATH\View\View.php(234): include('C:\\xampp\\htdocs\\tawannarkobav2\\app\\Views\\ungkapkasus\\tampil.php')
 3 SYSTEMPATH\View\View.php(237): CodeIgniter\View\View->CodeIgniter\View\{closure}()
 4 SYSTEMPATH\Common.php(1171): CodeIgniter\View\View->render('ungkapkasus/tampil', [], true)
 5 APPPATH\Controllers\Ungkapkasus.php(26): view('ungkapkasus/tampil', [...])
 6 SYSTEMPATH\CodeIgniter.php(933): App\Controllers\Ungkapkasus->tampil()
 7 SYSTEMPATH\CodeIgniter.php(509): CodeIgniter\CodeIgniter->runController(Object(App\Controllers\Ungkapkasus))
 8 SYSTEMPATH\CodeIgniter.php(355): CodeIgniter\CodeIgniter->handleRequest(null, Object(Config\Cache), false)
 9 SYSTEMPATH\Boot.php(312): CodeIgniter\CodeIgniter->run()
10 SYSTEMPATH\Boot.php(67): CodeIgniter\Boot::runCodeIgniter(Object(CodeIgniter\CodeIgniter))
11 FCPATH\index.php(56): CodeIgniter\Boot::bootWeb(Object(Config\Paths))
CRITICAL - 2024-12-04 13:18:43 --> ErrorException: Undefined array key "Idkasus"
[Method: GET, Route: ungkapkasus]
in APPPATH\Views\ungkapkasus\tampil.php on line 43.
 1 APPPATH\Views\ungkapkasus\tampil.php(43): CodeIgniter\Debug\Exceptions->errorHandler(2, 'Undefined array key "Idkasus"', 'C:\\xampp\\htdocs\\tawannarkobav2\\app\\Views\\ungkapkasus\\tampil.php', 43)
 2 SYSTEMPATH\View\View.php(234): include('C:\\xampp\\htdocs\\tawannarkobav2\\app\\Views\\ungkapkasus\\tampil.php')
 3 SYSTEMPATH\View\View.php(237): CodeIgniter\View\View->CodeIgniter\View\{closure}()
 4 SYSTEMPATH\Common.php(1171): CodeIgniter\View\View->render('ungkapkasus/tampil', [], true)
 5 APPPATH\Controllers\Ungkapkasus.php(26): view('ungkapkasus/tampil', [...])
 6 SYSTEMPATH\CodeIgniter.php(933): App\Controllers\Ungkapkasus->tampil()
 7 SYSTEMPATH\CodeIgniter.php(509): CodeIgniter\CodeIgniter->runController(Object(App\Controllers\Ungkapkasus))
 8 SYSTEMPATH\CodeIgniter.php(355): CodeIgniter\CodeIgniter->handleRequest(null, Object(Config\Cache), false)
 9 SYSTEMPATH\Boot.php(312): CodeIgniter\CodeIgniter->run()
10 SYSTEMPATH\Boot.php(67): CodeIgniter\Boot::runCodeIgniter(Object(CodeIgniter\CodeIgniter))
11 FCPATH\index.php(56): CodeIgniter\Boot::bootWeb(Object(Config\Paths))
CRITICAL - 2024-12-04 13:24:04 --> ErrorException: Undefined array key "Idkasus"
[Method: GET, Route: ungkapkasus]
in APPPATH\Views\ungkapkasus\tampil.php on line 43.
 1 APPPATH\Views\ungkapkasus\tampil.php(43): CodeIgniter\Debug\Exceptions->errorHandler(2, 'Undefined array key "Idkasus"', 'C:\\xampp\\htdocs\\tawannarkobav2\\app\\Views\\ungkapkasus\\tampil.php', 43)
 2 SYSTEMPATH\View\View.php(234): include('C:\\xampp\\htdocs\\tawannarkobav2\\app\\Views\\ungkapkasus\\tampil.php')
 3 SYSTEMPATH\View\View.php(237): CodeIgniter\View\View->CodeIgniter\View\{closure}()
 4 SYSTEMPATH\Common.php(1171): CodeIgniter\View\View->render('ungkapkasus/tampil', [], true)
 5 APPPATH\Controllers\Ungkapkasus.php(26): view('ungkapkasus/tampil', [...])
 6 SYSTEMPATH\CodeIgniter.php(933): App\Controllers\Ungkapkasus->tampil()
 7 SYSTEMPATH\CodeIgniter.php(509): CodeIgniter\CodeIgniter->runController(Object(App\Controllers\Ungkapkasus))
 8 SYSTEMPATH\CodeIgniter.php(355): CodeIgniter\CodeIgniter->handleRequest(null, Object(Config\Cache), false)
 9 SYSTEMPATH\Boot.php(312): CodeIgniter\CodeIgniter->run()
10 SYSTEMPATH\Boot.php(67): CodeIgniter\Boot::runCodeIgniter(Object(CodeIgniter\CodeIgniter))
11 FCPATH\index.php(56): CodeIgniter\Boot::bootWeb(Object(Config\Paths))
CRITICAL - 2024-12-04 13:24:05 --> ErrorException: Undefined array key "Idkasus"
[Method: GET, Route: ungkapkasus]
in APPPATH\Views\ungkapkasus\tampil.php on line 43.
 1 APPPATH\Views\ungkapkasus\tampil.php(43): CodeIgniter\Debug\Exceptions->errorHandler(2, 'Undefined array key "Idkasus"', 'C:\\xampp\\htdocs\\tawannarkobav2\\app\\Views\\ungkapkasus\\tampil.php', 43)
 2 SYSTEMPATH\View\View.php(234): include('C:\\xampp\\htdocs\\tawannarkobav2\\app\\Views\\ungkapkasus\\tampil.php')
 3 SYSTEMPATH\View\View.php(237): CodeIgniter\View\View->CodeIgniter\View\{closure}()
 4 SYSTEMPATH\Common.php(1171): CodeIgniter\View\View->render('ungkapkasus/tampil', [], true)
 5 APPPATH\Controllers\Ungkapkasus.php(26): view('ungkapkasus/tampil', [...])
 6 SYSTEMPATH\CodeIgniter.php(933): App\Controllers\Ungkapkasus->tampil()
 7 SYSTEMPATH\CodeIgniter.php(509): CodeIgniter\CodeIgniter->runController(Object(App\Controllers\Ungkapkasus))
 8 SYSTEMPATH\CodeIgniter.php(355): CodeIgniter\CodeIgniter->handleRequest(null, Object(Config\Cache), false)
 9 SYSTEMPATH\Boot.php(312): CodeIgniter\CodeIgniter->run()
10 SYSTEMPATH\Boot.php(67): CodeIgniter\Boot::runCodeIgniter(Object(CodeIgniter\CodeIgniter))
11 FCPATH\index.php(56): CodeIgniter\Boot::bootWeb(Object(Config\Paths))
CRITICAL - 2024-12-04 13:24:06 --> ErrorException: Undefined array key "Idkasus"
[Method: GET, Route: ungkapkasus]
in APPPATH\Views\ungkapkasus\tampil.php on line 43.
 1 APPPATH\Views\ungkapkasus\tampil.php(43): CodeIgniter\Debug\Exceptions->errorHandler(2, 'Undefined array key "Idkasus"', 'C:\\xampp\\htdocs\\tawannarkobav2\\app\\Views\\ungkapkasus\\tampil.php', 43)
 2 SYSTEMPATH\View\View.php(234): include('C:\\xampp\\htdocs\\tawannarkobav2\\app\\Views\\ungkapkasus\\tampil.php')
 3 SYSTEMPATH\View\View.php(237): CodeIgniter\View\View->CodeIgniter\View\{closure}()
 4 SYSTEMPATH\Common.php(1171): CodeIgniter\View\View->render('ungkapkasus/tampil', [], true)
 5 APPPATH\Controllers\Ungkapkasus.php(26): view('ungkapkasus/tampil', [...])
 6 SYSTEMPATH\CodeIgniter.php(933): App\Controllers\Ungkapkasus->tampil()
 7 SYSTEMPATH\CodeIgniter.php(509): CodeIgniter\CodeIgniter->runController(Object(App\Controllers\Ungkapkasus))
 8 SYSTEMPATH\CodeIgniter.php(355): CodeIgniter\CodeIgniter->handleRequest(null, Object(Config\Cache), false)
 9 SYSTEMPATH\Boot.php(312): CodeIgniter\CodeIgniter->run()
10 SYSTEMPATH\Boot.php(67): CodeIgniter\Boot::runCodeIgniter(Object(CodeIgniter\CodeIgniter))
11 FCPATH\index.php(56): CodeIgniter\Boot::bootWeb(Object(Config\Paths))
CRITICAL - 2024-12-04 13:24:06 --> ErrorException: Undefined array key "Idkasus"
[Method: GET, Route: ungkapkasus]
in APPPATH\Views\ungkapkasus\tampil.php on line 43.
 1 APPPATH\Views\ungkapkasus\tampil.php(43): CodeIgniter\Debug\Exceptions->errorHandler(2, 'Undefined array key "Idkasus"', 'C:\\xampp\\htdocs\\tawannarkobav2\\app\\Views\\ungkapkasus\\tampil.php', 43)
 2 SYSTEMPATH\View\View.php(234): include('C:\\xampp\\htdocs\\tawannarkobav2\\app\\Views\\ungkapkasus\\tampil.php')
 3 SYSTEMPATH\View\View.php(237): CodeIgniter\View\View->CodeIgniter\View\{closure}()
 4 SYSTEMPATH\Common.php(1171): CodeIgniter\View\View->render('ungkapkasus/tampil', [], true)
 5 APPPATH\Controllers\Ungkapkasus.php(26): view('ungkapkasus/tampil', [...])
 6 SYSTEMPATH\CodeIgniter.php(933): App\Controllers\Ungkapkasus->tampil()
 7 SYSTEMPATH\CodeIgniter.php(509): CodeIgniter\CodeIgniter->runController(Object(App\Controllers\Ungkapkasus))
 8 SYSTEMPATH\CodeIgniter.php(355): CodeIgniter\CodeIgniter->handleRequest(null, Object(Config\Cache), false)
 9 SYSTEMPATH\Boot.php(312): CodeIgniter\CodeIgniter->run()
10 SYSTEMPATH\Boot.php(67): CodeIgniter\Boot::runCodeIgniter(Object(CodeIgniter\CodeIgniter))
11 FCPATH\index.php(56): CodeIgniter\Boot::bootWeb(Object(Config\Paths))
CRITICAL - 2024-12-04 13:24:07 --> ErrorException: Undefined array key "Idkasus"
[Method: GET, Route: ungkapkasus]
in APPPATH\Views\ungkapkasus\tampil.php on line 43.
 1 APPPATH\Views\ungkapkasus\tampil.php(43): CodeIgniter\Debug\Exceptions->errorHandler(2, 'Undefined array key "Idkasus"', 'C:\\xampp\\htdocs\\tawannarkobav2\\app\\Views\\ungkapkasus\\tampil.php', 43)
 2 SYSTEMPATH\View\View.php(234): include('C:\\xampp\\htdocs\\tawannarkobav2\\app\\Views\\ungkapkasus\\tampil.php')
 3 SYSTEMPATH\View\View.php(237): CodeIgniter\View\View->CodeIgniter\View\{closure}()
 4 SYSTEMPATH\Common.php(1171): CodeIgniter\View\View->render('ungkapkasus/tampil', [], true)
 5 APPPATH\Controllers\Ungkapkasus.php(26): view('ungkapkasus/tampil', [...])
 6 SYSTEMPATH\CodeIgniter.php(933): App\Controllers\Ungkapkasus->tampil()
 7 SYSTEMPATH\CodeIgniter.php(509): CodeIgniter\CodeIgniter->runController(Object(App\Controllers\Ungkapkasus))
 8 SYSTEMPATH\CodeIgniter.php(355): CodeIgniter\CodeIgniter->handleRequest(null, Object(Config\Cache), false)
 9 SYSTEMPATH\Boot.php(312): CodeIgniter\CodeIgniter->run()
10 SYSTEMPATH\Boot.php(67): CodeIgniter\Boot::runCodeIgniter(Object(CodeIgniter\CodeIgniter))
11 FCPATH\index.php(56): CodeIgniter\Boot::bootWeb(Object(Config\Paths))
CRITICAL - 2024-12-04 13:24:07 --> ErrorException: Undefined array key "Idkasus"
[Method: GET, Route: ungkapkasus]
in APPPATH\Views\ungkapkasus\tampil.php on line 43.
 1 APPPATH\Views\ungkapkasus\tampil.php(43): CodeIgniter\Debug\Exceptions->errorHandler(2, 'Undefined array key "Idkasus"', 'C:\\xampp\\htdocs\\tawannarkobav2\\app\\Views\\ungkapkasus\\tampil.php', 43)
 2 SYSTEMPATH\View\View.php(234): include('C:\\xampp\\htdocs\\tawannarkobav2\\app\\Views\\ungkapkasus\\tampil.php')
 3 SYSTEMPATH\View\View.php(237): CodeIgniter\View\View->CodeIgniter\View\{closure}()
 4 SYSTEMPATH\Common.php(1171): CodeIgniter\View\View->render('ungkapkasus/tampil', [], true)
 5 APPPATH\Controllers\Ungkapkasus.php(26): view('ungkapkasus/tampil', [...])
 6 SYSTEMPATH\CodeIgniter.php(933): App\Controllers\Ungkapkasus->tampil()
 7 SYSTEMPATH\CodeIgniter.php(509): CodeIgniter\CodeIgniter->runController(Object(App\Controllers\Ungkapkasus))
 8 SYSTEMPATH\CodeIgniter.php(355): CodeIgniter\CodeIgniter->handleRequest(null, Object(Config\Cache), false)
 9 SYSTEMPATH\Boot.php(312): CodeIgniter\CodeIgniter->run()
10 SYSTEMPATH\Boot.php(67): CodeIgniter\Boot::runCodeIgniter(Object(CodeIgniter\CodeIgniter))
11 FCPATH\index.php(56): CodeIgniter\Boot::bootWeb(Object(Config\Paths))
CRITICAL - 2024-12-04 13:24:07 --> ErrorException: Undefined array key "Idkasus"
[Method: GET, Route: ungkapkasus]
in APPPATH\Views\ungkapkasus\tampil.php on line 43.
 1 APPPATH\Views\ungkapkasus\tampil.php(43): CodeIgniter\Debug\Exceptions->errorHandler(2, 'Undefined array key "Idkasus"', 'C:\\xampp\\htdocs\\tawannarkobav2\\app\\Views\\ungkapkasus\\tampil.php', 43)
 2 SYSTEMPATH\View\View.php(234): include('C:\\xampp\\htdocs\\tawannarkobav2\\app\\Views\\ungkapkasus\\tampil.php')
 3 SYSTEMPATH\View\View.php(237): CodeIgniter\View\View->CodeIgniter\View\{closure}()
 4 SYSTEMPATH\Common.php(1171): CodeIgniter\View\View->render('ungkapkasus/tampil', [], true)
 5 APPPATH\Controllers\Ungkapkasus.php(26): view('ungkapkasus/tampil', [...])
 6 SYSTEMPATH\CodeIgniter.php(933): App\Controllers\Ungkapkasus->tampil()
 7 SYSTEMPATH\CodeIgniter.php(509): CodeIgniter\CodeIgniter->runController(Object(App\Controllers\Ungkapkasus))
 8 SYSTEMPATH\CodeIgniter.php(355): CodeIgniter\CodeIgniter->handleRequest(null, Object(Config\Cache), false)
 9 SYSTEMPATH\Boot.php(312): CodeIgniter\CodeIgniter->run()
10 SYSTEMPATH\Boot.php(67): CodeIgniter\Boot::runCodeIgniter(Object(CodeIgniter\CodeIgniter))
11 FCPATH\index.php(56): CodeIgniter\Boot::bootWeb(Object(Config\Paths))
CRITICAL - 2024-12-04 13:24:08 --> ErrorException: Undefined array key "Idkasus"
[Method: GET, Route: ungkapkasus]
in APPPATH\Views\ungkapkasus\tampil.php on line 43.
 1 APPPATH\Views\ungkapkasus\tampil.php(43): CodeIgniter\Debug\Exceptions->errorHandler(2, 'Undefined array key "Idkasus"', 'C:\\xampp\\htdocs\\tawannarkobav2\\app\\Views\\ungkapkasus\\tampil.php', 43)
 2 SYSTEMPATH\View\View.php(234): include('C:\\xampp\\htdocs\\tawannarkobav2\\app\\Views\\ungkapkasus\\tampil.php')
 3 SYSTEMPATH\View\View.php(237): CodeIgniter\View\View->CodeIgniter\View\{closure}()
 4 SYSTEMPATH\Common.php(1171): CodeIgniter\View\View->render('ungkapkasus/tampil', [], true)
 5 APPPATH\Controllers\Ungkapkasus.php(26): view('ungkapkasus/tampil', [...])
 6 SYSTEMPATH\CodeIgniter.php(933): App\Controllers\Ungkapkasus->tampil()
 7 SYSTEMPATH\CodeIgniter.php(509): CodeIgniter\CodeIgniter->runController(Object(App\Controllers\Ungkapkasus))
 8 SYSTEMPATH\CodeIgniter.php(355): CodeIgniter\CodeIgniter->handleRequest(null, Object(Config\Cache), false)
 9 SYSTEMPATH\Boot.php(312): CodeIgniter\CodeIgniter->run()
10 SYSTEMPATH\Boot.php(67): CodeIgniter\Boot::runCodeIgniter(Object(CodeIgniter\CodeIgniter))
11 FCPATH\index.php(56): CodeIgniter\Boot::bootWeb(Object(Config\Paths))
CRITICAL - 2024-12-04 13:24:08 --> ErrorException: Undefined array key "Idkasus"
[Method: GET, Route: ungkapkasus]
in APPPATH\Views\ungkapkasus\tampil.php on line 43.
 1 APPPATH\Views\ungkapkasus\tampil.php(43): CodeIgniter\Debug\Exceptions->errorHandler(2, 'Undefined array key "Idkasus"', 'C:\\xampp\\htdocs\\tawannarkobav2\\app\\Views\\ungkapkasus\\tampil.php', 43)
 2 SYSTEMPATH\View\View.php(234): include('C:\\xampp\\htdocs\\tawannarkobav2\\app\\Views\\ungkapkasus\\tampil.php')
 3 SYSTEMPATH\View\View.php(237): CodeIgniter\View\View->CodeIgniter\View\{closure}()
 4 SYSTEMPATH\Common.php(1171): CodeIgniter\View\View->render('ungkapkasus/tampil', [], true)
 5 APPPATH\Controllers\Ungkapkasus.php(26): view('ungkapkasus/tampil', [...])
 6 SYSTEMPATH\CodeIgniter.php(933): App\Controllers\Ungkapkasus->tampil()
 7 SYSTEMPATH\CodeIgniter.php(509): CodeIgniter\CodeIgniter->runController(Object(App\Controllers\Ungkapkasus))
 8 SYSTEMPATH\CodeIgniter.php(355): CodeIgniter\CodeIgniter->handleRequest(null, Object(Config\Cache), false)
 9 SYSTEMPATH\Boot.php(312): CodeIgniter\CodeIgniter->run()
10 SYSTEMPATH\Boot.php(67): CodeIgniter\Boot::runCodeIgniter(Object(CodeIgniter\CodeIgniter))
11 FCPATH\index.php(56): CodeIgniter\Boot::bootWeb(Object(Config\Paths))
CRITICAL - 2024-12-04 13:24:08 --> ErrorException: Undefined array key "Idkasus"
[Method: GET, Route: ungkapkasus]
in APPPATH\Views\ungkapkasus\tampil.php on line 43.
 1 APPPATH\Views\ungkapkasus\tampil.php(43): CodeIgniter\Debug\Exceptions->errorHandler(2, 'Undefined array key "Idkasus"', 'C:\\xampp\\htdocs\\tawannarkobav2\\app\\Views\\ungkapkasus\\tampil.php', 43)
 2 SYSTEMPATH\View\View.php(234): include('C:\\xampp\\htdocs\\tawannarkobav2\\app\\Views\\ungkapkasus\\tampil.php')
 3 SYSTEMPATH\View\View.php(237): CodeIgniter\View\View->CodeIgniter\View\{closure}()
 4 SYSTEMPATH\Common.php(1171): CodeIgniter\View\View->render('ungkapkasus/tampil', [], true)
 5 APPPATH\Controllers\Ungkapkasus.php(26): view('ungkapkasus/tampil', [...])
 6 SYSTEMPATH\CodeIgniter.php(933): App\Controllers\Ungkapkasus->tampil()
 7 SYSTEMPATH\CodeIgniter.php(509): CodeIgniter\CodeIgniter->runController(Object(App\Controllers\Ungkapkasus))
 8 SYSTEMPATH\CodeIgniter.php(355): CodeIgniter\CodeIgniter->handleRequest(null, Object(Config\Cache), false)
 9 SYSTEMPATH\Boot.php(312): CodeIgniter\CodeIgniter->run()
10 SYSTEMPATH\Boot.php(67): CodeIgniter\Boot::runCodeIgniter(Object(CodeIgniter\CodeIgniter))
11 FCPATH\index.php(56): CodeIgniter\Boot::bootWeb(Object(Config\Paths))
CRITICAL - 2024-12-04 13:24:09 --> ErrorException: Undefined array key "Idkasus"
[Method: GET, Route: ungkapkasus]
in APPPATH\Views\ungkapkasus\tampil.php on line 43.
 1 APPPATH\Views\ungkapkasus\tampil.php(43): CodeIgniter\Debug\Exceptions->errorHandler(2, 'Undefined array key "Idkasus"', 'C:\\xampp\\htdocs\\tawannarkobav2\\app\\Views\\ungkapkasus\\tampil.php', 43)
 2 SYSTEMPATH\View\View.php(234): include('C:\\xampp\\htdocs\\tawannarkobav2\\app\\Views\\ungkapkasus\\tampil.php')
 3 SYSTEMPATH\View\View.php(237): CodeIgniter\View\View->CodeIgniter\View\{closure}()
 4 SYSTEMPATH\Common.php(1171): CodeIgniter\View\View->render('ungkapkasus/tampil', [], true)
 5 APPPATH\Controllers\Ungkapkasus.php(26): view('ungkapkasus/tampil', [...])
 6 SYSTEMPATH\CodeIgniter.php(933): App\Controllers\Ungkapkasus->tampil()
 7 SYSTEMPATH\CodeIgniter.php(509): CodeIgniter\CodeIgniter->runController(Object(App\Controllers\Ungkapkasus))
 8 SYSTEMPATH\CodeIgniter.php(355): CodeIgniter\CodeIgniter->handleRequest(null, Object(Config\Cache), false)
 9 SYSTEMPATH\Boot.php(312): CodeIgniter\CodeIgniter->run()
10 SYSTEMPATH\Boot.php(67): CodeIgniter\Boot::runCodeIgniter(Object(CodeIgniter\CodeIgniter))
11 FCPATH\index.php(56): CodeIgniter\Boot::bootWeb(Object(Config\Paths))
CRITICAL - 2024-12-04 13:25:37 --> ErrorException: Undefined array key "Idkasus"
[Method: GET, Route: ungkapkasus]
in APPPATH\Views\ungkapkasus\tampil.php on line 43.
 1 APPPATH\Views\ungkapkasus\tampil.php(43): CodeIgniter\Debug\Exceptions->errorHandler(2, 'Undefined array key "Idkasus"', 'C:\\xampp\\htdocs\\tawannarkobav2\\app\\Views\\ungkapkasus\\tampil.php', 43)
 2 SYSTEMPATH\View\View.php(234): include('C:\\xampp\\htdocs\\tawannarkobav2\\app\\Views\\ungkapkasus\\tampil.php')
 3 SYSTEMPATH\View\View.php(237): CodeIgniter\View\View->CodeIgniter\View\{closure}()
 4 SYSTEMPATH\Common.php(1171): CodeIgniter\View\View->render('ungkapkasus/tampil', [], true)
 5 APPPATH\Controllers\Ungkapkasus.php(26): view('ungkapkasus/tampil', [...])
 6 SYSTEMPATH\CodeIgniter.php(933): App\Controllers\Ungkapkasus->tampil()
 7 SYSTEMPATH\CodeIgniter.php(509): CodeIgniter\CodeIgniter->runController(Object(App\Controllers\Ungkapkasus))
 8 SYSTEMPATH\CodeIgniter.php(355): CodeIgniter\CodeIgniter->handleRequest(null, Object(Config\Cache), false)
 9 SYSTEMPATH\Boot.php(312): CodeIgniter\CodeIgniter->run()
10 SYSTEMPATH\Boot.php(67): CodeIgniter\Boot::runCodeIgniter(Object(CodeIgniter\CodeIgniter))
11 FCPATH\index.php(56): CodeIgniter\Boot::bootWeb(Object(Config\Paths))
CRITICAL - 2024-12-04 13:25:38 --> ErrorException: Undefined array key "Idkasus"
[Method: GET, Route: ungkapkasus]
in APPPATH\Views\ungkapkasus\tampil.php on line 43.
 1 APPPATH\Views\ungkapkasus\tampil.php(43): CodeIgniter\Debug\Exceptions->errorHandler(2, 'Undefined array key "Idkasus"', 'C:\\xampp\\htdocs\\tawannarkobav2\\app\\Views\\ungkapkasus\\tampil.php', 43)
 2 SYSTEMPATH\View\View.php(234): include('C:\\xampp\\htdocs\\tawannarkobav2\\app\\Views\\ungkapkasus\\tampil.php')
 3 SYSTEMPATH\View\View.php(237): CodeIgniter\View\View->CodeIgniter\View\{closure}()
 4 SYSTEMPATH\Common.php(1171): CodeIgniter\View\View->render('ungkapkasus/tampil', [], true)
 5 APPPATH\Controllers\Ungkapkasus.php(26): view('ungkapkasus/tampil', [...])
 6 SYSTEMPATH\CodeIgniter.php(933): App\Controllers\Ungkapkasus->tampil()
 7 SYSTEMPATH\CodeIgniter.php(509): CodeIgniter\CodeIgniter->runController(Object(App\Controllers\Ungkapkasus))
 8 SYSTEMPATH\CodeIgniter.php(355): CodeIgniter\CodeIgniter->handleRequest(null, Object(Config\Cache), false)
 9 SYSTEMPATH\Boot.php(312): CodeIgniter\CodeIgniter->run()
10 SYSTEMPATH\Boot.php(67): CodeIgniter\Boot::runCodeIgniter(Object(CodeIgniter\CodeIgniter))
11 FCPATH\index.php(56): CodeIgniter\Boot::bootWeb(Object(Config\Paths))
CRITICAL - 2024-12-04 13:25:39 --> ErrorException: Undefined array key "Idkasus"
[Method: GET, Route: ungkapkasus]
in APPPATH\Views\ungkapkasus\tampil.php on line 43.
 1 APPPATH\Views\ungkapkasus\tampil.php(43): CodeIgniter\Debug\Exceptions->errorHandler(2, 'Undefined array key "Idkasus"', 'C:\\xampp\\htdocs\\tawannarkobav2\\app\\Views\\ungkapkasus\\tampil.php', 43)
 2 SYSTEMPATH\View\View.php(234): include('C:\\xampp\\htdocs\\tawannarkobav2\\app\\Views\\ungkapkasus\\tampil.php')
 3 SYSTEMPATH\View\View.php(237): CodeIgniter\View\View->CodeIgniter\View\{closure}()
 4 SYSTEMPATH\Common.php(1171): CodeIgniter\View\View->render('ungkapkasus/tampil', [], true)
 5 APPPATH\Controllers\Ungkapkasus.php(26): view('ungkapkasus/tampil', [...])
 6 SYSTEMPATH\CodeIgniter.php(933): App\Controllers\Ungkapkasus->tampil()
 7 SYSTEMPATH\CodeIgniter.php(509): CodeIgniter\CodeIgniter->runController(Object(App\Controllers\Ungkapkasus))
 8 SYSTEMPATH\CodeIgniter.php(355): CodeIgniter\CodeIgniter->handleRequest(null, Object(Config\Cache), false)
 9 SYSTEMPATH\Boot.php(312): CodeIgniter\CodeIgniter->run()
10 SYSTEMPATH\Boot.php(67): CodeIgniter\Boot::runCodeIgniter(Object(CodeIgniter\CodeIgniter))
11 FCPATH\index.php(56): CodeIgniter\Boot::bootWeb(Object(Config\Paths))
CRITICAL - 2024-12-04 13:25:39 --> ErrorException: Undefined array key "Idkasus"
[Method: GET, Route: ungkapkasus]
in APPPATH\Views\ungkapkasus\tampil.php on line 43.
 1 APPPATH\Views\ungkapkasus\tampil.php(43): CodeIgniter\Debug\Exceptions->errorHandler(2, 'Undefined array key "Idkasus"', 'C:\\xampp\\htdocs\\tawannarkobav2\\app\\Views\\ungkapkasus\\tampil.php', 43)
 2 SYSTEMPATH\View\View.php(234): include('C:\\xampp\\htdocs\\tawannarkobav2\\app\\Views\\ungkapkasus\\tampil.php')
 3 SYSTEMPATH\View\View.php(237): CodeIgniter\View\View->CodeIgniter\View\{closure}()
 4 SYSTEMPATH\Common.php(1171): CodeIgniter\View\View->render('ungkapkasus/tampil', [], true)
 5 APPPATH\Controllers\Ungkapkasus.php(26): view('ungkapkasus/tampil', [...])
 6 SYSTEMPATH\CodeIgniter.php(933): App\Controllers\Ungkapkasus->tampil()
 7 SYSTEMPATH\CodeIgniter.php(509): CodeIgniter\CodeIgniter->runController(Object(App\Controllers\Ungkapkasus))
 8 SYSTEMPATH\CodeIgniter.php(355): CodeIgniter\CodeIgniter->handleRequest(null, Object(Config\Cache), false)
 9 SYSTEMPATH\Boot.php(312): CodeIgniter\CodeIgniter->run()
10 SYSTEMPATH\Boot.php(67): CodeIgniter\Boot::runCodeIgniter(Object(CodeIgniter\CodeIgniter))
11 FCPATH\index.php(56): CodeIgniter\Boot::bootWeb(Object(Config\Paths))
CRITICAL - 2024-12-04 13:25:39 --> ErrorException: Undefined array key "Idkasus"
[Method: GET, Route: ungkapkasus]
in APPPATH\Views\ungkapkasus\tampil.php on line 43.
 1 APPPATH\Views\ungkapkasus\tampil.php(43): CodeIgniter\Debug\Exceptions->errorHandler(2, 'Undefined array key "Idkasus"', 'C:\\xampp\\htdocs\\tawannarkobav2\\app\\Views\\ungkapkasus\\tampil.php', 43)
 2 SYSTEMPATH\View\View.php(234): include('C:\\xampp\\htdocs\\tawannarkobav2\\app\\Views\\ungkapkasus\\tampil.php')
 3 SYSTEMPATH\View\View.php(237): CodeIgniter\View\View->CodeIgniter\View\{closure}()
 4 SYSTEMPATH\Common.php(1171): CodeIgniter\View\View->render('ungkapkasus/tampil', [], true)
 5 APPPATH\Controllers\Ungkapkasus.php(26): view('ungkapkasus/tampil', [...])
 6 SYSTEMPATH\CodeIgniter.php(933): App\Controllers\Ungkapkasus->tampil()
 7 SYSTEMPATH\CodeIgniter.php(509): CodeIgniter\CodeIgniter->runController(Object(App\Controllers\Ungkapkasus))
 8 SYSTEMPATH\CodeIgniter.php(355): CodeIgniter\CodeIgniter->handleRequest(null, Object(Config\Cache), false)
 9 SYSTEMPATH\Boot.php(312): CodeIgniter\CodeIgniter->run()
10 SYSTEMPATH\Boot.php(67): CodeIgniter\Boot::runCodeIgniter(Object(CodeIgniter\CodeIgniter))
11 FCPATH\index.php(56): CodeIgniter\Boot::bootWeb(Object(Config\Paths))
CRITICAL - 2024-12-04 13:26:52 --> ErrorException: Attempt to read property "Idkasus" on array
[Method: GET, Route: ungkapkasus]
in APPPATH\Views\ungkapkasus\tampil.php on line 44.
 1 APPPATH\Views\ungkapkasus\tampil.php(44): CodeIgniter\Debug\Exceptions->errorHandler(2, 'Attempt to read property "Idkasus" on array', 'C:\\xampp\\htdocs\\tawannarkobav2\\app\\Views\\ungkapkasus\\tampil.php', 44)
 2 SYSTEMPATH\View\View.php(234): include('C:\\xampp\\htdocs\\tawannarkobav2\\app\\Views\\ungkapkasus\\tampil.php')
 3 SYSTEMPATH\View\View.php(237): CodeIgniter\View\View->CodeIgniter\View\{closure}()
 4 SYSTEMPATH\Common.php(1171): CodeIgniter\View\View->render('ungkapkasus/tampil', [], true)
 5 APPPATH\Controllers\Ungkapkasus.php(26): view('ungkapkasus/tampil', [...])
 6 SYSTEMPATH\CodeIgniter.php(933): App\Controllers\Ungkapkasus->tampil()
 7 SYSTEMPATH\CodeIgniter.php(509): CodeIgniter\CodeIgniter->runController(Object(App\Controllers\Ungkapkasus))
 8 SYSTEMPATH\CodeIgniter.php(355): CodeIgniter\CodeIgniter->handleRequest(null, Object(Config\Cache), false)
 9 SYSTEMPATH\Boot.php(312): CodeIgniter\CodeIgniter->run()
10 SYSTEMPATH\Boot.php(67): CodeIgniter\Boot::runCodeIgniter(Object(CodeIgniter\CodeIgniter))
11 FCPATH\index.php(56): CodeIgniter\Boot::bootWeb(Object(Config\Paths))
CRITICAL - 2024-12-04 13:36:30 --> ErrorException: Attempt to read property "Idkasus" on array
[Method: GET, Route: ungkapkasus]
in APPPATH\Views\ungkapkasus\tampil.php on line 44.
 1 APPPATH\Views\ungkapkasus\tampil.php(44): CodeIgniter\Debug\Exceptions->errorHandler(2, 'Attempt to read property "Idkasus" on array', 'C:\\xampp\\htdocs\\tawannarkobav2\\app\\Views\\ungkapkasus\\tampil.php', 44)
 2 SYSTEMPATH\View\View.php(234): include('C:\\xampp\\htdocs\\tawannarkobav2\\app\\Views\\ungkapkasus\\tampil.php')
 3 SYSTEMPATH\View\View.php(237): CodeIgniter\View\View->CodeIgniter\View\{closure}()
 4 SYSTEMPATH\Common.php(1171): CodeIgniter\View\View->render('ungkapkasus/tampil', [], true)
 5 APPPATH\Controllers\Ungkapkasus.php(26): view('ungkapkasus/tampil', [...])
 6 SYSTEMPATH\CodeIgniter.php(933): App\Controllers\Ungkapkasus->tampil()
 7 SYSTEMPATH\CodeIgniter.php(509): CodeIgniter\CodeIgniter->runController(Object(App\Controllers\Ungkapkasus))
 8 SYSTEMPATH\CodeIgniter.php(355): CodeIgniter\CodeIgniter->handleRequest(null, Object(Config\Cache), false)
 9 SYSTEMPATH\Boot.php(312): CodeIgniter\CodeIgniter->run()
10 SYSTEMPATH\Boot.php(67): CodeIgniter\Boot::runCodeIgniter(Object(CodeIgniter\CodeIgniter))
11 FCPATH\index.php(56): CodeIgniter\Boot::bootWeb(Object(Config\Paths))
