CRITICAL - 2024-11-29 02:22:13 --> ErrorException: Undefined variable $ungkap_kasus
[Method: GET, Route: dashboard]
in APPPATH\Views\sidebar.php on line 51.
 1 APPPATH\Views\sidebar.php(51): CodeIgniter\Debug\Exceptions->errorHandler(2, 'Undefined variable $ungkap_kasus', 'C:\\xampp\\htdocs\\tawannarkobav2\\app\\Views\\sidebar.php', 51)
 2 SYSTEMPATH\View\View.php(234): include('C:\\xampp\\htdocs\\tawannarkobav2\\app\\Views\\sidebar.php')
 3 SYSTEMPATH\View\View.php(237): CodeIgniter\View\View->CodeIgniter\View\{closure}()
 4 SYSTEMPATH\Common.php(1171): CodeIgniter\View\View->render('sidebar', [], true)
 5 APPPATH\Views\dashboard.php(3): view('sidebar')
 6 SYSTEMPATH\View\View.php(234): include('C:\\xampp\\htdocs\\tawannarkobav2\\app\\Views\\dashboard.php')
 7 SYSTEMPATH\View\View.php(237): CodeIgniter\View\View->CodeIgniter\View\{closure}()
 8 SYSTEMPATH\Common.php(1171): CodeIgniter\View\View->render('dashboard', [], true)
 9 APPPATH\Controllers\Dashboard.php(25): view('dashboard', [...])
10 SYSTEMPATH\CodeIgniter.php(933): App\Controllers\Dashboard->index()
11 SYSTEMPATH\CodeIgniter.php(509): CodeIgniter\CodeIgniter->runController(Object(App\Controllers\Dashboard))
12 SYSTEMPATH\CodeIgniter.php(355): CodeIgniter\CodeIgniter->handleRequest(null, Object(Config\Cache), false)
13 SYSTEMPATH\Boot.php(312): CodeIgniter\CodeIgniter->run()
14 SYSTEMPATH\Boot.php(67): CodeIgniter\Boot::runCodeIgniter(Object(CodeIgniter\CodeIgniter))
15 FCPATH\index.php(56): CodeIgniter\Boot::bootWeb(Object(Config\Paths))
CRITICAL - 2024-11-29 02:22:44 --> ErrorException: Undefined variable $ungkap_kasus
[Method: GET, Route: dashboard]
in APPPATH\Views\sidebar.php on line 51.
 1 APPPATH\Views\sidebar.php(51): CodeIgniter\Debug\Exceptions->errorHandler(2, 'Undefined variable $ungkap_kasus', 'C:\\xampp\\htdocs\\tawannarkobav2\\app\\Views\\sidebar.php', 51)
 2 SYSTEMPATH\View\View.php(234): include('C:\\xampp\\htdocs\\tawannarkobav2\\app\\Views\\sidebar.php')
 3 SYSTEMPATH\View\View.php(237): CodeIgniter\View\View->CodeIgniter\View\{closure}()
 4 SYSTEMPATH\Common.php(1171): CodeIgniter\View\View->render('sidebar', [], true)
 5 APPPATH\Views\dashboard.php(3): view('sidebar')
 6 SYSTEMPATH\View\View.php(234): include('C:\\xampp\\htdocs\\tawannarkobav2\\app\\Views\\dashboard.php')
 7 SYSTEMPATH\View\View.php(237): CodeIgniter\View\View->CodeIgniter\View\{closure}()
 8 SYSTEMPATH\Common.php(1171): CodeIgniter\View\View->render('dashboard', [], true)
 9 APPPATH\Controllers\Dashboard.php(25): view('dashboard', [...])
10 SYSTEMPATH\CodeIgniter.php(933): App\Controllers\Dashboard->index()
11 SYSTEMPATH\CodeIgniter.php(509): CodeIgniter\CodeIgniter->runController(Object(App\Controllers\Dashboard))
12 SYSTEMPATH\CodeIgniter.php(355): CodeIgniter\CodeIgniter->handleRequest(null, Object(Config\Cache), false)
13 SYSTEMPATH\Boot.php(312): CodeIgniter\CodeIgniter->run()
14 SYSTEMPATH\Boot.php(67): CodeIgniter\Boot::runCodeIgniter(Object(CodeIgniter\CodeIgniter))
15 FCPATH\index.php(56): CodeIgniter\Boot::bootWeb(Object(Config\Paths))
ERROR - 2024-11-29 02:26:28 --> mysqli_sql_exception: Unknown column 'created_at' in 'field list' in C:\xampp\htdocs\tawannarkobav2\system\Database\MySQLi\Connection.php:308
Stack trace:
#0 C:\xampp\htdocs\tawannarkobav2\system\Database\MySQLi\Connection.php(308): mysqli->query('INSERT INTO `ke...', 0)
#1 C:\xampp\htdocs\tawannarkobav2\system\Database\BaseConnection.php(722): CodeIgniter\Database\MySQLi\Connection->execute('INSERT INTO `ke...')
#2 C:\xampp\htdocs\tawannarkobav2\system\Database\BaseConnection.php(636): CodeIgniter\Database\BaseConnection->simpleQuery('INSERT INTO `ke...')
#3 C:\xampp\htdocs\tawannarkobav2\system\Database\BaseBuilder.php(2325): CodeIgniter\Database\BaseConnection->query('INSERT INTO `ke...', Array, false)
#4 C:\xampp\htdocs\tawannarkobav2\system\Model.php(383): CodeIgniter\Database\BaseBuilder->insert()
#5 C:\xampp\htdocs\tawannarkobav2\system\BaseModel.php(840): CodeIgniter\Model->doInsert(Array)
#6 C:\xampp\htdocs\tawannarkobav2\system\Model.php(791): CodeIgniter\BaseModel->insert(Array, true)
#7 C:\xampp\htdocs\tawannarkobav2\app\Controllers\Kecamatan.php(74): CodeIgniter\Model->insert(Array)
#8 C:\xampp\htdocs\tawannarkobav2\system\CodeIgniter.php(933): App\Controllers\Kecamatan->simpan()
#9 C:\xampp\htdocs\tawannarkobav2\system\CodeIgniter.php(509): CodeIgniter\CodeIgniter->runController(Object(App\Controllers\Kecamatan))
#10 C:\xampp\htdocs\tawannarkobav2\system\CodeIgniter.php(355): CodeIgniter\CodeIgniter->handleRequest(NULL, Object(Config\Cache), false)
#11 C:\xampp\htdocs\tawannarkobav2\system\Boot.php(312): CodeIgniter\CodeIgniter->run()
#12 C:\xampp\htdocs\tawannarkobav2\system\Boot.php(67): CodeIgniter\Boot::runCodeIgniter(Object(CodeIgniter\CodeIgniter))
#13 C:\xampp\htdocs\tawannarkobav2\index.php(56): CodeIgniter\Boot::bootWeb(Object(Config\Paths))
#14 {main}
CRITICAL - 2024-11-29 02:26:28 --> CodeIgniter\Database\Exceptions\DatabaseException: Unknown column 'created_at' in 'field list'
[Method: POST, Route: simpankecamatan]
in SYSTEMPATH\Database\BaseConnection.php on line 676.
 1 SYSTEMPATH\Database\BaseBuilder.php(2325): CodeIgniter\Database\BaseConnection->query('INSERT INTO `kecamatan` (`id_kabupaten`, `nama_kecamatan`, `created_at`, `updated_at`) VALUES (:id_kabupaten:, :nama_kecamatan:, :created_at:, :updated_at:)', [...], false)
 2 SYSTEMPATH\Model.php(383): CodeIgniter\Database\BaseBuilder->insert()
 3 SYSTEMPATH\BaseModel.php(840): CodeIgniter\Model->doInsert([...])
 4 SYSTEMPATH\Model.php(791): CodeIgniter\BaseModel->insert([...], true)
 5 APPPATH\Controllers\Kecamatan.php(74): CodeIgniter\Model->insert([...])
 6 SYSTEMPATH\CodeIgniter.php(933): App\Controllers\Kecamatan->simpan()
 7 SYSTEMPATH\CodeIgniter.php(509): CodeIgniter\CodeIgniter->runController(Object(App\Controllers\Kecamatan))
 8 SYSTEMPATH\CodeIgniter.php(355): CodeIgniter\CodeIgniter->handleRequest(null, Object(Config\Cache), false)
 9 SYSTEMPATH\Boot.php(312): CodeIgniter\CodeIgniter->run()
10 SYSTEMPATH\Boot.php(67): CodeIgniter\Boot::runCodeIgniter(Object(CodeIgniter\CodeIgniter))
11 FCPATH\index.php(56): CodeIgniter\Boot::bootWeb(Object(Config\Paths))
CRITICAL - 2024-11-29 02:26:28 --> [Caused by] CodeIgniter\Database\Exceptions\DatabaseException: Unknown column 'created_at' in 'field list'
in SYSTEMPATH\Database\MySQLi\Connection.php on line 313.
 1 SYSTEMPATH\Database\BaseConnection.php(722): CodeIgniter\Database\MySQLi\Connection->execute('INSERT INTO `kecamatan` (`id_kabupaten`, `nama_kecamatan`, `created_at`, `updated_at`) VALUES (\'1\', \'Kroya\', \'2024-11-29 02:26:28\', \'2024-11-29 02:26:28\')')
 2 SYSTEMPATH\Database\BaseConnection.php(636): CodeIgniter\Database\BaseConnection->simpleQuery('INSERT INTO `kecamatan` (`id_kabupaten`, `nama_kecamatan`, `created_at`, `updated_at`) VALUES (\'1\', \'Kroya\', \'2024-11-29 02:26:28\', \'2024-11-29 02:26:28\')')
 3 SYSTEMPATH\Database\BaseBuilder.php(2325): CodeIgniter\Database\BaseConnection->query('INSERT INTO `kecamatan` (`id_kabupaten`, `nama_kecamatan`, `created_at`, `updated_at`) VALUES (:id_kabupaten:, :nama_kecamatan:, :created_at:, :updated_at:)', [...], false)
 4 SYSTEMPATH\Model.php(383): CodeIgniter\Database\BaseBuilder->insert()
 5 SYSTEMPATH\BaseModel.php(840): CodeIgniter\Model->doInsert([...])
 6 SYSTEMPATH\Model.php(791): CodeIgniter\BaseModel->insert([...], true)
 7 APPPATH\Controllers\Kecamatan.php(74): CodeIgniter\Model->insert([...])
 8 SYSTEMPATH\CodeIgniter.php(933): App\Controllers\Kecamatan->simpan()
 9 SYSTEMPATH\CodeIgniter.php(509): CodeIgniter\CodeIgniter->runController(Object(App\Controllers\Kecamatan))
10 SYSTEMPATH\CodeIgniter.php(355): CodeIgniter\CodeIgniter->handleRequest(null, Object(Config\Cache), false)
11 SYSTEMPATH\Boot.php(312): CodeIgniter\CodeIgniter->run()
12 SYSTEMPATH\Boot.php(67): CodeIgniter\Boot::runCodeIgniter(Object(CodeIgniter\CodeIgniter))
13 FCPATH\index.php(56): CodeIgniter\Boot::bootWeb(Object(Config\Paths))
CRITICAL - 2024-11-29 02:26:28 --> [Caused by] mysqli_sql_exception: Unknown column 'created_at' in 'field list'
in SYSTEMPATH\Database\MySQLi\Connection.php on line 308.
 1 SYSTEMPATH\Database\MySQLi\Connection.php(308): mysqli->query('INSERT INTO `kecamatan` (`id_kabupaten`, `nama_kecamatan`, `created_at`, `updated_at`) VALUES (\'1\', \'Kroya\', \'2024-11-29 02:26:28\', \'2024-11-29 02:26:28\')', 0)
 2 SYSTEMPATH\Database\BaseConnection.php(722): CodeIgniter\Database\MySQLi\Connection->execute('INSERT INTO `kecamatan` (`id_kabupaten`, `nama_kecamatan`, `created_at`, `updated_at`) VALUES (\'1\', \'Kroya\', \'2024-11-29 02:26:28\', \'2024-11-29 02:26:28\')')
 3 SYSTEMPATH\Database\BaseConnection.php(636): CodeIgniter\Database\BaseConnection->simpleQuery('INSERT INTO `kecamatan` (`id_kabupaten`, `nama_kecamatan`, `created_at`, `updated_at`) VALUES (\'1\', \'Kroya\', \'2024-11-29 02:26:28\', \'2024-11-29 02:26:28\')')
 4 SYSTEMPATH\Database\BaseBuilder.php(2325): CodeIgniter\Database\BaseConnection->query('INSERT INTO `kecamatan` (`id_kabupaten`, `nama_kecamatan`, `created_at`, `updated_at`) VALUES (:id_kabupaten:, :nama_kecamatan:, :created_at:, :updated_at:)', [...], false)
 5 SYSTEMPATH\Model.php(383): CodeIgniter\Database\BaseBuilder->insert()
 6 SYSTEMPATH\BaseModel.php(840): CodeIgniter\Model->doInsert([...])
 7 SYSTEMPATH\Model.php(791): CodeIgniter\BaseModel->insert([...], true)
 8 APPPATH\Controllers\Kecamatan.php(74): CodeIgniter\Model->insert([...])
 9 SYSTEMPATH\CodeIgniter.php(933): App\Controllers\Kecamatan->simpan()
10 SYSTEMPATH\CodeIgniter.php(509): CodeIgniter\CodeIgniter->runController(Object(App\Controllers\Kecamatan))
11 SYSTEMPATH\CodeIgniter.php(355): CodeIgniter\CodeIgniter->handleRequest(null, Object(Config\Cache), false)
12 SYSTEMPATH\Boot.php(312): CodeIgniter\CodeIgniter->run()
13 SYSTEMPATH\Boot.php(67): CodeIgniter\Boot::runCodeIgniter(Object(CodeIgniter\CodeIgniter))
14 FCPATH\index.php(56): CodeIgniter\Boot::bootWeb(Object(Config\Paths))
