CRITICAL - 2024-12-06 02:47:06 --> ErrorException: Cannot declare class App\Controllers\Penggiat, because the name is already in use
[Method: GET, Route: penggiat]
in APPPATH\Views\penggiat\tampil.php on line 7.
 1 [internal function]: CodeIgniter\Debug\Exceptions->shutdownHandler()
CRITICAL - 2024-12-06 02:51:54 --> CodeIgniter\View\Exceptions\ViewException: Invalid file: "tampilpenggiat.php"
[Method: GET, Route: penggiat]
in SYSTEMPATH\Exceptions\FrameworkException.php on line 41.
 1 SYSTEMPATH\View\View.php(222): CodeIgniter\Exceptions\FrameworkException::forInvalidFile('tampilpenggiat.php')
 2 SYSTEMPATH\Common.php(1171): CodeIgniter\View\View->render('tampilpenggiat', [], true)
 3 APPPATH\Controllers\Penggiat.php(26): view('tampilpenggiat', [...])
 4 APPPATH\Controllers\Penggiat.php(12): App\Controllers\Penggiat->tampil()
 5 SYSTEMPATH\CodeIgniter.php(933): App\Controllers\Penggiat->index()
 6 SYSTEMPATH\CodeIgniter.php(509): CodeIgniter\CodeIgniter->runController(Object(App\Controllers\Penggiat))
 7 SYSTEMPATH\CodeIgniter.php(355): CodeIgniter\CodeIgniter->handleRequest(null, Object(Config\Cache), false)
 8 SYSTEMPATH\Boot.php(312): CodeIgniter\CodeIgniter->run()
 9 SYSTEMPATH\Boot.php(67): CodeIgniter\Boot::runCodeIgniter(Object(CodeIgniter\CodeIgniter))
10 FCPATH\index.php(56): CodeIgniter\Boot::bootWeb(Object(Config\Paths))
CRITICAL - 2024-12-06 02:52:13 --> ErrorException: Cannot declare class App\Controllers\Penggiat, because the name is already in use
[Method: GET, Route: penggiat]
in APPPATH\Views\penggiat\tampil.php on line 7.
 1 [internal function]: CodeIgniter\Debug\Exceptions->shutdownHandler()
CRITICAL - 2024-12-06 02:59:02 --> ErrorException: Cannot declare class App\Controllers\penggiat, because the name is already in use
[Method: GET, Route: penggiat]
in APPPATH\Views\penggiat\tampil.php on line 7.
 1 [internal function]: CodeIgniter\Debug\Exceptions->shutdownHandler()
CRITICAL - 2024-12-06 02:59:03 --> ErrorException: Cannot declare class App\Controllers\penggiat, because the name is already in use
[Method: GET, Route: penggiat]
in APPPATH\Views\penggiat\tampil.php on line 7.
 1 [internal function]: CodeIgniter\Debug\Exceptions->shutdownHandler()
CRITICAL - 2024-12-06 02:59:04 --> ErrorException: Cannot declare class App\Controllers\penggiat, because the name is already in use
[Method: GET, Route: penggiat]
in APPPATH\Views\penggiat\tampil.php on line 7.
 1 [internal function]: CodeIgniter\Debug\Exceptions->shutdownHandler()
CRITICAL - 2024-12-06 02:59:04 --> ErrorException: Cannot declare class App\Controllers\penggiat, because the name is already in use
[Method: GET, Route: penggiat]
in APPPATH\Views\penggiat\tampil.php on line 7.
 1 [internal function]: CodeIgniter\Debug\Exceptions->shutdownHandler()
CRITICAL - 2024-12-06 02:59:04 --> ErrorException: Cannot declare class App\Controllers\penggiat, because the name is already in use
[Method: GET, Route: penggiat]
in APPPATH\Views\penggiat\tampil.php on line 7.
 1 [internal function]: CodeIgniter\Debug\Exceptions->shutdownHandler()
CRITICAL - 2024-12-06 03:00:19 --> ErrorException: Cannot declare class App\Controllers\Penggiat, because the name is already in use
[Method: GET, Route: penggiat]
in APPPATH\Views\penggiat\tampil.php on line 7.
 1 [internal function]: CodeIgniter\Debug\Exceptions->shutdownHandler()
CRITICAL - 2024-12-06 03:00:22 --> ErrorException: Cannot declare class App\Controllers\Penggiat, because the name is already in use
[Method: GET, Route: penggiat]
in APPPATH\Views\penggiat\tampil.php on line 7.
 1 [internal function]: CodeIgniter\Debug\Exceptions->shutdownHandler()
CRITICAL - 2024-12-06 03:00:23 --> ErrorException: Cannot declare class App\Controllers\Penggiat, because the name is already in use
[Method: GET, Route: penggiat]
in APPPATH\Views\penggiat\tampil.php on line 7.
 1 [internal function]: CodeIgniter\Debug\Exceptions->shutdownHandler()
CRITICAL - 2024-12-06 03:00:23 --> ErrorException: Cannot declare class App\Controllers\Penggiat, because the name is already in use
[Method: GET, Route: penggiat]
in APPPATH\Views\penggiat\tampil.php on line 7.
 1 [internal function]: CodeIgniter\Debug\Exceptions->shutdownHandler()
CRITICAL - 2024-12-06 03:00:23 --> ErrorException: Cannot declare class App\Controllers\Penggiat, because the name is already in use
[Method: GET, Route: penggiat]
in APPPATH\Views\penggiat\tampil.php on line 7.
 1 [internal function]: CodeIgniter\Debug\Exceptions->shutdownHandler()
CRITICAL - 2024-12-06 03:00:24 --> ErrorException: Cannot declare class App\Controllers\Penggiat, because the name is already in use
[Method: GET, Route: penggiat]
in APPPATH\Views\penggiat\tampil.php on line 7.
 1 [internal function]: CodeIgniter\Debug\Exceptions->shutdownHandler()
CRITICAL - 2024-12-06 03:00:24 --> ErrorException: Cannot declare class App\Controllers\Penggiat, because the name is already in use
[Method: GET, Route: penggiat]
in APPPATH\Views\penggiat\tampil.php on line 7.
 1 [internal function]: CodeIgniter\Debug\Exceptions->shutdownHandler()
CRITICAL - 2024-12-06 03:00:24 --> ErrorException: Cannot declare class App\Controllers\Penggiat, because the name is already in use
[Method: GET, Route: penggiat]
in APPPATH\Views\penggiat\tampil.php on line 7.
 1 [internal function]: CodeIgniter\Debug\Exceptions->shutdownHandler()
CRITICAL - 2024-12-06 03:00:24 --> ErrorException: Cannot declare class App\Controllers\Penggiat, because the name is already in use
[Method: GET, Route: penggiat]
in APPPATH\Views\penggiat\tampil.php on line 7.
 1 [internal function]: CodeIgniter\Debug\Exceptions->shutdownHandler()
CRITICAL - 2024-12-06 03:00:24 --> ErrorException: Cannot declare class App\Controllers\Penggiat, because the name is already in use
[Method: GET, Route: penggiat]
in APPPATH\Views\penggiat\tampil.php on line 7.
 1 [internal function]: CodeIgniter\Debug\Exceptions->shutdownHandler()
CRITICAL - 2024-12-06 03:00:25 --> ErrorException: Cannot declare class App\Controllers\Penggiat, because the name is already in use
[Method: GET, Route: penggiat]
in APPPATH\Views\penggiat\tampil.php on line 7.
 1 [internal function]: CodeIgniter\Debug\Exceptions->shutdownHandler()
CRITICAL - 2024-12-06 03:00:26 --> ErrorException: Cannot declare class App\Controllers\Penggiat, because the name is already in use
[Method: GET, Route: penggiat]
in APPPATH\Views\penggiat\tampil.php on line 7.
 1 [internal function]: CodeIgniter\Debug\Exceptions->shutdownHandler()
CRITICAL - 2024-12-06 03:00:26 --> ErrorException: Cannot declare class App\Controllers\Penggiat, because the name is already in use
[Method: GET, Route: penggiat]
in APPPATH\Views\penggiat\tampil.php on line 7.
 1 [internal function]: CodeIgniter\Debug\Exceptions->shutdownHandler()
CRITICAL - 2024-12-06 03:00:27 --> ErrorException: Cannot declare class App\Controllers\Penggiat, because the name is already in use
[Method: GET, Route: penggiat]
in APPPATH\Views\penggiat\tampil.php on line 7.
 1 [internal function]: CodeIgniter\Debug\Exceptions->shutdownHandler()
CRITICAL - 2024-12-06 03:00:27 --> ErrorException: Cannot declare class App\Controllers\Penggiat, because the name is already in use
[Method: GET, Route: penggiat]
in APPPATH\Views\penggiat\tampil.php on line 7.
 1 [internal function]: CodeIgniter\Debug\Exceptions->shutdownHandler()
CRITICAL - 2024-12-06 03:00:27 --> ErrorException: Cannot declare class App\Controllers\Penggiat, because the name is already in use
[Method: GET, Route: penggiat]
in APPPATH\Views\penggiat\tampil.php on line 7.
 1 [internal function]: CodeIgniter\Debug\Exceptions->shutdownHandler()
CRITICAL - 2024-12-06 08:57:54 --> CodeIgniter\View\Exceptions\ViewException: Invalid file: "penggiat/index.php"
[Method: GET, Route: penggiat]
in SYSTEMPATH\Exceptions\FrameworkException.php on line 41.
 1 SYSTEMPATH\View\View.php(222): CodeIgniter\Exceptions\FrameworkException::forInvalidFile('penggiat/index.php')
 2 SYSTEMPATH\Common.php(1171): CodeIgniter\View\View->render('penggiat/index', [], true)
 3 APPPATH\Controllers\Penggiat.php(20): view('penggiat/index', [...])
 4 SYSTEMPATH\CodeIgniter.php(933): App\Controllers\Penggiat->index()
 5 SYSTEMPATH\CodeIgniter.php(509): CodeIgniter\CodeIgniter->runController(Object(App\Controllers\Penggiat))
 6 SYSTEMPATH\CodeIgniter.php(355): CodeIgniter\CodeIgniter->handleRequest(null, Object(Config\Cache), false)
 7 SYSTEMPATH\Boot.php(312): CodeIgniter\CodeIgniter->run()
 8 SYSTEMPATH\Boot.php(67): CodeIgniter\Boot::runCodeIgniter(Object(CodeIgniter\CodeIgniter))
 9 FCPATH\index.php(56): CodeIgniter\Boot::bootWeb(Object(Config\Paths))
