ERROR - 2025-01-08 03:40:02 --> mysqli_sql_exception: Table 'aoc.sosialisasi' doesn't exist in C:\xampp\htdocs\tawannarkobav2\system\Database\MySQLi\Connection.php:308
Stack trace:
#0 C:\xampp\htdocs\tawannarkobav2\system\Database\MySQLi\Connection.php(308): mysqli->query('SELECT `sosiali...', 0)
#1 C:\xampp\htdocs\tawannarkobav2\system\Database\BaseConnection.php(722): CodeIgniter\Database\MySQLi\Connection->execute('SELECT `sosiali...')
#2 C:\xampp\htdocs\tawannarkobav2\system\Database\BaseConnection.php(636): CodeIgniter\Database\BaseConnection->simpleQuery('SELECT `sosiali...')
#3 C:\xampp\htdocs\tawannarkobav2\system\Database\BaseBuilder.php(1629): CodeIgniter\Database\BaseConnection->query('SELECT `sosiali...', Array, false)
#4 C:\xampp\htdocs\tawannarkobav2\system\Model.php(275): CodeIgniter\Database\BaseBuilder->get()
#5 C:\xampp\htdocs\tawannarkobav2\system\BaseModel.php(676): CodeIgniter\Model->doFindAll(0, 0)
#6 C:\xampp\htdocs\tawannarkobav2\app\Controllers\Sosialisasi.php(23): CodeIgniter\BaseModel->findAll()
#7 C:\xampp\htdocs\tawannarkobav2\app\Controllers\Sosialisasi.php(12): App\Controllers\Sosialisasi->tampil()
#8 C:\xampp\htdocs\tawannarkobav2\system\CodeIgniter.php(933): App\Controllers\Sosialisasi->index()
#9 C:\xampp\htdocs\tawannarkobav2\system\CodeIgniter.php(509): CodeIgniter\CodeIgniter->runController(Object(App\Controllers\Sosialisasi))
#10 C:\xampp\htdocs\tawannarkobav2\system\CodeIgniter.php(355): CodeIgniter\CodeIgniter->handleRequest(NULL, Object(Config\Cache), false)
#11 C:\xampp\htdocs\tawannarkobav2\system\Boot.php(312): CodeIgniter\CodeIgniter->run()
#12 C:\xampp\htdocs\tawannarkobav2\system\Boot.php(67): CodeIgniter\Boot::runCodeIgniter(Object(CodeIgniter\CodeIgniter))
#13 C:\xampp\htdocs\tawannarkobav2\index.php(58): CodeIgniter\Boot::bootWeb(Object(Config\Paths))
#14 {main}
CRITICAL - 2025-01-08 03:40:03 --> CodeIgniter\Database\Exceptions\DatabaseException: Table 'aoc.sosialisasi' doesn't exist
[Method: GET, Route: sosialisasi]
in SYSTEMPATH\Database\BaseConnection.php on line 676.
 1 SYSTEMPATH\Database\BaseBuilder.php(1629): CodeIgniter\Database\BaseConnection->query('SELECT `sosialisasi`.*, `kelurahan`.`nama_kelurahan`
FROM `sosialisasi`
LEFT JOIN `kelurahan` ON `sosialisasi`.`id_kelurahan` = `kelurahan`.`id_kelurahan`', [], false)
 2 SYSTEMPATH\Model.php(275): CodeIgniter\Database\BaseBuilder->get()
 3 SYSTEMPATH\BaseModel.php(676): CodeIgniter\Model->doFindAll(0, 0)
 4 APPPATH\Controllers\Sosialisasi.php(23): CodeIgniter\BaseModel->findAll()
 5 APPPATH\Controllers\Sosialisasi.php(12): App\Controllers\Sosialisasi->tampil()
 6 SYSTEMPATH\CodeIgniter.php(933): App\Controllers\Sosialisasi->index()
 7 SYSTEMPATH\CodeIgniter.php(509): CodeIgniter\CodeIgniter->runController(Object(App\Controllers\Sosialisasi))
 8 SYSTEMPATH\CodeIgniter.php(355): CodeIgniter\CodeIgniter->handleRequest(null, Object(Config\Cache), false)
 9 SYSTEMPATH\Boot.php(312): CodeIgniter\CodeIgniter->run()
10 SYSTEMPATH\Boot.php(67): CodeIgniter\Boot::runCodeIgniter(Object(CodeIgniter\CodeIgniter))
11 FCPATH\index.php(58): CodeIgniter\Boot::bootWeb(Object(Config\Paths))
CRITICAL - 2025-01-08 03:40:03 --> [Caused by] CodeIgniter\Database\Exceptions\DatabaseException: Table 'aoc.sosialisasi' doesn't exist
in SYSTEMPATH\Database\MySQLi\Connection.php on line 313.
 1 SYSTEMPATH\Database\BaseConnection.php(722): CodeIgniter\Database\MySQLi\Connection->execute('SELECT `sosialisasi`.*, `kelurahan`.`nama_kelurahan`
FROM `sosialisasi`
LEFT JOIN `kelurahan` ON `sosialisasi`.`id_kelurahan` = `kelurahan`.`id_kelurahan`')
 2 SYSTEMPATH\Database\BaseConnection.php(636): CodeIgniter\Database\BaseConnection->simpleQuery('SELECT `sosialisasi`.*, `kelurahan`.`nama_kelurahan`
FROM `sosialisasi`
LEFT JOIN `kelurahan` ON `sosialisasi`.`id_kelurahan` = `kelurahan`.`id_kelurahan`')
 3 SYSTEMPATH\Database\BaseBuilder.php(1629): CodeIgniter\Database\BaseConnection->query('SELECT `sosialisasi`.*, `kelurahan`.`nama_kelurahan`
FROM `sosialisasi`
LEFT JOIN `kelurahan` ON `sosialisasi`.`id_kelurahan` = `kelurahan`.`id_kelurahan`', [], false)
 4 SYSTEMPATH\Model.php(275): CodeIgniter\Database\BaseBuilder->get()
 5 SYSTEMPATH\BaseModel.php(676): CodeIgniter\Model->doFindAll(0, 0)
 6 APPPATH\Controllers\Sosialisasi.php(23): CodeIgniter\BaseModel->findAll()
 7 APPPATH\Controllers\Sosialisasi.php(12): App\Controllers\Sosialisasi->tampil()
 8 SYSTEMPATH\CodeIgniter.php(933): App\Controllers\Sosialisasi->index()
 9 SYSTEMPATH\CodeIgniter.php(509): CodeIgniter\CodeIgniter->runController(Object(App\Controllers\Sosialisasi))
10 SYSTEMPATH\CodeIgniter.php(355): CodeIgniter\CodeIgniter->handleRequest(null, Object(Config\Cache), false)
11 SYSTEMPATH\Boot.php(312): CodeIgniter\CodeIgniter->run()
12 SYSTEMPATH\Boot.php(67): CodeIgniter\Boot::runCodeIgniter(Object(CodeIgniter\CodeIgniter))
13 FCPATH\index.php(58): CodeIgniter\Boot::bootWeb(Object(Config\Paths))
CRITICAL - 2025-01-08 03:40:03 --> [Caused by] mysqli_sql_exception: Table 'aoc.sosialisasi' doesn't exist
in SYSTEMPATH\Database\MySQLi\Connection.php on line 308.
 1 SYSTEMPATH\Database\MySQLi\Connection.php(308): mysqli->query('SELECT `sosialisasi`.*, `kelurahan`.`nama_kelurahan`
FROM `sosialisasi`
LEFT JOIN `kelurahan` ON `sosialisasi`.`id_kelurahan` = `kelurahan`.`id_kelurahan`', 0)
 2 SYSTEMPATH\Database\BaseConnection.php(722): CodeIgniter\Database\MySQLi\Connection->execute('SELECT `sosialisasi`.*, `kelurahan`.`nama_kelurahan`
FROM `sosialisasi`
LEFT JOIN `kelurahan` ON `sosialisasi`.`id_kelurahan` = `kelurahan`.`id_kelurahan`')
 3 SYSTEMPATH\Database\BaseConnection.php(636): CodeIgniter\Database\BaseConnection->simpleQuery('SELECT `sosialisasi`.*, `kelurahan`.`nama_kelurahan`
FROM `sosialisasi`
LEFT JOIN `kelurahan` ON `sosialisasi`.`id_kelurahan` = `kelurahan`.`id_kelurahan`')
 4 SYSTEMPATH\Database\BaseBuilder.php(1629): CodeIgniter\Database\BaseConnection->query('SELECT `sosialisasi`.*, `kelurahan`.`nama_kelurahan`
FROM `sosialisasi`
LEFT JOIN `kelurahan` ON `sosialisasi`.`id_kelurahan` = `kelurahan`.`id_kelurahan`', [], false)
 5 SYSTEMPATH\Model.php(275): CodeIgniter\Database\BaseBuilder->get()
 6 SYSTEMPATH\BaseModel.php(676): CodeIgniter\Model->doFindAll(0, 0)
 7 APPPATH\Controllers\Sosialisasi.php(23): CodeIgniter\BaseModel->findAll()
 8 APPPATH\Controllers\Sosialisasi.php(12): App\Controllers\Sosialisasi->tampil()
 9 SYSTEMPATH\CodeIgniter.php(933): App\Controllers\Sosialisasi->index()
10 SYSTEMPATH\CodeIgniter.php(509): CodeIgniter\CodeIgniter->runController(Object(App\Controllers\Sosialisasi))
11 SYSTEMPATH\CodeIgniter.php(355): CodeIgniter\CodeIgniter->handleRequest(null, Object(Config\Cache), false)
12 SYSTEMPATH\Boot.php(312): CodeIgniter\CodeIgniter->run()
13 SYSTEMPATH\Boot.php(67): CodeIgniter\Boot::runCodeIgniter(Object(CodeIgniter\CodeIgniter))
14 FCPATH\index.php(58): CodeIgniter\Boot::bootWeb(Object(Config\Paths))
CRITICAL - 2025-01-08 03:42:45 --> ErrorException: Undefined property: stdClass::$nama_kecamatan
[Method: GET, Route: sosialisasi/tambah]
in APPPATH\Views\sosialisasi\tambah.php on line 43.
 1 APPPATH\Views\sosialisasi\tambah.php(43): CodeIgniter\Debug\Exceptions->errorHandler(2, 'Undefined property: stdClass::$nama_kecamatan', 'C:\\xampp\\htdocs\\tawannarkobav2\\app\\Views\\sosialisasi\\tambah.php', 43)
 2 SYSTEMPATH\View\View.php(234): include('C:\\xampp\\htdocs\\tawannarkobav2\\app\\Views\\sosialisasi\\tambah.php')
 3 SYSTEMPATH\View\View.php(237): CodeIgniter\View\View->CodeIgniter\View\{closure}()
 4 SYSTEMPATH\Common.php(1171): CodeIgniter\View\View->render('sosialisasi/tambah', [], true)
 5 APPPATH\Controllers\Sosialisasi.php(43): view('sosialisasi/tambah', [...])
 6 SYSTEMPATH\CodeIgniter.php(933): App\Controllers\Sosialisasi->tambah()
 7 SYSTEMPATH\CodeIgniter.php(509): CodeIgniter\CodeIgniter->runController(Object(App\Controllers\Sosialisasi))
 8 SYSTEMPATH\CodeIgniter.php(355): CodeIgniter\CodeIgniter->handleRequest(null, Object(Config\Cache), false)
 9 SYSTEMPATH\Boot.php(312): CodeIgniter\CodeIgniter->run()
10 SYSTEMPATH\Boot.php(67): CodeIgniter\Boot::runCodeIgniter(Object(CodeIgniter\CodeIgniter))
11 FCPATH\index.php(58): CodeIgniter\Boot::bootWeb(Object(Config\Paths))
CRITICAL - 2025-01-08 03:47:09 --> ErrorException: Undefined property: stdClass::$nama_kecamatan
[Method: GET, Route: sosialisasi/tambah]
in APPPATH\Views\sosialisasi\tambah.php on line 43.
 1 APPPATH\Views\sosialisasi\tambah.php(43): CodeIgniter\Debug\Exceptions->errorHandler(2, 'Undefined property: stdClass::$nama_kecamatan', 'C:\\xampp\\htdocs\\tawannarkobav2\\app\\Views\\sosialisasi\\tambah.php', 43)
 2 SYSTEMPATH\View\View.php(234): include('C:\\xampp\\htdocs\\tawannarkobav2\\app\\Views\\sosialisasi\\tambah.php')
 3 SYSTEMPATH\View\View.php(237): CodeIgniter\View\View->CodeIgniter\View\{closure}()
 4 SYSTEMPATH\Common.php(1171): CodeIgniter\View\View->render('sosialisasi/tambah', [], true)
 5 APPPATH\Controllers\Sosialisasi.php(43): view('sosialisasi/tambah', [...])
 6 SYSTEMPATH\CodeIgniter.php(933): App\Controllers\Sosialisasi->tambah()
 7 SYSTEMPATH\CodeIgniter.php(509): CodeIgniter\CodeIgniter->runController(Object(App\Controllers\Sosialisasi))
 8 SYSTEMPATH\CodeIgniter.php(355): CodeIgniter\CodeIgniter->handleRequest(null, Object(Config\Cache), false)
 9 SYSTEMPATH\Boot.php(312): CodeIgniter\CodeIgniter->run()
10 SYSTEMPATH\Boot.php(67): CodeIgniter\Boot::runCodeIgniter(Object(CodeIgniter\CodeIgniter))
11 FCPATH\index.php(58): CodeIgniter\Boot::bootWeb(Object(Config\Paths))
CRITICAL - 2025-01-08 03:49:17 --> ErrorException: Undefined property: stdClass::$nama_kecamatan
[Method: GET, Route: sosialisasi/tambah]
in APPPATH\Views\sosialisasi\tambah.php on line 43.
 1 APPPATH\Views\sosialisasi\tambah.php(43): CodeIgniter\Debug\Exceptions->errorHandler(2, 'Undefined property: stdClass::$nama_kecamatan', 'C:\\xampp\\htdocs\\tawannarkobav2\\app\\Views\\sosialisasi\\tambah.php', 43)
 2 SYSTEMPATH\View\View.php(234): include('C:\\xampp\\htdocs\\tawannarkobav2\\app\\Views\\sosialisasi\\tambah.php')
 3 SYSTEMPATH\View\View.php(237): CodeIgniter\View\View->CodeIgniter\View\{closure}()
 4 SYSTEMPATH\Common.php(1171): CodeIgniter\View\View->render('sosialisasi/tambah', [], true)
 5 APPPATH\Controllers\Sosialisasi.php(43): view('sosialisasi/tambah', [...])
 6 SYSTEMPATH\CodeIgniter.php(933): App\Controllers\Sosialisasi->tambah()
 7 SYSTEMPATH\CodeIgniter.php(509): CodeIgniter\CodeIgniter->runController(Object(App\Controllers\Sosialisasi))
 8 SYSTEMPATH\CodeIgniter.php(355): CodeIgniter\CodeIgniter->handleRequest(null, Object(Config\Cache), false)
 9 SYSTEMPATH\Boot.php(312): CodeIgniter\CodeIgniter->run()
10 SYSTEMPATH\Boot.php(67): CodeIgniter\Boot::runCodeIgniter(Object(CodeIgniter\CodeIgniter))
11 FCPATH\index.php(58): CodeIgniter\Boot::bootWeb(Object(Config\Paths))
