CRITICAL - 2024-12-22 01:27:26 --> Error: Class "App\Controllers\PenggiatModel" not found
[Method: GET, Route: rts]
in APPPATH\Controllers\Rts.php on line 15.
 1 SYSTEMPATH\CodeIgniter.php(903): App\Controllers\Rts->__construct()
 2 SYSTEMPATH\CodeIgniter.php(500): CodeIgniter\CodeIgniter->createController()
 3 SYSTEMPATH\CodeIgniter.php(355): CodeIgniter\CodeIgniter->handleRequest(null, Object(Config\Cache), false)
 4 SYSTEMPATH\Boot.php(312): CodeIgniter\CodeIgniter->run()
 5 SYSTEMPATH\Boot.php(67): CodeIgniter\Boot::runCodeIgniter(Object(CodeIgniter\CodeIgniter))
 6 FCPATH\index.php(58): CodeIgniter\Boot::bootWeb(Object(Config\Paths))
ERROR - 2024-12-22 01:28:31 --> mysqli_sql_exception: Unknown table 'aoc.penggiat' in C:\xampp\htdocs\tawannarkobav2\system\Database\MySQLi\Connection.php:308
Stack trace:
#0 C:\xampp\htdocs\tawannarkobav2\system\Database\MySQLi\Connection.php(308): mysqli->query('SELECT `penggia...', 0)
#1 C:\xampp\htdocs\tawannarkobav2\system\Database\BaseConnection.php(722): CodeIgniter\Database\MySQLi\Connection->execute('SELECT `penggia...')
#2 C:\xampp\htdocs\tawannarkobav2\system\Database\BaseConnection.php(636): CodeIgniter\Database\BaseConnection->simpleQuery('SELECT `penggia...')
#3 C:\xampp\htdocs\tawannarkobav2\system\Database\BaseBuilder.php(1629): CodeIgniter\Database\BaseConnection->query('SELECT `penggia...', Array, false)
#4 C:\xampp\htdocs\tawannarkobav2\system\Model.php(275): CodeIgniter\Database\BaseBuilder->get()
#5 C:\xampp\htdocs\tawannarkobav2\system\BaseModel.php(676): CodeIgniter\Model->doFindAll(0, 0)
#6 C:\xampp\htdocs\tawannarkobav2\app\Controllers\Rts.php(26): CodeIgniter\BaseModel->findAll()
#7 C:\xampp\htdocs\tawannarkobav2\system\CodeIgniter.php(933): App\Controllers\Rts->index()
#8 C:\xampp\htdocs\tawannarkobav2\system\CodeIgniter.php(509): CodeIgniter\CodeIgniter->runController(Object(App\Controllers\Rts))
#9 C:\xampp\htdocs\tawannarkobav2\system\CodeIgniter.php(355): CodeIgniter\CodeIgniter->handleRequest(NULL, Object(Config\Cache), false)
#10 C:\xampp\htdocs\tawannarkobav2\system\Boot.php(312): CodeIgniter\CodeIgniter->run()
#11 C:\xampp\htdocs\tawannarkobav2\system\Boot.php(67): CodeIgniter\Boot::runCodeIgniter(Object(CodeIgniter\CodeIgniter))
#12 C:\xampp\htdocs\tawannarkobav2\index.php(58): CodeIgniter\Boot::bootWeb(Object(Config\Paths))
#13 {main}
CRITICAL - 2024-12-22 01:28:31 --> CodeIgniter\Database\Exceptions\DatabaseException: Unknown table 'aoc.penggiat'
[Method: GET, Route: rts]
in SYSTEMPATH\Database\BaseConnection.php on line 676.
 1 SYSTEMPATH\Database\BaseBuilder.php(1629): CodeIgniter\Database\BaseConnection->query('SELECT `penggiat`.*, `kelurahan`.`nama_kelurahan`
FROM `rts`
LEFT JOIN `kelurahan` ON `penggiat`.`id_kelurahan` = `kelurahan`.`id_kelurahan`', [], false)
 2 SYSTEMPATH\Model.php(275): CodeIgniter\Database\BaseBuilder->get()
 3 SYSTEMPATH\BaseModel.php(676): CodeIgniter\Model->doFindAll(0, 0)
 4 APPPATH\Controllers\Rts.php(26): CodeIgniter\BaseModel->findAll()
 5 SYSTEMPATH\CodeIgniter.php(933): App\Controllers\Rts->index()
 6 SYSTEMPATH\CodeIgniter.php(509): CodeIgniter\CodeIgniter->runController(Object(App\Controllers\Rts))
 7 SYSTEMPATH\CodeIgniter.php(355): CodeIgniter\CodeIgniter->handleRequest(null, Object(Config\Cache), false)
 8 SYSTEMPATH\Boot.php(312): CodeIgniter\CodeIgniter->run()
 9 SYSTEMPATH\Boot.php(67): CodeIgniter\Boot::runCodeIgniter(Object(CodeIgniter\CodeIgniter))
10 FCPATH\index.php(58): CodeIgniter\Boot::bootWeb(Object(Config\Paths))
CRITICAL - 2024-12-22 01:28:31 --> [Caused by] CodeIgniter\Database\Exceptions\DatabaseException: Unknown table 'aoc.penggiat'
in SYSTEMPATH\Database\MySQLi\Connection.php on line 313.
 1 SYSTEMPATH\Database\BaseConnection.php(722): CodeIgniter\Database\MySQLi\Connection->execute('SELECT `penggiat`.*, `kelurahan`.`nama_kelurahan`
FROM `rts`
LEFT JOIN `kelurahan` ON `penggiat`.`id_kelurahan` = `kelurahan`.`id_kelurahan`')
 2 SYSTEMPATH\Database\BaseConnection.php(636): CodeIgniter\Database\BaseConnection->simpleQuery('SELECT `penggiat`.*, `kelurahan`.`nama_kelurahan`
FROM `rts`
LEFT JOIN `kelurahan` ON `penggiat`.`id_kelurahan` = `kelurahan`.`id_kelurahan`')
 3 SYSTEMPATH\Database\BaseBuilder.php(1629): CodeIgniter\Database\BaseConnection->query('SELECT `penggiat`.*, `kelurahan`.`nama_kelurahan`
FROM `rts`
LEFT JOIN `kelurahan` ON `penggiat`.`id_kelurahan` = `kelurahan`.`id_kelurahan`', [], false)
 4 SYSTEMPATH\Model.php(275): CodeIgniter\Database\BaseBuilder->get()
 5 SYSTEMPATH\BaseModel.php(676): CodeIgniter\Model->doFindAll(0, 0)
 6 APPPATH\Controllers\Rts.php(26): CodeIgniter\BaseModel->findAll()
 7 SYSTEMPATH\CodeIgniter.php(933): App\Controllers\Rts->index()
 8 SYSTEMPATH\CodeIgniter.php(509): CodeIgniter\CodeIgniter->runController(Object(App\Controllers\Rts))
 9 SYSTEMPATH\CodeIgniter.php(355): CodeIgniter\CodeIgniter->handleRequest(null, Object(Config\Cache), false)
10 SYSTEMPATH\Boot.php(312): CodeIgniter\CodeIgniter->run()
11 SYSTEMPATH\Boot.php(67): CodeIgniter\Boot::runCodeIgniter(Object(CodeIgniter\CodeIgniter))
12 FCPATH\index.php(58): CodeIgniter\Boot::bootWeb(Object(Config\Paths))
CRITICAL - 2024-12-22 01:28:31 --> [Caused by] mysqli_sql_exception: Unknown table 'aoc.penggiat'
in SYSTEMPATH\Database\MySQLi\Connection.php on line 308.
 1 SYSTEMPATH\Database\MySQLi\Connection.php(308): mysqli->query('SELECT `penggiat`.*, `kelurahan`.`nama_kelurahan`
FROM `rts`
LEFT JOIN `kelurahan` ON `penggiat`.`id_kelurahan` = `kelurahan`.`id_kelurahan`', 0)
 2 SYSTEMPATH\Database\BaseConnection.php(722): CodeIgniter\Database\MySQLi\Connection->execute('SELECT `penggiat`.*, `kelurahan`.`nama_kelurahan`
FROM `rts`
LEFT JOIN `kelurahan` ON `penggiat`.`id_kelurahan` = `kelurahan`.`id_kelurahan`')
 3 SYSTEMPATH\Database\BaseConnection.php(636): CodeIgniter\Database\BaseConnection->simpleQuery('SELECT `penggiat`.*, `kelurahan`.`nama_kelurahan`
FROM `rts`
LEFT JOIN `kelurahan` ON `penggiat`.`id_kelurahan` = `kelurahan`.`id_kelurahan`')
 4 SYSTEMPATH\Database\BaseBuilder.php(1629): CodeIgniter\Database\BaseConnection->query('SELECT `penggiat`.*, `kelurahan`.`nama_kelurahan`
FROM `rts`
LEFT JOIN `kelurahan` ON `penggiat`.`id_kelurahan` = `kelurahan`.`id_kelurahan`', [], false)
 5 SYSTEMPATH\Model.php(275): CodeIgniter\Database\BaseBuilder->get()
 6 SYSTEMPATH\BaseModel.php(676): CodeIgniter\Model->doFindAll(0, 0)
 7 APPPATH\Controllers\Rts.php(26): CodeIgniter\BaseModel->findAll()
 8 SYSTEMPATH\CodeIgniter.php(933): App\Controllers\Rts->index()
 9 SYSTEMPATH\CodeIgniter.php(509): CodeIgniter\CodeIgniter->runController(Object(App\Controllers\Rts))
10 SYSTEMPATH\CodeIgniter.php(355): CodeIgniter\CodeIgniter->handleRequest(null, Object(Config\Cache), false)
11 SYSTEMPATH\Boot.php(312): CodeIgniter\CodeIgniter->run()
12 SYSTEMPATH\Boot.php(67): CodeIgniter\Boot::runCodeIgniter(Object(CodeIgniter\CodeIgniter))
13 FCPATH\index.php(58): CodeIgniter\Boot::bootWeb(Object(Config\Paths))
ERROR - 2024-12-22 01:28:59 --> mysqli_sql_exception: Unknown column 'penggiat.id_kelurahan' in 'on clause' in C:\xampp\htdocs\tawannarkobav2\system\Database\MySQLi\Connection.php:308
Stack trace:
#0 C:\xampp\htdocs\tawannarkobav2\system\Database\MySQLi\Connection.php(308): mysqli->query('SELECT `rts`.*,...', 0)
#1 C:\xampp\htdocs\tawannarkobav2\system\Database\BaseConnection.php(722): CodeIgniter\Database\MySQLi\Connection->execute('SELECT `rts`.*,...')
#2 C:\xampp\htdocs\tawannarkobav2\system\Database\BaseConnection.php(636): CodeIgniter\Database\BaseConnection->simpleQuery('SELECT `rts`.*,...')
#3 C:\xampp\htdocs\tawannarkobav2\system\Database\BaseBuilder.php(1629): CodeIgniter\Database\BaseConnection->query('SELECT `rts`.*,...', Array, false)
#4 C:\xampp\htdocs\tawannarkobav2\system\Model.php(275): CodeIgniter\Database\BaseBuilder->get()
#5 C:\xampp\htdocs\tawannarkobav2\system\BaseModel.php(676): CodeIgniter\Model->doFindAll(0, 0)
#6 C:\xampp\htdocs\tawannarkobav2\app\Controllers\Rts.php(26): CodeIgniter\BaseModel->findAll()
#7 C:\xampp\htdocs\tawannarkobav2\system\CodeIgniter.php(933): App\Controllers\Rts->index()
#8 C:\xampp\htdocs\tawannarkobav2\system\CodeIgniter.php(509): CodeIgniter\CodeIgniter->runController(Object(App\Controllers\Rts))
#9 C:\xampp\htdocs\tawannarkobav2\system\CodeIgniter.php(355): CodeIgniter\CodeIgniter->handleRequest(NULL, Object(Config\Cache), false)
#10 C:\xampp\htdocs\tawannarkobav2\system\Boot.php(312): CodeIgniter\CodeIgniter->run()
#11 C:\xampp\htdocs\tawannarkobav2\system\Boot.php(67): CodeIgniter\Boot::runCodeIgniter(Object(CodeIgniter\CodeIgniter))
#12 C:\xampp\htdocs\tawannarkobav2\index.php(58): CodeIgniter\Boot::bootWeb(Object(Config\Paths))
#13 {main}
CRITICAL - 2024-12-22 01:28:59 --> CodeIgniter\Database\Exceptions\DatabaseException: Unknown column 'penggiat.id_kelurahan' in 'on clause'
[Method: GET, Route: rts]
in SYSTEMPATH\Database\BaseConnection.php on line 676.
 1 SYSTEMPATH\Database\BaseBuilder.php(1629): CodeIgniter\Database\BaseConnection->query('SELECT `rts`.*, `kelurahan`.`nama_kelurahan`
FROM `rts`
LEFT JOIN `kelurahan` ON `penggiat`.`id_kelurahan` = `kelurahan`.`id_kelurahan`', [], false)
 2 SYSTEMPATH\Model.php(275): CodeIgniter\Database\BaseBuilder->get()
 3 SYSTEMPATH\BaseModel.php(676): CodeIgniter\Model->doFindAll(0, 0)
 4 APPPATH\Controllers\Rts.php(26): CodeIgniter\BaseModel->findAll()
 5 SYSTEMPATH\CodeIgniter.php(933): App\Controllers\Rts->index()
 6 SYSTEMPATH\CodeIgniter.php(509): CodeIgniter\CodeIgniter->runController(Object(App\Controllers\Rts))
 7 SYSTEMPATH\CodeIgniter.php(355): CodeIgniter\CodeIgniter->handleRequest(null, Object(Config\Cache), false)
 8 SYSTEMPATH\Boot.php(312): CodeIgniter\CodeIgniter->run()
 9 SYSTEMPATH\Boot.php(67): CodeIgniter\Boot::runCodeIgniter(Object(CodeIgniter\CodeIgniter))
10 FCPATH\index.php(58): CodeIgniter\Boot::bootWeb(Object(Config\Paths))
CRITICAL - 2024-12-22 01:28:59 --> [Caused by] CodeIgniter\Database\Exceptions\DatabaseException: Unknown column 'penggiat.id_kelurahan' in 'on clause'
in SYSTEMPATH\Database\MySQLi\Connection.php on line 313.
 1 SYSTEMPATH\Database\BaseConnection.php(722): CodeIgniter\Database\MySQLi\Connection->execute('SELECT `rts`.*, `kelurahan`.`nama_kelurahan`
FROM `rts`
LEFT JOIN `kelurahan` ON `penggiat`.`id_kelurahan` = `kelurahan`.`id_kelurahan`')
 2 SYSTEMPATH\Database\BaseConnection.php(636): CodeIgniter\Database\BaseConnection->simpleQuery('SELECT `rts`.*, `kelurahan`.`nama_kelurahan`
FROM `rts`
LEFT JOIN `kelurahan` ON `penggiat`.`id_kelurahan` = `kelurahan`.`id_kelurahan`')
 3 SYSTEMPATH\Database\BaseBuilder.php(1629): CodeIgniter\Database\BaseConnection->query('SELECT `rts`.*, `kelurahan`.`nama_kelurahan`
FROM `rts`
LEFT JOIN `kelurahan` ON `penggiat`.`id_kelurahan` = `kelurahan`.`id_kelurahan`', [], false)
 4 SYSTEMPATH\Model.php(275): CodeIgniter\Database\BaseBuilder->get()
 5 SYSTEMPATH\BaseModel.php(676): CodeIgniter\Model->doFindAll(0, 0)
 6 APPPATH\Controllers\Rts.php(26): CodeIgniter\BaseModel->findAll()
 7 SYSTEMPATH\CodeIgniter.php(933): App\Controllers\Rts->index()
 8 SYSTEMPATH\CodeIgniter.php(509): CodeIgniter\CodeIgniter->runController(Object(App\Controllers\Rts))
 9 SYSTEMPATH\CodeIgniter.php(355): CodeIgniter\CodeIgniter->handleRequest(null, Object(Config\Cache), false)
10 SYSTEMPATH\Boot.php(312): CodeIgniter\CodeIgniter->run()
11 SYSTEMPATH\Boot.php(67): CodeIgniter\Boot::runCodeIgniter(Object(CodeIgniter\CodeIgniter))
12 FCPATH\index.php(58): CodeIgniter\Boot::bootWeb(Object(Config\Paths))
CRITICAL - 2024-12-22 01:28:59 --> [Caused by] mysqli_sql_exception: Unknown column 'penggiat.id_kelurahan' in 'on clause'
in SYSTEMPATH\Database\MySQLi\Connection.php on line 308.
 1 SYSTEMPATH\Database\MySQLi\Connection.php(308): mysqli->query('SELECT `rts`.*, `kelurahan`.`nama_kelurahan`
FROM `rts`
LEFT JOIN `kelurahan` ON `penggiat`.`id_kelurahan` = `kelurahan`.`id_kelurahan`', 0)
 2 SYSTEMPATH\Database\BaseConnection.php(722): CodeIgniter\Database\MySQLi\Connection->execute('SELECT `rts`.*, `kelurahan`.`nama_kelurahan`
FROM `rts`
LEFT JOIN `kelurahan` ON `penggiat`.`id_kelurahan` = `kelurahan`.`id_kelurahan`')
 3 SYSTEMPATH\Database\BaseConnection.php(636): CodeIgniter\Database\BaseConnection->simpleQuery('SELECT `rts`.*, `kelurahan`.`nama_kelurahan`
FROM `rts`
LEFT JOIN `kelurahan` ON `penggiat`.`id_kelurahan` = `kelurahan`.`id_kelurahan`')
 4 SYSTEMPATH\Database\BaseBuilder.php(1629): CodeIgniter\Database\BaseConnection->query('SELECT `rts`.*, `kelurahan`.`nama_kelurahan`
FROM `rts`
LEFT JOIN `kelurahan` ON `penggiat`.`id_kelurahan` = `kelurahan`.`id_kelurahan`', [], false)
 5 SYSTEMPATH\Model.php(275): CodeIgniter\Database\BaseBuilder->get()
 6 SYSTEMPATH\BaseModel.php(676): CodeIgniter\Model->doFindAll(0, 0)
 7 APPPATH\Controllers\Rts.php(26): CodeIgniter\BaseModel->findAll()
 8 SYSTEMPATH\CodeIgniter.php(933): App\Controllers\Rts->index()
 9 SYSTEMPATH\CodeIgniter.php(509): CodeIgniter\CodeIgniter->runController(Object(App\Controllers\Rts))
10 SYSTEMPATH\CodeIgniter.php(355): CodeIgniter\CodeIgniter->handleRequest(null, Object(Config\Cache), false)
11 SYSTEMPATH\Boot.php(312): CodeIgniter\CodeIgniter->run()
12 SYSTEMPATH\Boot.php(67): CodeIgniter\Boot::runCodeIgniter(Object(CodeIgniter\CodeIgniter))
13 FCPATH\index.php(58): CodeIgniter\Boot::bootWeb(Object(Config\Paths))
CRITICAL - 2024-12-22 01:29:17 --> ErrorException: Undefined array key "id_penggiat"
[Method: GET, Route: rts]
in APPPATH\Views\rts\tampil.php on line 54.
 1 APPPATH\Views\rts\tampil.php(54): CodeIgniter\Debug\Exceptions->errorHandler(2, 'Undefined array key "id_penggiat"', 'C:\\xampp\\htdocs\\tawannarkobav2\\app\\Views\\rts\\tampil.php', 54)
 2 SYSTEMPATH\View\View.php(234): include('C:\\xampp\\htdocs\\tawannarkobav2\\app\\Views\\rts\\tampil.php')
 3 SYSTEMPATH\View\View.php(237): CodeIgniter\View\View->CodeIgniter\View\{closure}()
 4 SYSTEMPATH\Common.php(1171): CodeIgniter\View\View->render('rts/tampil', [], true)
 5 APPPATH\Controllers\Rts.php(31): view('rts/tampil', [...])
 6 SYSTEMPATH\CodeIgniter.php(933): App\Controllers\Rts->index()
 7 SYSTEMPATH\CodeIgniter.php(509): CodeIgniter\CodeIgniter->runController(Object(App\Controllers\Rts))
 8 SYSTEMPATH\CodeIgniter.php(355): CodeIgniter\CodeIgniter->handleRequest(null, Object(Config\Cache), false)
 9 SYSTEMPATH\Boot.php(312): CodeIgniter\CodeIgniter->run()
10 SYSTEMPATH\Boot.php(67): CodeIgniter\Boot::runCodeIgniter(Object(CodeIgniter\CodeIgniter))
11 FCPATH\index.php(58): CodeIgniter\Boot::bootWeb(Object(Config\Paths))
ERROR - 2024-12-22 01:44:52 --> mysqli_sql_exception: Unknown table 'aoc.desa_bersinar' in C:\xampp\htdocs\tawannarkobav2\system\Database\MySQLi\Connection.php:308
Stack trace:
#0 C:\xampp\htdocs\tawannarkobav2\system\Database\MySQLi\Connection.php(308): mysqli->query('SELECT `desa_be...', 0)
#1 C:\xampp\htdocs\tawannarkobav2\system\Database\BaseConnection.php(722): CodeIgniter\Database\MySQLi\Connection->execute('SELECT `desa_be...')
#2 C:\xampp\htdocs\tawannarkobav2\system\Database\BaseConnection.php(636): CodeIgniter\Database\BaseConnection->simpleQuery('SELECT `desa_be...')
#3 C:\xampp\htdocs\tawannarkobav2\system\Database\BaseBuilder.php(1629): CodeIgniter\Database\BaseConnection->query('SELECT `desa_be...', Array, false)
#4 C:\xampp\htdocs\tawannarkobav2\system\Model.php(275): CodeIgniter\Database\BaseBuilder->get()
#5 C:\xampp\htdocs\tawannarkobav2\system\BaseModel.php(676): CodeIgniter\Model->doFindAll(0, 0)
#6 C:\xampp\htdocs\tawannarkobav2\app\Controllers\DesaBersinar.php(22): CodeIgniter\BaseModel->findAll()
#7 C:\xampp\htdocs\tawannarkobav2\app\Controllers\DesaBersinar.php(14): App\Controllers\DesaBersinar->tampil()
#8 C:\xampp\htdocs\tawannarkobav2\system\CodeIgniter.php(933): App\Controllers\DesaBersinar->index()
#9 C:\xampp\htdocs\tawannarkobav2\system\CodeIgniter.php(509): CodeIgniter\CodeIgniter->runController(Object(App\Controllers\DesaBersinar))
#10 C:\xampp\htdocs\tawannarkobav2\system\CodeIgniter.php(355): CodeIgniter\CodeIgniter->handleRequest(NULL, Object(Config\Cache), false)
#11 C:\xampp\htdocs\tawannarkobav2\system\Boot.php(312): CodeIgniter\CodeIgniter->run()
#12 C:\xampp\htdocs\tawannarkobav2\system\Boot.php(67): CodeIgniter\Boot::runCodeIgniter(Object(CodeIgniter\CodeIgniter))
#13 C:\xampp\htdocs\tawannarkobav2\index.php(58): CodeIgniter\Boot::bootWeb(Object(Config\Paths))
#14 {main}
CRITICAL - 2024-12-22 01:44:52 --> CodeIgniter\Database\Exceptions\DatabaseException: Unknown table 'aoc.desa_bersinar'
[Method: GET, Route: desa-bersinar]
in SYSTEMPATH\Database\BaseConnection.php on line 676.
 1 SYSTEMPATH\Database\BaseBuilder.php(1629): CodeIgniter\Database\BaseConnection->query('SELECT `desa_bersinar`.*, `kecamatan`.`nama_kecamatan`
FROM `kelurahan`
LEFT JOIN `kecamatan` ON `desa_bersinar`.`id_kecamatan`=`kecamatan`.`id_kecamatan`', [], false)
 2 SYSTEMPATH\Model.php(275): CodeIgniter\Database\BaseBuilder->get()
 3 SYSTEMPATH\BaseModel.php(676): CodeIgniter\Model->doFindAll(0, 0)
 4 APPPATH\Controllers\DesaBersinar.php(22): CodeIgniter\BaseModel->findAll()
 5 APPPATH\Controllers\DesaBersinar.php(14): App\Controllers\DesaBersinar->tampil()
 6 SYSTEMPATH\CodeIgniter.php(933): App\Controllers\DesaBersinar->index()
 7 SYSTEMPATH\CodeIgniter.php(509): CodeIgniter\CodeIgniter->runController(Object(App\Controllers\DesaBersinar))
 8 SYSTEMPATH\CodeIgniter.php(355): CodeIgniter\CodeIgniter->handleRequest(null, Object(Config\Cache), false)
 9 SYSTEMPATH\Boot.php(312): CodeIgniter\CodeIgniter->run()
10 SYSTEMPATH\Boot.php(67): CodeIgniter\Boot::runCodeIgniter(Object(CodeIgniter\CodeIgniter))
11 FCPATH\index.php(58): CodeIgniter\Boot::bootWeb(Object(Config\Paths))
CRITICAL - 2024-12-22 01:44:52 --> [Caused by] CodeIgniter\Database\Exceptions\DatabaseException: Unknown table 'aoc.desa_bersinar'
in SYSTEMPATH\Database\MySQLi\Connection.php on line 313.
 1 SYSTEMPATH\Database\BaseConnection.php(722): CodeIgniter\Database\MySQLi\Connection->execute('SELECT `desa_bersinar`.*, `kecamatan`.`nama_kecamatan`
FROM `kelurahan`
LEFT JOIN `kecamatan` ON `desa_bersinar`.`id_kecamatan`=`kecamatan`.`id_kecamatan`')
 2 SYSTEMPATH\Database\BaseConnection.php(636): CodeIgniter\Database\BaseConnection->simpleQuery('SELECT `desa_bersinar`.*, `kecamatan`.`nama_kecamatan`
FROM `kelurahan`
LEFT JOIN `kecamatan` ON `desa_bersinar`.`id_kecamatan`=`kecamatan`.`id_kecamatan`')
 3 SYSTEMPATH\Database\BaseBuilder.php(1629): CodeIgniter\Database\BaseConnection->query('SELECT `desa_bersinar`.*, `kecamatan`.`nama_kecamatan`
FROM `kelurahan`
LEFT JOIN `kecamatan` ON `desa_bersinar`.`id_kecamatan`=`kecamatan`.`id_kecamatan`', [], false)
 4 SYSTEMPATH\Model.php(275): CodeIgniter\Database\BaseBuilder->get()
 5 SYSTEMPATH\BaseModel.php(676): CodeIgniter\Model->doFindAll(0, 0)
 6 APPPATH\Controllers\DesaBersinar.php(22): CodeIgniter\BaseModel->findAll()
 7 APPPATH\Controllers\DesaBersinar.php(14): App\Controllers\DesaBersinar->tampil()
 8 SYSTEMPATH\CodeIgniter.php(933): App\Controllers\DesaBersinar->index()
 9 SYSTEMPATH\CodeIgniter.php(509): CodeIgniter\CodeIgniter->runController(Object(App\Controllers\DesaBersinar))
10 SYSTEMPATH\CodeIgniter.php(355): CodeIgniter\CodeIgniter->handleRequest(null, Object(Config\Cache), false)
11 SYSTEMPATH\Boot.php(312): CodeIgniter\CodeIgniter->run()
12 SYSTEMPATH\Boot.php(67): CodeIgniter\Boot::runCodeIgniter(Object(CodeIgniter\CodeIgniter))
13 FCPATH\index.php(58): CodeIgniter\Boot::bootWeb(Object(Config\Paths))
CRITICAL - 2024-12-22 01:44:52 --> [Caused by] mysqli_sql_exception: Unknown table 'aoc.desa_bersinar'
in SYSTEMPATH\Database\MySQLi\Connection.php on line 308.
 1 SYSTEMPATH\Database\MySQLi\Connection.php(308): mysqli->query('SELECT `desa_bersinar`.*, `kecamatan`.`nama_kecamatan`
FROM `kelurahan`
LEFT JOIN `kecamatan` ON `desa_bersinar`.`id_kecamatan`=`kecamatan`.`id_kecamatan`', 0)
 2 SYSTEMPATH\Database\BaseConnection.php(722): CodeIgniter\Database\MySQLi\Connection->execute('SELECT `desa_bersinar`.*, `kecamatan`.`nama_kecamatan`
FROM `kelurahan`
LEFT JOIN `kecamatan` ON `desa_bersinar`.`id_kecamatan`=`kecamatan`.`id_kecamatan`')
 3 SYSTEMPATH\Database\BaseConnection.php(636): CodeIgniter\Database\BaseConnection->simpleQuery('SELECT `desa_bersinar`.*, `kecamatan`.`nama_kecamatan`
FROM `kelurahan`
LEFT JOIN `kecamatan` ON `desa_bersinar`.`id_kecamatan`=`kecamatan`.`id_kecamatan`')
 4 SYSTEMPATH\Database\BaseBuilder.php(1629): CodeIgniter\Database\BaseConnection->query('SELECT `desa_bersinar`.*, `kecamatan`.`nama_kecamatan`
FROM `kelurahan`
LEFT JOIN `kecamatan` ON `desa_bersinar`.`id_kecamatan`=`kecamatan`.`id_kecamatan`', [], false)
 5 SYSTEMPATH\Model.php(275): CodeIgniter\Database\BaseBuilder->get()
 6 SYSTEMPATH\BaseModel.php(676): CodeIgniter\Model->doFindAll(0, 0)
 7 APPPATH\Controllers\DesaBersinar.php(22): CodeIgniter\BaseModel->findAll()
 8 APPPATH\Controllers\DesaBersinar.php(14): App\Controllers\DesaBersinar->tampil()
 9 SYSTEMPATH\CodeIgniter.php(933): App\Controllers\DesaBersinar->index()
10 SYSTEMPATH\CodeIgniter.php(509): CodeIgniter\CodeIgniter->runController(Object(App\Controllers\DesaBersinar))
11 SYSTEMPATH\CodeIgniter.php(355): CodeIgniter\CodeIgniter->handleRequest(null, Object(Config\Cache), false)
12 SYSTEMPATH\Boot.php(312): CodeIgniter\CodeIgniter->run()
13 SYSTEMPATH\Boot.php(67): CodeIgniter\Boot::runCodeIgniter(Object(CodeIgniter\CodeIgniter))
14 FCPATH\index.php(58): CodeIgniter\Boot::bootWeb(Object(Config\Paths))
CRITICAL - 2024-12-22 01:55:45 --> ErrorException: Undefined variable $kelurahan
[Method: GET, Route: desa-bersinar/tambah]
in APPPATH\Controllers\DesaBersinar.php on line 34.
 1 APPPATH\Controllers\DesaBersinar.php(34): CodeIgniter\Debug\Exceptions->errorHandler(2, 'Undefined variable $kelurahan', 'C:\\xampp\\htdocs\\tawannarkobav2\\app\\Controllers\\DesaBersinar.php', 34)
 2 SYSTEMPATH\CodeIgniter.php(933): App\Controllers\DesaBersinar->tambah()
 3 SYSTEMPATH\CodeIgniter.php(509): CodeIgniter\CodeIgniter->runController(Object(App\Controllers\DesaBersinar))
 4 SYSTEMPATH\CodeIgniter.php(355): CodeIgniter\CodeIgniter->handleRequest(null, Object(Config\Cache), false)
 5 SYSTEMPATH\Boot.php(312): CodeIgniter\CodeIgniter->run()
 6 SYSTEMPATH\Boot.php(67): CodeIgniter\Boot::runCodeIgniter(Object(CodeIgniter\CodeIgniter))
 7 FCPATH\index.php(58): CodeIgniter\Boot::bootWeb(Object(Config\Paths))
CRITICAL - 2024-12-22 02:00:03 --> CodeIgniter\View\Exceptions\ViewException: Invalid file: "desabersinar/edit/(:any).php"
[Method: GET, Route: desa-bersinar/edit/DB01]
in SYSTEMPATH\Exceptions\FrameworkException.php on line 41.
 1 SYSTEMPATH\View\View.php(222): CodeIgniter\Exceptions\FrameworkException::forInvalidFile('desabersinar/edit/(:any).php')
 2 SYSTEMPATH\Common.php(1171): CodeIgniter\View\View->render('desabersinar/edit/(:any)', [], true)
 3 APPPATH\Controllers\DesaBersinar.php(73): view('desabersinar/edit/(:any)', [...])
 4 SYSTEMPATH\CodeIgniter.php(933): App\Controllers\DesaBersinar->edit('DB01')
 5 SYSTEMPATH\CodeIgniter.php(509): CodeIgniter\CodeIgniter->runController(Object(App\Controllers\DesaBersinar))
 6 SYSTEMPATH\CodeIgniter.php(355): CodeIgniter\CodeIgniter->handleRequest(null, Object(Config\Cache), false)
 7 SYSTEMPATH\Boot.php(312): CodeIgniter\CodeIgniter->run()
 8 SYSTEMPATH\Boot.php(67): CodeIgniter\Boot::runCodeIgniter(Object(CodeIgniter\CodeIgniter))
 9 FCPATH\index.php(58): CodeIgniter\Boot::bootWeb(Object(Config\Paths))
CRITICAL - 2024-12-22 02:03:19 --> ErrorException: Undefined variable $id_kelurahan
[Method: GET, Route: desa-bersinar/edit/DB01]
in APPPATH\Controllers\DesaBersinar.php on line 75.
 1 APPPATH\Controllers\DesaBersinar.php(75): CodeIgniter\Debug\Exceptions->errorHandler(2, 'Undefined variable $id_kelurahan', 'C:\\xampp\\htdocs\\tawannarkobav2\\app\\Controllers\\DesaBersinar.php', 75)
 2 SYSTEMPATH\CodeIgniter.php(933): App\Controllers\DesaBersinar->edit('DB01')
 3 SYSTEMPATH\CodeIgniter.php(509): CodeIgniter\CodeIgniter->runController(Object(App\Controllers\DesaBersinar))
 4 SYSTEMPATH\CodeIgniter.php(355): CodeIgniter\CodeIgniter->handleRequest(null, Object(Config\Cache), false)
 5 SYSTEMPATH\Boot.php(312): CodeIgniter\CodeIgniter->run()
 6 SYSTEMPATH\Boot.php(67): CodeIgniter\Boot::runCodeIgniter(Object(CodeIgniter\CodeIgniter))
 7 FCPATH\index.php(58): CodeIgniter\Boot::bootWeb(Object(Config\Paths))
CRITICAL - 2024-12-22 02:03:37 --> Error: Cannot use object of type stdClass as array
[Method: GET, Route: desa-bersinar/edit/DB01]
in APPPATH\Views\desabersinar\edit.php on line 28.
 1 SYSTEMPATH\View\View.php(234): include()
 2 SYSTEMPATH\View\View.php(237): CodeIgniter\View\View->CodeIgniter\View\{closure}()
 3 SYSTEMPATH\Common.php(1171): CodeIgniter\View\View->render('desabersinar/edit', [], true)
 4 APPPATH\Controllers\DesaBersinar.php(76): view('desabersinar/edit', [...])
 5 SYSTEMPATH\CodeIgniter.php(933): App\Controllers\DesaBersinar->edit('DB01')
 6 SYSTEMPATH\CodeIgniter.php(509): CodeIgniter\CodeIgniter->runController(Object(App\Controllers\DesaBersinar))
 7 SYSTEMPATH\CodeIgniter.php(355): CodeIgniter\CodeIgniter->handleRequest(null, Object(Config\Cache), false)
 8 SYSTEMPATH\Boot.php(312): CodeIgniter\CodeIgniter->run()
 9 SYSTEMPATH\Boot.php(67): CodeIgniter\Boot::runCodeIgniter(Object(CodeIgniter\CodeIgniter))
10 FCPATH\index.php(58): CodeIgniter\Boot::bootWeb(Object(Config\Paths))
CRITICAL - 2024-12-22 02:04:12 --> Error: Cannot use object of type stdClass as array
[Method: GET, Route: desa-bersinar/edit/DB01]
in APPPATH\Views\desabersinar\edit.php on line 47.
 1 SYSTEMPATH\View\View.php(234): include()
 2 SYSTEMPATH\View\View.php(237): CodeIgniter\View\View->CodeIgniter\View\{closure}()
 3 SYSTEMPATH\Common.php(1171): CodeIgniter\View\View->render('desabersinar/edit', [], true)
 4 APPPATH\Controllers\DesaBersinar.php(76): view('desabersinar/edit', [...])
 5 SYSTEMPATH\CodeIgniter.php(933): App\Controllers\DesaBersinar->edit('DB01')
 6 SYSTEMPATH\CodeIgniter.php(509): CodeIgniter\CodeIgniter->runController(Object(App\Controllers\DesaBersinar))
 7 SYSTEMPATH\CodeIgniter.php(355): CodeIgniter\CodeIgniter->handleRequest(null, Object(Config\Cache), false)
 8 SYSTEMPATH\Boot.php(312): CodeIgniter\CodeIgniter->run()
 9 SYSTEMPATH\Boot.php(67): CodeIgniter\Boot::runCodeIgniter(Object(CodeIgniter\CodeIgniter))
10 FCPATH\index.php(58): CodeIgniter\Boot::bootWeb(Object(Config\Paths))
CRITICAL - 2024-12-22 02:05:10 --> Error: Cannot use object of type stdClass as array
[Method: GET, Route: desa-bersinar/edit/DB01]
in APPPATH\Views\desabersinar\edit.php on line 38.
 1 SYSTEMPATH\View\View.php(234): include()
 2 SYSTEMPATH\View\View.php(237): CodeIgniter\View\View->CodeIgniter\View\{closure}()
 3 SYSTEMPATH\Common.php(1171): CodeIgniter\View\View->render('desabersinar/edit', [], true)
 4 APPPATH\Controllers\DesaBersinar.php(76): view('desabersinar/edit', [...])
 5 SYSTEMPATH\CodeIgniter.php(933): App\Controllers\DesaBersinar->edit('DB01')
 6 SYSTEMPATH\CodeIgniter.php(509): CodeIgniter\CodeIgniter->runController(Object(App\Controllers\DesaBersinar))
 7 SYSTEMPATH\CodeIgniter.php(355): CodeIgniter\CodeIgniter->handleRequest(null, Object(Config\Cache), false)
 8 SYSTEMPATH\Boot.php(312): CodeIgniter\CodeIgniter->run()
 9 SYSTEMPATH\Boot.php(67): CodeIgniter\Boot::runCodeIgniter(Object(CodeIgniter\CodeIgniter))
10 FCPATH\index.php(58): CodeIgniter\Boot::bootWeb(Object(Config\Paths))
ERROR - 2024-12-22 02:09:45 --> mysqli_sql_exception: Table 'aoc.kerawanan' doesn't exist in C:\xampp\htdocs\tawannarkobav2\system\Database\MySQLi\Connection.php:308
Stack trace:
#0 C:\xampp\htdocs\tawannarkobav2\system\Database\MySQLi\Connection.php(308): mysqli->query('SELECT `kecamat...', 0)
#1 C:\xampp\htdocs\tawannarkobav2\system\Database\BaseConnection.php(722): CodeIgniter\Database\MySQLi\Connection->execute('SELECT `kecamat...')
#2 C:\xampp\htdocs\tawannarkobav2\system\Database\BaseConnection.php(636): CodeIgniter\Database\BaseConnection->simpleQuery('SELECT `kecamat...')
#3 C:\xampp\htdocs\tawannarkobav2\system\Database\BaseBuilder.php(1629): CodeIgniter\Database\BaseConnection->query('SELECT `kecamat...', Array, false)
#4 C:\xampp\htdocs\tawannarkobav2\system\Model.php(210): CodeIgniter\Database\BaseBuilder->get()
#5 C:\xampp\htdocs\tawannarkobav2\system\BaseModel.php(610): CodeIgniter\Model->doFind(false, NULL)
#6 C:\xampp\htdocs\tawannarkobav2\app\Controllers\Dashboard.php(64): CodeIgniter\BaseModel->find()
#7 C:\xampp\htdocs\tawannarkobav2\system\CodeIgniter.php(933): App\Controllers\Dashboard->getData()
#8 C:\xampp\htdocs\tawannarkobav2\system\CodeIgniter.php(509): CodeIgniter\CodeIgniter->runController(Object(App\Controllers\Dashboard))
#9 C:\xampp\htdocs\tawannarkobav2\system\CodeIgniter.php(355): CodeIgniter\CodeIgniter->handleRequest(NULL, Object(Config\Cache), false)
#10 C:\xampp\htdocs\tawannarkobav2\system\Boot.php(312): CodeIgniter\CodeIgniter->run()
#11 C:\xampp\htdocs\tawannarkobav2\system\Boot.php(67): CodeIgniter\Boot::runCodeIgniter(Object(CodeIgniter\CodeIgniter))
#12 C:\xampp\htdocs\tawannarkobav2\index.php(58): CodeIgniter\Boot::bootWeb(Object(Config\Paths))
#13 {main}
CRITICAL - 2024-12-22 02:09:45 --> CodeIgniter\Database\Exceptions\DatabaseException: Table 'aoc.kerawanan' doesn't exist
[Method: GET, Route: getdata]
in SYSTEMPATH\Database\BaseConnection.php on line 676.
 1 SYSTEMPATH\Database\BaseBuilder.php(1629): CodeIgniter\Database\BaseConnection->query('SELECT `kecamatan`.*, `kelurahan`.`nama_kelurahan`, `kerawanan`.`status`, `warna`
FROM `kecamatan`
LEFT JOIN `kerawanan` ON `kerawanan`.`id_kecamatan` = `kecamatan`.`id_kecamatan`
RIGHT JOIN `kelurahan` ON `kelurahan`.`id_kecamatan` = `kecamatan`.`id_kecamatan`
WHERE `kelurahan`.`nama_kelurahan` = :kelurahan.nama_kelurahan:
AND `kecamatan`.`nama_kecamatan` = :kecamatan.nama_kecamatan:', [...], false)
 2 SYSTEMPATH\Model.php(210): CodeIgniter\Database\BaseBuilder->get()
 3 SYSTEMPATH\BaseModel.php(610): CodeIgniter\Model->doFind(false, null)
 4 APPPATH\Controllers\Dashboard.php(64): CodeIgniter\BaseModel->find()
 5 SYSTEMPATH\CodeIgniter.php(933): App\Controllers\Dashboard->getData()
 6 SYSTEMPATH\CodeIgniter.php(509): CodeIgniter\CodeIgniter->runController(Object(App\Controllers\Dashboard))
 7 SYSTEMPATH\CodeIgniter.php(355): CodeIgniter\CodeIgniter->handleRequest(null, Object(Config\Cache), false)
 8 SYSTEMPATH\Boot.php(312): CodeIgniter\CodeIgniter->run()
 9 SYSTEMPATH\Boot.php(67): CodeIgniter\Boot::runCodeIgniter(Object(CodeIgniter\CodeIgniter))
10 FCPATH\index.php(58): CodeIgniter\Boot::bootWeb(Object(Config\Paths))
CRITICAL - 2024-12-22 02:09:45 --> [Caused by] CodeIgniter\Database\Exceptions\DatabaseException: Table 'aoc.kerawanan' doesn't exist
in SYSTEMPATH\Database\MySQLi\Connection.php on line 313.
 1 SYSTEMPATH\Database\BaseConnection.php(722): CodeIgniter\Database\MySQLi\Connection->execute('SELECT `kecamatan`.*, `kelurahan`.`nama_kelurahan`, `kerawanan`.`status`, `warna`
FROM `kecamatan`
LEFT JOIN `kerawanan` ON `kerawanan`.`id_kecamatan` = `kecamatan`.`id_kecamatan`
RIGHT JOIN `kelurahan` ON `kelurahan`.`id_kecamatan` = `kecamatan`.`id_kecamatan`
WHERE `kelurahan`.`nama_kelurahan` = \'Tritih Wetan\'
AND `kecamatan`.`nama_kecamatan` = \'Jeruklegi\'')
 2 SYSTEMPATH\Database\BaseConnection.php(636): CodeIgniter\Database\BaseConnection->simpleQuery('SELECT `kecamatan`.*, `kelurahan`.`nama_kelurahan`, `kerawanan`.`status`, `warna`
FROM `kecamatan`
LEFT JOIN `kerawanan` ON `kerawanan`.`id_kecamatan` = `kecamatan`.`id_kecamatan`
RIGHT JOIN `kelurahan` ON `kelurahan`.`id_kecamatan` = `kecamatan`.`id_kecamatan`
WHERE `kelurahan`.`nama_kelurahan` = \'Tritih Wetan\'
AND `kecamatan`.`nama_kecamatan` = \'Jeruklegi\'')
 3 SYSTEMPATH\Database\BaseBuilder.php(1629): CodeIgniter\Database\BaseConnection->query('SELECT `kecamatan`.*, `kelurahan`.`nama_kelurahan`, `kerawanan`.`status`, `warna`
FROM `kecamatan`
LEFT JOIN `kerawanan` ON `kerawanan`.`id_kecamatan` = `kecamatan`.`id_kecamatan`
RIGHT JOIN `kelurahan` ON `kelurahan`.`id_kecamatan` = `kecamatan`.`id_kecamatan`
WHERE `kelurahan`.`nama_kelurahan` = :kelurahan.nama_kelurahan:
AND `kecamatan`.`nama_kecamatan` = :kecamatan.nama_kecamatan:', [...], false)
 4 SYSTEMPATH\Model.php(210): CodeIgniter\Database\BaseBuilder->get()
 5 SYSTEMPATH\BaseModel.php(610): CodeIgniter\Model->doFind(false, null)
 6 APPPATH\Controllers\Dashboard.php(64): CodeIgniter\BaseModel->find()
 7 SYSTEMPATH\CodeIgniter.php(933): App\Controllers\Dashboard->getData()
 8 SYSTEMPATH\CodeIgniter.php(509): CodeIgniter\CodeIgniter->runController(Object(App\Controllers\Dashboard))
 9 SYSTEMPATH\CodeIgniter.php(355): CodeIgniter\CodeIgniter->handleRequest(null, Object(Config\Cache), false)
10 SYSTEMPATH\Boot.php(312): CodeIgniter\CodeIgniter->run()
11 SYSTEMPATH\Boot.php(67): CodeIgniter\Boot::runCodeIgniter(Object(CodeIgniter\CodeIgniter))
12 FCPATH\index.php(58): CodeIgniter\Boot::bootWeb(Object(Config\Paths))
CRITICAL - 2024-12-22 02:09:45 --> [Caused by] mysqli_sql_exception: Table 'aoc.kerawanan' doesn't exist
in SYSTEMPATH\Database\MySQLi\Connection.php on line 308.
 1 SYSTEMPATH\Database\MySQLi\Connection.php(308): mysqli->query('SELECT `kecamatan`.*, `kelurahan`.`nama_kelurahan`, `kerawanan`.`status`, `warna`
FROM `kecamatan`
LEFT JOIN `kerawanan` ON `kerawanan`.`id_kecamatan` = `kecamatan`.`id_kecamatan`
RIGHT JOIN `kelurahan` ON `kelurahan`.`id_kecamatan` = `kecamatan`.`id_kecamatan`
WHERE `kelurahan`.`nama_kelurahan` = \'Tritih Wetan\'
AND `kecamatan`.`nama_kecamatan` = \'Jeruklegi\'', 0)
 2 SYSTEMPATH\Database\BaseConnection.php(722): CodeIgniter\Database\MySQLi\Connection->execute('SELECT `kecamatan`.*, `kelurahan`.`nama_kelurahan`, `kerawanan`.`status`, `warna`
FROM `kecamatan`
LEFT JOIN `kerawanan` ON `kerawanan`.`id_kecamatan` = `kecamatan`.`id_kecamatan`
RIGHT JOIN `kelurahan` ON `kelurahan`.`id_kecamatan` = `kecamatan`.`id_kecamatan`
WHERE `kelurahan`.`nama_kelurahan` = \'Tritih Wetan\'
AND `kecamatan`.`nama_kecamatan` = \'Jeruklegi\'')
 3 SYSTEMPATH\Database\BaseConnection.php(636): CodeIgniter\Database\BaseConnection->simpleQuery('SELECT `kecamatan`.*, `kelurahan`.`nama_kelurahan`, `kerawanan`.`status`, `warna`
FROM `kecamatan`
LEFT JOIN `kerawanan` ON `kerawanan`.`id_kecamatan` = `kecamatan`.`id_kecamatan`
RIGHT JOIN `kelurahan` ON `kelurahan`.`id_kecamatan` = `kecamatan`.`id_kecamatan`
WHERE `kelurahan`.`nama_kelurahan` = \'Tritih Wetan\'
AND `kecamatan`.`nama_kecamatan` = \'Jeruklegi\'')
 4 SYSTEMPATH\Database\BaseBuilder.php(1629): CodeIgniter\Database\BaseConnection->query('SELECT `kecamatan`.*, `kelurahan`.`nama_kelurahan`, `kerawanan`.`status`, `warna`
FROM `kecamatan`
LEFT JOIN `kerawanan` ON `kerawanan`.`id_kecamatan` = `kecamatan`.`id_kecamatan`
RIGHT JOIN `kelurahan` ON `kelurahan`.`id_kecamatan` = `kecamatan`.`id_kecamatan`
WHERE `kelurahan`.`nama_kelurahan` = :kelurahan.nama_kelurahan:
AND `kecamatan`.`nama_kecamatan` = :kecamatan.nama_kecamatan:', [...], false)
 5 SYSTEMPATH\Model.php(210): CodeIgniter\Database\BaseBuilder->get()
 6 SYSTEMPATH\BaseModel.php(610): CodeIgniter\Model->doFind(false, null)
 7 APPPATH\Controllers\Dashboard.php(64): CodeIgniter\BaseModel->find()
 8 SYSTEMPATH\CodeIgniter.php(933): App\Controllers\Dashboard->getData()
 9 SYSTEMPATH\CodeIgniter.php(509): CodeIgniter\CodeIgniter->runController(Object(App\Controllers\Dashboard))
10 SYSTEMPATH\CodeIgniter.php(355): CodeIgniter\CodeIgniter->handleRequest(null, Object(Config\Cache), false)
11 SYSTEMPATH\Boot.php(312): CodeIgniter\CodeIgniter->run()
12 SYSTEMPATH\Boot.php(67): CodeIgniter\Boot::runCodeIgniter(Object(CodeIgniter\CodeIgniter))
13 FCPATH\index.php(58): CodeIgniter\Boot::bootWeb(Object(Config\Paths))
ERROR - 2024-12-22 02:10:15 --> mysqli_sql_exception: Table 'aoc.kerawanan' doesn't exist in C:\xampp\htdocs\tawannarkobav2\system\Database\MySQLi\Connection.php:308
Stack trace:
#0 C:\xampp\htdocs\tawannarkobav2\system\Database\MySQLi\Connection.php(308): mysqli->query('SELECT `kecamat...', 0)
#1 C:\xampp\htdocs\tawannarkobav2\system\Database\BaseConnection.php(722): CodeIgniter\Database\MySQLi\Connection->execute('SELECT `kecamat...')
#2 C:\xampp\htdocs\tawannarkobav2\system\Database\BaseConnection.php(636): CodeIgniter\Database\BaseConnection->simpleQuery('SELECT `kecamat...')
#3 C:\xampp\htdocs\tawannarkobav2\system\Database\BaseBuilder.php(1629): CodeIgniter\Database\BaseConnection->query('SELECT `kecamat...', Array, false)
#4 C:\xampp\htdocs\tawannarkobav2\system\Model.php(210): CodeIgniter\Database\BaseBuilder->get()
#5 C:\xampp\htdocs\tawannarkobav2\system\BaseModel.php(610): CodeIgniter\Model->doFind(false, NULL)
#6 C:\xampp\htdocs\tawannarkobav2\app\Controllers\Dashboard.php(64): CodeIgniter\BaseModel->find()
#7 C:\xampp\htdocs\tawannarkobav2\system\CodeIgniter.php(933): App\Controllers\Dashboard->getData()
#8 C:\xampp\htdocs\tawannarkobav2\system\CodeIgniter.php(509): CodeIgniter\CodeIgniter->runController(Object(App\Controllers\Dashboard))
#9 C:\xampp\htdocs\tawannarkobav2\system\CodeIgniter.php(355): CodeIgniter\CodeIgniter->handleRequest(NULL, Object(Config\Cache), false)
#10 C:\xampp\htdocs\tawannarkobav2\system\Boot.php(312): CodeIgniter\CodeIgniter->run()
#11 C:\xampp\htdocs\tawannarkobav2\system\Boot.php(67): CodeIgniter\Boot::runCodeIgniter(Object(CodeIgniter\CodeIgniter))
#12 C:\xampp\htdocs\tawannarkobav2\index.php(58): CodeIgniter\Boot::bootWeb(Object(Config\Paths))
#13 {main}
CRITICAL - 2024-12-22 02:10:15 --> CodeIgniter\Database\Exceptions\DatabaseException: Table 'aoc.kerawanan' doesn't exist
[Method: GET, Route: getdata]
in SYSTEMPATH\Database\BaseConnection.php on line 676.
 1 SYSTEMPATH\Database\BaseBuilder.php(1629): CodeIgniter\Database\BaseConnection->query('SELECT `kecamatan`.*, `kelurahan`.`nama_kelurahan`, `kerawanan`.`status`, `warna`
FROM `kecamatan`
LEFT JOIN `kerawanan` ON `kerawanan`.`id_kecamatan` = `kecamatan`.`id_kecamatan`
RIGHT JOIN `kelurahan` ON `kelurahan`.`id_kecamatan` = `kecamatan`.`id_kecamatan`
WHERE `kelurahan`.`nama_kelurahan` = :kelurahan.nama_kelurahan:
AND `kecamatan`.`nama_kecamatan` = :kecamatan.nama_kecamatan:', [...], false)
 2 SYSTEMPATH\Model.php(210): CodeIgniter\Database\BaseBuilder->get()
 3 SYSTEMPATH\BaseModel.php(610): CodeIgniter\Model->doFind(false, null)
 4 APPPATH\Controllers\Dashboard.php(64): CodeIgniter\BaseModel->find()
 5 SYSTEMPATH\CodeIgniter.php(933): App\Controllers\Dashboard->getData()
 6 SYSTEMPATH\CodeIgniter.php(509): CodeIgniter\CodeIgniter->runController(Object(App\Controllers\Dashboard))
 7 SYSTEMPATH\CodeIgniter.php(355): CodeIgniter\CodeIgniter->handleRequest(null, Object(Config\Cache), false)
 8 SYSTEMPATH\Boot.php(312): CodeIgniter\CodeIgniter->run()
 9 SYSTEMPATH\Boot.php(67): CodeIgniter\Boot::runCodeIgniter(Object(CodeIgniter\CodeIgniter))
10 FCPATH\index.php(58): CodeIgniter\Boot::bootWeb(Object(Config\Paths))
CRITICAL - 2024-12-22 02:10:15 --> [Caused by] CodeIgniter\Database\Exceptions\DatabaseException: Table 'aoc.kerawanan' doesn't exist
in SYSTEMPATH\Database\MySQLi\Connection.php on line 313.
 1 SYSTEMPATH\Database\BaseConnection.php(722): CodeIgniter\Database\MySQLi\Connection->execute('SELECT `kecamatan`.*, `kelurahan`.`nama_kelurahan`, `kerawanan`.`status`, `warna`
FROM `kecamatan`
LEFT JOIN `kerawanan` ON `kerawanan`.`id_kecamatan` = `kecamatan`.`id_kecamatan`
RIGHT JOIN `kelurahan` ON `kelurahan`.`id_kecamatan` = `kecamatan`.`id_kecamatan`
WHERE `kelurahan`.`nama_kelurahan` = \'Mendala\'
AND `kecamatan`.`nama_kecamatan` = \'Jeruklegi\'')
 2 SYSTEMPATH\Database\BaseConnection.php(636): CodeIgniter\Database\BaseConnection->simpleQuery('SELECT `kecamatan`.*, `kelurahan`.`nama_kelurahan`, `kerawanan`.`status`, `warna`
FROM `kecamatan`
LEFT JOIN `kerawanan` ON `kerawanan`.`id_kecamatan` = `kecamatan`.`id_kecamatan`
RIGHT JOIN `kelurahan` ON `kelurahan`.`id_kecamatan` = `kecamatan`.`id_kecamatan`
WHERE `kelurahan`.`nama_kelurahan` = \'Mendala\'
AND `kecamatan`.`nama_kecamatan` = \'Jeruklegi\'')
 3 SYSTEMPATH\Database\BaseBuilder.php(1629): CodeIgniter\Database\BaseConnection->query('SELECT `kecamatan`.*, `kelurahan`.`nama_kelurahan`, `kerawanan`.`status`, `warna`
FROM `kecamatan`
LEFT JOIN `kerawanan` ON `kerawanan`.`id_kecamatan` = `kecamatan`.`id_kecamatan`
RIGHT JOIN `kelurahan` ON `kelurahan`.`id_kecamatan` = `kecamatan`.`id_kecamatan`
WHERE `kelurahan`.`nama_kelurahan` = :kelurahan.nama_kelurahan:
AND `kecamatan`.`nama_kecamatan` = :kecamatan.nama_kecamatan:', [...], false)
 4 SYSTEMPATH\Model.php(210): CodeIgniter\Database\BaseBuilder->get()
 5 SYSTEMPATH\BaseModel.php(610): CodeIgniter\Model->doFind(false, null)
 6 APPPATH\Controllers\Dashboard.php(64): CodeIgniter\BaseModel->find()
 7 SYSTEMPATH\CodeIgniter.php(933): App\Controllers\Dashboard->getData()
 8 SYSTEMPATH\CodeIgniter.php(509): CodeIgniter\CodeIgniter->runController(Object(App\Controllers\Dashboard))
 9 SYSTEMPATH\CodeIgniter.php(355): CodeIgniter\CodeIgniter->handleRequest(null, Object(Config\Cache), false)
10 SYSTEMPATH\Boot.php(312): CodeIgniter\CodeIgniter->run()
11 SYSTEMPATH\Boot.php(67): CodeIgniter\Boot::runCodeIgniter(Object(CodeIgniter\CodeIgniter))
12 FCPATH\index.php(58): CodeIgniter\Boot::bootWeb(Object(Config\Paths))
CRITICAL - 2024-12-22 02:10:15 --> [Caused by] mysqli_sql_exception: Table 'aoc.kerawanan' doesn't exist
in SYSTEMPATH\Database\MySQLi\Connection.php on line 308.
 1 SYSTEMPATH\Database\MySQLi\Connection.php(308): mysqli->query('SELECT `kecamatan`.*, `kelurahan`.`nama_kelurahan`, `kerawanan`.`status`, `warna`
FROM `kecamatan`
LEFT JOIN `kerawanan` ON `kerawanan`.`id_kecamatan` = `kecamatan`.`id_kecamatan`
RIGHT JOIN `kelurahan` ON `kelurahan`.`id_kecamatan` = `kecamatan`.`id_kecamatan`
WHERE `kelurahan`.`nama_kelurahan` = \'Mendala\'
AND `kecamatan`.`nama_kecamatan` = \'Jeruklegi\'', 0)
 2 SYSTEMPATH\Database\BaseConnection.php(722): CodeIgniter\Database\MySQLi\Connection->execute('SELECT `kecamatan`.*, `kelurahan`.`nama_kelurahan`, `kerawanan`.`status`, `warna`
FROM `kecamatan`
LEFT JOIN `kerawanan` ON `kerawanan`.`id_kecamatan` = `kecamatan`.`id_kecamatan`
RIGHT JOIN `kelurahan` ON `kelurahan`.`id_kecamatan` = `kecamatan`.`id_kecamatan`
WHERE `kelurahan`.`nama_kelurahan` = \'Mendala\'
AND `kecamatan`.`nama_kecamatan` = \'Jeruklegi\'')
 3 SYSTEMPATH\Database\BaseConnection.php(636): CodeIgniter\Database\BaseConnection->simpleQuery('SELECT `kecamatan`.*, `kelurahan`.`nama_kelurahan`, `kerawanan`.`status`, `warna`
FROM `kecamatan`
LEFT JOIN `kerawanan` ON `kerawanan`.`id_kecamatan` = `kecamatan`.`id_kecamatan`
RIGHT JOIN `kelurahan` ON `kelurahan`.`id_kecamatan` = `kecamatan`.`id_kecamatan`
WHERE `kelurahan`.`nama_kelurahan` = \'Mendala\'
AND `kecamatan`.`nama_kecamatan` = \'Jeruklegi\'')
 4 SYSTEMPATH\Database\BaseBuilder.php(1629): CodeIgniter\Database\BaseConnection->query('SELECT `kecamatan`.*, `kelurahan`.`nama_kelurahan`, `kerawanan`.`status`, `warna`
FROM `kecamatan`
LEFT JOIN `kerawanan` ON `kerawanan`.`id_kecamatan` = `kecamatan`.`id_kecamatan`
RIGHT JOIN `kelurahan` ON `kelurahan`.`id_kecamatan` = `kecamatan`.`id_kecamatan`
WHERE `kelurahan`.`nama_kelurahan` = :kelurahan.nama_kelurahan:
AND `kecamatan`.`nama_kecamatan` = :kecamatan.nama_kecamatan:', [...], false)
 5 SYSTEMPATH\Model.php(210): CodeIgniter\Database\BaseBuilder->get()
 6 SYSTEMPATH\BaseModel.php(610): CodeIgniter\Model->doFind(false, null)
 7 APPPATH\Controllers\Dashboard.php(64): CodeIgniter\BaseModel->find()
 8 SYSTEMPATH\CodeIgniter.php(933): App\Controllers\Dashboard->getData()
 9 SYSTEMPATH\CodeIgniter.php(509): CodeIgniter\CodeIgniter->runController(Object(App\Controllers\Dashboard))
10 SYSTEMPATH\CodeIgniter.php(355): CodeIgniter\CodeIgniter->handleRequest(null, Object(Config\Cache), false)
11 SYSTEMPATH\Boot.php(312): CodeIgniter\CodeIgniter->run()
12 SYSTEMPATH\Boot.php(67): CodeIgniter\Boot::runCodeIgniter(Object(CodeIgniter\CodeIgniter))
13 FCPATH\index.php(58): CodeIgniter\Boot::bootWeb(Object(Config\Paths))
CRITICAL - 2024-12-22 02:20:08 --> CodeIgniter\View\Exceptions\ViewException: Invalid file: "kelurahan/edit/(:any).php"
[Method: GET, Route: kelurahan/edit/kl01]
in SYSTEMPATH\Exceptions\FrameworkException.php on line 41.
 1 SYSTEMPATH\View\View.php(222): CodeIgniter\Exceptions\FrameworkException::forInvalidFile('kelurahan/edit/(:any).php')
 2 SYSTEMPATH\Common.php(1171): CodeIgniter\View\View->render('kelurahan/edit/(:any)', [], true)
 3 APPPATH\Controllers\Kelurahan.php(65): view('kelurahan/edit/(:any)', [...])
 4 SYSTEMPATH\CodeIgniter.php(933): App\Controllers\Kelurahan->edit('kl01')
 5 SYSTEMPATH\CodeIgniter.php(509): CodeIgniter\CodeIgniter->runController(Object(App\Controllers\Kelurahan))
 6 SYSTEMPATH\CodeIgniter.php(355): CodeIgniter\CodeIgniter->handleRequest(null, Object(Config\Cache), false)
 7 SYSTEMPATH\Boot.php(312): CodeIgniter\CodeIgniter->run()
 8 SYSTEMPATH\Boot.php(67): CodeIgniter\Boot::runCodeIgniter(Object(CodeIgniter\CodeIgniter))
 9 FCPATH\index.php(58): CodeIgniter\Boot::bootWeb(Object(Config\Paths))
CRITICAL - 2024-12-22 02:20:53 --> ErrorException: Undefined variable $kelurahan
[Method: GET, Route: kelurahan/edit/kl01]
in APPPATH\Views\kelurahan\edit.php on line 28.
 1 APPPATH\Views\kelurahan\edit.php(28): CodeIgniter\Debug\Exceptions->errorHandler(2, 'Undefined variable $kelurahan', 'C:\\xampp\\htdocs\\tawannarkobav2\\app\\Views\\kelurahan\\edit.php', 28)
 2 SYSTEMPATH\View\View.php(234): include('C:\\xampp\\htdocs\\tawannarkobav2\\app\\Views\\kelurahan\\edit.php')
 3 SYSTEMPATH\View\View.php(237): CodeIgniter\View\View->CodeIgniter\View\{closure}()
 4 SYSTEMPATH\Common.php(1171): CodeIgniter\View\View->render('kelurahan/edit', [], true)
 5 APPPATH\Controllers\Kelurahan.php(65): view('kelurahan/edit', [...])
 6 SYSTEMPATH\CodeIgniter.php(933): App\Controllers\Kelurahan->edit('kl01')
 7 SYSTEMPATH\CodeIgniter.php(509): CodeIgniter\CodeIgniter->runController(Object(App\Controllers\Kelurahan))
 8 SYSTEMPATH\CodeIgniter.php(355): CodeIgniter\CodeIgniter->handleRequest(null, Object(Config\Cache), false)
 9 SYSTEMPATH\Boot.php(312): CodeIgniter\CodeIgniter->run()
10 SYSTEMPATH\Boot.php(67): CodeIgniter\Boot::runCodeIgniter(Object(CodeIgniter\CodeIgniter))
11 FCPATH\index.php(58): CodeIgniter\Boot::bootWeb(Object(Config\Paths))
CRITICAL - 2024-12-22 02:21:11 --> Error: Cannot use object of type stdClass as array
[Method: GET, Route: kelurahan/edit/kl01]
in APPPATH\Views\kelurahan\edit.php on line 28.
 1 SYSTEMPATH\View\View.php(234): include()
 2 SYSTEMPATH\View\View.php(237): CodeIgniter\View\View->CodeIgniter\View\{closure}()
 3 SYSTEMPATH\Common.php(1171): CodeIgniter\View\View->render('kelurahan/edit', [], true)
 4 APPPATH\Controllers\Kelurahan.php(65): view('kelurahan/edit', [...])
 5 SYSTEMPATH\CodeIgniter.php(933): App\Controllers\Kelurahan->edit('kl01')
 6 SYSTEMPATH\CodeIgniter.php(509): CodeIgniter\CodeIgniter->runController(Object(App\Controllers\Kelurahan))
 7 SYSTEMPATH\CodeIgniter.php(355): CodeIgniter\CodeIgniter->handleRequest(null, Object(Config\Cache), false)
 8 SYSTEMPATH\Boot.php(312): CodeIgniter\CodeIgniter->run()
 9 SYSTEMPATH\Boot.php(67): CodeIgniter\Boot::runCodeIgniter(Object(CodeIgniter\CodeIgniter))
10 FCPATH\index.php(58): CodeIgniter\Boot::bootWeb(Object(Config\Paths))
CRITICAL - 2024-12-22 02:22:13 --> Error: Cannot use object of type stdClass as array
[Method: GET, Route: kelurahan/edit/kl01]
in APPPATH\Views\kelurahan\edit.php on line 36.
 1 SYSTEMPATH\View\View.php(234): include()
 2 SYSTEMPATH\View\View.php(237): CodeIgniter\View\View->CodeIgniter\View\{closure}()
 3 SYSTEMPATH\Common.php(1171): CodeIgniter\View\View->render('kelurahan/edit', [], true)
 4 APPPATH\Controllers\Kelurahan.php(65): view('kelurahan/edit', [...])
 5 SYSTEMPATH\CodeIgniter.php(933): App\Controllers\Kelurahan->edit('kl01')
 6 SYSTEMPATH\CodeIgniter.php(509): CodeIgniter\CodeIgniter->runController(Object(App\Controllers\Kelurahan))
 7 SYSTEMPATH\CodeIgniter.php(355): CodeIgniter\CodeIgniter->handleRequest(null, Object(Config\Cache), false)
 8 SYSTEMPATH\Boot.php(312): CodeIgniter\CodeIgniter->run()
 9 SYSTEMPATH\Boot.php(67): CodeIgniter\Boot::runCodeIgniter(Object(CodeIgniter\CodeIgniter))
10 FCPATH\index.php(58): CodeIgniter\Boot::bootWeb(Object(Config\Paths))
ERROR - 2024-12-22 02:25:04 --> mysqli_sql_exception: Table 'aoc.kerawanan' doesn't exist in C:\xampp\htdocs\tawannarkobav2\system\Database\MySQLi\Connection.php:308
Stack trace:
#0 C:\xampp\htdocs\tawannarkobav2\system\Database\MySQLi\Connection.php(308): mysqli->query('SELECT `kecamat...', 0)
#1 C:\xampp\htdocs\tawannarkobav2\system\Database\BaseConnection.php(722): CodeIgniter\Database\MySQLi\Connection->execute('SELECT `kecamat...')
#2 C:\xampp\htdocs\tawannarkobav2\system\Database\BaseConnection.php(636): CodeIgniter\Database\BaseConnection->simpleQuery('SELECT `kecamat...')
#3 C:\xampp\htdocs\tawannarkobav2\system\Database\BaseBuilder.php(1629): CodeIgniter\Database\BaseConnection->query('SELECT `kecamat...', Array, false)
#4 C:\xampp\htdocs\tawannarkobav2\system\Model.php(210): CodeIgniter\Database\BaseBuilder->get()
#5 C:\xampp\htdocs\tawannarkobav2\system\BaseModel.php(610): CodeIgniter\Model->doFind(false, NULL)
#6 C:\xampp\htdocs\tawannarkobav2\app\Controllers\Dashboard.php(64): CodeIgniter\BaseModel->find()
#7 C:\xampp\htdocs\tawannarkobav2\system\CodeIgniter.php(933): App\Controllers\Dashboard->getData()
#8 C:\xampp\htdocs\tawannarkobav2\system\CodeIgniter.php(509): CodeIgniter\CodeIgniter->runController(Object(App\Controllers\Dashboard))
#9 C:\xampp\htdocs\tawannarkobav2\system\CodeIgniter.php(355): CodeIgniter\CodeIgniter->handleRequest(NULL, Object(Config\Cache), false)
#10 C:\xampp\htdocs\tawannarkobav2\system\Boot.php(312): CodeIgniter\CodeIgniter->run()
#11 C:\xampp\htdocs\tawannarkobav2\system\Boot.php(67): CodeIgniter\Boot::runCodeIgniter(Object(CodeIgniter\CodeIgniter))
#12 C:\xampp\htdocs\tawannarkobav2\index.php(58): CodeIgniter\Boot::bootWeb(Object(Config\Paths))
#13 {main}
CRITICAL - 2024-12-22 02:25:04 --> CodeIgniter\Database\Exceptions\DatabaseException: Table 'aoc.kerawanan' doesn't exist
[Method: GET, Route: getdata]
in SYSTEMPATH\Database\BaseConnection.php on line 676.
 1 SYSTEMPATH\Database\BaseBuilder.php(1629): CodeIgniter\Database\BaseConnection->query('SELECT `kecamatan`.*, `kelurahan`.`nama_kelurahan`, `kerawanan`.`status`, `warna`
FROM `kecamatan`
LEFT JOIN `kerawanan` ON `kerawanan`.`id_kecamatan` = `kecamatan`.`id_kecamatan`
RIGHT JOIN `kelurahan` ON `kelurahan`.`id_kecamatan` = `kecamatan`.`id_kecamatan`
WHERE `kelurahan`.`nama_kelurahan` = :kelurahan.nama_kelurahan:
AND `kecamatan`.`nama_kecamatan` = :kecamatan.nama_kecamatan:', [...], false)
 2 SYSTEMPATH\Model.php(210): CodeIgniter\Database\BaseBuilder->get()
 3 SYSTEMPATH\BaseModel.php(610): CodeIgniter\Model->doFind(false, null)
 4 APPPATH\Controllers\Dashboard.php(64): CodeIgniter\BaseModel->find()
 5 SYSTEMPATH\CodeIgniter.php(933): App\Controllers\Dashboard->getData()
 6 SYSTEMPATH\CodeIgniter.php(509): CodeIgniter\CodeIgniter->runController(Object(App\Controllers\Dashboard))
 7 SYSTEMPATH\CodeIgniter.php(355): CodeIgniter\CodeIgniter->handleRequest(null, Object(Config\Cache), false)
 8 SYSTEMPATH\Boot.php(312): CodeIgniter\CodeIgniter->run()
 9 SYSTEMPATH\Boot.php(67): CodeIgniter\Boot::runCodeIgniter(Object(CodeIgniter\CodeIgniter))
10 FCPATH\index.php(58): CodeIgniter\Boot::bootWeb(Object(Config\Paths))
CRITICAL - 2024-12-22 02:25:04 --> [Caused by] CodeIgniter\Database\Exceptions\DatabaseException: Table 'aoc.kerawanan' doesn't exist
in SYSTEMPATH\Database\MySQLi\Connection.php on line 313.
 1 SYSTEMPATH\Database\BaseConnection.php(722): CodeIgniter\Database\MySQLi\Connection->execute('SELECT `kecamatan`.*, `kelurahan`.`nama_kelurahan`, `kerawanan`.`status`, `warna`
FROM `kecamatan`
LEFT JOIN `kerawanan` ON `kerawanan`.`id_kecamatan` = `kecamatan`.`id_kecamatan`
RIGHT JOIN `kelurahan` ON `kelurahan`.`id_kecamatan` = `kecamatan`.`id_kecamatan`
WHERE `kelurahan`.`nama_kelurahan` = \'Gunungsimping\'
AND `kecamatan`.`nama_kecamatan` = \'Cilacap Tengah\'')
 2 SYSTEMPATH\Database\BaseConnection.php(636): CodeIgniter\Database\BaseConnection->simpleQuery('SELECT `kecamatan`.*, `kelurahan`.`nama_kelurahan`, `kerawanan`.`status`, `warna`
FROM `kecamatan`
LEFT JOIN `kerawanan` ON `kerawanan`.`id_kecamatan` = `kecamatan`.`id_kecamatan`
RIGHT JOIN `kelurahan` ON `kelurahan`.`id_kecamatan` = `kecamatan`.`id_kecamatan`
WHERE `kelurahan`.`nama_kelurahan` = \'Gunungsimping\'
AND `kecamatan`.`nama_kecamatan` = \'Cilacap Tengah\'')
 3 SYSTEMPATH\Database\BaseBuilder.php(1629): CodeIgniter\Database\BaseConnection->query('SELECT `kecamatan`.*, `kelurahan`.`nama_kelurahan`, `kerawanan`.`status`, `warna`
FROM `kecamatan`
LEFT JOIN `kerawanan` ON `kerawanan`.`id_kecamatan` = `kecamatan`.`id_kecamatan`
RIGHT JOIN `kelurahan` ON `kelurahan`.`id_kecamatan` = `kecamatan`.`id_kecamatan`
WHERE `kelurahan`.`nama_kelurahan` = :kelurahan.nama_kelurahan:
AND `kecamatan`.`nama_kecamatan` = :kecamatan.nama_kecamatan:', [...], false)
 4 SYSTEMPATH\Model.php(210): CodeIgniter\Database\BaseBuilder->get()
 5 SYSTEMPATH\BaseModel.php(610): CodeIgniter\Model->doFind(false, null)
 6 APPPATH\Controllers\Dashboard.php(64): CodeIgniter\BaseModel->find()
 7 SYSTEMPATH\CodeIgniter.php(933): App\Controllers\Dashboard->getData()
 8 SYSTEMPATH\CodeIgniter.php(509): CodeIgniter\CodeIgniter->runController(Object(App\Controllers\Dashboard))
 9 SYSTEMPATH\CodeIgniter.php(355): CodeIgniter\CodeIgniter->handleRequest(null, Object(Config\Cache), false)
10 SYSTEMPATH\Boot.php(312): CodeIgniter\CodeIgniter->run()
11 SYSTEMPATH\Boot.php(67): CodeIgniter\Boot::runCodeIgniter(Object(CodeIgniter\CodeIgniter))
12 FCPATH\index.php(58): CodeIgniter\Boot::bootWeb(Object(Config\Paths))
CRITICAL - 2024-12-22 02:25:04 --> [Caused by] mysqli_sql_exception: Table 'aoc.kerawanan' doesn't exist
in SYSTEMPATH\Database\MySQLi\Connection.php on line 308.
 1 SYSTEMPATH\Database\MySQLi\Connection.php(308): mysqli->query('SELECT `kecamatan`.*, `kelurahan`.`nama_kelurahan`, `kerawanan`.`status`, `warna`
FROM `kecamatan`
LEFT JOIN `kerawanan` ON `kerawanan`.`id_kecamatan` = `kecamatan`.`id_kecamatan`
RIGHT JOIN `kelurahan` ON `kelurahan`.`id_kecamatan` = `kecamatan`.`id_kecamatan`
WHERE `kelurahan`.`nama_kelurahan` = \'Gunungsimping\'
AND `kecamatan`.`nama_kecamatan` = \'Cilacap Tengah\'', 0)
 2 SYSTEMPATH\Database\BaseConnection.php(722): CodeIgniter\Database\MySQLi\Connection->execute('SELECT `kecamatan`.*, `kelurahan`.`nama_kelurahan`, `kerawanan`.`status`, `warna`
FROM `kecamatan`
LEFT JOIN `kerawanan` ON `kerawanan`.`id_kecamatan` = `kecamatan`.`id_kecamatan`
RIGHT JOIN `kelurahan` ON `kelurahan`.`id_kecamatan` = `kecamatan`.`id_kecamatan`
WHERE `kelurahan`.`nama_kelurahan` = \'Gunungsimping\'
AND `kecamatan`.`nama_kecamatan` = \'Cilacap Tengah\'')
 3 SYSTEMPATH\Database\BaseConnection.php(636): CodeIgniter\Database\BaseConnection->simpleQuery('SELECT `kecamatan`.*, `kelurahan`.`nama_kelurahan`, `kerawanan`.`status`, `warna`
FROM `kecamatan`
LEFT JOIN `kerawanan` ON `kerawanan`.`id_kecamatan` = `kecamatan`.`id_kecamatan`
RIGHT JOIN `kelurahan` ON `kelurahan`.`id_kecamatan` = `kecamatan`.`id_kecamatan`
WHERE `kelurahan`.`nama_kelurahan` = \'Gunungsimping\'
AND `kecamatan`.`nama_kecamatan` = \'Cilacap Tengah\'')
 4 SYSTEMPATH\Database\BaseBuilder.php(1629): CodeIgniter\Database\BaseConnection->query('SELECT `kecamatan`.*, `kelurahan`.`nama_kelurahan`, `kerawanan`.`status`, `warna`
FROM `kecamatan`
LEFT JOIN `kerawanan` ON `kerawanan`.`id_kecamatan` = `kecamatan`.`id_kecamatan`
RIGHT JOIN `kelurahan` ON `kelurahan`.`id_kecamatan` = `kecamatan`.`id_kecamatan`
WHERE `kelurahan`.`nama_kelurahan` = :kelurahan.nama_kelurahan:
AND `kecamatan`.`nama_kecamatan` = :kecamatan.nama_kecamatan:', [...], false)
 5 SYSTEMPATH\Model.php(210): CodeIgniter\Database\BaseBuilder->get()
 6 SYSTEMPATH\BaseModel.php(610): CodeIgniter\Model->doFind(false, null)
 7 APPPATH\Controllers\Dashboard.php(64): CodeIgniter\BaseModel->find()
 8 SYSTEMPATH\CodeIgniter.php(933): App\Controllers\Dashboard->getData()
 9 SYSTEMPATH\CodeIgniter.php(509): CodeIgniter\CodeIgniter->runController(Object(App\Controllers\Dashboard))
10 SYSTEMPATH\CodeIgniter.php(355): CodeIgniter\CodeIgniter->handleRequest(null, Object(Config\Cache), false)
11 SYSTEMPATH\Boot.php(312): CodeIgniter\CodeIgniter->run()
12 SYSTEMPATH\Boot.php(67): CodeIgniter\Boot::runCodeIgniter(Object(CodeIgniter\CodeIgniter))
13 FCPATH\index.php(58): CodeIgniter\Boot::bootWeb(Object(Config\Paths))
ERROR - 2024-12-22 02:27:22 --> mysqli_sql_exception: Table 'aoc.kerawanan' doesn't exist in C:\xampp\htdocs\tawannarkobav2\system\Database\MySQLi\Connection.php:308
Stack trace:
#0 C:\xampp\htdocs\tawannarkobav2\system\Database\MySQLi\Connection.php(308): mysqli->query('SELECT `kecamat...', 0)
#1 C:\xampp\htdocs\tawannarkobav2\system\Database\BaseConnection.php(722): CodeIgniter\Database\MySQLi\Connection->execute('SELECT `kecamat...')
#2 C:\xampp\htdocs\tawannarkobav2\system\Database\BaseConnection.php(636): CodeIgniter\Database\BaseConnection->simpleQuery('SELECT `kecamat...')
#3 C:\xampp\htdocs\tawannarkobav2\system\Database\BaseBuilder.php(1629): CodeIgniter\Database\BaseConnection->query('SELECT `kecamat...', Array, false)
#4 C:\xampp\htdocs\tawannarkobav2\system\Model.php(210): CodeIgniter\Database\BaseBuilder->get()
#5 C:\xampp\htdocs\tawannarkobav2\system\BaseModel.php(610): CodeIgniter\Model->doFind(false, NULL)
#6 C:\xampp\htdocs\tawannarkobav2\app\Controllers\Dashboard.php(64): CodeIgniter\BaseModel->find()
#7 C:\xampp\htdocs\tawannarkobav2\system\CodeIgniter.php(933): App\Controllers\Dashboard->getData()
#8 C:\xampp\htdocs\tawannarkobav2\system\CodeIgniter.php(509): CodeIgniter\CodeIgniter->runController(Object(App\Controllers\Dashboard))
#9 C:\xampp\htdocs\tawannarkobav2\system\CodeIgniter.php(355): CodeIgniter\CodeIgniter->handleRequest(NULL, Object(Config\Cache), false)
#10 C:\xampp\htdocs\tawannarkobav2\system\Boot.php(312): CodeIgniter\CodeIgniter->run()
#11 C:\xampp\htdocs\tawannarkobav2\system\Boot.php(67): CodeIgniter\Boot::runCodeIgniter(Object(CodeIgniter\CodeIgniter))
#12 C:\xampp\htdocs\tawannarkobav2\index.php(58): CodeIgniter\Boot::bootWeb(Object(Config\Paths))
#13 {main}
CRITICAL - 2024-12-22 02:27:22 --> CodeIgniter\Database\Exceptions\DatabaseException: Table 'aoc.kerawanan' doesn't exist
[Method: GET, Route: getdata]
in SYSTEMPATH\Database\BaseConnection.php on line 676.
 1 SYSTEMPATH\Database\BaseBuilder.php(1629): CodeIgniter\Database\BaseConnection->query('SELECT `kecamatan`.*, `kelurahan`.`nama_kelurahan`, `kerawanan`.`status`, `warna`
FROM `kecamatan`
LEFT JOIN `kerawanan` ON `kerawanan`.`id_kecamatan` = `kecamatan`.`id_kecamatan`
RIGHT JOIN `kelurahan` ON `kelurahan`.`id_kecamatan` = `kecamatan`.`id_kecamatan`
WHERE `kelurahan`.`nama_kelurahan` = :kelurahan.nama_kelurahan:
AND `kecamatan`.`nama_kecamatan` = :kecamatan.nama_kecamatan:', [...], false)
 2 SYSTEMPATH\Model.php(210): CodeIgniter\Database\BaseBuilder->get()
 3 SYSTEMPATH\BaseModel.php(610): CodeIgniter\Model->doFind(false, null)
 4 APPPATH\Controllers\Dashboard.php(64): CodeIgniter\BaseModel->find()
 5 SYSTEMPATH\CodeIgniter.php(933): App\Controllers\Dashboard->getData()
 6 SYSTEMPATH\CodeIgniter.php(509): CodeIgniter\CodeIgniter->runController(Object(App\Controllers\Dashboard))
 7 SYSTEMPATH\CodeIgniter.php(355): CodeIgniter\CodeIgniter->handleRequest(null, Object(Config\Cache), false)
 8 SYSTEMPATH\Boot.php(312): CodeIgniter\CodeIgniter->run()
 9 SYSTEMPATH\Boot.php(67): CodeIgniter\Boot::runCodeIgniter(Object(CodeIgniter\CodeIgniter))
10 FCPATH\index.php(58): CodeIgniter\Boot::bootWeb(Object(Config\Paths))
CRITICAL - 2024-12-22 02:27:22 --> [Caused by] CodeIgniter\Database\Exceptions\DatabaseException: Table 'aoc.kerawanan' doesn't exist
in SYSTEMPATH\Database\MySQLi\Connection.php on line 313.
 1 SYSTEMPATH\Database\BaseConnection.php(722): CodeIgniter\Database\MySQLi\Connection->execute('SELECT `kecamatan`.*, `kelurahan`.`nama_kelurahan`, `kerawanan`.`status`, `warna`
FROM `kecamatan`
LEFT JOIN `kerawanan` ON `kerawanan`.`id_kecamatan` = `kecamatan`.`id_kecamatan`
RIGHT JOIN `kelurahan` ON `kelurahan`.`id_kecamatan` = `kecamatan`.`id_kecamatan`
WHERE `kelurahan`.`nama_kelurahan` = \'Tritih Wetan\'
AND `kecamatan`.`nama_kecamatan` = \'Jeruklegi\'')
 2 SYSTEMPATH\Database\BaseConnection.php(636): CodeIgniter\Database\BaseConnection->simpleQuery('SELECT `kecamatan`.*, `kelurahan`.`nama_kelurahan`, `kerawanan`.`status`, `warna`
FROM `kecamatan`
LEFT JOIN `kerawanan` ON `kerawanan`.`id_kecamatan` = `kecamatan`.`id_kecamatan`
RIGHT JOIN `kelurahan` ON `kelurahan`.`id_kecamatan` = `kecamatan`.`id_kecamatan`
WHERE `kelurahan`.`nama_kelurahan` = \'Tritih Wetan\'
AND `kecamatan`.`nama_kecamatan` = \'Jeruklegi\'')
 3 SYSTEMPATH\Database\BaseBuilder.php(1629): CodeIgniter\Database\BaseConnection->query('SELECT `kecamatan`.*, `kelurahan`.`nama_kelurahan`, `kerawanan`.`status`, `warna`
FROM `kecamatan`
LEFT JOIN `kerawanan` ON `kerawanan`.`id_kecamatan` = `kecamatan`.`id_kecamatan`
RIGHT JOIN `kelurahan` ON `kelurahan`.`id_kecamatan` = `kecamatan`.`id_kecamatan`
WHERE `kelurahan`.`nama_kelurahan` = :kelurahan.nama_kelurahan:
AND `kecamatan`.`nama_kecamatan` = :kecamatan.nama_kecamatan:', [...], false)
 4 SYSTEMPATH\Model.php(210): CodeIgniter\Database\BaseBuilder->get()
 5 SYSTEMPATH\BaseModel.php(610): CodeIgniter\Model->doFind(false, null)
 6 APPPATH\Controllers\Dashboard.php(64): CodeIgniter\BaseModel->find()
 7 SYSTEMPATH\CodeIgniter.php(933): App\Controllers\Dashboard->getData()
 8 SYSTEMPATH\CodeIgniter.php(509): CodeIgniter\CodeIgniter->runController(Object(App\Controllers\Dashboard))
 9 SYSTEMPATH\CodeIgniter.php(355): CodeIgniter\CodeIgniter->handleRequest(null, Object(Config\Cache), false)
10 SYSTEMPATH\Boot.php(312): CodeIgniter\CodeIgniter->run()
11 SYSTEMPATH\Boot.php(67): CodeIgniter\Boot::runCodeIgniter(Object(CodeIgniter\CodeIgniter))
12 FCPATH\index.php(58): CodeIgniter\Boot::bootWeb(Object(Config\Paths))
CRITICAL - 2024-12-22 02:27:22 --> [Caused by] mysqli_sql_exception: Table 'aoc.kerawanan' doesn't exist
in SYSTEMPATH\Database\MySQLi\Connection.php on line 308.
 1 SYSTEMPATH\Database\MySQLi\Connection.php(308): mysqli->query('SELECT `kecamatan`.*, `kelurahan`.`nama_kelurahan`, `kerawanan`.`status`, `warna`
FROM `kecamatan`
LEFT JOIN `kerawanan` ON `kerawanan`.`id_kecamatan` = `kecamatan`.`id_kecamatan`
RIGHT JOIN `kelurahan` ON `kelurahan`.`id_kecamatan` = `kecamatan`.`id_kecamatan`
WHERE `kelurahan`.`nama_kelurahan` = \'Tritih Wetan\'
AND `kecamatan`.`nama_kecamatan` = \'Jeruklegi\'', 0)
 2 SYSTEMPATH\Database\BaseConnection.php(722): CodeIgniter\Database\MySQLi\Connection->execute('SELECT `kecamatan`.*, `kelurahan`.`nama_kelurahan`, `kerawanan`.`status`, `warna`
FROM `kecamatan`
LEFT JOIN `kerawanan` ON `kerawanan`.`id_kecamatan` = `kecamatan`.`id_kecamatan`
RIGHT JOIN `kelurahan` ON `kelurahan`.`id_kecamatan` = `kecamatan`.`id_kecamatan`
WHERE `kelurahan`.`nama_kelurahan` = \'Tritih Wetan\'
AND `kecamatan`.`nama_kecamatan` = \'Jeruklegi\'')
 3 SYSTEMPATH\Database\BaseConnection.php(636): CodeIgniter\Database\BaseConnection->simpleQuery('SELECT `kecamatan`.*, `kelurahan`.`nama_kelurahan`, `kerawanan`.`status`, `warna`
FROM `kecamatan`
LEFT JOIN `kerawanan` ON `kerawanan`.`id_kecamatan` = `kecamatan`.`id_kecamatan`
RIGHT JOIN `kelurahan` ON `kelurahan`.`id_kecamatan` = `kecamatan`.`id_kecamatan`
WHERE `kelurahan`.`nama_kelurahan` = \'Tritih Wetan\'
AND `kecamatan`.`nama_kecamatan` = \'Jeruklegi\'')
 4 SYSTEMPATH\Database\BaseBuilder.php(1629): CodeIgniter\Database\BaseConnection->query('SELECT `kecamatan`.*, `kelurahan`.`nama_kelurahan`, `kerawanan`.`status`, `warna`
FROM `kecamatan`
LEFT JOIN `kerawanan` ON `kerawanan`.`id_kecamatan` = `kecamatan`.`id_kecamatan`
RIGHT JOIN `kelurahan` ON `kelurahan`.`id_kecamatan` = `kecamatan`.`id_kecamatan`
WHERE `kelurahan`.`nama_kelurahan` = :kelurahan.nama_kelurahan:
AND `kecamatan`.`nama_kecamatan` = :kecamatan.nama_kecamatan:', [...], false)
 5 SYSTEMPATH\Model.php(210): CodeIgniter\Database\BaseBuilder->get()
 6 SYSTEMPATH\BaseModel.php(610): CodeIgniter\Model->doFind(false, null)
 7 APPPATH\Controllers\Dashboard.php(64): CodeIgniter\BaseModel->find()
 8 SYSTEMPATH\CodeIgniter.php(933): App\Controllers\Dashboard->getData()
 9 SYSTEMPATH\CodeIgniter.php(509): CodeIgniter\CodeIgniter->runController(Object(App\Controllers\Dashboard))
10 SYSTEMPATH\CodeIgniter.php(355): CodeIgniter\CodeIgniter->handleRequest(null, Object(Config\Cache), false)
11 SYSTEMPATH\Boot.php(312): CodeIgniter\CodeIgniter->run()
12 SYSTEMPATH\Boot.php(67): CodeIgniter\Boot::runCodeIgniter(Object(CodeIgniter\CodeIgniter))
13 FCPATH\index.php(58): CodeIgniter\Boot::bootWeb(Object(Config\Paths))
ERROR - 2024-12-22 02:29:32 --> mysqli_sql_exception: Table 'aoc.kerawanan' doesn't exist in C:\xampp\htdocs\tawannarkobav2\system\Database\MySQLi\Connection.php:308
Stack trace:
#0 C:\xampp\htdocs\tawannarkobav2\system\Database\MySQLi\Connection.php(308): mysqli->query('SELECT `kecamat...', 0)
#1 C:\xampp\htdocs\tawannarkobav2\system\Database\BaseConnection.php(722): CodeIgniter\Database\MySQLi\Connection->execute('SELECT `kecamat...')
#2 C:\xampp\htdocs\tawannarkobav2\system\Database\BaseConnection.php(636): CodeIgniter\Database\BaseConnection->simpleQuery('SELECT `kecamat...')
#3 C:\xampp\htdocs\tawannarkobav2\system\Database\BaseBuilder.php(1629): CodeIgniter\Database\BaseConnection->query('SELECT `kecamat...', Array, false)
#4 C:\xampp\htdocs\tawannarkobav2\system\Model.php(210): CodeIgniter\Database\BaseBuilder->get()
#5 C:\xampp\htdocs\tawannarkobav2\system\BaseModel.php(610): CodeIgniter\Model->doFind(false, NULL)
#6 C:\xampp\htdocs\tawannarkobav2\app\Controllers\Dashboard.php(64): CodeIgniter\BaseModel->find()
#7 C:\xampp\htdocs\tawannarkobav2\system\CodeIgniter.php(933): App\Controllers\Dashboard->getData()
#8 C:\xampp\htdocs\tawannarkobav2\system\CodeIgniter.php(509): CodeIgniter\CodeIgniter->runController(Object(App\Controllers\Dashboard))
#9 C:\xampp\htdocs\tawannarkobav2\system\CodeIgniter.php(355): CodeIgniter\CodeIgniter->handleRequest(NULL, Object(Config\Cache), false)
#10 C:\xampp\htdocs\tawannarkobav2\system\Boot.php(312): CodeIgniter\CodeIgniter->run()
#11 C:\xampp\htdocs\tawannarkobav2\system\Boot.php(67): CodeIgniter\Boot::runCodeIgniter(Object(CodeIgniter\CodeIgniter))
#12 C:\xampp\htdocs\tawannarkobav2\index.php(58): CodeIgniter\Boot::bootWeb(Object(Config\Paths))
#13 {main}
CRITICAL - 2024-12-22 02:29:32 --> CodeIgniter\Database\Exceptions\DatabaseException: Table 'aoc.kerawanan' doesn't exist
[Method: GET, Route: getdata]
in SYSTEMPATH\Database\BaseConnection.php on line 676.
 1 SYSTEMPATH\Database\BaseBuilder.php(1629): CodeIgniter\Database\BaseConnection->query('SELECT `kecamatan`.*, `kelurahan`.`nama_kelurahan`, `kerawanan`.`status`, `warna`
FROM `kecamatan`
LEFT JOIN `kerawanan` ON `kerawanan`.`id_kecamatan` = `kecamatan`.`id_kecamatan`
RIGHT JOIN `kelurahan` ON `kelurahan`.`id_kecamatan` = `kecamatan`.`id_kecamatan`
WHERE `kelurahan`.`nama_kelurahan` = :kelurahan.nama_kelurahan:
AND `kecamatan`.`nama_kecamatan` = :kecamatan.nama_kecamatan:', [...], false)
 2 SYSTEMPATH\Model.php(210): CodeIgniter\Database\BaseBuilder->get()
 3 SYSTEMPATH\BaseModel.php(610): CodeIgniter\Model->doFind(false, null)
 4 APPPATH\Controllers\Dashboard.php(64): CodeIgniter\BaseModel->find()
 5 SYSTEMPATH\CodeIgniter.php(933): App\Controllers\Dashboard->getData()
 6 SYSTEMPATH\CodeIgniter.php(509): CodeIgniter\CodeIgniter->runController(Object(App\Controllers\Dashboard))
 7 SYSTEMPATH\CodeIgniter.php(355): CodeIgniter\CodeIgniter->handleRequest(null, Object(Config\Cache), false)
 8 SYSTEMPATH\Boot.php(312): CodeIgniter\CodeIgniter->run()
 9 SYSTEMPATH\Boot.php(67): CodeIgniter\Boot::runCodeIgniter(Object(CodeIgniter\CodeIgniter))
10 FCPATH\index.php(58): CodeIgniter\Boot::bootWeb(Object(Config\Paths))
CRITICAL - 2024-12-22 02:29:32 --> [Caused by] CodeIgniter\Database\Exceptions\DatabaseException: Table 'aoc.kerawanan' doesn't exist
in SYSTEMPATH\Database\MySQLi\Connection.php on line 313.
 1 SYSTEMPATH\Database\BaseConnection.php(722): CodeIgniter\Database\MySQLi\Connection->execute('SELECT `kecamatan`.*, `kelurahan`.`nama_kelurahan`, `kerawanan`.`status`, `warna`
FROM `kecamatan`
LEFT JOIN `kerawanan` ON `kerawanan`.`id_kecamatan` = `kecamatan`.`id_kecamatan`
RIGHT JOIN `kelurahan` ON `kelurahan`.`id_kecamatan` = `kecamatan`.`id_kecamatan`
WHERE `kelurahan`.`nama_kelurahan` = \'Mertasinga\'
AND `kecamatan`.`nama_kecamatan` = \'Cilacap Utara\'')
 2 SYSTEMPATH\Database\BaseConnection.php(636): CodeIgniter\Database\BaseConnection->simpleQuery('SELECT `kecamatan`.*, `kelurahan`.`nama_kelurahan`, `kerawanan`.`status`, `warna`
FROM `kecamatan`
LEFT JOIN `kerawanan` ON `kerawanan`.`id_kecamatan` = `kecamatan`.`id_kecamatan`
RIGHT JOIN `kelurahan` ON `kelurahan`.`id_kecamatan` = `kecamatan`.`id_kecamatan`
WHERE `kelurahan`.`nama_kelurahan` = \'Mertasinga\'
AND `kecamatan`.`nama_kecamatan` = \'Cilacap Utara\'')
 3 SYSTEMPATH\Database\BaseBuilder.php(1629): CodeIgniter\Database\BaseConnection->query('SELECT `kecamatan`.*, `kelurahan`.`nama_kelurahan`, `kerawanan`.`status`, `warna`
FROM `kecamatan`
LEFT JOIN `kerawanan` ON `kerawanan`.`id_kecamatan` = `kecamatan`.`id_kecamatan`
RIGHT JOIN `kelurahan` ON `kelurahan`.`id_kecamatan` = `kecamatan`.`id_kecamatan`
WHERE `kelurahan`.`nama_kelurahan` = :kelurahan.nama_kelurahan:
AND `kecamatan`.`nama_kecamatan` = :kecamatan.nama_kecamatan:', [...], false)
 4 SYSTEMPATH\Model.php(210): CodeIgniter\Database\BaseBuilder->get()
 5 SYSTEMPATH\BaseModel.php(610): CodeIgniter\Model->doFind(false, null)
 6 APPPATH\Controllers\Dashboard.php(64): CodeIgniter\BaseModel->find()
 7 SYSTEMPATH\CodeIgniter.php(933): App\Controllers\Dashboard->getData()
 8 SYSTEMPATH\CodeIgniter.php(509): CodeIgniter\CodeIgniter->runController(Object(App\Controllers\Dashboard))
 9 SYSTEMPATH\CodeIgniter.php(355): CodeIgniter\CodeIgniter->handleRequest(null, Object(Config\Cache), false)
10 SYSTEMPATH\Boot.php(312): CodeIgniter\CodeIgniter->run()
11 SYSTEMPATH\Boot.php(67): CodeIgniter\Boot::runCodeIgniter(Object(CodeIgniter\CodeIgniter))
12 FCPATH\index.php(58): CodeIgniter\Boot::bootWeb(Object(Config\Paths))
CRITICAL - 2024-12-22 02:29:32 --> [Caused by] mysqli_sql_exception: Table 'aoc.kerawanan' doesn't exist
in SYSTEMPATH\Database\MySQLi\Connection.php on line 308.
 1 SYSTEMPATH\Database\MySQLi\Connection.php(308): mysqli->query('SELECT `kecamatan`.*, `kelurahan`.`nama_kelurahan`, `kerawanan`.`status`, `warna`
FROM `kecamatan`
LEFT JOIN `kerawanan` ON `kerawanan`.`id_kecamatan` = `kecamatan`.`id_kecamatan`
RIGHT JOIN `kelurahan` ON `kelurahan`.`id_kecamatan` = `kecamatan`.`id_kecamatan`
WHERE `kelurahan`.`nama_kelurahan` = \'Mertasinga\'
AND `kecamatan`.`nama_kecamatan` = \'Cilacap Utara\'', 0)
 2 SYSTEMPATH\Database\BaseConnection.php(722): CodeIgniter\Database\MySQLi\Connection->execute('SELECT `kecamatan`.*, `kelurahan`.`nama_kelurahan`, `kerawanan`.`status`, `warna`
FROM `kecamatan`
LEFT JOIN `kerawanan` ON `kerawanan`.`id_kecamatan` = `kecamatan`.`id_kecamatan`
RIGHT JOIN `kelurahan` ON `kelurahan`.`id_kecamatan` = `kecamatan`.`id_kecamatan`
WHERE `kelurahan`.`nama_kelurahan` = \'Mertasinga\'
AND `kecamatan`.`nama_kecamatan` = \'Cilacap Utara\'')
 3 SYSTEMPATH\Database\BaseConnection.php(636): CodeIgniter\Database\BaseConnection->simpleQuery('SELECT `kecamatan`.*, `kelurahan`.`nama_kelurahan`, `kerawanan`.`status`, `warna`
FROM `kecamatan`
LEFT JOIN `kerawanan` ON `kerawanan`.`id_kecamatan` = `kecamatan`.`id_kecamatan`
RIGHT JOIN `kelurahan` ON `kelurahan`.`id_kecamatan` = `kecamatan`.`id_kecamatan`
WHERE `kelurahan`.`nama_kelurahan` = \'Mertasinga\'
AND `kecamatan`.`nama_kecamatan` = \'Cilacap Utara\'')
 4 SYSTEMPATH\Database\BaseBuilder.php(1629): CodeIgniter\Database\BaseConnection->query('SELECT `kecamatan`.*, `kelurahan`.`nama_kelurahan`, `kerawanan`.`status`, `warna`
FROM `kecamatan`
LEFT JOIN `kerawanan` ON `kerawanan`.`id_kecamatan` = `kecamatan`.`id_kecamatan`
RIGHT JOIN `kelurahan` ON `kelurahan`.`id_kecamatan` = `kecamatan`.`id_kecamatan`
WHERE `kelurahan`.`nama_kelurahan` = :kelurahan.nama_kelurahan:
AND `kecamatan`.`nama_kecamatan` = :kecamatan.nama_kecamatan:', [...], false)
 5 SYSTEMPATH\Model.php(210): CodeIgniter\Database\BaseBuilder->get()
 6 SYSTEMPATH\BaseModel.php(610): CodeIgniter\Model->doFind(false, null)
 7 APPPATH\Controllers\Dashboard.php(64): CodeIgniter\BaseModel->find()
 8 SYSTEMPATH\CodeIgniter.php(933): App\Controllers\Dashboard->getData()
 9 SYSTEMPATH\CodeIgniter.php(509): CodeIgniter\CodeIgniter->runController(Object(App\Controllers\Dashboard))
10 SYSTEMPATH\CodeIgniter.php(355): CodeIgniter\CodeIgniter->handleRequest(null, Object(Config\Cache), false)
11 SYSTEMPATH\Boot.php(312): CodeIgniter\CodeIgniter->run()
12 SYSTEMPATH\Boot.php(67): CodeIgniter\Boot::runCodeIgniter(Object(CodeIgniter\CodeIgniter))
13 FCPATH\index.php(58): CodeIgniter\Boot::bootWeb(Object(Config\Paths))
ERROR - 2024-12-22 02:30:25 --> mysqli_sql_exception: Table 'aoc.kerawanan' doesn't exist in C:\xampp\htdocs\tawannarkobav2\system\Database\MySQLi\Connection.php:308
Stack trace:
#0 C:\xampp\htdocs\tawannarkobav2\system\Database\MySQLi\Connection.php(308): mysqli->query('SELECT `kecamat...', 0)
#1 C:\xampp\htdocs\tawannarkobav2\system\Database\BaseConnection.php(722): CodeIgniter\Database\MySQLi\Connection->execute('SELECT `kecamat...')
#2 C:\xampp\htdocs\tawannarkobav2\system\Database\BaseConnection.php(636): CodeIgniter\Database\BaseConnection->simpleQuery('SELECT `kecamat...')
#3 C:\xampp\htdocs\tawannarkobav2\system\Database\BaseBuilder.php(1629): CodeIgniter\Database\BaseConnection->query('SELECT `kecamat...', Array, false)
#4 C:\xampp\htdocs\tawannarkobav2\system\Model.php(210): CodeIgniter\Database\BaseBuilder->get()
#5 C:\xampp\htdocs\tawannarkobav2\system\BaseModel.php(610): CodeIgniter\Model->doFind(false, NULL)
#6 C:\xampp\htdocs\tawannarkobav2\app\Controllers\Dashboard.php(64): CodeIgniter\BaseModel->find()
#7 C:\xampp\htdocs\tawannarkobav2\system\CodeIgniter.php(933): App\Controllers\Dashboard->getData()
#8 C:\xampp\htdocs\tawannarkobav2\system\CodeIgniter.php(509): CodeIgniter\CodeIgniter->runController(Object(App\Controllers\Dashboard))
#9 C:\xampp\htdocs\tawannarkobav2\system\CodeIgniter.php(355): CodeIgniter\CodeIgniter->handleRequest(NULL, Object(Config\Cache), false)
#10 C:\xampp\htdocs\tawannarkobav2\system\Boot.php(312): CodeIgniter\CodeIgniter->run()
#11 C:\xampp\htdocs\tawannarkobav2\system\Boot.php(67): CodeIgniter\Boot::runCodeIgniter(Object(CodeIgniter\CodeIgniter))
#12 C:\xampp\htdocs\tawannarkobav2\index.php(58): CodeIgniter\Boot::bootWeb(Object(Config\Paths))
#13 {main}
CRITICAL - 2024-12-22 02:30:25 --> CodeIgniter\Database\Exceptions\DatabaseException: Table 'aoc.kerawanan' doesn't exist
[Method: GET, Route: getdata]
in SYSTEMPATH\Database\BaseConnection.php on line 676.
 1 SYSTEMPATH\Database\BaseBuilder.php(1629): CodeIgniter\Database\BaseConnection->query('SELECT `kecamatan`.*, `kelurahan`.`nama_kelurahan`, `kerawanan`.`status`, `warna`
FROM `kecamatan`
LEFT JOIN `kerawanan` ON `kerawanan`.`id_kecamatan` = `kecamatan`.`id_kecamatan`
RIGHT JOIN `kelurahan` ON `kelurahan`.`id_kecamatan` = `kecamatan`.`id_kecamatan`
WHERE `kelurahan`.`nama_kelurahan` = :kelurahan.nama_kelurahan:
AND `kecamatan`.`nama_kecamatan` = :kecamatan.nama_kecamatan:', [...], false)
 2 SYSTEMPATH\Model.php(210): CodeIgniter\Database\BaseBuilder->get()
 3 SYSTEMPATH\BaseModel.php(610): CodeIgniter\Model->doFind(false, null)
 4 APPPATH\Controllers\Dashboard.php(64): CodeIgniter\BaseModel->find()
 5 SYSTEMPATH\CodeIgniter.php(933): App\Controllers\Dashboard->getData()
 6 SYSTEMPATH\CodeIgniter.php(509): CodeIgniter\CodeIgniter->runController(Object(App\Controllers\Dashboard))
 7 SYSTEMPATH\CodeIgniter.php(355): CodeIgniter\CodeIgniter->handleRequest(null, Object(Config\Cache), false)
 8 SYSTEMPATH\Boot.php(312): CodeIgniter\CodeIgniter->run()
 9 SYSTEMPATH\Boot.php(67): CodeIgniter\Boot::runCodeIgniter(Object(CodeIgniter\CodeIgniter))
10 FCPATH\index.php(58): CodeIgniter\Boot::bootWeb(Object(Config\Paths))
CRITICAL - 2024-12-22 02:30:25 --> [Caused by] CodeIgniter\Database\Exceptions\DatabaseException: Table 'aoc.kerawanan' doesn't exist
in SYSTEMPATH\Database\MySQLi\Connection.php on line 313.
 1 SYSTEMPATH\Database\BaseConnection.php(722): CodeIgniter\Database\MySQLi\Connection->execute('SELECT `kecamatan`.*, `kelurahan`.`nama_kelurahan`, `kerawanan`.`status`, `warna`
FROM `kecamatan`
LEFT JOIN `kerawanan` ON `kerawanan`.`id_kecamatan` = `kecamatan`.`id_kecamatan`
RIGHT JOIN `kelurahan` ON `kelurahan`.`id_kecamatan` = `kecamatan`.`id_kecamatan`
WHERE `kelurahan`.`nama_kelurahan` = \'Mertasinga\'
AND `kecamatan`.`nama_kecamatan` = \'Cilacap Utara\'')
 2 SYSTEMPATH\Database\BaseConnection.php(636): CodeIgniter\Database\BaseConnection->simpleQuery('SELECT `kecamatan`.*, `kelurahan`.`nama_kelurahan`, `kerawanan`.`status`, `warna`
FROM `kecamatan`
LEFT JOIN `kerawanan` ON `kerawanan`.`id_kecamatan` = `kecamatan`.`id_kecamatan`
RIGHT JOIN `kelurahan` ON `kelurahan`.`id_kecamatan` = `kecamatan`.`id_kecamatan`
WHERE `kelurahan`.`nama_kelurahan` = \'Mertasinga\'
AND `kecamatan`.`nama_kecamatan` = \'Cilacap Utara\'')
 3 SYSTEMPATH\Database\BaseBuilder.php(1629): CodeIgniter\Database\BaseConnection->query('SELECT `kecamatan`.*, `kelurahan`.`nama_kelurahan`, `kerawanan`.`status`, `warna`
FROM `kecamatan`
LEFT JOIN `kerawanan` ON `kerawanan`.`id_kecamatan` = `kecamatan`.`id_kecamatan`
RIGHT JOIN `kelurahan` ON `kelurahan`.`id_kecamatan` = `kecamatan`.`id_kecamatan`
WHERE `kelurahan`.`nama_kelurahan` = :kelurahan.nama_kelurahan:
AND `kecamatan`.`nama_kecamatan` = :kecamatan.nama_kecamatan:', [...], false)
 4 SYSTEMPATH\Model.php(210): CodeIgniter\Database\BaseBuilder->get()
 5 SYSTEMPATH\BaseModel.php(610): CodeIgniter\Model->doFind(false, null)
 6 APPPATH\Controllers\Dashboard.php(64): CodeIgniter\BaseModel->find()
 7 SYSTEMPATH\CodeIgniter.php(933): App\Controllers\Dashboard->getData()
 8 SYSTEMPATH\CodeIgniter.php(509): CodeIgniter\CodeIgniter->runController(Object(App\Controllers\Dashboard))
 9 SYSTEMPATH\CodeIgniter.php(355): CodeIgniter\CodeIgniter->handleRequest(null, Object(Config\Cache), false)
10 SYSTEMPATH\Boot.php(312): CodeIgniter\CodeIgniter->run()
11 SYSTEMPATH\Boot.php(67): CodeIgniter\Boot::runCodeIgniter(Object(CodeIgniter\CodeIgniter))
12 FCPATH\index.php(58): CodeIgniter\Boot::bootWeb(Object(Config\Paths))
CRITICAL - 2024-12-22 02:30:25 --> [Caused by] mysqli_sql_exception: Table 'aoc.kerawanan' doesn't exist
in SYSTEMPATH\Database\MySQLi\Connection.php on line 308.
 1 SYSTEMPATH\Database\MySQLi\Connection.php(308): mysqli->query('SELECT `kecamatan`.*, `kelurahan`.`nama_kelurahan`, `kerawanan`.`status`, `warna`
FROM `kecamatan`
LEFT JOIN `kerawanan` ON `kerawanan`.`id_kecamatan` = `kecamatan`.`id_kecamatan`
RIGHT JOIN `kelurahan` ON `kelurahan`.`id_kecamatan` = `kecamatan`.`id_kecamatan`
WHERE `kelurahan`.`nama_kelurahan` = \'Mertasinga\'
AND `kecamatan`.`nama_kecamatan` = \'Cilacap Utara\'', 0)
 2 SYSTEMPATH\Database\BaseConnection.php(722): CodeIgniter\Database\MySQLi\Connection->execute('SELECT `kecamatan`.*, `kelurahan`.`nama_kelurahan`, `kerawanan`.`status`, `warna`
FROM `kecamatan`
LEFT JOIN `kerawanan` ON `kerawanan`.`id_kecamatan` = `kecamatan`.`id_kecamatan`
RIGHT JOIN `kelurahan` ON `kelurahan`.`id_kecamatan` = `kecamatan`.`id_kecamatan`
WHERE `kelurahan`.`nama_kelurahan` = \'Mertasinga\'
AND `kecamatan`.`nama_kecamatan` = \'Cilacap Utara\'')
 3 SYSTEMPATH\Database\BaseConnection.php(636): CodeIgniter\Database\BaseConnection->simpleQuery('SELECT `kecamatan`.*, `kelurahan`.`nama_kelurahan`, `kerawanan`.`status`, `warna`
FROM `kecamatan`
LEFT JOIN `kerawanan` ON `kerawanan`.`id_kecamatan` = `kecamatan`.`id_kecamatan`
RIGHT JOIN `kelurahan` ON `kelurahan`.`id_kecamatan` = `kecamatan`.`id_kecamatan`
WHERE `kelurahan`.`nama_kelurahan` = \'Mertasinga\'
AND `kecamatan`.`nama_kecamatan` = \'Cilacap Utara\'')
 4 SYSTEMPATH\Database\BaseBuilder.php(1629): CodeIgniter\Database\BaseConnection->query('SELECT `kecamatan`.*, `kelurahan`.`nama_kelurahan`, `kerawanan`.`status`, `warna`
FROM `kecamatan`
LEFT JOIN `kerawanan` ON `kerawanan`.`id_kecamatan` = `kecamatan`.`id_kecamatan`
RIGHT JOIN `kelurahan` ON `kelurahan`.`id_kecamatan` = `kecamatan`.`id_kecamatan`
WHERE `kelurahan`.`nama_kelurahan` = :kelurahan.nama_kelurahan:
AND `kecamatan`.`nama_kecamatan` = :kecamatan.nama_kecamatan:', [...], false)
 5 SYSTEMPATH\Model.php(210): CodeIgniter\Database\BaseBuilder->get()
 6 SYSTEMPATH\BaseModel.php(610): CodeIgniter\Model->doFind(false, null)
 7 APPPATH\Controllers\Dashboard.php(64): CodeIgniter\BaseModel->find()
 8 SYSTEMPATH\CodeIgniter.php(933): App\Controllers\Dashboard->getData()
 9 SYSTEMPATH\CodeIgniter.php(509): CodeIgniter\CodeIgniter->runController(Object(App\Controllers\Dashboard))
10 SYSTEMPATH\CodeIgniter.php(355): CodeIgniter\CodeIgniter->handleRequest(null, Object(Config\Cache), false)
11 SYSTEMPATH\Boot.php(312): CodeIgniter\CodeIgniter->run()
12 SYSTEMPATH\Boot.php(67): CodeIgniter\Boot::runCodeIgniter(Object(CodeIgniter\CodeIgniter))
13 FCPATH\index.php(58): CodeIgniter\Boot::bootWeb(Object(Config\Paths))
ERROR - 2024-12-22 02:32:36 --> mysqli_sql_exception: Table 'aoc.kerawanan' doesn't exist in C:\xampp\htdocs\tawannarkobav2\system\Database\MySQLi\Connection.php:308
Stack trace:
#0 C:\xampp\htdocs\tawannarkobav2\system\Database\MySQLi\Connection.php(308): mysqli->query('SELECT `kecamat...', 0)
#1 C:\xampp\htdocs\tawannarkobav2\system\Database\BaseConnection.php(722): CodeIgniter\Database\MySQLi\Connection->execute('SELECT `kecamat...')
#2 C:\xampp\htdocs\tawannarkobav2\system\Database\BaseConnection.php(636): CodeIgniter\Database\BaseConnection->simpleQuery('SELECT `kecamat...')
#3 C:\xampp\htdocs\tawannarkobav2\system\Database\BaseBuilder.php(1629): CodeIgniter\Database\BaseConnection->query('SELECT `kecamat...', Array, false)
#4 C:\xampp\htdocs\tawannarkobav2\system\Model.php(210): CodeIgniter\Database\BaseBuilder->get()
#5 C:\xampp\htdocs\tawannarkobav2\system\BaseModel.php(610): CodeIgniter\Model->doFind(false, NULL)
#6 C:\xampp\htdocs\tawannarkobav2\app\Controllers\Dashboard.php(64): CodeIgniter\BaseModel->find()
#7 C:\xampp\htdocs\tawannarkobav2\system\CodeIgniter.php(933): App\Controllers\Dashboard->getData()
#8 C:\xampp\htdocs\tawannarkobav2\system\CodeIgniter.php(509): CodeIgniter\CodeIgniter->runController(Object(App\Controllers\Dashboard))
#9 C:\xampp\htdocs\tawannarkobav2\system\CodeIgniter.php(355): CodeIgniter\CodeIgniter->handleRequest(NULL, Object(Config\Cache), false)
#10 C:\xampp\htdocs\tawannarkobav2\system\Boot.php(312): CodeIgniter\CodeIgniter->run()
#11 C:\xampp\htdocs\tawannarkobav2\system\Boot.php(67): CodeIgniter\Boot::runCodeIgniter(Object(CodeIgniter\CodeIgniter))
#12 C:\xampp\htdocs\tawannarkobav2\index.php(58): CodeIgniter\Boot::bootWeb(Object(Config\Paths))
#13 {main}
CRITICAL - 2024-12-22 02:32:36 --> CodeIgniter\Database\Exceptions\DatabaseException: Table 'aoc.kerawanan' doesn't exist
[Method: GET, Route: getdata]
in SYSTEMPATH\Database\BaseConnection.php on line 676.
 1 SYSTEMPATH\Database\BaseBuilder.php(1629): CodeIgniter\Database\BaseConnection->query('SELECT `kecamatan`.*, `kelurahan`.`nama_kelurahan`, `kerawanan`.`status`, `warna`
FROM `kecamatan`
LEFT JOIN `kerawanan` ON `kerawanan`.`id_kecamatan` = `kecamatan`.`id_kecamatan`
RIGHT JOIN `kelurahan` ON `kelurahan`.`id_kecamatan` = `kecamatan`.`id_kecamatan`
WHERE `kelurahan`.`nama_kelurahan` = :kelurahan.nama_kelurahan:
AND `kecamatan`.`nama_kecamatan` = :kecamatan.nama_kecamatan:', [...], false)
 2 SYSTEMPATH\Model.php(210): CodeIgniter\Database\BaseBuilder->get()
 3 SYSTEMPATH\BaseModel.php(610): CodeIgniter\Model->doFind(false, null)
 4 APPPATH\Controllers\Dashboard.php(64): CodeIgniter\BaseModel->find()
 5 SYSTEMPATH\CodeIgniter.php(933): App\Controllers\Dashboard->getData()
 6 SYSTEMPATH\CodeIgniter.php(509): CodeIgniter\CodeIgniter->runController(Object(App\Controllers\Dashboard))
 7 SYSTEMPATH\CodeIgniter.php(355): CodeIgniter\CodeIgniter->handleRequest(null, Object(Config\Cache), false)
 8 SYSTEMPATH\Boot.php(312): CodeIgniter\CodeIgniter->run()
 9 SYSTEMPATH\Boot.php(67): CodeIgniter\Boot::runCodeIgniter(Object(CodeIgniter\CodeIgniter))
10 FCPATH\index.php(58): CodeIgniter\Boot::bootWeb(Object(Config\Paths))
CRITICAL - 2024-12-22 02:32:36 --> [Caused by] CodeIgniter\Database\Exceptions\DatabaseException: Table 'aoc.kerawanan' doesn't exist
in SYSTEMPATH\Database\MySQLi\Connection.php on line 313.
 1 SYSTEMPATH\Database\BaseConnection.php(722): CodeIgniter\Database\MySQLi\Connection->execute('SELECT `kecamatan`.*, `kelurahan`.`nama_kelurahan`, `kerawanan`.`status`, `warna`
FROM `kecamatan`
LEFT JOIN `kerawanan` ON `kerawanan`.`id_kecamatan` = `kecamatan`.`id_kecamatan`
RIGHT JOIN `kelurahan` ON `kelurahan`.`id_kecamatan` = `kecamatan`.`id_kecamatan`
WHERE `kelurahan`.`nama_kelurahan` = \'Mertasinga\'
AND `kecamatan`.`nama_kecamatan` = \'Cilacap Utara\'')
 2 SYSTEMPATH\Database\BaseConnection.php(636): CodeIgniter\Database\BaseConnection->simpleQuery('SELECT `kecamatan`.*, `kelurahan`.`nama_kelurahan`, `kerawanan`.`status`, `warna`
FROM `kecamatan`
LEFT JOIN `kerawanan` ON `kerawanan`.`id_kecamatan` = `kecamatan`.`id_kecamatan`
RIGHT JOIN `kelurahan` ON `kelurahan`.`id_kecamatan` = `kecamatan`.`id_kecamatan`
WHERE `kelurahan`.`nama_kelurahan` = \'Mertasinga\'
AND `kecamatan`.`nama_kecamatan` = \'Cilacap Utara\'')
 3 SYSTEMPATH\Database\BaseBuilder.php(1629): CodeIgniter\Database\BaseConnection->query('SELECT `kecamatan`.*, `kelurahan`.`nama_kelurahan`, `kerawanan`.`status`, `warna`
FROM `kecamatan`
LEFT JOIN `kerawanan` ON `kerawanan`.`id_kecamatan` = `kecamatan`.`id_kecamatan`
RIGHT JOIN `kelurahan` ON `kelurahan`.`id_kecamatan` = `kecamatan`.`id_kecamatan`
WHERE `kelurahan`.`nama_kelurahan` = :kelurahan.nama_kelurahan:
AND `kecamatan`.`nama_kecamatan` = :kecamatan.nama_kecamatan:', [...], false)
 4 SYSTEMPATH\Model.php(210): CodeIgniter\Database\BaseBuilder->get()
 5 SYSTEMPATH\BaseModel.php(610): CodeIgniter\Model->doFind(false, null)
 6 APPPATH\Controllers\Dashboard.php(64): CodeIgniter\BaseModel->find()
 7 SYSTEMPATH\CodeIgniter.php(933): App\Controllers\Dashboard->getData()
 8 SYSTEMPATH\CodeIgniter.php(509): CodeIgniter\CodeIgniter->runController(Object(App\Controllers\Dashboard))
 9 SYSTEMPATH\CodeIgniter.php(355): CodeIgniter\CodeIgniter->handleRequest(null, Object(Config\Cache), false)
10 SYSTEMPATH\Boot.php(312): CodeIgniter\CodeIgniter->run()
11 SYSTEMPATH\Boot.php(67): CodeIgniter\Boot::runCodeIgniter(Object(CodeIgniter\CodeIgniter))
12 FCPATH\index.php(58): CodeIgniter\Boot::bootWeb(Object(Config\Paths))
CRITICAL - 2024-12-22 02:32:36 --> [Caused by] mysqli_sql_exception: Table 'aoc.kerawanan' doesn't exist
in SYSTEMPATH\Database\MySQLi\Connection.php on line 308.
 1 SYSTEMPATH\Database\MySQLi\Connection.php(308): mysqli->query('SELECT `kecamatan`.*, `kelurahan`.`nama_kelurahan`, `kerawanan`.`status`, `warna`
FROM `kecamatan`
LEFT JOIN `kerawanan` ON `kerawanan`.`id_kecamatan` = `kecamatan`.`id_kecamatan`
RIGHT JOIN `kelurahan` ON `kelurahan`.`id_kecamatan` = `kecamatan`.`id_kecamatan`
WHERE `kelurahan`.`nama_kelurahan` = \'Mertasinga\'
AND `kecamatan`.`nama_kecamatan` = \'Cilacap Utara\'', 0)
 2 SYSTEMPATH\Database\BaseConnection.php(722): CodeIgniter\Database\MySQLi\Connection->execute('SELECT `kecamatan`.*, `kelurahan`.`nama_kelurahan`, `kerawanan`.`status`, `warna`
FROM `kecamatan`
LEFT JOIN `kerawanan` ON `kerawanan`.`id_kecamatan` = `kecamatan`.`id_kecamatan`
RIGHT JOIN `kelurahan` ON `kelurahan`.`id_kecamatan` = `kecamatan`.`id_kecamatan`
WHERE `kelurahan`.`nama_kelurahan` = \'Mertasinga\'
AND `kecamatan`.`nama_kecamatan` = \'Cilacap Utara\'')
 3 SYSTEMPATH\Database\BaseConnection.php(636): CodeIgniter\Database\BaseConnection->simpleQuery('SELECT `kecamatan`.*, `kelurahan`.`nama_kelurahan`, `kerawanan`.`status`, `warna`
FROM `kecamatan`
LEFT JOIN `kerawanan` ON `kerawanan`.`id_kecamatan` = `kecamatan`.`id_kecamatan`
RIGHT JOIN `kelurahan` ON `kelurahan`.`id_kecamatan` = `kecamatan`.`id_kecamatan`
WHERE `kelurahan`.`nama_kelurahan` = \'Mertasinga\'
AND `kecamatan`.`nama_kecamatan` = \'Cilacap Utara\'')
 4 SYSTEMPATH\Database\BaseBuilder.php(1629): CodeIgniter\Database\BaseConnection->query('SELECT `kecamatan`.*, `kelurahan`.`nama_kelurahan`, `kerawanan`.`status`, `warna`
FROM `kecamatan`
LEFT JOIN `kerawanan` ON `kerawanan`.`id_kecamatan` = `kecamatan`.`id_kecamatan`
RIGHT JOIN `kelurahan` ON `kelurahan`.`id_kecamatan` = `kecamatan`.`id_kecamatan`
WHERE `kelurahan`.`nama_kelurahan` = :kelurahan.nama_kelurahan:
AND `kecamatan`.`nama_kecamatan` = :kecamatan.nama_kecamatan:', [...], false)
 5 SYSTEMPATH\Model.php(210): CodeIgniter\Database\BaseBuilder->get()
 6 SYSTEMPATH\BaseModel.php(610): CodeIgniter\Model->doFind(false, null)
 7 APPPATH\Controllers\Dashboard.php(64): CodeIgniter\BaseModel->find()
 8 SYSTEMPATH\CodeIgniter.php(933): App\Controllers\Dashboard->getData()
 9 SYSTEMPATH\CodeIgniter.php(509): CodeIgniter\CodeIgniter->runController(Object(App\Controllers\Dashboard))
10 SYSTEMPATH\CodeIgniter.php(355): CodeIgniter\CodeIgniter->handleRequest(null, Object(Config\Cache), false)
11 SYSTEMPATH\Boot.php(312): CodeIgniter\CodeIgniter->run()
12 SYSTEMPATH\Boot.php(67): CodeIgniter\Boot::runCodeIgniter(Object(CodeIgniter\CodeIgniter))
13 FCPATH\index.php(58): CodeIgniter\Boot::bootWeb(Object(Config\Paths))
CRITICAL - 2024-12-22 02:32:57 --> ErrorException: Undefined property: stdClass::$status
[Method: GET, Route: getdata]
in APPPATH\Controllers\Dashboard.php on line 73.
 1 APPPATH\Controllers\Dashboard.php(73): CodeIgniter\Debug\Exceptions->errorHandler(2, 'Undefined property: stdClass::$status', 'C:\\xampp\\htdocs\\tawannarkobav2\\app\\Controllers\\Dashboard.php', 73)
 2 SYSTEMPATH\CodeIgniter.php(933): App\Controllers\Dashboard->getData()
 3 SYSTEMPATH\CodeIgniter.php(509): CodeIgniter\CodeIgniter->runController(Object(App\Controllers\Dashboard))
 4 SYSTEMPATH\CodeIgniter.php(355): CodeIgniter\CodeIgniter->handleRequest(null, Object(Config\Cache), false)
 5 SYSTEMPATH\Boot.php(312): CodeIgniter\CodeIgniter->run()
 6 SYSTEMPATH\Boot.php(67): CodeIgniter\Boot::runCodeIgniter(Object(CodeIgniter\CodeIgniter))
 7 FCPATH\index.php(58): CodeIgniter\Boot::bootWeb(Object(Config\Paths))
CRITICAL - 2024-12-22 02:33:59 --> ErrorException: Undefined property: stdClass::$status
[Method: GET, Route: getdata]
in APPPATH\Controllers\Dashboard.php on line 73.
 1 APPPATH\Controllers\Dashboard.php(73): CodeIgniter\Debug\Exceptions->errorHandler(2, 'Undefined property: stdClass::$status', 'C:\\xampp\\htdocs\\tawannarkobav2\\app\\Controllers\\Dashboard.php', 73)
 2 SYSTEMPATH\CodeIgniter.php(933): App\Controllers\Dashboard->getData()
 3 SYSTEMPATH\CodeIgniter.php(509): CodeIgniter\CodeIgniter->runController(Object(App\Controllers\Dashboard))
 4 SYSTEMPATH\CodeIgniter.php(355): CodeIgniter\CodeIgniter->handleRequest(null, Object(Config\Cache), false)
 5 SYSTEMPATH\Boot.php(312): CodeIgniter\CodeIgniter->run()
 6 SYSTEMPATH\Boot.php(67): CodeIgniter\Boot::runCodeIgniter(Object(CodeIgniter\CodeIgniter))
 7 FCPATH\index.php(58): CodeIgniter\Boot::bootWeb(Object(Config\Paths))
