CRITICAL - 2024-12-14 01:47:42 --> ErrorException: Attempt to read property "id_kabupaten" on array
[Method: GET, Route: /]
in APPPATH\Views\dashboard.php on line 13.
 1 APPPATH\Views\dashboard.php(13): CodeIgniter\Debug\Exceptions->errorHandler(2, 'Attempt to read property "id_kabupaten" on array', 'C:\\xampp\\htdocs\\tawannarkobav2\\app\\Views\\dashboard.php', 13)
 2 SYSTEMPATH\View\View.php(234): include('C:\\xampp\\htdocs\\tawannarkobav2\\app\\Views\\dashboard.php')
 3 SYSTEMPATH\View\View.php(237): CodeIgniter\View\View->CodeIgniter\View\{closure}()
 4 SYSTEMPATH\Common.php(1171): CodeIgniter\View\View->render('dashboard', [], true)
 5 APPPATH\Controllers\Dashboard.php(25): view('dashboard', [...])
 6 SYSTEMPATH\CodeIgniter.php(933): App\Controllers\Dashboard->index()
 7 SYSTEMPATH\CodeIgniter.php(509): CodeIgniter\CodeIgniter->runController(Object(App\Controllers\Dashboard))
 8 SYSTEMPATH\CodeIgniter.php(355): CodeIgniter\CodeIgniter->handleRequest(null, Object(Config\Cache), false)
 9 SYSTEMPATH\Boot.php(312): CodeIgniter\CodeIgniter->run()
10 SYSTEMPATH\Boot.php(67): CodeIgniter\Boot::runCodeIgniter(Object(CodeIgniter\CodeIgniter))
11 FCPATH\index.php(56): CodeIgniter\Boot::bootWeb(Object(Config\Paths))
CRITICAL - 2024-12-14 01:49:38 --> ErrorException: Attempt to read property "id_kabupaten" on array
[Method: GET, Route: dashboard]
in APPPATH\Views\dashboard.php on line 13.
 1 APPPATH\Views\dashboard.php(13): CodeIgniter\Debug\Exceptions->errorHandler(2, 'Attempt to read property "id_kabupaten" on array', 'C:\\xampp\\htdocs\\tawannarkobav2\\app\\Views\\dashboard.php', 13)
 2 SYSTEMPATH\View\View.php(234): include('C:\\xampp\\htdocs\\tawannarkobav2\\app\\Views\\dashboard.php')
 3 SYSTEMPATH\View\View.php(237): CodeIgniter\View\View->CodeIgniter\View\{closure}()
 4 SYSTEMPATH\Common.php(1171): CodeIgniter\View\View->render('dashboard', [], true)
 5 APPPATH\Controllers\Dashboard.php(25): view('dashboard', [...])
 6 SYSTEMPATH\CodeIgniter.php(933): App\Controllers\Dashboard->index()
 7 SYSTEMPATH\CodeIgniter.php(509): CodeIgniter\CodeIgniter->runController(Object(App\Controllers\Dashboard))
 8 SYSTEMPATH\CodeIgniter.php(355): CodeIgniter\CodeIgniter->handleRequest(null, Object(Config\Cache), false)
 9 SYSTEMPATH\Boot.php(312): CodeIgniter\CodeIgniter->run()
10 SYSTEMPATH\Boot.php(67): CodeIgniter\Boot::runCodeIgniter(Object(CodeIgniter\CodeIgniter))
11 FCPATH\index.php(56): CodeIgniter\Boot::bootWeb(Object(Config\Paths))
CRITICAL - 2024-12-14 01:57:33 --> ErrorException: Undefined property: stdClass::$idkel
[Method: GET, Route: penggiat/tambah]
in APPPATH\Views\penggiat\tambah.php on line 67.
 1 APPPATH\Views\penggiat\tambah.php(67): CodeIgniter\Debug\Exceptions->errorHandler(2, 'Undefined property: stdClass::$idkel', 'C:\\xampp\\htdocs\\tawannarkobav2\\app\\Views\\penggiat\\tambah.php', 67)
 2 SYSTEMPATH\View\View.php(234): include('C:\\xampp\\htdocs\\tawannarkobav2\\app\\Views\\penggiat\\tambah.php')
 3 SYSTEMPATH\View\View.php(237): CodeIgniter\View\View->CodeIgniter\View\{closure}()
 4 SYSTEMPATH\Common.php(1171): CodeIgniter\View\View->render('penggiat/tambah', [], true)
 5 APPPATH\Controllers\Penggiat.php(40): view('penggiat/tambah', [...])
 6 SYSTEMPATH\CodeIgniter.php(933): App\Controllers\Penggiat->tambah()
 7 SYSTEMPATH\CodeIgniter.php(509): CodeIgniter\CodeIgniter->runController(Object(App\Controllers\Penggiat))
 8 SYSTEMPATH\CodeIgniter.php(355): CodeIgniter\CodeIgniter->handleRequest(null, Object(Config\Cache), false)
 9 SYSTEMPATH\Boot.php(312): CodeIgniter\CodeIgniter->run()
10 SYSTEMPATH\Boot.php(67): CodeIgniter\Boot::runCodeIgniter(Object(CodeIgniter\CodeIgniter))
11 FCPATH\index.php(56): CodeIgniter\Boot::bootWeb(Object(Config\Paths))
CRITICAL - 2024-12-14 02:07:30 --> ErrorException: Undefined property: stdClass::$nama_kabupaten
[Method: GET, Route: kecamatan]
in APPPATH\Views\kecamatan\tampil.php on line 41.
 1 APPPATH\Views\kecamatan\tampil.php(41): CodeIgniter\Debug\Exceptions->errorHandler(2, 'Undefined property: stdClass::$nama_kabupaten', 'C:\\xampp\\htdocs\\tawannarkobav2\\app\\Views\\kecamatan\\tampil.php', 41)
 2 SYSTEMPATH\View\View.php(234): include('C:\\xampp\\htdocs\\tawannarkobav2\\app\\Views\\kecamatan\\tampil.php')
 3 SYSTEMPATH\View\View.php(237): CodeIgniter\View\View->CodeIgniter\View\{closure}()
 4 SYSTEMPATH\Common.php(1171): CodeIgniter\View\View->render('kecamatan/tampil', [], true)
 5 APPPATH\Controllers\Kecamatan.php(20): view('kecamatan/tampil', [...])
 6 APPPATH\Controllers\Kecamatan.php(12): App\Controllers\Kecamatan->tampil()
 7 SYSTEMPATH\CodeIgniter.php(933): App\Controllers\Kecamatan->index()
 8 SYSTEMPATH\CodeIgniter.php(509): CodeIgniter\CodeIgniter->runController(Object(App\Controllers\Kecamatan))
 9 SYSTEMPATH\CodeIgniter.php(355): CodeIgniter\CodeIgniter->handleRequest(null, Object(Config\Cache), false)
10 SYSTEMPATH\Boot.php(312): CodeIgniter\CodeIgniter->run()
11 SYSTEMPATH\Boot.php(67): CodeIgniter\Boot::runCodeIgniter(Object(CodeIgniter\CodeIgniter))
12 FCPATH\index.php(56): CodeIgniter\Boot::bootWeb(Object(Config\Paths))
CRITICAL - 2024-12-14 02:17:01 --> ErrorException: Attempt to read property "id_kabupaten" on array
[Method: GET, Route: dashboard]
in APPPATH\Views\dashboard.php on line 13.
 1 APPPATH\Views\dashboard.php(13): CodeIgniter\Debug\Exceptions->errorHandler(2, 'Attempt to read property "id_kabupaten" on array', 'C:\\xampp\\htdocs\\tawannarkobav2\\app\\Views\\dashboard.php', 13)
 2 SYSTEMPATH\View\View.php(234): include('C:\\xampp\\htdocs\\tawannarkobav2\\app\\Views\\dashboard.php')
 3 SYSTEMPATH\View\View.php(237): CodeIgniter\View\View->CodeIgniter\View\{closure}()
 4 SYSTEMPATH\Common.php(1171): CodeIgniter\View\View->render('dashboard', [], true)
 5 APPPATH\Controllers\Dashboard.php(25): view('dashboard', [...])
 6 SYSTEMPATH\CodeIgniter.php(933): App\Controllers\Dashboard->index()
 7 SYSTEMPATH\CodeIgniter.php(509): CodeIgniter\CodeIgniter->runController(Object(App\Controllers\Dashboard))
 8 SYSTEMPATH\CodeIgniter.php(355): CodeIgniter\CodeIgniter->handleRequest(null, Object(Config\Cache), false)
 9 SYSTEMPATH\Boot.php(312): CodeIgniter\CodeIgniter->run()
10 SYSTEMPATH\Boot.php(67): CodeIgniter\Boot::runCodeIgniter(Object(CodeIgniter\CodeIgniter))
11 FCPATH\index.php(56): CodeIgniter\Boot::bootWeb(Object(Config\Paths))
