CRITICAL - 2025-07-15 13:56:17 --> ErrorException: Cannot redeclare App\Controllers\PetaController::getDataKerawanan()
[Method: GET, Route: /]
in APPPATH\Controllers\PetaController.php on line 188.
 1 [internal function]: CodeIgniter\Debug\Exceptions->shutdownHandler()
CRITICAL - 2025-07-15 14:02:16 --> ErrorException: Cannot redeclare App\Controllers\PetaController::getDataKerawanan()
[Method: GET, Route: /]
in APPPATH\Controllers\PetaController.php on line 188.
 1 [internal function]: CodeIgniter\Debug\Exceptions->shutdownHandler()
CRITICAL - 2025-07-15 14:03:24 --> ErrorException: Cannot redeclare App\Controllers\PetaController::getDataKerawanan()
[Method: GET, Route: /]
in APPPATH\Controllers\PetaController.php on line 200.
 1 [internal function]: CodeIgniter\Debug\Exceptions->shutdownHandler()
CRITICAL - 2025-07-15 14:03:25 --> ErrorException: Cannot redeclare App\Controllers\PetaController::getDataKerawanan()
[Method: GET, Route: /]
in APPPATH\Controllers\PetaController.php on line 200.
 1 [internal function]: CodeIgniter\Debug\Exceptions->shutdownHandler()
CRITICAL - 2025-07-15 14:03:28 --> ErrorException: Cannot redeclare App\Controllers\PetaController::getDataKerawanan()
[Method: GET, Route: /]
in APPPATH\Controllers\PetaController.php on line 200.
 1 [internal function]: CodeIgniter\Debug\Exceptions->shutdownHandler()
CRITICAL - 2025-07-15 14:04:53 --> ErrorException: Cannot redeclare App\Controllers\PetaController::getDataKerawanan()
[Method: GET, Route: /]
in APPPATH\Controllers\PetaController.php on line 200.
 1 [internal function]: CodeIgniter\Debug\Exceptions->shutdownHandler()
CRITICAL - 2025-07-15 14:04:55 --> ErrorException: Cannot redeclare App\Controllers\PetaController::getDataKerawanan()
[Method: GET, Route: /]
in APPPATH\Controllers\PetaController.php on line 200.
 1 [internal function]: CodeIgniter\Debug\Exceptions->shutdownHandler()
CRITICAL - 2025-07-15 15:38:04 --> ErrorException: Cannot redeclare App\Controllers\PetaController::getDataKerawanan()
[Method: GET, Route: /]
in APPPATH\Controllers\PetaController.php on line 128.
 1 [internal function]: CodeIgniter\Debug\Exceptions->shutdownHandler()
ERROR - 2025-07-15 15:50:49 --> mysqli_sql_exception: Table 'aoc.hiburan' doesn't exist in C:\xampp\htdocs\tawannarkobav2\system\Database\MySQLi\Connection.php:308
Stack trace:
#0 C:\xampp\htdocs\tawannarkobav2\system\Database\MySQLi\Connection.php(308): mysqli->query('SELECT `kelurah...', 0)
#1 C:\xampp\htdocs\tawannarkobav2\system\Database\BaseConnection.php(722): CodeIgniter\Database\MySQLi\Connection->execute('SELECT `kelurah...')
#2 C:\xampp\htdocs\tawannarkobav2\system\Database\BaseConnection.php(636): CodeIgniter\Database\BaseConnection->simpleQuery('SELECT `kelurah...')
#3 C:\xampp\htdocs\tawannarkobav2\system\Database\BaseBuilder.php(1629): CodeIgniter\Database\BaseConnection->query('SELECT `kelurah...', Array, false)
#4 C:\xampp\htdocs\tawannarkobav2\system\Model.php(275): CodeIgniter\Database\BaseBuilder->get()
#5 C:\xampp\htdocs\tawannarkobav2\system\BaseModel.php(676): CodeIgniter\Model->doFindAll(0, 0)
#6 C:\xampp\htdocs\tawannarkobav2\app\Controllers\PetaController.php(70): CodeIgniter\BaseModel->findAll()
#7 C:\xampp\htdocs\tawannarkobav2\system\CodeIgniter.php(933): App\Controllers\PetaController->getDataKerawanan()
#8 C:\xampp\htdocs\tawannarkobav2\system\CodeIgniter.php(509): CodeIgniter\CodeIgniter->runController(Object(App\Controllers\PetaController))
#9 C:\xampp\htdocs\tawannarkobav2\system\CodeIgniter.php(355): CodeIgniter\CodeIgniter->handleRequest(NULL, Object(Config\Cache), false)
#10 C:\xampp\htdocs\tawannarkobav2\system\Boot.php(312): CodeIgniter\CodeIgniter->run()
#11 C:\xampp\htdocs\tawannarkobav2\system\Boot.php(67): CodeIgniter\Boot::runCodeIgniter(Object(CodeIgniter\CodeIgniter))
#12 C:\xampp\htdocs\tawannarkobav2\index.php(58): CodeIgniter\Boot::bootWeb(Object(Config\Paths))
#13 {main}
CRITICAL - 2025-07-15 15:50:49 --> CodeIgniter\Database\Exceptions\DatabaseException: Table 'aoc.hiburan' doesn't exist
[Method: GET, Route: /]
in SYSTEMPATH\Database\BaseConnection.php on line 676.
 1 SYSTEMPATH\Database\BaseBuilder.php(1629): CodeIgniter\Database\BaseConnection->query('SELECT `kelurahan`.*, `kecamatan`.`nama_kecamatan`, (SELECT COUNT(u.id_kasus) FROM ungkap_kasus u WHERE u.id_kelurahan = kelurahan.id_kelurahan AND u.tahun = \'2025\') AS jml_kasus, (SELECT COUNT(u.id_kasus) FROM ungkap_kasus u WHERE u.id_kelurahan = kelurahan.id_kelurahan AND u.MO = \'Pengguna\' AND u.tahun = \'2025\') AS jml_pengguna, (SELECT COUNT(u.id_kasus) FROM ungkap_kasus u WHERE u.id_kelurahan = kelurahan.id_kelurahan AND u.MO = \'Pengedar\' AND u.tahun = \'2025\') AS jml_bandar, (SELECT COUNT(h.id_hiburan) FROM hiburan h WHERE h.id_kelurahan = kelurahan.id_kelurahan) AS jml_hiburan, (SELECT COUNT(k.id_kos) FROM kos k WHERE k.id_kelurahan = kelurahan.id_kelurahan) AS jml_kos
FROM `kelurahan`
LEFT JOIN `kecamatan` ON `kelurahan`.`id_kecamatan` = `kecamatan`.`id_kecamatan`', [], false)
 2 SYSTEMPATH\Model.php(275): CodeIgniter\Database\BaseBuilder->get()
 3 SYSTEMPATH\BaseModel.php(676): CodeIgniter\Model->doFindAll(0, 0)
 4 APPPATH\Controllers\PetaController.php(70): CodeIgniter\BaseModel->findAll()
 5 SYSTEMPATH\CodeIgniter.php(933): App\Controllers\PetaController->getDataKerawanan()
 6 SYSTEMPATH\CodeIgniter.php(509): CodeIgniter\CodeIgniter->runController(Object(App\Controllers\PetaController))
 7 SYSTEMPATH\CodeIgniter.php(355): CodeIgniter\CodeIgniter->handleRequest(null, Object(Config\Cache), false)
 8 SYSTEMPATH\Boot.php(312): CodeIgniter\CodeIgniter->run()
 9 SYSTEMPATH\Boot.php(67): CodeIgniter\Boot::runCodeIgniter(Object(CodeIgniter\CodeIgniter))
10 FCPATH\index.php(58): CodeIgniter\Boot::bootWeb(Object(Config\Paths))
CRITICAL - 2025-07-15 15:50:49 --> [Caused by] CodeIgniter\Database\Exceptions\DatabaseException: Table 'aoc.hiburan' doesn't exist
in SYSTEMPATH\Database\MySQLi\Connection.php on line 313.
 1 SYSTEMPATH\Database\BaseConnection.php(722): CodeIgniter\Database\MySQLi\Connection->execute('SELECT `kelurahan`.*, `kecamatan`.`nama_kecamatan`, (SELECT COUNT(u.id_kasus) FROM ungkap_kasus u WHERE u.id_kelurahan = kelurahan.id_kelurahan AND u.tahun = \'2025\') AS jml_kasus, (SELECT COUNT(u.id_kasus) FROM ungkap_kasus u WHERE u.id_kelurahan = kelurahan.id_kelurahan AND u.MO = \'Pengguna\' AND u.tahun = \'2025\') AS jml_pengguna, (SELECT COUNT(u.id_kasus) FROM ungkap_kasus u WHERE u.id_kelurahan = kelurahan.id_kelurahan AND u.MO = \'Pengedar\' AND u.tahun = \'2025\') AS jml_bandar, (SELECT COUNT(h.id_hiburan) FROM hiburan h WHERE h.id_kelurahan = kelurahan.id_kelurahan) AS jml_hiburan, (SELECT COUNT(k.id_kos) FROM kos k WHERE k.id_kelurahan = kelurahan.id_kelurahan) AS jml_kos
FROM `kelurahan`
LEFT JOIN `kecamatan` ON `kelurahan`.`id_kecamatan` = `kecamatan`.`id_kecamatan`')
 2 SYSTEMPATH\Database\BaseConnection.php(636): CodeIgniter\Database\BaseConnection->simpleQuery('SELECT `kelurahan`.*, `kecamatan`.`nama_kecamatan`, (SELECT COUNT(u.id_kasus) FROM ungkap_kasus u WHERE u.id_kelurahan = kelurahan.id_kelurahan AND u.tahun = \'2025\') AS jml_kasus, (SELECT COUNT(u.id_kasus) FROM ungkap_kasus u WHERE u.id_kelurahan = kelurahan.id_kelurahan AND u.MO = \'Pengguna\' AND u.tahun = \'2025\') AS jml_pengguna, (SELECT COUNT(u.id_kasus) FROM ungkap_kasus u WHERE u.id_kelurahan = kelurahan.id_kelurahan AND u.MO = \'Pengedar\' AND u.tahun = \'2025\') AS jml_bandar, (SELECT COUNT(h.id_hiburan) FROM hiburan h WHERE h.id_kelurahan = kelurahan.id_kelurahan) AS jml_hiburan, (SELECT COUNT(k.id_kos) FROM kos k WHERE k.id_kelurahan = kelurahan.id_kelurahan) AS jml_kos
FROM `kelurahan`
LEFT JOIN `kecamatan` ON `kelurahan`.`id_kecamatan` = `kecamatan`.`id_kecamatan`')
 3 SYSTEMPATH\Database\BaseBuilder.php(1629): CodeIgniter\Database\BaseConnection->query('SELECT `kelurahan`.*, `kecamatan`.`nama_kecamatan`, (SELECT COUNT(u.id_kasus) FROM ungkap_kasus u WHERE u.id_kelurahan = kelurahan.id_kelurahan AND u.tahun = \'2025\') AS jml_kasus, (SELECT COUNT(u.id_kasus) FROM ungkap_kasus u WHERE u.id_kelurahan = kelurahan.id_kelurahan AND u.MO = \'Pengguna\' AND u.tahun = \'2025\') AS jml_pengguna, (SELECT COUNT(u.id_kasus) FROM ungkap_kasus u WHERE u.id_kelurahan = kelurahan.id_kelurahan AND u.MO = \'Pengedar\' AND u.tahun = \'2025\') AS jml_bandar, (SELECT COUNT(h.id_hiburan) FROM hiburan h WHERE h.id_kelurahan = kelurahan.id_kelurahan) AS jml_hiburan, (SELECT COUNT(k.id_kos) FROM kos k WHERE k.id_kelurahan = kelurahan.id_kelurahan) AS jml_kos
FROM `kelurahan`
LEFT JOIN `kecamatan` ON `kelurahan`.`id_kecamatan` = `kecamatan`.`id_kecamatan`', [], false)
 4 SYSTEMPATH\Model.php(275): CodeIgniter\Database\BaseBuilder->get()
 5 SYSTEMPATH\BaseModel.php(676): CodeIgniter\Model->doFindAll(0, 0)
 6 APPPATH\Controllers\PetaController.php(70): CodeIgniter\BaseModel->findAll()
 7 SYSTEMPATH\CodeIgniter.php(933): App\Controllers\PetaController->getDataKerawanan()
 8 SYSTEMPATH\CodeIgniter.php(509): CodeIgniter\CodeIgniter->runController(Object(App\Controllers\PetaController))
 9 SYSTEMPATH\CodeIgniter.php(355): CodeIgniter\CodeIgniter->handleRequest(null, Object(Config\Cache), false)
10 SYSTEMPATH\Boot.php(312): CodeIgniter\CodeIgniter->run()
11 SYSTEMPATH\Boot.php(67): CodeIgniter\Boot::runCodeIgniter(Object(CodeIgniter\CodeIgniter))
12 FCPATH\index.php(58): CodeIgniter\Boot::bootWeb(Object(Config\Paths))
CRITICAL - 2025-07-15 15:50:49 --> [Caused by] mysqli_sql_exception: Table 'aoc.hiburan' doesn't exist
in SYSTEMPATH\Database\MySQLi\Connection.php on line 308.
 1 SYSTEMPATH\Database\MySQLi\Connection.php(308): mysqli->query('SELECT `kelurahan`.*, `kecamatan`.`nama_kecamatan`, (SELECT COUNT(u.id_kasus) FROM ungkap_kasus u WHERE u.id_kelurahan = kelurahan.id_kelurahan AND u.tahun = \'2025\') AS jml_kasus, (SELECT COUNT(u.id_kasus) FROM ungkap_kasus u WHERE u.id_kelurahan = kelurahan.id_kelurahan AND u.MO = \'Pengguna\' AND u.tahun = \'2025\') AS jml_pengguna, (SELECT COUNT(u.id_kasus) FROM ungkap_kasus u WHERE u.id_kelurahan = kelurahan.id_kelurahan AND u.MO = \'Pengedar\' AND u.tahun = \'2025\') AS jml_bandar, (SELECT COUNT(h.id_hiburan) FROM hiburan h WHERE h.id_kelurahan = kelurahan.id_kelurahan) AS jml_hiburan, (SELECT COUNT(k.id_kos) FROM kos k WHERE k.id_kelurahan = kelurahan.id_kelurahan) AS jml_kos
FROM `kelurahan`
LEFT JOIN `kecamatan` ON `kelurahan`.`id_kecamatan` = `kecamatan`.`id_kecamatan`', 0)
 2 SYSTEMPATH\Database\BaseConnection.php(722): CodeIgniter\Database\MySQLi\Connection->execute('SELECT `kelurahan`.*, `kecamatan`.`nama_kecamatan`, (SELECT COUNT(u.id_kasus) FROM ungkap_kasus u WHERE u.id_kelurahan = kelurahan.id_kelurahan AND u.tahun = \'2025\') AS jml_kasus, (SELECT COUNT(u.id_kasus) FROM ungkap_kasus u WHERE u.id_kelurahan = kelurahan.id_kelurahan AND u.MO = \'Pengguna\' AND u.tahun = \'2025\') AS jml_pengguna, (SELECT COUNT(u.id_kasus) FROM ungkap_kasus u WHERE u.id_kelurahan = kelurahan.id_kelurahan AND u.MO = \'Pengedar\' AND u.tahun = \'2025\') AS jml_bandar, (SELECT COUNT(h.id_hiburan) FROM hiburan h WHERE h.id_kelurahan = kelurahan.id_kelurahan) AS jml_hiburan, (SELECT COUNT(k.id_kos) FROM kos k WHERE k.id_kelurahan = kelurahan.id_kelurahan) AS jml_kos
FROM `kelurahan`
LEFT JOIN `kecamatan` ON `kelurahan`.`id_kecamatan` = `kecamatan`.`id_kecamatan`')
 3 SYSTEMPATH\Database\BaseConnection.php(636): CodeIgniter\Database\BaseConnection->simpleQuery('SELECT `kelurahan`.*, `kecamatan`.`nama_kecamatan`, (SELECT COUNT(u.id_kasus) FROM ungkap_kasus u WHERE u.id_kelurahan = kelurahan.id_kelurahan AND u.tahun = \'2025\') AS jml_kasus, (SELECT COUNT(u.id_kasus) FROM ungkap_kasus u WHERE u.id_kelurahan = kelurahan.id_kelurahan AND u.MO = \'Pengguna\' AND u.tahun = \'2025\') AS jml_pengguna, (SELECT COUNT(u.id_kasus) FROM ungkap_kasus u WHERE u.id_kelurahan = kelurahan.id_kelurahan AND u.MO = \'Pengedar\' AND u.tahun = \'2025\') AS jml_bandar, (SELECT COUNT(h.id_hiburan) FROM hiburan h WHERE h.id_kelurahan = kelurahan.id_kelurahan) AS jml_hiburan, (SELECT COUNT(k.id_kos) FROM kos k WHERE k.id_kelurahan = kelurahan.id_kelurahan) AS jml_kos
FROM `kelurahan`
LEFT JOIN `kecamatan` ON `kelurahan`.`id_kecamatan` = `kecamatan`.`id_kecamatan`')
 4 SYSTEMPATH\Database\BaseBuilder.php(1629): CodeIgniter\Database\BaseConnection->query('SELECT `kelurahan`.*, `kecamatan`.`nama_kecamatan`, (SELECT COUNT(u.id_kasus) FROM ungkap_kasus u WHERE u.id_kelurahan = kelurahan.id_kelurahan AND u.tahun = \'2025\') AS jml_kasus, (SELECT COUNT(u.id_kasus) FROM ungkap_kasus u WHERE u.id_kelurahan = kelurahan.id_kelurahan AND u.MO = \'Pengguna\' AND u.tahun = \'2025\') AS jml_pengguna, (SELECT COUNT(u.id_kasus) FROM ungkap_kasus u WHERE u.id_kelurahan = kelurahan.id_kelurahan AND u.MO = \'Pengedar\' AND u.tahun = \'2025\') AS jml_bandar, (SELECT COUNT(h.id_hiburan) FROM hiburan h WHERE h.id_kelurahan = kelurahan.id_kelurahan) AS jml_hiburan, (SELECT COUNT(k.id_kos) FROM kos k WHERE k.id_kelurahan = kelurahan.id_kelurahan) AS jml_kos
FROM `kelurahan`
LEFT JOIN `kecamatan` ON `kelurahan`.`id_kecamatan` = `kecamatan`.`id_kecamatan`', [], false)
 5 SYSTEMPATH\Model.php(275): CodeIgniter\Database\BaseBuilder->get()
 6 SYSTEMPATH\BaseModel.php(676): CodeIgniter\Model->doFindAll(0, 0)
 7 APPPATH\Controllers\PetaController.php(70): CodeIgniter\BaseModel->findAll()
 8 SYSTEMPATH\CodeIgniter.php(933): App\Controllers\PetaController->getDataKerawanan()
 9 SYSTEMPATH\CodeIgniter.php(509): CodeIgniter\CodeIgniter->runController(Object(App\Controllers\PetaController))
10 SYSTEMPATH\CodeIgniter.php(355): CodeIgniter\CodeIgniter->handleRequest(null, Object(Config\Cache), false)
11 SYSTEMPATH\Boot.php(312): CodeIgniter\CodeIgniter->run()
12 SYSTEMPATH\Boot.php(67): CodeIgniter\Boot::runCodeIgniter(Object(CodeIgniter\CodeIgniter))
13 FCPATH\index.php(58): CodeIgniter\Boot::bootWeb(Object(Config\Paths))
ERROR - 2025-07-15 15:56:40 --> mysqli_sql_exception: Table 'aoc.hiburan' doesn't exist in C:\xampp\htdocs\tawannarkobav2\system\Database\MySQLi\Connection.php:308
Stack trace:
#0 C:\xampp\htdocs\tawannarkobav2\system\Database\MySQLi\Connection.php(308): mysqli->query('SELECT `kelurah...', 0)
#1 C:\xampp\htdocs\tawannarkobav2\system\Database\BaseConnection.php(722): CodeIgniter\Database\MySQLi\Connection->execute('SELECT `kelurah...')
#2 C:\xampp\htdocs\tawannarkobav2\system\Database\BaseConnection.php(636): CodeIgniter\Database\BaseConnection->simpleQuery('SELECT `kelurah...')
#3 C:\xampp\htdocs\tawannarkobav2\system\Database\BaseBuilder.php(1629): CodeIgniter\Database\BaseConnection->query('SELECT `kelurah...', Array, false)
#4 C:\xampp\htdocs\tawannarkobav2\system\Model.php(275): CodeIgniter\Database\BaseBuilder->get()
#5 C:\xampp\htdocs\tawannarkobav2\system\BaseModel.php(676): CodeIgniter\Model->doFindAll(0, 0)
#6 C:\xampp\htdocs\tawannarkobav2\app\Controllers\PetaController.php(70): CodeIgniter\BaseModel->findAll()
#7 C:\xampp\htdocs\tawannarkobav2\system\CodeIgniter.php(933): App\Controllers\PetaController->getDataKerawanan()
#8 C:\xampp\htdocs\tawannarkobav2\system\CodeIgniter.php(509): CodeIgniter\CodeIgniter->runController(Object(App\Controllers\PetaController))
#9 C:\xampp\htdocs\tawannarkobav2\system\CodeIgniter.php(355): CodeIgniter\CodeIgniter->handleRequest(NULL, Object(Config\Cache), false)
#10 C:\xampp\htdocs\tawannarkobav2\system\Boot.php(312): CodeIgniter\CodeIgniter->run()
#11 C:\xampp\htdocs\tawannarkobav2\system\Boot.php(67): CodeIgniter\Boot::runCodeIgniter(Object(CodeIgniter\CodeIgniter))
#12 C:\xampp\htdocs\tawannarkobav2\index.php(58): CodeIgniter\Boot::bootWeb(Object(Config\Paths))
#13 {main}
CRITICAL - 2025-07-15 15:56:40 --> CodeIgniter\Database\Exceptions\DatabaseException: Table 'aoc.hiburan' doesn't exist
[Method: GET, Route: /]
in SYSTEMPATH\Database\BaseConnection.php on line 676.
 1 SYSTEMPATH\Database\BaseBuilder.php(1629): CodeIgniter\Database\BaseConnection->query('SELECT `kelurahan`.*, `kecamatan`.`nama_kecamatan`, (SELECT COUNT(u.id_kasus) FROM ungkap_kasus u WHERE u.id_kelurahan = kelurahan.id_kelurahan AND u.tahun = \'2025\') AS jml_kasus, (SELECT COUNT(u.id_kasus) FROM ungkap_kasus u WHERE u.id_kelurahan = kelurahan.id_kelurahan AND u.MO = \'Pengguna\' AND u.tahun = \'2025\') AS jml_pengguna, (SELECT COUNT(u.id_kasus) FROM ungkap_kasus u WHERE u.id_kelurahan = kelurahan.id_kelurahan AND u.MO = \'Pengedar\' AND u.tahun = \'2025\') AS jml_bandar, (SELECT COUNT(h.id_hiburan) FROM hiburan h WHERE h.id_kelurahan = kelurahan.id_kelurahan) AS jml_hiburan, (SELECT COUNT(k.id_kos) FROM kos k WHERE k.id_kelurahan = kelurahan.id_kelurahan) AS jml_kos
FROM `kelurahan`
LEFT JOIN `kecamatan` ON `kelurahan`.`id_kecamatan` = `kecamatan`.`id_kecamatan`', [], false)
 2 SYSTEMPATH\Model.php(275): CodeIgniter\Database\BaseBuilder->get()
 3 SYSTEMPATH\BaseModel.php(676): CodeIgniter\Model->doFindAll(0, 0)
 4 APPPATH\Controllers\PetaController.php(70): CodeIgniter\BaseModel->findAll()
 5 SYSTEMPATH\CodeIgniter.php(933): App\Controllers\PetaController->getDataKerawanan()
 6 SYSTEMPATH\CodeIgniter.php(509): CodeIgniter\CodeIgniter->runController(Object(App\Controllers\PetaController))
 7 SYSTEMPATH\CodeIgniter.php(355): CodeIgniter\CodeIgniter->handleRequest(null, Object(Config\Cache), false)
 8 SYSTEMPATH\Boot.php(312): CodeIgniter\CodeIgniter->run()
 9 SYSTEMPATH\Boot.php(67): CodeIgniter\Boot::runCodeIgniter(Object(CodeIgniter\CodeIgniter))
10 FCPATH\index.php(58): CodeIgniter\Boot::bootWeb(Object(Config\Paths))
CRITICAL - 2025-07-15 15:56:40 --> [Caused by] CodeIgniter\Database\Exceptions\DatabaseException: Table 'aoc.hiburan' doesn't exist
in SYSTEMPATH\Database\MySQLi\Connection.php on line 313.
 1 SYSTEMPATH\Database\BaseConnection.php(722): CodeIgniter\Database\MySQLi\Connection->execute('SELECT `kelurahan`.*, `kecamatan`.`nama_kecamatan`, (SELECT COUNT(u.id_kasus) FROM ungkap_kasus u WHERE u.id_kelurahan = kelurahan.id_kelurahan AND u.tahun = \'2025\') AS jml_kasus, (SELECT COUNT(u.id_kasus) FROM ungkap_kasus u WHERE u.id_kelurahan = kelurahan.id_kelurahan AND u.MO = \'Pengguna\' AND u.tahun = \'2025\') AS jml_pengguna, (SELECT COUNT(u.id_kasus) FROM ungkap_kasus u WHERE u.id_kelurahan = kelurahan.id_kelurahan AND u.MO = \'Pengedar\' AND u.tahun = \'2025\') AS jml_bandar, (SELECT COUNT(h.id_hiburan) FROM hiburan h WHERE h.id_kelurahan = kelurahan.id_kelurahan) AS jml_hiburan, (SELECT COUNT(k.id_kos) FROM kos k WHERE k.id_kelurahan = kelurahan.id_kelurahan) AS jml_kos
FROM `kelurahan`
LEFT JOIN `kecamatan` ON `kelurahan`.`id_kecamatan` = `kecamatan`.`id_kecamatan`')
 2 SYSTEMPATH\Database\BaseConnection.php(636): CodeIgniter\Database\BaseConnection->simpleQuery('SELECT `kelurahan`.*, `kecamatan`.`nama_kecamatan`, (SELECT COUNT(u.id_kasus) FROM ungkap_kasus u WHERE u.id_kelurahan = kelurahan.id_kelurahan AND u.tahun = \'2025\') AS jml_kasus, (SELECT COUNT(u.id_kasus) FROM ungkap_kasus u WHERE u.id_kelurahan = kelurahan.id_kelurahan AND u.MO = \'Pengguna\' AND u.tahun = \'2025\') AS jml_pengguna, (SELECT COUNT(u.id_kasus) FROM ungkap_kasus u WHERE u.id_kelurahan = kelurahan.id_kelurahan AND u.MO = \'Pengedar\' AND u.tahun = \'2025\') AS jml_bandar, (SELECT COUNT(h.id_hiburan) FROM hiburan h WHERE h.id_kelurahan = kelurahan.id_kelurahan) AS jml_hiburan, (SELECT COUNT(k.id_kos) FROM kos k WHERE k.id_kelurahan = kelurahan.id_kelurahan) AS jml_kos
FROM `kelurahan`
LEFT JOIN `kecamatan` ON `kelurahan`.`id_kecamatan` = `kecamatan`.`id_kecamatan`')
 3 SYSTEMPATH\Database\BaseBuilder.php(1629): CodeIgniter\Database\BaseConnection->query('SELECT `kelurahan`.*, `kecamatan`.`nama_kecamatan`, (SELECT COUNT(u.id_kasus) FROM ungkap_kasus u WHERE u.id_kelurahan = kelurahan.id_kelurahan AND u.tahun = \'2025\') AS jml_kasus, (SELECT COUNT(u.id_kasus) FROM ungkap_kasus u WHERE u.id_kelurahan = kelurahan.id_kelurahan AND u.MO = \'Pengguna\' AND u.tahun = \'2025\') AS jml_pengguna, (SELECT COUNT(u.id_kasus) FROM ungkap_kasus u WHERE u.id_kelurahan = kelurahan.id_kelurahan AND u.MO = \'Pengedar\' AND u.tahun = \'2025\') AS jml_bandar, (SELECT COUNT(h.id_hiburan) FROM hiburan h WHERE h.id_kelurahan = kelurahan.id_kelurahan) AS jml_hiburan, (SELECT COUNT(k.id_kos) FROM kos k WHERE k.id_kelurahan = kelurahan.id_kelurahan) AS jml_kos
FROM `kelurahan`
LEFT JOIN `kecamatan` ON `kelurahan`.`id_kecamatan` = `kecamatan`.`id_kecamatan`', [], false)
 4 SYSTEMPATH\Model.php(275): CodeIgniter\Database\BaseBuilder->get()
 5 SYSTEMPATH\BaseModel.php(676): CodeIgniter\Model->doFindAll(0, 0)
 6 APPPATH\Controllers\PetaController.php(70): CodeIgniter\BaseModel->findAll()
 7 SYSTEMPATH\CodeIgniter.php(933): App\Controllers\PetaController->getDataKerawanan()
 8 SYSTEMPATH\CodeIgniter.php(509): CodeIgniter\CodeIgniter->runController(Object(App\Controllers\PetaController))
 9 SYSTEMPATH\CodeIgniter.php(355): CodeIgniter\CodeIgniter->handleRequest(null, Object(Config\Cache), false)
10 SYSTEMPATH\Boot.php(312): CodeIgniter\CodeIgniter->run()
11 SYSTEMPATH\Boot.php(67): CodeIgniter\Boot::runCodeIgniter(Object(CodeIgniter\CodeIgniter))
12 FCPATH\index.php(58): CodeIgniter\Boot::bootWeb(Object(Config\Paths))
CRITICAL - 2025-07-15 15:56:40 --> [Caused by] mysqli_sql_exception: Table 'aoc.hiburan' doesn't exist
in SYSTEMPATH\Database\MySQLi\Connection.php on line 308.
 1 SYSTEMPATH\Database\MySQLi\Connection.php(308): mysqli->query('SELECT `kelurahan`.*, `kecamatan`.`nama_kecamatan`, (SELECT COUNT(u.id_kasus) FROM ungkap_kasus u WHERE u.id_kelurahan = kelurahan.id_kelurahan AND u.tahun = \'2025\') AS jml_kasus, (SELECT COUNT(u.id_kasus) FROM ungkap_kasus u WHERE u.id_kelurahan = kelurahan.id_kelurahan AND u.MO = \'Pengguna\' AND u.tahun = \'2025\') AS jml_pengguna, (SELECT COUNT(u.id_kasus) FROM ungkap_kasus u WHERE u.id_kelurahan = kelurahan.id_kelurahan AND u.MO = \'Pengedar\' AND u.tahun = \'2025\') AS jml_bandar, (SELECT COUNT(h.id_hiburan) FROM hiburan h WHERE h.id_kelurahan = kelurahan.id_kelurahan) AS jml_hiburan, (SELECT COUNT(k.id_kos) FROM kos k WHERE k.id_kelurahan = kelurahan.id_kelurahan) AS jml_kos
FROM `kelurahan`
LEFT JOIN `kecamatan` ON `kelurahan`.`id_kecamatan` = `kecamatan`.`id_kecamatan`', 0)
 2 SYSTEMPATH\Database\BaseConnection.php(722): CodeIgniter\Database\MySQLi\Connection->execute('SELECT `kelurahan`.*, `kecamatan`.`nama_kecamatan`, (SELECT COUNT(u.id_kasus) FROM ungkap_kasus u WHERE u.id_kelurahan = kelurahan.id_kelurahan AND u.tahun = \'2025\') AS jml_kasus, (SELECT COUNT(u.id_kasus) FROM ungkap_kasus u WHERE u.id_kelurahan = kelurahan.id_kelurahan AND u.MO = \'Pengguna\' AND u.tahun = \'2025\') AS jml_pengguna, (SELECT COUNT(u.id_kasus) FROM ungkap_kasus u WHERE u.id_kelurahan = kelurahan.id_kelurahan AND u.MO = \'Pengedar\' AND u.tahun = \'2025\') AS jml_bandar, (SELECT COUNT(h.id_hiburan) FROM hiburan h WHERE h.id_kelurahan = kelurahan.id_kelurahan) AS jml_hiburan, (SELECT COUNT(k.id_kos) FROM kos k WHERE k.id_kelurahan = kelurahan.id_kelurahan) AS jml_kos
FROM `kelurahan`
LEFT JOIN `kecamatan` ON `kelurahan`.`id_kecamatan` = `kecamatan`.`id_kecamatan`')
 3 SYSTEMPATH\Database\BaseConnection.php(636): CodeIgniter\Database\BaseConnection->simpleQuery('SELECT `kelurahan`.*, `kecamatan`.`nama_kecamatan`, (SELECT COUNT(u.id_kasus) FROM ungkap_kasus u WHERE u.id_kelurahan = kelurahan.id_kelurahan AND u.tahun = \'2025\') AS jml_kasus, (SELECT COUNT(u.id_kasus) FROM ungkap_kasus u WHERE u.id_kelurahan = kelurahan.id_kelurahan AND u.MO = \'Pengguna\' AND u.tahun = \'2025\') AS jml_pengguna, (SELECT COUNT(u.id_kasus) FROM ungkap_kasus u WHERE u.id_kelurahan = kelurahan.id_kelurahan AND u.MO = \'Pengedar\' AND u.tahun = \'2025\') AS jml_bandar, (SELECT COUNT(h.id_hiburan) FROM hiburan h WHERE h.id_kelurahan = kelurahan.id_kelurahan) AS jml_hiburan, (SELECT COUNT(k.id_kos) FROM kos k WHERE k.id_kelurahan = kelurahan.id_kelurahan) AS jml_kos
FROM `kelurahan`
LEFT JOIN `kecamatan` ON `kelurahan`.`id_kecamatan` = `kecamatan`.`id_kecamatan`')
 4 SYSTEMPATH\Database\BaseBuilder.php(1629): CodeIgniter\Database\BaseConnection->query('SELECT `kelurahan`.*, `kecamatan`.`nama_kecamatan`, (SELECT COUNT(u.id_kasus) FROM ungkap_kasus u WHERE u.id_kelurahan = kelurahan.id_kelurahan AND u.tahun = \'2025\') AS jml_kasus, (SELECT COUNT(u.id_kasus) FROM ungkap_kasus u WHERE u.id_kelurahan = kelurahan.id_kelurahan AND u.MO = \'Pengguna\' AND u.tahun = \'2025\') AS jml_pengguna, (SELECT COUNT(u.id_kasus) FROM ungkap_kasus u WHERE u.id_kelurahan = kelurahan.id_kelurahan AND u.MO = \'Pengedar\' AND u.tahun = \'2025\') AS jml_bandar, (SELECT COUNT(h.id_hiburan) FROM hiburan h WHERE h.id_kelurahan = kelurahan.id_kelurahan) AS jml_hiburan, (SELECT COUNT(k.id_kos) FROM kos k WHERE k.id_kelurahan = kelurahan.id_kelurahan) AS jml_kos
FROM `kelurahan`
LEFT JOIN `kecamatan` ON `kelurahan`.`id_kecamatan` = `kecamatan`.`id_kecamatan`', [], false)
 5 SYSTEMPATH\Model.php(275): CodeIgniter\Database\BaseBuilder->get()
 6 SYSTEMPATH\BaseModel.php(676): CodeIgniter\Model->doFindAll(0, 0)
 7 APPPATH\Controllers\PetaController.php(70): CodeIgniter\BaseModel->findAll()
 8 SYSTEMPATH\CodeIgniter.php(933): App\Controllers\PetaController->getDataKerawanan()
 9 SYSTEMPATH\CodeIgniter.php(509): CodeIgniter\CodeIgniter->runController(Object(App\Controllers\PetaController))
10 SYSTEMPATH\CodeIgniter.php(355): CodeIgniter\CodeIgniter->handleRequest(null, Object(Config\Cache), false)
11 SYSTEMPATH\Boot.php(312): CodeIgniter\CodeIgniter->run()
12 SYSTEMPATH\Boot.php(67): CodeIgniter\Boot::runCodeIgniter(Object(CodeIgniter\CodeIgniter))
13 FCPATH\index.php(58): CodeIgniter\Boot::bootWeb(Object(Config\Paths))
ERROR - 2025-07-15 15:56:43 --> mysqli_sql_exception: Table 'aoc.hiburan' doesn't exist in C:\xampp\htdocs\tawannarkobav2\system\Database\MySQLi\Connection.php:308
Stack trace:
#0 C:\xampp\htdocs\tawannarkobav2\system\Database\MySQLi\Connection.php(308): mysqli->query('SELECT `kelurah...', 0)
#1 C:\xampp\htdocs\tawannarkobav2\system\Database\BaseConnection.php(722): CodeIgniter\Database\MySQLi\Connection->execute('SELECT `kelurah...')
#2 C:\xampp\htdocs\tawannarkobav2\system\Database\BaseConnection.php(636): CodeIgniter\Database\BaseConnection->simpleQuery('SELECT `kelurah...')
#3 C:\xampp\htdocs\tawannarkobav2\system\Database\BaseBuilder.php(1629): CodeIgniter\Database\BaseConnection->query('SELECT `kelurah...', Array, false)
#4 C:\xampp\htdocs\tawannarkobav2\system\Model.php(275): CodeIgniter\Database\BaseBuilder->get()
#5 C:\xampp\htdocs\tawannarkobav2\system\BaseModel.php(676): CodeIgniter\Model->doFindAll(0, 0)
#6 C:\xampp\htdocs\tawannarkobav2\app\Controllers\PetaController.php(70): CodeIgniter\BaseModel->findAll()
#7 C:\xampp\htdocs\tawannarkobav2\system\CodeIgniter.php(933): App\Controllers\PetaController->getDataKerawanan()
#8 C:\xampp\htdocs\tawannarkobav2\system\CodeIgniter.php(509): CodeIgniter\CodeIgniter->runController(Object(App\Controllers\PetaController))
#9 C:\xampp\htdocs\tawannarkobav2\system\CodeIgniter.php(355): CodeIgniter\CodeIgniter->handleRequest(NULL, Object(Config\Cache), false)
#10 C:\xampp\htdocs\tawannarkobav2\system\Boot.php(312): CodeIgniter\CodeIgniter->run()
#11 C:\xampp\htdocs\tawannarkobav2\system\Boot.php(67): CodeIgniter\Boot::runCodeIgniter(Object(CodeIgniter\CodeIgniter))
#12 C:\xampp\htdocs\tawannarkobav2\index.php(58): CodeIgniter\Boot::bootWeb(Object(Config\Paths))
#13 {main}
CRITICAL - 2025-07-15 15:56:43 --> CodeIgniter\Database\Exceptions\DatabaseException: Table 'aoc.hiburan' doesn't exist
[Method: GET, Route: /]
in SYSTEMPATH\Database\BaseConnection.php on line 676.
 1 SYSTEMPATH\Database\BaseBuilder.php(1629): CodeIgniter\Database\BaseConnection->query('SELECT `kelurahan`.*, `kecamatan`.`nama_kecamatan`, (SELECT COUNT(u.id_kasus) FROM ungkap_kasus u WHERE u.id_kelurahan = kelurahan.id_kelurahan AND u.tahun = \'2025\') AS jml_kasus, (SELECT COUNT(u.id_kasus) FROM ungkap_kasus u WHERE u.id_kelurahan = kelurahan.id_kelurahan AND u.MO = \'Pengguna\' AND u.tahun = \'2025\') AS jml_pengguna, (SELECT COUNT(u.id_kasus) FROM ungkap_kasus u WHERE u.id_kelurahan = kelurahan.id_kelurahan AND u.MO = \'Pengedar\' AND u.tahun = \'2025\') AS jml_bandar, (SELECT COUNT(h.id_hiburan) FROM hiburan h WHERE h.id_kelurahan = kelurahan.id_kelurahan) AS jml_hiburan, (SELECT COUNT(k.id_kos) FROM kos k WHERE k.id_kelurahan = kelurahan.id_kelurahan) AS jml_kos
FROM `kelurahan`
LEFT JOIN `kecamatan` ON `kelurahan`.`id_kecamatan` = `kecamatan`.`id_kecamatan`', [], false)
 2 SYSTEMPATH\Model.php(275): CodeIgniter\Database\BaseBuilder->get()
 3 SYSTEMPATH\BaseModel.php(676): CodeIgniter\Model->doFindAll(0, 0)
 4 APPPATH\Controllers\PetaController.php(70): CodeIgniter\BaseModel->findAll()
 5 SYSTEMPATH\CodeIgniter.php(933): App\Controllers\PetaController->getDataKerawanan()
 6 SYSTEMPATH\CodeIgniter.php(509): CodeIgniter\CodeIgniter->runController(Object(App\Controllers\PetaController))
 7 SYSTEMPATH\CodeIgniter.php(355): CodeIgniter\CodeIgniter->handleRequest(null, Object(Config\Cache), false)
 8 SYSTEMPATH\Boot.php(312): CodeIgniter\CodeIgniter->run()
 9 SYSTEMPATH\Boot.php(67): CodeIgniter\Boot::runCodeIgniter(Object(CodeIgniter\CodeIgniter))
10 FCPATH\index.php(58): CodeIgniter\Boot::bootWeb(Object(Config\Paths))
CRITICAL - 2025-07-15 15:56:43 --> [Caused by] CodeIgniter\Database\Exceptions\DatabaseException: Table 'aoc.hiburan' doesn't exist
in SYSTEMPATH\Database\MySQLi\Connection.php on line 313.
 1 SYSTEMPATH\Database\BaseConnection.php(722): CodeIgniter\Database\MySQLi\Connection->execute('SELECT `kelurahan`.*, `kecamatan`.`nama_kecamatan`, (SELECT COUNT(u.id_kasus) FROM ungkap_kasus u WHERE u.id_kelurahan = kelurahan.id_kelurahan AND u.tahun = \'2025\') AS jml_kasus, (SELECT COUNT(u.id_kasus) FROM ungkap_kasus u WHERE u.id_kelurahan = kelurahan.id_kelurahan AND u.MO = \'Pengguna\' AND u.tahun = \'2025\') AS jml_pengguna, (SELECT COUNT(u.id_kasus) FROM ungkap_kasus u WHERE u.id_kelurahan = kelurahan.id_kelurahan AND u.MO = \'Pengedar\' AND u.tahun = \'2025\') AS jml_bandar, (SELECT COUNT(h.id_hiburan) FROM hiburan h WHERE h.id_kelurahan = kelurahan.id_kelurahan) AS jml_hiburan, (SELECT COUNT(k.id_kos) FROM kos k WHERE k.id_kelurahan = kelurahan.id_kelurahan) AS jml_kos
FROM `kelurahan`
LEFT JOIN `kecamatan` ON `kelurahan`.`id_kecamatan` = `kecamatan`.`id_kecamatan`')
 2 SYSTEMPATH\Database\BaseConnection.php(636): CodeIgniter\Database\BaseConnection->simpleQuery('SELECT `kelurahan`.*, `kecamatan`.`nama_kecamatan`, (SELECT COUNT(u.id_kasus) FROM ungkap_kasus u WHERE u.id_kelurahan = kelurahan.id_kelurahan AND u.tahun = \'2025\') AS jml_kasus, (SELECT COUNT(u.id_kasus) FROM ungkap_kasus u WHERE u.id_kelurahan = kelurahan.id_kelurahan AND u.MO = \'Pengguna\' AND u.tahun = \'2025\') AS jml_pengguna, (SELECT COUNT(u.id_kasus) FROM ungkap_kasus u WHERE u.id_kelurahan = kelurahan.id_kelurahan AND u.MO = \'Pengedar\' AND u.tahun = \'2025\') AS jml_bandar, (SELECT COUNT(h.id_hiburan) FROM hiburan h WHERE h.id_kelurahan = kelurahan.id_kelurahan) AS jml_hiburan, (SELECT COUNT(k.id_kos) FROM kos k WHERE k.id_kelurahan = kelurahan.id_kelurahan) AS jml_kos
FROM `kelurahan`
LEFT JOIN `kecamatan` ON `kelurahan`.`id_kecamatan` = `kecamatan`.`id_kecamatan`')
 3 SYSTEMPATH\Database\BaseBuilder.php(1629): CodeIgniter\Database\BaseConnection->query('SELECT `kelurahan`.*, `kecamatan`.`nama_kecamatan`, (SELECT COUNT(u.id_kasus) FROM ungkap_kasus u WHERE u.id_kelurahan = kelurahan.id_kelurahan AND u.tahun = \'2025\') AS jml_kasus, (SELECT COUNT(u.id_kasus) FROM ungkap_kasus u WHERE u.id_kelurahan = kelurahan.id_kelurahan AND u.MO = \'Pengguna\' AND u.tahun = \'2025\') AS jml_pengguna, (SELECT COUNT(u.id_kasus) FROM ungkap_kasus u WHERE u.id_kelurahan = kelurahan.id_kelurahan AND u.MO = \'Pengedar\' AND u.tahun = \'2025\') AS jml_bandar, (SELECT COUNT(h.id_hiburan) FROM hiburan h WHERE h.id_kelurahan = kelurahan.id_kelurahan) AS jml_hiburan, (SELECT COUNT(k.id_kos) FROM kos k WHERE k.id_kelurahan = kelurahan.id_kelurahan) AS jml_kos
FROM `kelurahan`
LEFT JOIN `kecamatan` ON `kelurahan`.`id_kecamatan` = `kecamatan`.`id_kecamatan`', [], false)
 4 SYSTEMPATH\Model.php(275): CodeIgniter\Database\BaseBuilder->get()
 5 SYSTEMPATH\BaseModel.php(676): CodeIgniter\Model->doFindAll(0, 0)
 6 APPPATH\Controllers\PetaController.php(70): CodeIgniter\BaseModel->findAll()
 7 SYSTEMPATH\CodeIgniter.php(933): App\Controllers\PetaController->getDataKerawanan()
 8 SYSTEMPATH\CodeIgniter.php(509): CodeIgniter\CodeIgniter->runController(Object(App\Controllers\PetaController))
 9 SYSTEMPATH\CodeIgniter.php(355): CodeIgniter\CodeIgniter->handleRequest(null, Object(Config\Cache), false)
10 SYSTEMPATH\Boot.php(312): CodeIgniter\CodeIgniter->run()
11 SYSTEMPATH\Boot.php(67): CodeIgniter\Boot::runCodeIgniter(Object(CodeIgniter\CodeIgniter))
12 FCPATH\index.php(58): CodeIgniter\Boot::bootWeb(Object(Config\Paths))
CRITICAL - 2025-07-15 15:56:43 --> [Caused by] mysqli_sql_exception: Table 'aoc.hiburan' doesn't exist
in SYSTEMPATH\Database\MySQLi\Connection.php on line 308.
 1 SYSTEMPATH\Database\MySQLi\Connection.php(308): mysqli->query('SELECT `kelurahan`.*, `kecamatan`.`nama_kecamatan`, (SELECT COUNT(u.id_kasus) FROM ungkap_kasus u WHERE u.id_kelurahan = kelurahan.id_kelurahan AND u.tahun = \'2025\') AS jml_kasus, (SELECT COUNT(u.id_kasus) FROM ungkap_kasus u WHERE u.id_kelurahan = kelurahan.id_kelurahan AND u.MO = \'Pengguna\' AND u.tahun = \'2025\') AS jml_pengguna, (SELECT COUNT(u.id_kasus) FROM ungkap_kasus u WHERE u.id_kelurahan = kelurahan.id_kelurahan AND u.MO = \'Pengedar\' AND u.tahun = \'2025\') AS jml_bandar, (SELECT COUNT(h.id_hiburan) FROM hiburan h WHERE h.id_kelurahan = kelurahan.id_kelurahan) AS jml_hiburan, (SELECT COUNT(k.id_kos) FROM kos k WHERE k.id_kelurahan = kelurahan.id_kelurahan) AS jml_kos
FROM `kelurahan`
LEFT JOIN `kecamatan` ON `kelurahan`.`id_kecamatan` = `kecamatan`.`id_kecamatan`', 0)
 2 SYSTEMPATH\Database\BaseConnection.php(722): CodeIgniter\Database\MySQLi\Connection->execute('SELECT `kelurahan`.*, `kecamatan`.`nama_kecamatan`, (SELECT COUNT(u.id_kasus) FROM ungkap_kasus u WHERE u.id_kelurahan = kelurahan.id_kelurahan AND u.tahun = \'2025\') AS jml_kasus, (SELECT COUNT(u.id_kasus) FROM ungkap_kasus u WHERE u.id_kelurahan = kelurahan.id_kelurahan AND u.MO = \'Pengguna\' AND u.tahun = \'2025\') AS jml_pengguna, (SELECT COUNT(u.id_kasus) FROM ungkap_kasus u WHERE u.id_kelurahan = kelurahan.id_kelurahan AND u.MO = \'Pengedar\' AND u.tahun = \'2025\') AS jml_bandar, (SELECT COUNT(h.id_hiburan) FROM hiburan h WHERE h.id_kelurahan = kelurahan.id_kelurahan) AS jml_hiburan, (SELECT COUNT(k.id_kos) FROM kos k WHERE k.id_kelurahan = kelurahan.id_kelurahan) AS jml_kos
FROM `kelurahan`
LEFT JOIN `kecamatan` ON `kelurahan`.`id_kecamatan` = `kecamatan`.`id_kecamatan`')
 3 SYSTEMPATH\Database\BaseConnection.php(636): CodeIgniter\Database\BaseConnection->simpleQuery('SELECT `kelurahan`.*, `kecamatan`.`nama_kecamatan`, (SELECT COUNT(u.id_kasus) FROM ungkap_kasus u WHERE u.id_kelurahan = kelurahan.id_kelurahan AND u.tahun = \'2025\') AS jml_kasus, (SELECT COUNT(u.id_kasus) FROM ungkap_kasus u WHERE u.id_kelurahan = kelurahan.id_kelurahan AND u.MO = \'Pengguna\' AND u.tahun = \'2025\') AS jml_pengguna, (SELECT COUNT(u.id_kasus) FROM ungkap_kasus u WHERE u.id_kelurahan = kelurahan.id_kelurahan AND u.MO = \'Pengedar\' AND u.tahun = \'2025\') AS jml_bandar, (SELECT COUNT(h.id_hiburan) FROM hiburan h WHERE h.id_kelurahan = kelurahan.id_kelurahan) AS jml_hiburan, (SELECT COUNT(k.id_kos) FROM kos k WHERE k.id_kelurahan = kelurahan.id_kelurahan) AS jml_kos
FROM `kelurahan`
LEFT JOIN `kecamatan` ON `kelurahan`.`id_kecamatan` = `kecamatan`.`id_kecamatan`')
 4 SYSTEMPATH\Database\BaseBuilder.php(1629): CodeIgniter\Database\BaseConnection->query('SELECT `kelurahan`.*, `kecamatan`.`nama_kecamatan`, (SELECT COUNT(u.id_kasus) FROM ungkap_kasus u WHERE u.id_kelurahan = kelurahan.id_kelurahan AND u.tahun = \'2025\') AS jml_kasus, (SELECT COUNT(u.id_kasus) FROM ungkap_kasus u WHERE u.id_kelurahan = kelurahan.id_kelurahan AND u.MO = \'Pengguna\' AND u.tahun = \'2025\') AS jml_pengguna, (SELECT COUNT(u.id_kasus) FROM ungkap_kasus u WHERE u.id_kelurahan = kelurahan.id_kelurahan AND u.MO = \'Pengedar\' AND u.tahun = \'2025\') AS jml_bandar, (SELECT COUNT(h.id_hiburan) FROM hiburan h WHERE h.id_kelurahan = kelurahan.id_kelurahan) AS jml_hiburan, (SELECT COUNT(k.id_kos) FROM kos k WHERE k.id_kelurahan = kelurahan.id_kelurahan) AS jml_kos
FROM `kelurahan`
LEFT JOIN `kecamatan` ON `kelurahan`.`id_kecamatan` = `kecamatan`.`id_kecamatan`', [], false)
 5 SYSTEMPATH\Model.php(275): CodeIgniter\Database\BaseBuilder->get()
 6 SYSTEMPATH\BaseModel.php(676): CodeIgniter\Model->doFindAll(0, 0)
 7 APPPATH\Controllers\PetaController.php(70): CodeIgniter\BaseModel->findAll()
 8 SYSTEMPATH\CodeIgniter.php(933): App\Controllers\PetaController->getDataKerawanan()
 9 SYSTEMPATH\CodeIgniter.php(509): CodeIgniter\CodeIgniter->runController(Object(App\Controllers\PetaController))
10 SYSTEMPATH\CodeIgniter.php(355): CodeIgniter\CodeIgniter->handleRequest(null, Object(Config\Cache), false)
11 SYSTEMPATH\Boot.php(312): CodeIgniter\CodeIgniter->run()
12 SYSTEMPATH\Boot.php(67): CodeIgniter\Boot::runCodeIgniter(Object(CodeIgniter\CodeIgniter))
13 FCPATH\index.php(58): CodeIgniter\Boot::bootWeb(Object(Config\Paths))
ERROR - 2025-07-15 15:57:14 --> mysqli_sql_exception: Table 'aoc.kos' doesn't exist in C:\xampp\htdocs\tawannarkobav2\system\Database\MySQLi\Connection.php:308
Stack trace:
#0 C:\xampp\htdocs\tawannarkobav2\system\Database\MySQLi\Connection.php(308): mysqli->query('SELECT `kelurah...', 0)
#1 C:\xampp\htdocs\tawannarkobav2\system\Database\BaseConnection.php(722): CodeIgniter\Database\MySQLi\Connection->execute('SELECT `kelurah...')
#2 C:\xampp\htdocs\tawannarkobav2\system\Database\BaseConnection.php(636): CodeIgniter\Database\BaseConnection->simpleQuery('SELECT `kelurah...')
#3 C:\xampp\htdocs\tawannarkobav2\system\Database\BaseBuilder.php(1629): CodeIgniter\Database\BaseConnection->query('SELECT `kelurah...', Array, false)
#4 C:\xampp\htdocs\tawannarkobav2\system\Model.php(275): CodeIgniter\Database\BaseBuilder->get()
#5 C:\xampp\htdocs\tawannarkobav2\system\BaseModel.php(676): CodeIgniter\Model->doFindAll(0, 0)
#6 C:\xampp\htdocs\tawannarkobav2\app\Controllers\PetaController.php(70): CodeIgniter\BaseModel->findAll()
#7 C:\xampp\htdocs\tawannarkobav2\system\CodeIgniter.php(933): App\Controllers\PetaController->getDataKerawanan()
#8 C:\xampp\htdocs\tawannarkobav2\system\CodeIgniter.php(509): CodeIgniter\CodeIgniter->runController(Object(App\Controllers\PetaController))
#9 C:\xampp\htdocs\tawannarkobav2\system\CodeIgniter.php(355): CodeIgniter\CodeIgniter->handleRequest(NULL, Object(Config\Cache), false)
#10 C:\xampp\htdocs\tawannarkobav2\system\Boot.php(312): CodeIgniter\CodeIgniter->run()
#11 C:\xampp\htdocs\tawannarkobav2\system\Boot.php(67): CodeIgniter\Boot::runCodeIgniter(Object(CodeIgniter\CodeIgniter))
#12 C:\xampp\htdocs\tawannarkobav2\index.php(58): CodeIgniter\Boot::bootWeb(Object(Config\Paths))
#13 {main}
CRITICAL - 2025-07-15 15:57:14 --> CodeIgniter\Database\Exceptions\DatabaseException: Table 'aoc.kos' doesn't exist
[Method: GET, Route: /]
in SYSTEMPATH\Database\BaseConnection.php on line 676.
 1 SYSTEMPATH\Database\BaseBuilder.php(1629): CodeIgniter\Database\BaseConnection->query('SELECT `kelurahan`.*, `kecamatan`.`nama_kecamatan`, (SELECT COUNT(u.id_kasus) FROM ungkap_kasus u WHERE u.id_kelurahan = kelurahan.id_kelurahan AND u.tahun = \'2025\') AS jml_kasus, (SELECT COUNT(u.id_kasus) FROM ungkap_kasus u WHERE u.id_kelurahan = kelurahan.id_kelurahan AND u.MO = \'Pengguna\' AND u.tahun = \'2025\') AS jml_pengguna, (SELECT COUNT(u.id_kasus) FROM ungkap_kasus u WHERE u.id_kelurahan = kelurahan.id_kelurahan AND u.MO = \'Pengedar\' AND u.tahun = \'2025\') AS jml_bandar, (SELECT COUNT(h.id_hiburan) FROM hiburanmalam h WHERE h.id_kelurahan = kelurahan.id_kelurahan) AS jml_hiburan, (SELECT COUNT(k.id_kos) FROM kos k WHERE k.id_kelurahan = kelurahan.id_kelurahan) AS jml_kos
FROM `kelurahan`
LEFT JOIN `kecamatan` ON `kelurahan`.`id_kecamatan` = `kecamatan`.`id_kecamatan`', [], false)
 2 SYSTEMPATH\Model.php(275): CodeIgniter\Database\BaseBuilder->get()
 3 SYSTEMPATH\BaseModel.php(676): CodeIgniter\Model->doFindAll(0, 0)
 4 APPPATH\Controllers\PetaController.php(70): CodeIgniter\BaseModel->findAll()
 5 SYSTEMPATH\CodeIgniter.php(933): App\Controllers\PetaController->getDataKerawanan()
 6 SYSTEMPATH\CodeIgniter.php(509): CodeIgniter\CodeIgniter->runController(Object(App\Controllers\PetaController))
 7 SYSTEMPATH\CodeIgniter.php(355): CodeIgniter\CodeIgniter->handleRequest(null, Object(Config\Cache), false)
 8 SYSTEMPATH\Boot.php(312): CodeIgniter\CodeIgniter->run()
 9 SYSTEMPATH\Boot.php(67): CodeIgniter\Boot::runCodeIgniter(Object(CodeIgniter\CodeIgniter))
10 FCPATH\index.php(58): CodeIgniter\Boot::bootWeb(Object(Config\Paths))
CRITICAL - 2025-07-15 15:57:14 --> [Caused by] CodeIgniter\Database\Exceptions\DatabaseException: Table 'aoc.kos' doesn't exist
in SYSTEMPATH\Database\MySQLi\Connection.php on line 313.
 1 SYSTEMPATH\Database\BaseConnection.php(722): CodeIgniter\Database\MySQLi\Connection->execute('SELECT `kelurahan`.*, `kecamatan`.`nama_kecamatan`, (SELECT COUNT(u.id_kasus) FROM ungkap_kasus u WHERE u.id_kelurahan = kelurahan.id_kelurahan AND u.tahun = \'2025\') AS jml_kasus, (SELECT COUNT(u.id_kasus) FROM ungkap_kasus u WHERE u.id_kelurahan = kelurahan.id_kelurahan AND u.MO = \'Pengguna\' AND u.tahun = \'2025\') AS jml_pengguna, (SELECT COUNT(u.id_kasus) FROM ungkap_kasus u WHERE u.id_kelurahan = kelurahan.id_kelurahan AND u.MO = \'Pengedar\' AND u.tahun = \'2025\') AS jml_bandar, (SELECT COUNT(h.id_hiburan) FROM hiburanmalam h WHERE h.id_kelurahan = kelurahan.id_kelurahan) AS jml_hiburan, (SELECT COUNT(k.id_kos) FROM kos k WHERE k.id_kelurahan = kelurahan.id_kelurahan) AS jml_kos
FROM `kelurahan`
LEFT JOIN `kecamatan` ON `kelurahan`.`id_kecamatan` = `kecamatan`.`id_kecamatan`')
 2 SYSTEMPATH\Database\BaseConnection.php(636): CodeIgniter\Database\BaseConnection->simpleQuery('SELECT `kelurahan`.*, `kecamatan`.`nama_kecamatan`, (SELECT COUNT(u.id_kasus) FROM ungkap_kasus u WHERE u.id_kelurahan = kelurahan.id_kelurahan AND u.tahun = \'2025\') AS jml_kasus, (SELECT COUNT(u.id_kasus) FROM ungkap_kasus u WHERE u.id_kelurahan = kelurahan.id_kelurahan AND u.MO = \'Pengguna\' AND u.tahun = \'2025\') AS jml_pengguna, (SELECT COUNT(u.id_kasus) FROM ungkap_kasus u WHERE u.id_kelurahan = kelurahan.id_kelurahan AND u.MO = \'Pengedar\' AND u.tahun = \'2025\') AS jml_bandar, (SELECT COUNT(h.id_hiburan) FROM hiburanmalam h WHERE h.id_kelurahan = kelurahan.id_kelurahan) AS jml_hiburan, (SELECT COUNT(k.id_kos) FROM kos k WHERE k.id_kelurahan = kelurahan.id_kelurahan) AS jml_kos
FROM `kelurahan`
LEFT JOIN `kecamatan` ON `kelurahan`.`id_kecamatan` = `kecamatan`.`id_kecamatan`')
 3 SYSTEMPATH\Database\BaseBuilder.php(1629): CodeIgniter\Database\BaseConnection->query('SELECT `kelurahan`.*, `kecamatan`.`nama_kecamatan`, (SELECT COUNT(u.id_kasus) FROM ungkap_kasus u WHERE u.id_kelurahan = kelurahan.id_kelurahan AND u.tahun = \'2025\') AS jml_kasus, (SELECT COUNT(u.id_kasus) FROM ungkap_kasus u WHERE u.id_kelurahan = kelurahan.id_kelurahan AND u.MO = \'Pengguna\' AND u.tahun = \'2025\') AS jml_pengguna, (SELECT COUNT(u.id_kasus) FROM ungkap_kasus u WHERE u.id_kelurahan = kelurahan.id_kelurahan AND u.MO = \'Pengedar\' AND u.tahun = \'2025\') AS jml_bandar, (SELECT COUNT(h.id_hiburan) FROM hiburanmalam h WHERE h.id_kelurahan = kelurahan.id_kelurahan) AS jml_hiburan, (SELECT COUNT(k.id_kos) FROM kos k WHERE k.id_kelurahan = kelurahan.id_kelurahan) AS jml_kos
FROM `kelurahan`
LEFT JOIN `kecamatan` ON `kelurahan`.`id_kecamatan` = `kecamatan`.`id_kecamatan`', [], false)
 4 SYSTEMPATH\Model.php(275): CodeIgniter\Database\BaseBuilder->get()
 5 SYSTEMPATH\BaseModel.php(676): CodeIgniter\Model->doFindAll(0, 0)
 6 APPPATH\Controllers\PetaController.php(70): CodeIgniter\BaseModel->findAll()
 7 SYSTEMPATH\CodeIgniter.php(933): App\Controllers\PetaController->getDataKerawanan()
 8 SYSTEMPATH\CodeIgniter.php(509): CodeIgniter\CodeIgniter->runController(Object(App\Controllers\PetaController))
 9 SYSTEMPATH\CodeIgniter.php(355): CodeIgniter\CodeIgniter->handleRequest(null, Object(Config\Cache), false)
10 SYSTEMPATH\Boot.php(312): CodeIgniter\CodeIgniter->run()
11 SYSTEMPATH\Boot.php(67): CodeIgniter\Boot::runCodeIgniter(Object(CodeIgniter\CodeIgniter))
12 FCPATH\index.php(58): CodeIgniter\Boot::bootWeb(Object(Config\Paths))
CRITICAL - 2025-07-15 15:57:14 --> [Caused by] mysqli_sql_exception: Table 'aoc.kos' doesn't exist
in SYSTEMPATH\Database\MySQLi\Connection.php on line 308.
 1 SYSTEMPATH\Database\MySQLi\Connection.php(308): mysqli->query('SELECT `kelurahan`.*, `kecamatan`.`nama_kecamatan`, (SELECT COUNT(u.id_kasus) FROM ungkap_kasus u WHERE u.id_kelurahan = kelurahan.id_kelurahan AND u.tahun = \'2025\') AS jml_kasus, (SELECT COUNT(u.id_kasus) FROM ungkap_kasus u WHERE u.id_kelurahan = kelurahan.id_kelurahan AND u.MO = \'Pengguna\' AND u.tahun = \'2025\') AS jml_pengguna, (SELECT COUNT(u.id_kasus) FROM ungkap_kasus u WHERE u.id_kelurahan = kelurahan.id_kelurahan AND u.MO = \'Pengedar\' AND u.tahun = \'2025\') AS jml_bandar, (SELECT COUNT(h.id_hiburan) FROM hiburanmalam h WHERE h.id_kelurahan = kelurahan.id_kelurahan) AS jml_hiburan, (SELECT COUNT(k.id_kos) FROM kos k WHERE k.id_kelurahan = kelurahan.id_kelurahan) AS jml_kos
FROM `kelurahan`
LEFT JOIN `kecamatan` ON `kelurahan`.`id_kecamatan` = `kecamatan`.`id_kecamatan`', 0)
 2 SYSTEMPATH\Database\BaseConnection.php(722): CodeIgniter\Database\MySQLi\Connection->execute('SELECT `kelurahan`.*, `kecamatan`.`nama_kecamatan`, (SELECT COUNT(u.id_kasus) FROM ungkap_kasus u WHERE u.id_kelurahan = kelurahan.id_kelurahan AND u.tahun = \'2025\') AS jml_kasus, (SELECT COUNT(u.id_kasus) FROM ungkap_kasus u WHERE u.id_kelurahan = kelurahan.id_kelurahan AND u.MO = \'Pengguna\' AND u.tahun = \'2025\') AS jml_pengguna, (SELECT COUNT(u.id_kasus) FROM ungkap_kasus u WHERE u.id_kelurahan = kelurahan.id_kelurahan AND u.MO = \'Pengedar\' AND u.tahun = \'2025\') AS jml_bandar, (SELECT COUNT(h.id_hiburan) FROM hiburanmalam h WHERE h.id_kelurahan = kelurahan.id_kelurahan) AS jml_hiburan, (SELECT COUNT(k.id_kos) FROM kos k WHERE k.id_kelurahan = kelurahan.id_kelurahan) AS jml_kos
FROM `kelurahan`
LEFT JOIN `kecamatan` ON `kelurahan`.`id_kecamatan` = `kecamatan`.`id_kecamatan`')
 3 SYSTEMPATH\Database\BaseConnection.php(636): CodeIgniter\Database\BaseConnection->simpleQuery('SELECT `kelurahan`.*, `kecamatan`.`nama_kecamatan`, (SELECT COUNT(u.id_kasus) FROM ungkap_kasus u WHERE u.id_kelurahan = kelurahan.id_kelurahan AND u.tahun = \'2025\') AS jml_kasus, (SELECT COUNT(u.id_kasus) FROM ungkap_kasus u WHERE u.id_kelurahan = kelurahan.id_kelurahan AND u.MO = \'Pengguna\' AND u.tahun = \'2025\') AS jml_pengguna, (SELECT COUNT(u.id_kasus) FROM ungkap_kasus u WHERE u.id_kelurahan = kelurahan.id_kelurahan AND u.MO = \'Pengedar\' AND u.tahun = \'2025\') AS jml_bandar, (SELECT COUNT(h.id_hiburan) FROM hiburanmalam h WHERE h.id_kelurahan = kelurahan.id_kelurahan) AS jml_hiburan, (SELECT COUNT(k.id_kos) FROM kos k WHERE k.id_kelurahan = kelurahan.id_kelurahan) AS jml_kos
FROM `kelurahan`
LEFT JOIN `kecamatan` ON `kelurahan`.`id_kecamatan` = `kecamatan`.`id_kecamatan`')
 4 SYSTEMPATH\Database\BaseBuilder.php(1629): CodeIgniter\Database\BaseConnection->query('SELECT `kelurahan`.*, `kecamatan`.`nama_kecamatan`, (SELECT COUNT(u.id_kasus) FROM ungkap_kasus u WHERE u.id_kelurahan = kelurahan.id_kelurahan AND u.tahun = \'2025\') AS jml_kasus, (SELECT COUNT(u.id_kasus) FROM ungkap_kasus u WHERE u.id_kelurahan = kelurahan.id_kelurahan AND u.MO = \'Pengguna\' AND u.tahun = \'2025\') AS jml_pengguna, (SELECT COUNT(u.id_kasus) FROM ungkap_kasus u WHERE u.id_kelurahan = kelurahan.id_kelurahan AND u.MO = \'Pengedar\' AND u.tahun = \'2025\') AS jml_bandar, (SELECT COUNT(h.id_hiburan) FROM hiburanmalam h WHERE h.id_kelurahan = kelurahan.id_kelurahan) AS jml_hiburan, (SELECT COUNT(k.id_kos) FROM kos k WHERE k.id_kelurahan = kelurahan.id_kelurahan) AS jml_kos
FROM `kelurahan`
LEFT JOIN `kecamatan` ON `kelurahan`.`id_kecamatan` = `kecamatan`.`id_kecamatan`', [], false)
 5 SYSTEMPATH\Model.php(275): CodeIgniter\Database\BaseBuilder->get()
 6 SYSTEMPATH\BaseModel.php(676): CodeIgniter\Model->doFindAll(0, 0)
 7 APPPATH\Controllers\PetaController.php(70): CodeIgniter\BaseModel->findAll()
 8 SYSTEMPATH\CodeIgniter.php(933): App\Controllers\PetaController->getDataKerawanan()
 9 SYSTEMPATH\CodeIgniter.php(509): CodeIgniter\CodeIgniter->runController(Object(App\Controllers\PetaController))
10 SYSTEMPATH\CodeIgniter.php(355): CodeIgniter\CodeIgniter->handleRequest(null, Object(Config\Cache), false)
11 SYSTEMPATH\Boot.php(312): CodeIgniter\CodeIgniter->run()
12 SYSTEMPATH\Boot.php(67): CodeIgniter\Boot::runCodeIgniter(Object(CodeIgniter\CodeIgniter))
13 FCPATH\index.php(58): CodeIgniter\Boot::bootWeb(Object(Config\Paths))
ERROR - 2025-07-15 15:58:31 --> mysqli_sql_exception: Unknown column 'h.id_hiburan' in 'field list' in C:\xampp\htdocs\tawannarkobav2\system\Database\MySQLi\Connection.php:308
Stack trace:
#0 C:\xampp\htdocs\tawannarkobav2\system\Database\MySQLi\Connection.php(308): mysqli->query('SELECT `kelurah...', 0)
#1 C:\xampp\htdocs\tawannarkobav2\system\Database\BaseConnection.php(722): CodeIgniter\Database\MySQLi\Connection->execute('SELECT `kelurah...')
#2 C:\xampp\htdocs\tawannarkobav2\system\Database\BaseConnection.php(636): CodeIgniter\Database\BaseConnection->simpleQuery('SELECT `kelurah...')
#3 C:\xampp\htdocs\tawannarkobav2\system\Database\BaseBuilder.php(1629): CodeIgniter\Database\BaseConnection->query('SELECT `kelurah...', Array, false)
#4 C:\xampp\htdocs\tawannarkobav2\system\Model.php(275): CodeIgniter\Database\BaseBuilder->get()
#5 C:\xampp\htdocs\tawannarkobav2\system\BaseModel.php(676): CodeIgniter\Model->doFindAll(0, 0)
#6 C:\xampp\htdocs\tawannarkobav2\app\Controllers\PetaController.php(70): CodeIgniter\BaseModel->findAll()
#7 C:\xampp\htdocs\tawannarkobav2\system\CodeIgniter.php(933): App\Controllers\PetaController->getDataKerawanan()
#8 C:\xampp\htdocs\tawannarkobav2\system\CodeIgniter.php(509): CodeIgniter\CodeIgniter->runController(Object(App\Controllers\PetaController))
#9 C:\xampp\htdocs\tawannarkobav2\system\CodeIgniter.php(355): CodeIgniter\CodeIgniter->handleRequest(NULL, Object(Config\Cache), false)
#10 C:\xampp\htdocs\tawannarkobav2\system\Boot.php(312): CodeIgniter\CodeIgniter->run()
#11 C:\xampp\htdocs\tawannarkobav2\system\Boot.php(67): CodeIgniter\Boot::runCodeIgniter(Object(CodeIgniter\CodeIgniter))
#12 C:\xampp\htdocs\tawannarkobav2\index.php(58): CodeIgniter\Boot::bootWeb(Object(Config\Paths))
#13 {main}
CRITICAL - 2025-07-15 15:58:31 --> CodeIgniter\Database\Exceptions\DatabaseException: Unknown column 'h.id_hiburan' in 'field list'
[Method: GET, Route: /]
in SYSTEMPATH\Database\BaseConnection.php on line 676.
 1 SYSTEMPATH\Database\BaseBuilder.php(1629): CodeIgniter\Database\BaseConnection->query('SELECT `kelurahan`.*, `kecamatan`.`nama_kecamatan`, (SELECT COUNT(u.id_kasus) FROM ungkap_kasus u WHERE u.id_kelurahan = kelurahan.id_kelurahan AND u.tahun = \'2025\') AS jml_kasus, (SELECT COUNT(u.id_kasus) FROM ungkap_kasus u WHERE u.id_kelurahan = kelurahan.id_kelurahan AND u.MO = \'Pengguna\' AND u.tahun = \'2025\') AS jml_pengguna, (SELECT COUNT(u.id_kasus) FROM ungkap_kasus u WHERE u.id_kelurahan = kelurahan.id_kelurahan AND u.MO = \'Pengedar\' AND u.tahun = \'2025\') AS jml_bandar, (SELECT COUNT(h.id_hiburan) FROM hiburanmalam h WHERE h.id_kelurahan = kelurahan.id_kelurahan) AS jml_hiburan, (SELECT COUNT(k.id_kos) FROM tempatkos k WHERE k.id_kelurahan = kelurahan.id_kelurahan) AS jml_kos
FROM `kelurahan`
LEFT JOIN `kecamatan` ON `kelurahan`.`id_kecamatan` = `kecamatan`.`id_kecamatan`', [], false)
 2 SYSTEMPATH\Model.php(275): CodeIgniter\Database\BaseBuilder->get()
 3 SYSTEMPATH\BaseModel.php(676): CodeIgniter\Model->doFindAll(0, 0)
 4 APPPATH\Controllers\PetaController.php(70): CodeIgniter\BaseModel->findAll()
 5 SYSTEMPATH\CodeIgniter.php(933): App\Controllers\PetaController->getDataKerawanan()
 6 SYSTEMPATH\CodeIgniter.php(509): CodeIgniter\CodeIgniter->runController(Object(App\Controllers\PetaController))
 7 SYSTEMPATH\CodeIgniter.php(355): CodeIgniter\CodeIgniter->handleRequest(null, Object(Config\Cache), false)
 8 SYSTEMPATH\Boot.php(312): CodeIgniter\CodeIgniter->run()
 9 SYSTEMPATH\Boot.php(67): CodeIgniter\Boot::runCodeIgniter(Object(CodeIgniter\CodeIgniter))
10 FCPATH\index.php(58): CodeIgniter\Boot::bootWeb(Object(Config\Paths))
CRITICAL - 2025-07-15 15:58:31 --> [Caused by] CodeIgniter\Database\Exceptions\DatabaseException: Unknown column 'h.id_hiburan' in 'field list'
in SYSTEMPATH\Database\MySQLi\Connection.php on line 313.
 1 SYSTEMPATH\Database\BaseConnection.php(722): CodeIgniter\Database\MySQLi\Connection->execute('SELECT `kelurahan`.*, `kecamatan`.`nama_kecamatan`, (SELECT COUNT(u.id_kasus) FROM ungkap_kasus u WHERE u.id_kelurahan = kelurahan.id_kelurahan AND u.tahun = \'2025\') AS jml_kasus, (SELECT COUNT(u.id_kasus) FROM ungkap_kasus u WHERE u.id_kelurahan = kelurahan.id_kelurahan AND u.MO = \'Pengguna\' AND u.tahun = \'2025\') AS jml_pengguna, (SELECT COUNT(u.id_kasus) FROM ungkap_kasus u WHERE u.id_kelurahan = kelurahan.id_kelurahan AND u.MO = \'Pengedar\' AND u.tahun = \'2025\') AS jml_bandar, (SELECT COUNT(h.id_hiburan) FROM hiburanmalam h WHERE h.id_kelurahan = kelurahan.id_kelurahan) AS jml_hiburan, (SELECT COUNT(k.id_kos) FROM tempatkos k WHERE k.id_kelurahan = kelurahan.id_kelurahan) AS jml_kos
FROM `kelurahan`
LEFT JOIN `kecamatan` ON `kelurahan`.`id_kecamatan` = `kecamatan`.`id_kecamatan`')
 2 SYSTEMPATH\Database\BaseConnection.php(636): CodeIgniter\Database\BaseConnection->simpleQuery('SELECT `kelurahan`.*, `kecamatan`.`nama_kecamatan`, (SELECT COUNT(u.id_kasus) FROM ungkap_kasus u WHERE u.id_kelurahan = kelurahan.id_kelurahan AND u.tahun = \'2025\') AS jml_kasus, (SELECT COUNT(u.id_kasus) FROM ungkap_kasus u WHERE u.id_kelurahan = kelurahan.id_kelurahan AND u.MO = \'Pengguna\' AND u.tahun = \'2025\') AS jml_pengguna, (SELECT COUNT(u.id_kasus) FROM ungkap_kasus u WHERE u.id_kelurahan = kelurahan.id_kelurahan AND u.MO = \'Pengedar\' AND u.tahun = \'2025\') AS jml_bandar, (SELECT COUNT(h.id_hiburan) FROM hiburanmalam h WHERE h.id_kelurahan = kelurahan.id_kelurahan) AS jml_hiburan, (SELECT COUNT(k.id_kos) FROM tempatkos k WHERE k.id_kelurahan = kelurahan.id_kelurahan) AS jml_kos
FROM `kelurahan`
LEFT JOIN `kecamatan` ON `kelurahan`.`id_kecamatan` = `kecamatan`.`id_kecamatan`')
 3 SYSTEMPATH\Database\BaseBuilder.php(1629): CodeIgniter\Database\BaseConnection->query('SELECT `kelurahan`.*, `kecamatan`.`nama_kecamatan`, (SELECT COUNT(u.id_kasus) FROM ungkap_kasus u WHERE u.id_kelurahan = kelurahan.id_kelurahan AND u.tahun = \'2025\') AS jml_kasus, (SELECT COUNT(u.id_kasus) FROM ungkap_kasus u WHERE u.id_kelurahan = kelurahan.id_kelurahan AND u.MO = \'Pengguna\' AND u.tahun = \'2025\') AS jml_pengguna, (SELECT COUNT(u.id_kasus) FROM ungkap_kasus u WHERE u.id_kelurahan = kelurahan.id_kelurahan AND u.MO = \'Pengedar\' AND u.tahun = \'2025\') AS jml_bandar, (SELECT COUNT(h.id_hiburan) FROM hiburanmalam h WHERE h.id_kelurahan = kelurahan.id_kelurahan) AS jml_hiburan, (SELECT COUNT(k.id_kos) FROM tempatkos k WHERE k.id_kelurahan = kelurahan.id_kelurahan) AS jml_kos
FROM `kelurahan`
LEFT JOIN `kecamatan` ON `kelurahan`.`id_kecamatan` = `kecamatan`.`id_kecamatan`', [], false)
 4 SYSTEMPATH\Model.php(275): CodeIgniter\Database\BaseBuilder->get()
 5 SYSTEMPATH\BaseModel.php(676): CodeIgniter\Model->doFindAll(0, 0)
 6 APPPATH\Controllers\PetaController.php(70): CodeIgniter\BaseModel->findAll()
 7 SYSTEMPATH\CodeIgniter.php(933): App\Controllers\PetaController->getDataKerawanan()
 8 SYSTEMPATH\CodeIgniter.php(509): CodeIgniter\CodeIgniter->runController(Object(App\Controllers\PetaController))
 9 SYSTEMPATH\CodeIgniter.php(355): CodeIgniter\CodeIgniter->handleRequest(null, Object(Config\Cache), false)
10 SYSTEMPATH\Boot.php(312): CodeIgniter\CodeIgniter->run()
11 SYSTEMPATH\Boot.php(67): CodeIgniter\Boot::runCodeIgniter(Object(CodeIgniter\CodeIgniter))
12 FCPATH\index.php(58): CodeIgniter\Boot::bootWeb(Object(Config\Paths))
CRITICAL - 2025-07-15 15:58:31 --> [Caused by] mysqli_sql_exception: Unknown column 'h.id_hiburan' in 'field list'
in SYSTEMPATH\Database\MySQLi\Connection.php on line 308.
 1 SYSTEMPATH\Database\MySQLi\Connection.php(308): mysqli->query('SELECT `kelurahan`.*, `kecamatan`.`nama_kecamatan`, (SELECT COUNT(u.id_kasus) FROM ungkap_kasus u WHERE u.id_kelurahan = kelurahan.id_kelurahan AND u.tahun = \'2025\') AS jml_kasus, (SELECT COUNT(u.id_kasus) FROM ungkap_kasus u WHERE u.id_kelurahan = kelurahan.id_kelurahan AND u.MO = \'Pengguna\' AND u.tahun = \'2025\') AS jml_pengguna, (SELECT COUNT(u.id_kasus) FROM ungkap_kasus u WHERE u.id_kelurahan = kelurahan.id_kelurahan AND u.MO = \'Pengedar\' AND u.tahun = \'2025\') AS jml_bandar, (SELECT COUNT(h.id_hiburan) FROM hiburanmalam h WHERE h.id_kelurahan = kelurahan.id_kelurahan) AS jml_hiburan, (SELECT COUNT(k.id_kos) FROM tempatkos k WHERE k.id_kelurahan = kelurahan.id_kelurahan) AS jml_kos
FROM `kelurahan`
LEFT JOIN `kecamatan` ON `kelurahan`.`id_kecamatan` = `kecamatan`.`id_kecamatan`', 0)
 2 SYSTEMPATH\Database\BaseConnection.php(722): CodeIgniter\Database\MySQLi\Connection->execute('SELECT `kelurahan`.*, `kecamatan`.`nama_kecamatan`, (SELECT COUNT(u.id_kasus) FROM ungkap_kasus u WHERE u.id_kelurahan = kelurahan.id_kelurahan AND u.tahun = \'2025\') AS jml_kasus, (SELECT COUNT(u.id_kasus) FROM ungkap_kasus u WHERE u.id_kelurahan = kelurahan.id_kelurahan AND u.MO = \'Pengguna\' AND u.tahun = \'2025\') AS jml_pengguna, (SELECT COUNT(u.id_kasus) FROM ungkap_kasus u WHERE u.id_kelurahan = kelurahan.id_kelurahan AND u.MO = \'Pengedar\' AND u.tahun = \'2025\') AS jml_bandar, (SELECT COUNT(h.id_hiburan) FROM hiburanmalam h WHERE h.id_kelurahan = kelurahan.id_kelurahan) AS jml_hiburan, (SELECT COUNT(k.id_kos) FROM tempatkos k WHERE k.id_kelurahan = kelurahan.id_kelurahan) AS jml_kos
FROM `kelurahan`
LEFT JOIN `kecamatan` ON `kelurahan`.`id_kecamatan` = `kecamatan`.`id_kecamatan`')
 3 SYSTEMPATH\Database\BaseConnection.php(636): CodeIgniter\Database\BaseConnection->simpleQuery('SELECT `kelurahan`.*, `kecamatan`.`nama_kecamatan`, (SELECT COUNT(u.id_kasus) FROM ungkap_kasus u WHERE u.id_kelurahan = kelurahan.id_kelurahan AND u.tahun = \'2025\') AS jml_kasus, (SELECT COUNT(u.id_kasus) FROM ungkap_kasus u WHERE u.id_kelurahan = kelurahan.id_kelurahan AND u.MO = \'Pengguna\' AND u.tahun = \'2025\') AS jml_pengguna, (SELECT COUNT(u.id_kasus) FROM ungkap_kasus u WHERE u.id_kelurahan = kelurahan.id_kelurahan AND u.MO = \'Pengedar\' AND u.tahun = \'2025\') AS jml_bandar, (SELECT COUNT(h.id_hiburan) FROM hiburanmalam h WHERE h.id_kelurahan = kelurahan.id_kelurahan) AS jml_hiburan, (SELECT COUNT(k.id_kos) FROM tempatkos k WHERE k.id_kelurahan = kelurahan.id_kelurahan) AS jml_kos
FROM `kelurahan`
LEFT JOIN `kecamatan` ON `kelurahan`.`id_kecamatan` = `kecamatan`.`id_kecamatan`')
 4 SYSTEMPATH\Database\BaseBuilder.php(1629): CodeIgniter\Database\BaseConnection->query('SELECT `kelurahan`.*, `kecamatan`.`nama_kecamatan`, (SELECT COUNT(u.id_kasus) FROM ungkap_kasus u WHERE u.id_kelurahan = kelurahan.id_kelurahan AND u.tahun = \'2025\') AS jml_kasus, (SELECT COUNT(u.id_kasus) FROM ungkap_kasus u WHERE u.id_kelurahan = kelurahan.id_kelurahan AND u.MO = \'Pengguna\' AND u.tahun = \'2025\') AS jml_pengguna, (SELECT COUNT(u.id_kasus) FROM ungkap_kasus u WHERE u.id_kelurahan = kelurahan.id_kelurahan AND u.MO = \'Pengedar\' AND u.tahun = \'2025\') AS jml_bandar, (SELECT COUNT(h.id_hiburan) FROM hiburanmalam h WHERE h.id_kelurahan = kelurahan.id_kelurahan) AS jml_hiburan, (SELECT COUNT(k.id_kos) FROM tempatkos k WHERE k.id_kelurahan = kelurahan.id_kelurahan) AS jml_kos
FROM `kelurahan`
LEFT JOIN `kecamatan` ON `kelurahan`.`id_kecamatan` = `kecamatan`.`id_kecamatan`', [], false)
 5 SYSTEMPATH\Model.php(275): CodeIgniter\Database\BaseBuilder->get()
 6 SYSTEMPATH\BaseModel.php(676): CodeIgniter\Model->doFindAll(0, 0)
 7 APPPATH\Controllers\PetaController.php(70): CodeIgniter\BaseModel->findAll()
 8 SYSTEMPATH\CodeIgniter.php(933): App\Controllers\PetaController->getDataKerawanan()
 9 SYSTEMPATH\CodeIgniter.php(509): CodeIgniter\CodeIgniter->runController(Object(App\Controllers\PetaController))
10 SYSTEMPATH\CodeIgniter.php(355): CodeIgniter\CodeIgniter->handleRequest(null, Object(Config\Cache), false)
11 SYSTEMPATH\Boot.php(312): CodeIgniter\CodeIgniter->run()
12 SYSTEMPATH\Boot.php(67): CodeIgniter\Boot::runCodeIgniter(Object(CodeIgniter\CodeIgniter))
13 FCPATH\index.php(58): CodeIgniter\Boot::bootWeb(Object(Config\Paths))
CRITICAL - 2025-07-15 16:00:12 --> Error: Cannot use object of type stdClass as array
[Method: GET, Route: /]
in APPPATH\Controllers\PetaController.php on line 84.
 1 SYSTEMPATH\CodeIgniter.php(933): App\Controllers\PetaController->getDataKerawanan()
 2 SYSTEMPATH\CodeIgniter.php(509): CodeIgniter\CodeIgniter->runController(Object(App\Controllers\PetaController))
 3 SYSTEMPATH\CodeIgniter.php(355): CodeIgniter\CodeIgniter->handleRequest(null, Object(Config\Cache), false)
 4 SYSTEMPATH\Boot.php(312): CodeIgniter\CodeIgniter->run()
 5 SYSTEMPATH\Boot.php(67): CodeIgniter\Boot::runCodeIgniter(Object(CodeIgniter\CodeIgniter))
 6 FCPATH\index.php(58): CodeIgniter\Boot::bootWeb(Object(Config\Paths))
CRITICAL - 2025-07-15 16:27:23 --> ErrorException: file_get_contents(C:\xampp\htdocs\tawannarkobav2\public/geojson/kecamatan.geojson): Failed to open stream: No such file or directory
[Method: GET, Route: /]
in APPPATH\Controllers\PetaController.php on line 32.
 1 [internal function]: CodeIgniter\Debug\Exceptions->errorHandler(2, 'file_get_contents(C:\\xampp\\htdocs\\tawannarkobav2\\public/geojson/kecamatan.geojson): Failed to open stream: No such file or directory', 'C:\\xampp\\htdocs\\tawannarkobav2\\app\\Controllers\\PetaController.php', 32)
 2 APPPATH\Controllers\PetaController.php(32): file_get_contents('C:\\xampp\\htdocs\\tawannarkobav2\\public/geojson/kecamatan.geojson')
 3 SYSTEMPATH\CodeIgniter.php(933): App\Controllers\PetaController->publik()
 4 SYSTEMPATH\CodeIgniter.php(509): CodeIgniter\CodeIgniter->runController(Object(App\Controllers\PetaController))
 5 SYSTEMPATH\CodeIgniter.php(355): CodeIgniter\CodeIgniter->handleRequest(null, Object(Config\Cache), false)
 6 SYSTEMPATH\Boot.php(312): CodeIgniter\CodeIgniter->run()
 7 SYSTEMPATH\Boot.php(67): CodeIgniter\Boot::runCodeIgniter(Object(CodeIgniter\CodeIgniter))
 8 FCPATH\index.php(58): CodeIgniter\Boot::bootWeb(Object(Config\Paths))
CRITICAL - 2025-07-15 16:57:40 --> ErrorException: Undefined variable $geojson
[Method: GET, Route: /]
in APPPATH\Views\peta\publik.php on line 331.
 1 APPPATH\Views\peta\publik.php(331): CodeIgniter\Debug\Exceptions->errorHandler(2, 'Undefined variable $geojson', 'C:\\xampp\\htdocs\\tawannarkobav2\\app\\Views\\peta\\publik.php', 331)
 2 SYSTEMPATH\View\View.php(234): include('C:\\xampp\\htdocs\\tawannarkobav2\\app\\Views\\peta\\publik.php')
 3 SYSTEMPATH\View\View.php(237): CodeIgniter\View\View->CodeIgniter\View\{closure}()
 4 SYSTEMPATH\Common.php(1171): CodeIgniter\View\View->render('peta/publik', [], true)
 5 APPPATH\Controllers\PetaController.php(43): view('peta/publik', [...])
 6 SYSTEMPATH\CodeIgniter.php(933): App\Controllers\PetaController->publik()
 7 SYSTEMPATH\CodeIgniter.php(509): CodeIgniter\CodeIgniter->runController(Object(App\Controllers\PetaController))
 8 SYSTEMPATH\CodeIgniter.php(355): CodeIgniter\CodeIgniter->handleRequest(null, Object(Config\Cache), false)
 9 SYSTEMPATH\Boot.php(312): CodeIgniter\CodeIgniter->run()
10 SYSTEMPATH\Boot.php(67): CodeIgniter\Boot::runCodeIgniter(Object(CodeIgniter\CodeIgniter))
11 FCPATH\index.php(58): CodeIgniter\Boot::bootWeb(Object(Config\Paths))
CRITICAL - 2025-07-15 17:01:59 --> ErrorException: file_get_contents(C:\xampp\htdocs\tawannarkobav2\writable\public/uploads/Cilacap.geojson): Failed to open stream: No such file or directory
[Method: GET, Route: /]
in APPPATH\Controllers\PetaController.php on line 34.
 1 [internal function]: CodeIgniter\Debug\Exceptions->errorHandler(2, 'file_get_contents(C:\\xampp\\htdocs\\tawannarkobav2\\writable\\public/uploads/Cilacap.geojson): Failed to open stream: No such file or directory', 'C:\\xampp\\htdocs\\tawannarkobav2\\app\\Controllers\\PetaController.php', 34)
 2 APPPATH\Controllers\PetaController.php(34): file_get_contents('C:\\xampp\\htdocs\\tawannarkobav2\\writable\\public/uploads/Cilacap.geojson')
 3 SYSTEMPATH\CodeIgniter.php(933): App\Controllers\PetaController->publik()
 4 SYSTEMPATH\CodeIgniter.php(509): CodeIgniter\CodeIgniter->runController(Object(App\Controllers\PetaController))
 5 SYSTEMPATH\CodeIgniter.php(355): CodeIgniter\CodeIgniter->handleRequest(null, Object(Config\Cache), false)
 6 SYSTEMPATH\Boot.php(312): CodeIgniter\CodeIgniter->run()
 7 SYSTEMPATH\Boot.php(67): CodeIgniter\Boot::runCodeIgniter(Object(CodeIgniter\CodeIgniter))
 8 FCPATH\index.php(58): CodeIgniter\Boot::bootWeb(Object(Config\Paths))
CRITICAL - 2025-07-15 17:03:46 --> ErrorException: file_get_contents(C:\xampp\htdocs\tawannarkobav2\writable\public/uploads/Cilacap.geojson): Failed to open stream: No such file or directory
[Method: GET, Route: /]
in APPPATH\Controllers\PetaController.php on line 34.
 1 [internal function]: CodeIgniter\Debug\Exceptions->errorHandler(2, 'file_get_contents(C:\\xampp\\htdocs\\tawannarkobav2\\writable\\public/uploads/Cilacap.geojson): Failed to open stream: No such file or directory', 'C:\\xampp\\htdocs\\tawannarkobav2\\app\\Controllers\\PetaController.php', 34)
 2 APPPATH\Controllers\PetaController.php(34): file_get_contents('C:\\xampp\\htdocs\\tawannarkobav2\\writable\\public/uploads/Cilacap.geojson')
 3 SYSTEMPATH\CodeIgniter.php(933): App\Controllers\PetaController->publik()
 4 SYSTEMPATH\CodeIgniter.php(509): CodeIgniter\CodeIgniter->runController(Object(App\Controllers\PetaController))
 5 SYSTEMPATH\CodeIgniter.php(355): CodeIgniter\CodeIgniter->handleRequest(null, Object(Config\Cache), false)
 6 SYSTEMPATH\Boot.php(312): CodeIgniter\CodeIgniter->run()
 7 SYSTEMPATH\Boot.php(67): CodeIgniter\Boot::runCodeIgniter(Object(CodeIgniter\CodeIgniter))
 8 FCPATH\index.php(58): CodeIgniter\Boot::bootWeb(Object(Config\Paths))
CRITICAL - 2025-07-15 17:04:15 --> ParseError: syntax error, unexpected token "}", expecting "," or ";"
[Method: GET, Route: /]
in APPPATH\Controllers\PetaController.php on line 36.
 1 SYSTEMPATH\Autoloader\Autoloader.php(296): CodeIgniter\Autoloader\Autoloader->includeFile('C:\\xampp\\htdocs\\tawannarkobav2\\app\\Controllers\\PetaController.php')
 2 SYSTEMPATH\Autoloader\Autoloader.php(272): CodeIgniter\Autoloader\Autoloader->loadInNamespace('App\\Controllers\\PetaController')
 3 [internal function]: CodeIgniter\Autoloader\Autoloader->loadClass('App\\Controllers\\PetaController')
 4 SYSTEMPATH\CodeIgniter.php(887): class_exists('\\App\\Controllers\\PetaController', true)
 5 SYSTEMPATH\CodeIgniter.php(496): CodeIgniter\CodeIgniter->startController()
 6 SYSTEMPATH\CodeIgniter.php(355): CodeIgniter\CodeIgniter->handleRequest(null, Object(Config\Cache), false)
 7 SYSTEMPATH\Boot.php(312): CodeIgniter\CodeIgniter->run()
 8 SYSTEMPATH\Boot.php(67): CodeIgniter\Boot::runCodeIgniter(Object(CodeIgniter\CodeIgniter))
 9 FCPATH\index.php(58): CodeIgniter\Boot::bootWeb(Object(Config\Paths))
